{"@timestamp":"2022-03-23T11:16:02.657Z","@metadata":{"beat":"winlogbeat","type":"_doc","version":"7.15.2"},"message":"Process accessed:\nRuleName: technique_id=T1059.001,technique_name=PowerShell\nUtcTime: 2022-03-23 11:16:02.657\nSourceProcessGUID: {04787c88-0172-623b-ed01-000000000c00}\nSourceProcessId: 5484\nSourceThreadId: 6808\nSourceImage: C:\\Windows\\system32\\wsmprovhost.exe\nTargetProcessGUID: {04787c88-f866-623a-4e00-000000000c00}\nTargetProcessId: 3412\nTargetImage: C:\\Windows\\system32\\wbem\\unsecapp.exe\nGrantedAccess: 0x1F3FFF\nCallTrace: C:\\Windows\\SYSTEM32\\ntdll.dll+9c584|C:\\Windows\\System32\\KERNELBASE.dll+2730e|C:\\Windows\\assembly\\NativeImages_v4.0.30319_64\\System\\e074a852d0b7a87fc8713d9727b9a1bb\\System.ni.dll+381f60|C:\\Windows\\assembly\\NativeImages_v4.0.30319_64\\System\\e074a852d0b7a87fc8713d9727b9a1bb\\System.ni.dll+2fa12e|C:\\Windows\\assembly\\NativeImages_v4.0.30319_64\\System\\e074a852d0b7a87fc8713d9727b9a1bb\\System.ni.dll+2f8cd5|C:\\Windows\\assembly\\NativeImages_v4.0.30319_64\\System\\e074a852d0b7a87fc8713d9727b9a1bb\\System.ni.dll+2c3b1e|C:\\Windows\\assembly\\NativeImages_v4.0.30319_64\\System\\e074a852d0b7a87fc8713d9727b9a1bb\\System.ni.dll+2c01f5|C:\\Windows\\assembly\\NativeImages_v4.0.30319_64\\Microsoft.Pae3498d9#\\e42d72ba485cf9fc3a11203954c94b0d\\Microsoft.PowerShell.Commands.Management.ni.dll+14fc0c|C:\\Windows\\assembly\\NativeImages_v4.0.30319_64\\Microsoft.Pae3498d9#\\e42d72ba485cf9fc3a11203954c94b0d\\Microsoft.PowerShell.Commands.Management.ni.dll+14fb26|C:\\Windows\\assembly\\NativeImages_v4.0.30319_64\\Microsoft.Pae3498d9#\\e42d72ba485cf9fc3a11203954c94b0d\\Microsoft.PowerShell.Commands.Management.ni.dll+14f535|C:\\Windows\\assembly\\NativeImages_v4.0.30319_64\\System.Manaa57fc8cc#\\6b621f0fd6cc913157b16d8a0cfdc3ec\\System.Management.Automation.ni.dll+111c603|C:\\Windows\\assembly\\NativeImages_v4.0.30319_64\\System.Manaa57fc8cc#\\6b621f0fd6cc913157b16d8a0cfdc3ec\\System.Management.Automation.ni.dll+1074e4b|C:\\Windows\\assembly\\NativeImages_v4.0.30319_64\\System.Manaa57fc8cc#\\6b621f0fd6cc913157b16d8a0cfdc3ec\\System.Management.Automation.ni.dll+10ff3dc|C:\\Windows\\assembly\\NativeImages_v4.0.30319_64\\System.Manaa57fc8cc#\\6b621f0fd6cc913157b16d8a0cfdc3ec\\System.Management.Automation.ni.dll+12027bf|UNKNOWN(00007FF980564281)\nSourceUser: WIN10\\vagrant\nTargetUser: NT AUTHORITY\\SYSTEM","ecs":{"version":"1.11.0"},"agent":{"ephemeral_id":"2a39ce90-bef1-48a2-9e5f-bcaee6f2b27c","id":"6a7bb1af-5225-4683-bb1f-a6736ccafa24","name":"win10","type":"winlogbeat","version":"7.15.2","hostname":"win10"},"host":{"os":{"version":"10.0","family":"windows","name":"Windows 10 Enterprise Evaluation","kernel":"10.0.18362.418 (WinBuild.160101.0800)","build":"18363.418","type":"windows","platform":"windows"},"id":"04787c88-5486-46f2-93fc-7f6805a92d42","ip":["192.168.56.107","10.0.2.15"],"name":"win10.windomain.local","mac":["08:00:27:c5:40:cf","08:00:27:47:b4:2e"],"hostname":"win10","architecture":"x86_64"},"process":{"pid":5484,"thread":{"id":6808},"entity_id":"{04787c88-0172-623b-ed01-000000000c00}","executable":"C:\\Windows\\system32\\wsmprovhost.exe","name":"wsmprovhost.exe","param2":null},"winlog":{"channel":"Microsoft-Windows-Sysmon/Operational","event_id":"10","api":"wineventlog","record_id":9215,"computer_name":"win10.windomain.local","provider_name":"Microsoft-Windows-Sysmon","provider_guid":"{5770385f-c22a-43e0-bf4c-06f5698ffbd9}","keywords":null,"event_data":{"param2":null,"param1":null}},"event":{"kind":"event","provider":"Microsoft-Windows-Sysmon","created":"2022-03-23T11:16:03.613Z","code":"10"},"log":{"level":"information"},"verdict":"Benign"},{"@timestamp":"2022-03-23T11:16:02.657Z","@metadata":{"beat":"winlogbeat","type":"_doc","version":"7.15.2"},"message":"Process accessed:\nRuleName: technique_id=T1059.001,technique_name=PowerShell\nUtcTime: 2022-03-23 11:16:02.657\nSourceProcessGUID: {04787c88-0172-623b-ed01-000000000c00}\nSourceProcessId: 5484\nSourceThreadId: 6808\nSourceImage: C:\\Windows\\system32\\wsmprovhost.exe\nTargetProcessGUID: {04787c88-ea52-623a-2c00-000000000c00}\nTargetProcessId: 1928\nTargetImage: C:\\Windows\\System32\\VBoxService.exe\nGrantedAccess: 0x1F3FFF\nCallTrace: C:\\Windows\\SYSTEM32\\ntdll.dll+9c584|C:\\Windows\\System32\\KERNELBASE.dll+2730e|C:\\Windows\\assembly\\NativeImages_v4.0.30319_64\\System\\e074a852d0b7a87fc8713d9727b9a1bb\\System.ni.dll+381f60|C:\\Windows\\assembly\\NativeImages_v4.0.30319_64\\System\\e074a852d0b7a87fc8713d9727b9a1bb\\System.ni.dll+2fa12e|C:\\Windows\\assembly\\NativeImages_v4.0.30319_64\\System\\e074a852d0b7a87fc8713d9727b9a1bb\\System.ni.dll+2f8cd5|C:\\Windows\\assembly\\NativeImages_v4.0.30319_64\\System\\e074a852d0b7a87fc8713d9727b9a1bb\\System.ni.dll+2c3b1e|C:\\Windows\\assembly\\NativeImages_v4.0.30319_64\\System\\e074a852d0b7a87fc8713d9727b9a1bb\\System.ni.dll+2c01f5|C:\\Windows\\assembly\\NativeImages_v4.0.30319_64\\Microsoft.Pae3498d9#\\e42d72ba485cf9fc3a11203954c94b0d\\Microsoft.PowerShell.Commands.Management.ni.dll+14fc0c|C:\\Windows\\assembly\\NativeImages_v4.0.30319_64\\Microsoft.Pae3498d9#\\e42d72ba485cf9fc3a11203954c94b0d\\Microsoft.PowerShell.Commands.Management.ni.dll+14fb26|C:\\Windows\\assembly\\NativeImages_v4.0.30319_64\\Microsoft.Pae3498d9#\\e42d72ba485cf9fc3a11203954c94b0d\\Microsoft.PowerShell.Commands.Management.ni.dll+14f535|C:\\Windows\\assembly\\NativeImages_v4.0.30319_64\\System.Manaa57fc8cc#\\6b621f0fd6cc913157b16d8a0cfdc3ec\\System.Management.Automation.ni.dll+111c603|C:\\Windows\\assembly\\NativeImages_v4.0.30319_64\\System.Manaa57fc8cc#\\6b621f0fd6cc913157b16d8a0cfdc3ec\\System.Management.Automation.ni.dll+1074e4b|C:\\Windows\\assembly\\NativeImages_v4.0.30319_64\\System.Manaa57fc8cc#\\6b621f0fd6cc913157b16d8a0cfdc3ec\\System.Management.Automation.ni.dll+10ff3dc|C:\\Windows\\assembly\\NativeImages_v4.0.30319_64\\System.Manaa57fc8cc#\\6b621f0fd6cc913157b16d8a0cfdc3ec\\System.Management.Automation.ni.dll+12027bf|UNKNOWN(00007FF980564281)\nSourceUser: WIN10\\vagrant\nTargetUser: NT AUTHORITY\\SYSTEM","ecs":{"version":"1.11.0"},"agent":{"ephemeral_id":"2a39ce90-bef1-48a2-9e5f-bcaee6f2b27c","id":"6a7bb1af-5225-4683-bb1f-a6736ccafa24","name":"win10","type":"winlogbeat","version":"7.15.2","hostname":"win10"},"host":{"os":{"version":"10.0","family":"windows","name":"Windows 10 Enterprise Evaluation","kernel":"10.0.18362.418 (WinBuild.160101.0800)","build":"18363.418","type":"windows","platform":"windows"},"id":"04787c88-5486-46f2-93fc-7f6805a92d42","ip":["192.168.56.107","10.0.2.15"],"name":"win10.windomain.local","mac":["08:00:27:c5:40:cf","08:00:27:47:b4:2e"],"hostname":"win10","architecture":"x86_64"},"process":{"pid":5484,"thread":{"id":6808},"entity_id":"{04787c88-0172-623b-ed01-000000000c00}","executable":"C:\\Windows\\system32\\wsmprovhost.exe","name":"wsmprovhost.exe","param2":null},"winlog":{"channel":"Microsoft-Windows-Sysmon/Operational","event_id":"10","api":"wineventlog","record_id":9216,"computer_name":"win10.windomain.local","provider_name":"Microsoft-Windows-Sysmon","provider_guid":"{5770385f-c22a-43e0-bf4c-06f5698ffbd9}","keywords":null,"event_data":{"param2":null,"param1":null}},"event":{"kind":"event","provider":"Microsoft-Windows-Sysmon","created":"2022-03-23T11:16:03.613Z","code":"10"},"log":{"level":"information"},"verdict":"Benign"},{"@timestamp":"2022-03-23T11:16:02.657Z","@metadata":{"beat":"winlogbeat","type":"_doc","version":"7.15.2"},"message":"Process accessed:\nRuleName: technique_id=T1059.001,technique_name=PowerShell\nUtcTime: 2022-03-23 11:16:02.657\nSourceProcessGUID: {04787c88-0172-623b-ed01-000000000c00}\nSourceProcessId: 5484\nSourceThreadId: 6808\nSourceImage: C:\\Windows\\system32\\wsmprovhost.exe\nTargetProcessGUID: {04787c88-f885-623a-9e00-000000000c00}\nTargetProcessId: 2076\nTargetImage: C:\\Windows\\System32\\VBoxTray.exe\nGrantedAccess: 0x1F3FFF\nCallTrace: C:\\Windows\\SYSTEM32\\ntdll.dll+9c584|C:\\Windows\\System32\\KERNELBASE.dll+2730e|C:\\Windows\\assembly\\NativeImages_v4.0.30319_64\\System\\e074a852d0b7a87fc8713d9727b9a1bb\\System.ni.dll+381f60|C:\\Windows\\assembly\\NativeImages_v4.0.30319_64\\System\\e074a852d0b7a87fc8713d9727b9a1bb\\System.ni.dll+2fa12e|C:\\Windows\\assembly\\NativeImages_v4.0.30319_64\\System\\e074a852d0b7a87fc8713d9727b9a1bb\\System.ni.dll+2f8cd5|C:\\Windows\\assembly\\NativeImages_v4.0.30319_64\\System\\e074a852d0b7a87fc8713d9727b9a1bb\\System.ni.dll+2c3b1e|C:\\Windows\\assembly\\NativeImages_v4.0.30319_64\\System\\e074a852d0b7a87fc8713d9727b9a1bb\\System.ni.dll+2c01f5|C:\\Windows\\assembly\\NativeImages_v4.0.30319_64\\Microsoft.Pae3498d9#\\e42d72ba485cf9fc3a11203954c94b0d\\Microsoft.PowerShell.Commands.Management.ni.dll+14fc0c|C:\\Windows\\assembly\\NativeImages_v4.0.30319_64\\Microsoft.Pae3498d9#\\e42d72ba485cf9fc3a11203954c94b0d\\Microsoft.PowerShell.Commands.Management.ni.dll+14fb26|C:\\Windows\\assembly\\NativeImages_v4.0.30319_64\\Microsoft.Pae3498d9#\\e42d72ba485cf9fc3a11203954c94b0d\\Microsoft.PowerShell.Commands.Management.ni.dll+14f535|C:\\Windows\\assembly\\NativeImages_v4.0.30319_64\\System.Manaa57fc8cc#\\6b621f0fd6cc913157b16d8a0cfdc3ec\\System.Management.Automation.ni.dll+111c603|C:\\Windows\\assembly\\NativeImages_v4.0.30319_64\\System.Manaa57fc8cc#\\6b621f0fd6cc913157b16d8a0cfdc3ec\\System.Management.Automation.ni.dll+1074e4b|C:\\Windows\\assembly\\NativeImages_v4.0.30319_64\\System.Manaa57fc8cc#\\6b621f0fd6cc913157b16d8a0cfdc3ec\\System.Management.Automation.ni.dll+10ff3dc|C:\\Windows\\assembly\\NativeImages_v4.0.30319_64\\System.Manaa57fc8cc#\\6b621f0fd6cc913157b16d8a0cfdc3ec\\System.Management.Automation.ni.dll+12027bf|UNKNOWN(00007FF980564281)\nSourceUser: WIN10\\vagrant\nTargetUser: WIN10\\vagrant","ecs":{"version":"1.11.0"},"agent":{"ephemeral_id":"2a39ce90-bef1-48a2-9e5f-bcaee6f2b27c","id":"6a7bb1af-5225-4683-bb1f-a6736ccafa24","name":"win10","type":"winlogbeat","version":"7.15.2","hostname":"win10"},"host":{"os":{"version":"10.0","family":"windows","name":"Windows 10 Enterprise Evaluation","kernel":"10.0.18362.418 (WinBuild.160101.0800)","build":"18363.418","type":"windows","platform":"windows"},"id":"04787c88-5486-46f2-93fc-7f6805a92d42","ip":["192.168.56.107","10.0.2.15"],"name":"win10.windomain.local","mac":["08:00:27:c5:40:cf","08:00:27:47:b4:2e"],"hostname":"win10","architecture":"x86_64"},"process":{"pid":5484,"thread":{"id":6808},"entity_id":"{04787c88-0172-623b-ed01-000000000c00}","executable":"C:\\Windows\\system32\\wsmprovhost.exe","name":"wsmprovhost.exe","param2":null},"winlog":{"channel":"Microsoft-Windows-Sysmon/Operational","event_id":"10","api":"wineventlog","record_id":9217,"computer_name":"win10.windomain.local","provider_name":"Microsoft-Windows-Sysmon","provider_guid":"{5770385f-c22a-43e0-bf4c-06f5698ffbd9}","keywords":null,"event_data":{"param2":null,"param1":null}},"event":{"kind":"event","provider":"Microsoft-Windows-Sysmon","created":"2022-03-23T11:16:03.613Z","code":"10"},"log":{"level":"information"},"verdict":"Benign"},{"@timestamp":"2022-03-23T11:16:02.657Z","@metadata":{"beat":"winlogbeat","type":"_doc","version":"7.15.2"},"message":"Process accessed:\nRuleName: technique_id=T1059.001,technique_name=PowerShell\nUtcTime: 2022-03-23 11:16:02.657\nSourceProcessGUID: {04787c88-0172-623b-ed01-000000000c00}\nSourceProcessId: 5484\nSourceThreadId: 6808\nSourceImage: C:\\Windows\\system32\\wsmprovhost.exe\nTargetProcessGUID: {04787c88-f90c-623a-d900-000000000c00}\nTargetProcessId: 2000\nTargetImage: C:\\Program Files\\Velociraptor\\Velociraptor.exe\nGrantedAccess: 0x1F3FFF\nCallTrace: C:\\Windows\\SYSTEM32\\ntdll.dll+9c584|C:\\Windows\\System32\\KERNELBASE.dll+2730e|C:\\Windows\\assembly\\NativeImages_v4.0.30319_64\\System\\e074a852d0b7a87fc8713d9727b9a1bb\\System.ni.dll+381f60|C:\\Windows\\assembly\\NativeImages_v4.0.30319_64\\System\\e074a852d0b7a87fc8713d9727b9a1bb\\System.ni.dll+2fa12e|C:\\Windows\\assembly\\NativeImages_v4.0.30319_64\\System\\e074a852d0b7a87fc8713d9727b9a1bb\\System.ni.dll+2f8cd5|C:\\Windows\\assembly\\NativeImages_v4.0.30319_64\\System\\e074a852d0b7a87fc8713d9727b9a1bb\\System.ni.dll+2c3b1e|C:\\Windows\\assembly\\NativeImages_v4.0.30319_64\\System\\e074a852d0b7a87fc8713d9727b9a1bb\\System.ni.dll+2c01f5|C:\\Windows\\assembly\\NativeImages_v4.0.30319_64\\Microsoft.Pae3498d9#\\e42d72ba485cf9fc3a11203954c94b0d\\Microsoft.PowerShell.Commands.Management.ni.dll+14fc0c|C:\\Windows\\assembly\\NativeImages_v4.0.30319_64\\Microsoft.Pae3498d9#\\e42d72ba485cf9fc3a11203954c94b0d\\Microsoft.PowerShell.Commands.Management.ni.dll+14fb26|C:\\Windows\\assembly\\NativeImages_v4.0.30319_64\\Microsoft.Pae3498d9#\\e42d72ba485cf9fc3a11203954c94b0d\\Microsoft.PowerShell.Commands.Management.ni.dll+14f535|C:\\Windows\\assembly\\NativeImages_v4.0.30319_64\\System.Manaa57fc8cc#\\6b621f0fd6cc913157b16d8a0cfdc3ec\\System.Management.Automation.ni.dll+111c603|C:\\Windows\\assembly\\NativeImages_v4.0.30319_64\\System.Manaa57fc8cc#\\6b621f0fd6cc913157b16d8a0cfdc3ec\\System.Management.Automation.ni.dll+1074e4b|C:\\Windows\\assembly\\NativeImages_v4.0.30319_64\\System.Manaa57fc8cc#\\6b621f0fd6cc913157b16d8a0cfdc3ec\\System.Management.Automation.ni.dll+10ff3dc|C:\\Windows\\assembly\\NativeImages_v4.0.30319_64\\System.Manaa57fc8cc#\\6b621f0fd6cc913157b16d8a0cfdc3ec\\System.Management.Automation.ni.dll+12027bf|UNKNOWN(00007FF980564281)\nSourceUser: WIN10\\vagrant\nTargetUser: NT AUTHORITY\\SYSTEM","ecs":{"version":"1.11.0"},"agent":{"ephemeral_id":"2a39ce90-bef1-48a2-9e5f-bcaee6f2b27c","id":"6a7bb1af-5225-4683-bb1f-a6736ccafa24","name":"win10","type":"winlogbeat","version":"7.15.2","hostname":"win10"},"host":{"os":{"version":"10.0","family":"windows","name":"Windows 10 Enterprise Evaluation","kernel":"10.0.18362.418 (WinBuild.160101.0800)","build":"18363.418","type":"windows","platform":"windows"},"id":"04787c88-5486-46f2-93fc-7f6805a92d42","ip":["192.168.56.107","10.0.2.15"],"name":"win10.windomain.local","mac":["08:00:27:c5:40:cf","08:00:27:47:b4:2e"],"hostname":"win10","architecture":"x86_64"},"process":{"pid":5484,"thread":{"id":6808},"entity_id":"{04787c88-0172-623b-ed01-000000000c00}","executable":"C:\\Windows\\system32\\wsmprovhost.exe","name":"wsmprovhost.exe","param2":null},"winlog":{"channel":"Microsoft-Windows-Sysmon/Operational","event_id":"10","api":"wineventlog","record_id":9218,"computer_name":"win10.windomain.local","provider_name":"Microsoft-Windows-Sysmon","provider_guid":"{5770385f-c22a-43e0-bf4c-06f5698ffbd9}","keywords":null,"event_data":{"param2":null,"param1":null}},"event":{"kind":"event","provider":"Microsoft-Windows-Sysmon","created":"2022-03-23T11:16:03.613Z","code":"10"},"log":{"level":"information"},"verdict":"Benign"},{"@timestamp":"2022-03-23T11:16:02.657Z","@metadata":{"beat":"winlogbeat","type":"_doc","version":"7.15.2"},"message":"Process accessed:\nRuleName: technique_id=T1059.001,technique_name=PowerShell\nUtcTime: 2022-03-23 11:16:02.657\nSourceProcessGUID: {04787c88-0172-623b-ed01-000000000c00}\nSourceProcessId: 5484\nSourceThreadId: 6808\nSourceImage: C:\\Windows\\system32\\wsmprovhost.exe\nTargetProcessGUID: {04787c88-f878-623a-7c00-000000000c00}\nTargetProcessId: 3580\nTargetImage: C:\\Windows\\system32\\Windows.WARP.JITService.exe\nGrantedAccess: 0x1F3FFF\nCallTrace: C:\\Windows\\SYSTEM32\\ntdll.dll+9c584|C:\\Windows\\System32\\KERNELBASE.dll+2730e|C:\\Windows\\assembly\\NativeImages_v4.0.30319_64\\System\\e074a852d0b7a87fc8713d9727b9a1bb\\System.ni.dll+381f60|C:\\Windows\\assembly\\NativeImages_v4.0.30319_64\\System\\e074a852d0b7a87fc8713d9727b9a1bb\\System.ni.dll+2fa12e|C:\\Windows\\assembly\\NativeImages_v4.0.30319_64\\System\\e074a852d0b7a87fc8713d9727b9a1bb\\System.ni.dll+2f8cd5|C:\\Windows\\assembly\\NativeImages_v4.0.30319_64\\System\\e074a852d0b7a87fc8713d9727b9a1bb\\System.ni.dll+2c3b1e|C:\\Windows\\assembly\\NativeImages_v4.0.30319_64\\System\\e074a852d0b7a87fc8713d9727b9a1bb\\System.ni.dll+2c01f5|C:\\Windows\\assembly\\NativeImages_v4.0.30319_64\\Microsoft.Pae3498d9#\\e42d72ba485cf9fc3a11203954c94b0d\\Microsoft.PowerShell.Commands.Management.ni.dll+14fc0c|C:\\Windows\\assembly\\NativeImages_v4.0.30319_64\\Microsoft.Pae3498d9#\\e42d72ba485cf9fc3a11203954c94b0d\\Microsoft.PowerShell.Commands.Management.ni.dll+14fb26|C:\\Windows\\assembly\\NativeImages_v4.0.30319_64\\Microsoft.Pae3498d9#\\e42d72ba485cf9fc3a11203954c94b0d\\Microsoft.PowerShell.Commands.Management.ni.dll+14f535|C:\\Windows\\assembly\\NativeImages_v4.0.30319_64\\System.Manaa57fc8cc#\\6b621f0fd6cc913157b16d8a0cfdc3ec\\System.Management.Automation.ni.dll+111c603|C:\\Windows\\assembly\\NativeImages_v4.0.30319_64\\System.Manaa57fc8cc#\\6b621f0fd6cc913157b16d8a0cfdc3ec\\System.Management.Automation.ni.dll+1074e4b|C:\\Windows\\assembly\\NativeImages_v4.0.30319_64\\System.Manaa57fc8cc#\\6b621f0fd6cc913157b16d8a0cfdc3ec\\System.Management.Automation.ni.dll+10ff3dc|C:\\Windows\\assembly\\NativeImages_v4.0.30319_64\\System.Manaa57fc8cc#\\6b621f0fd6cc913157b16d8a0cfdc3ec\\System.Management.Automation.ni.dll+12027bf|UNKNOWN(00007FF980564281)\nSourceUser: WIN10\\vagrant\nTargetUser: NT AUTHORITY\\LOCAL SERVICE","ecs":{"version":"1.11.0"},"agent":{"ephemeral_id":"2a39ce90-bef1-48a2-9e5f-bcaee6f2b27c","id":"6a7bb1af-5225-4683-bb1f-a6736ccafa24","name":"win10","type":"winlogbeat","version":"7.15.2","hostname":"win10"},"host":{"os":{"version":"10.0","family":"windows","name":"Windows 10 Enterprise Evaluation","kernel":"10.0.18362.418 (WinBuild.160101.0800)","build":"18363.418","type":"windows","platform":"windows"},"id":"04787c88-5486-46f2-93fc-7f6805a92d42","ip":["192.168.56.107","10.0.2.15"],"name":"win10.windomain.local","mac":["08:00:27:c5:40:cf","08:00:27:47:b4:2e"],"hostname":"win10","architecture":"x86_64"},"process":{"pid":5484,"thread":{"id":6808},"entity_id":"{04787c88-0172-623b-ed01-000000000c00}","executable":"C:\\Windows\\system32\\wsmprovhost.exe","name":"wsmprovhost.exe","param2":null},"winlog":{"channel":"Microsoft-Windows-Sysmon/Operational","event_id":"10","api":"wineventlog","record_id":9219,"computer_name":"win10.windomain.local","provider_name":"Microsoft-Windows-Sysmon","provider_guid":"{5770385f-c22a-43e0-bf4c-06f5698ffbd9}","keywords":null,"event_data":{"param2":null,"param1":null}},"event":{"kind":"event","provider":"Microsoft-Windows-Sysmon","created":"2022-03-23T11:16:03.613Z","code":"10"},"log":{"level":"information"},"verdict":"Benign"},{"@timestamp":"2022-03-23T11:16:02.657Z","@metadata":{"beat":"winlogbeat","type":"_doc","version":"7.15.2"},"message":"Process accessed:\nRuleName: technique_id=T1059.001,technique_name=PowerShell\nUtcTime: 2022-03-23 11:16:02.657\nSourceProcessGUID: {04787c88-0172-623b-ed01-000000000c00}\nSourceProcessId: 5484\nSourceThreadId: 6808\nSourceImage: C:\\Windows\\system32\\wsmprovhost.exe\nTargetProcessGUID: {04787c88-f885-623a-a000-000000000c00}\nTargetProcessId: 7020\nTargetImage: C:\\Windows\\SystemApps\\InputApp_cw5n1h2txyewy\\WindowsInternal.ComposableShell.Experiences.TextInput.InputApp.exe\nGrantedAccess: 0x1F3FFF\nCallTrace: C:\\Windows\\SYSTEM32\\ntdll.dll+9c584|C:\\Windows\\System32\\KERNELBASE.dll+2730e|C:\\Windows\\assembly\\NativeImages_v4.0.30319_64\\System\\e074a852d0b7a87fc8713d9727b9a1bb\\System.ni.dll+381f60|C:\\Windows\\assembly\\NativeImages_v4.0.30319_64\\System\\e074a852d0b7a87fc8713d9727b9a1bb\\System.ni.dll+2fa12e|C:\\Windows\\assembly\\NativeImages_v4.0.30319_64\\System\\e074a852d0b7a87fc8713d9727b9a1bb\\System.ni.dll+2f8cd5|C:\\Windows\\assembly\\NativeImages_v4.0.30319_64\\System\\e074a852d0b7a87fc8713d9727b9a1bb\\System.ni.dll+2c3b1e|C:\\Windows\\assembly\\NativeImages_v4.0.30319_64\\System\\e074a852d0b7a87fc8713d9727b9a1bb\\System.ni.dll+2c01f5|C:\\Windows\\assembly\\NativeImages_v4.0.30319_64\\Microsoft.Pae3498d9#\\e42d72ba485cf9fc3a11203954c94b0d\\Microsoft.PowerShell.Commands.Management.ni.dll+14fc0c|C:\\Windows\\assembly\\NativeImages_v4.0.30319_64\\Microsoft.Pae3498d9#\\e42d72ba485cf9fc3a11203954c94b0d\\Microsoft.PowerShell.Commands.Management.ni.dll+14fb26|C:\\Windows\\assembly\\NativeImages_v4.0.30319_64\\Microsoft.Pae3498d9#\\e42d72ba485cf9fc3a11203954c94b0d\\Microsoft.PowerShell.Commands.Management.ni.dll+14f535|C:\\Windows\\assembly\\NativeImages_v4.0.30319_64\\System.Manaa57fc8cc#\\6b621f0fd6cc913157b16d8a0cfdc3ec\\System.Management.Automation.ni.dll+111c603|C:\\Windows\\assembly\\NativeImages_v4.0.30319_64\\System.Manaa57fc8cc#\\6b621f0fd6cc913157b16d8a0cfdc3ec\\System.Management.Automation.ni.dll+1074e4b|C:\\Windows\\assembly\\NativeImages_v4.0.30319_64\\System.Manaa57fc8cc#\\6b621f0fd6cc913157b16d8a0cfdc3ec\\System.Management.Automation.ni.dll+10ff3dc|C:\\Windows\\assembly\\NativeImages_v4.0.30319_64\\System.Manaa57fc8cc#\\6b621f0fd6cc913157b16d8a0cfdc3ec\\System.Management.Automation.ni.dll+12027bf|UNKNOWN(00007FF980564281)\nSourceUser: WIN10\\vagrant\nTargetUser: WIN10\\vagrant","ecs":{"version":"1.11.0"},"agent":{"ephemeral_id":"2a39ce90-bef1-48a2-9e5f-bcaee6f2b27c","id":"6a7bb1af-5225-4683-bb1f-a6736ccafa24","name":"win10","type":"winlogbeat","version":"7.15.2","hostname":"win10"},"host":{"os":{"version":"10.0","family":"windows","name":"Windows 10 Enterprise Evaluation","kernel":"10.0.18362.418 (WinBuild.160101.0800)","build":"18363.418","type":"windows","platform":"windows"},"id":"04787c88-5486-46f2-93fc-7f6805a92d42","ip":["192.168.56.107","10.0.2.15"],"name":"win10.windomain.local","mac":["08:00:27:c5:40:cf","08:00:27:47:b4:2e"],"hostname":"win10","architecture":"x86_64"},"process":{"pid":5484,"thread":{"id":6808},"entity_id":"{04787c88-0172-623b-ed01-000000000c00}","executable":"C:\\Windows\\system32\\wsmprovhost.exe","name":"wsmprovhost.exe","param2":null},"winlog":{"channel":"Microsoft-Windows-Sysmon/Operational","event_id":"10","api":"wineventlog","record_id":9220,"computer_name":"win10.windomain.local","provider_name":"Microsoft-Windows-Sysmon","provider_guid":"{5770385f-c22a-43e0-bf4c-06f5698ffbd9}","keywords":null,"event_data":{"param2":null,"param1":null}},"event":{"kind":"event","provider":"Microsoft-Windows-Sysmon","created":"2022-03-23T11:16:03.613Z","code":"10"},"log":{"level":"information"},"verdict":"Benign"},{"@timestamp":"2022-03-23T11:16:02.657Z","@metadata":{"beat":"winlogbeat","type":"_doc","version":"7.15.2"},"message":"Process accessed:\nRuleName: technique_id=T1059.001,technique_name=PowerShell\nUtcTime: 2022-03-23 11:16:02.657\nSourceProcessGUID: {04787c88-0172-623b-ed01-000000000c00}\nSourceProcessId: 5484\nSourceThreadId: 6808\nSourceImage: C:\\Windows\\system32\\wsmprovhost.exe\nTargetProcessGUID: {04787c88-f978-623a-f300-000000000c00}\nTargetProcessId: 596\nTargetImage: C:\\Program Files\\Winlogbeat\\winlogbeat.exe\nGrantedAccess: 0x1F3FFF\nCallTrace: C:\\Windows\\SYSTEM32\\ntdll.dll+9c584|C:\\Windows\\System32\\KERNELBASE.dll+2730e|C:\\Windows\\assembly\\NativeImages_v4.0.30319_64\\System\\e074a852d0b7a87fc8713d9727b9a1bb\\System.ni.dll+381f60|C:\\Windows\\assembly\\NativeImages_v4.0.30319_64\\System\\e074a852d0b7a87fc8713d9727b9a1bb\\System.ni.dll+2fa12e|C:\\Windows\\assembly\\NativeImages_v4.0.30319_64\\System\\e074a852d0b7a87fc8713d9727b9a1bb\\System.ni.dll+2f8cd5|C:\\Windows\\assembly\\NativeImages_v4.0.30319_64\\System\\e074a852d0b7a87fc8713d9727b9a1bb\\System.ni.dll+2c3b1e|C:\\Windows\\assembly\\NativeImages_v4.0.30319_64\\System\\e074a852d0b7a87fc8713d9727b9a1bb\\System.ni.dll+2c01f5|C:\\Windows\\assembly\\NativeImages_v4.0.30319_64\\Microsoft.Pae3498d9#\\e42d72ba485cf9fc3a11203954c94b0d\\Microsoft.PowerShell.Commands.Management.ni.dll+14fc0c|C:\\Windows\\assembly\\NativeImages_v4.0.30319_64\\Microsoft.Pae3498d9#\\e42d72ba485cf9fc3a11203954c94b0d\\Microsoft.PowerShell.Commands.Management.ni.dll+14fb26|C:\\Windows\\assembly\\NativeImages_v4.0.30319_64\\Microsoft.Pae3498d9#\\e42d72ba485cf9fc3a11203954c94b0d\\Microsoft.PowerShell.Commands.Management.ni.dll+14f535|C:\\Windows\\assembly\\NativeImages_v4.0.30319_64\\System.Manaa57fc8cc#\\6b621f0fd6cc913157b16d8a0cfdc3ec\\System.Management.Automation.ni.dll+111c603|C:\\Windows\\assembly\\NativeImages_v4.0.30319_64\\System.Manaa57fc8cc#\\6b621f0fd6cc913157b16d8a0cfdc3ec\\System.Management.Automation.ni.dll+1074e4b|C:\\Windows\\assembly\\NativeImages_v4.0.30319_64\\System.Manaa57fc8cc#\\6b621f0fd6cc913157b16d8a0cfdc3ec\\System.Management.Automation.ni.dll+10ff3dc|C:\\Windows\\assembly\\NativeImages_v4.0.30319_64\\System.Manaa57fc8cc#\\6b621f0fd6cc913157b16d8a0cfdc3ec\\System.Management.Automation.ni.dll+12027bf|UNKNOWN(00007FF980564281)\nSourceUser: WIN10\\vagrant\nTargetUser: NT AUTHORITY\\SYSTEM","ecs":{"version":"1.11.0"},"agent":{"ephemeral_id":"2a39ce90-bef1-48a2-9e5f-bcaee6f2b27c","id":"6a7bb1af-5225-4683-bb1f-a6736ccafa24","name":"win10","type":"winlogbeat","version":"7.15.2","hostname":"win10"},"host":{"os":{"version":"10.0","family":"windows","name":"Windows 10 Enterprise Evaluation","kernel":"10.0.18362.418 (WinBuild.160101.0800)","build":"18363.418","type":"windows","platform":"windows"},"id":"04787c88-5486-46f2-93fc-7f6805a92d42","ip":["192.168.56.107","10.0.2.15"],"name":"win10.windomain.local","mac":["08:00:27:c5:40:cf","08:00:27:47:b4:2e"],"hostname":"win10","architecture":"x86_64"},"process":{"pid":5484,"thread":{"id":6808},"entity_id":"{04787c88-0172-623b-ed01-000000000c00}","executable":"C:\\Windows\\system32\\wsmprovhost.exe","name":"wsmprovhost.exe","param2":null},"winlog":{"channel":"Microsoft-Windows-Sysmon/Operational","event_id":"10","api":"wineventlog","record_id":9221,"computer_name":"win10.windomain.local","provider_name":"Microsoft-Windows-Sysmon","provider_guid":"{5770385f-c22a-43e0-bf4c-06f5698ffbd9}","keywords":null,"event_data":{"param2":null,"param1":null}},"event":{"kind":"event","provider":"Microsoft-Windows-Sysmon","created":"2022-03-23T11:16:03.613Z","code":"10"},"log":{"level":"information"},"verdict":"Benign"},{"@timestamp":"2022-03-23T11:16:02.657Z","@metadata":{"beat":"winlogbeat","type":"_doc","version":"7.15.2"},"message":"Process accessed:\nRuleName: technique_id=T1059.001,technique_name=PowerShell\nUtcTime: 2022-03-23 11:16:02.657\nSourceProcessGUID: {04787c88-0172-623b-ed01-000000000c00}\nSourceProcessId: 5484\nSourceThreadId: 6808\nSourceImage: C:\\Windows\\system32\\wsmprovhost.exe\nTargetProcessGUID: {04787c88-ea51-623a-0a00-000000000c00}\nTargetProcessId: 580\nTargetImage: C:\\Windows\\system32\\winlogon.exe\nGrantedAccess: 0x1F3FFF\nCallTrace: C:\\Windows\\SYSTEM32\\ntdll.dll+9c584|C:\\Windows\\System32\\KERNELBASE.dll+2730e|C:\\Windows\\assembly\\NativeImages_v4.0.30319_64\\System\\e074a852d0b7a87fc8713d9727b9a1bb\\System.ni.dll+381f60|C:\\Windows\\assembly\\NativeImages_v4.0.30319_64\\System\\e074a852d0b7a87fc8713d9727b9a1bb\\System.ni.dll+2fa12e|C:\\Windows\\assembly\\NativeImages_v4.0.30319_64\\System\\e074a852d0b7a87fc8713d9727b9a1bb\\System.ni.dll+2f8cd5|C:\\Windows\\assembly\\NativeImages_v4.0.30319_64\\System\\e074a852d0b7a87fc8713d9727b9a1bb\\System.ni.dll+2c3b1e|C:\\Windows\\assembly\\NativeImages_v4.0.30319_64\\System\\e074a852d0b7a87fc8713d9727b9a1bb\\System.ni.dll+2c01f5|C:\\Windows\\assembly\\NativeImages_v4.0.30319_64\\Microsoft.Pae3498d9#\\e42d72ba485cf9fc3a11203954c94b0d\\Microsoft.PowerShell.Commands.Management.ni.dll+14fc0c|C:\\Windows\\assembly\\NativeImages_v4.0.30319_64\\Microsoft.Pae3498d9#\\e42d72ba485cf9fc3a11203954c94b0d\\Microsoft.PowerShell.Commands.Management.ni.dll+14fb26|C:\\Windows\\assembly\\NativeImages_v4.0.30319_64\\Microsoft.Pae3498d9#\\e42d72ba485cf9fc3a11203954c94b0d\\Microsoft.PowerShell.Commands.Management.ni.dll+14f535|C:\\Windows\\assembly\\NativeImages_v4.0.30319_64\\System.Manaa57fc8cc#\\6b621f0fd6cc913157b16d8a0cfdc3ec\\System.Management.Automation.ni.dll+111c603|C:\\Windows\\assembly\\NativeImages_v4.0.30319_64\\System.Manaa57fc8cc#\\6b621f0fd6cc913157b16d8a0cfdc3ec\\System.Management.Automation.ni.dll+1074e4b|C:\\Windows\\assembly\\NativeImages_v4.0.30319_64\\System.Manaa57fc8cc#\\6b621f0fd6cc913157b16d8a0cfdc3ec\\System.Management.Automation.ni.dll+10ff3dc|C:\\Windows\\assembly\\NativeImages_v4.0.30319_64\\System.Manaa57fc8cc#\\6b621f0fd6cc913157b16d8a0cfdc3ec\\System.Management.Automation.ni.dll+12027bf|UNKNOWN(00007FF980564281)\nSourceUser: WIN10\\vagrant\nTargetUser: NT AUTHORITY\\SYSTEM","ecs":{"version":"1.11.0"},"agent":{"ephemeral_id":"2a39ce90-bef1-48a2-9e5f-bcaee6f2b27c","id":"6a7bb1af-5225-4683-bb1f-a6736ccafa24","name":"win10","type":"winlogbeat","version":"7.15.2","hostname":"win10"},"host":{"os":{"version":"10.0","family":"windows","name":"Windows 10 Enterprise Evaluation","kernel":"10.0.18362.418 (WinBuild.160101.0800)","build":"18363.418","type":"windows","platform":"windows"},"id":"04787c88-5486-46f2-93fc-7f6805a92d42","ip":["192.168.56.107","10.0.2.15"],"name":"win10.windomain.local","mac":["08:00:27:c5:40:cf","08:00:27:47:b4:2e"],"hostname":"win10","architecture":"x86_64"},"process":{"pid":5484,"thread":{"id":6808},"entity_id":"{04787c88-0172-623b-ed01-000000000c00}","executable":"C:\\Windows\\system32\\wsmprovhost.exe","name":"wsmprovhost.exe","param2":null},"winlog":{"channel":"Microsoft-Windows-Sysmon/Operational","event_id":"10","api":"wineventlog","record_id":9222,"computer_name":"win10.windomain.local","provider_name":"Microsoft-Windows-Sysmon","provider_guid":"{5770385f-c22a-43e0-bf4c-06f5698ffbd9}","keywords":null,"event_data":{"param2":null,"param1":null}},"event":{"kind":"event","provider":"Microsoft-Windows-Sysmon","created":"2022-03-23T11:16:03.613Z","code":"10"},"log":{"level":"information"},"verdict":"Benign"},{"@timestamp":"2022-03-23T11:16:02.657Z","@metadata":{"beat":"winlogbeat","type":"_doc","version":"7.15.2"},"message":"Process accessed:\nRuleName: technique_id=T1059.001,technique_name=PowerShell\nUtcTime: 2022-03-23 11:16:02.657\nSourceProcessGUID: {04787c88-0172-623b-ed01-000000000c00}\nSourceProcessId: 5484\nSourceThreadId: 6808\nSourceImage: C:\\Windows\\system32\\wsmprovhost.exe\nTargetProcessGUID: {04787c88-f8a9-623a-b200-000000000c00}\nTargetProcessId: 5304\nTargetImage: C:\\Program Files\\WindowsApps\\Microsoft.WindowsStore_11811.1001.18.0_x64__8wekyb3d8bbwe\\WinStore.App.exe\nGrantedAccess: 0x1F3FFF\nCallTrace: C:\\Windows\\SYSTEM32\\ntdll.dll+9c584|C:\\Windows\\System32\\KERNELBASE.dll+2730e|C:\\Windows\\assembly\\NativeImages_v4.0.30319_64\\System\\e074a852d0b7a87fc8713d9727b9a1bb\\System.ni.dll+381f60|C:\\Windows\\assembly\\NativeImages_v4.0.30319_64\\System\\e074a852d0b7a87fc8713d9727b9a1bb\\System.ni.dll+2fa12e|C:\\Windows\\assembly\\NativeImages_v4.0.30319_64\\System\\e074a852d0b7a87fc8713d9727b9a1bb\\System.ni.dll+2f8cd5|C:\\Windows\\assembly\\NativeImages_v4.0.30319_64\\System\\e074a852d0b7a87fc8713d9727b9a1bb\\System.ni.dll+2c3b1e|C:\\Windows\\assembly\\NativeImages_v4.0.30319_64\\System\\e074a852d0b7a87fc8713d9727b9a1bb\\System.ni.dll+2c01f5|C:\\Windows\\assembly\\NativeImages_v4.0.30319_64\\Microsoft.Pae3498d9#\\e42d72ba485cf9fc3a11203954c94b0d\\Microsoft.PowerShell.Commands.Management.ni.dll+14fc0c|C:\\Windows\\assembly\\NativeImages_v4.0.30319_64\\Microsoft.Pae3498d9#\\e42d72ba485cf9fc3a11203954c94b0d\\Microsoft.PowerShell.Commands.Management.ni.dll+14fb26|C:\\Windows\\assembly\\NativeImages_v4.0.30319_64\\Microsoft.Pae3498d9#\\e42d72ba485cf9fc3a11203954c94b0d\\Microsoft.PowerShell.Commands.Management.ni.dll+14f535|C:\\Windows\\assembly\\NativeImages_v4.0.30319_64\\System.Manaa57fc8cc#\\6b621f0fd6cc913157b16d8a0cfdc3ec\\System.Management.Automation.ni.dll+111c603|C:\\Windows\\assembly\\NativeImages_v4.0.30319_64\\System.Manaa57fc8cc#\\6b621f0fd6cc913157b16d8a0cfdc3ec\\System.Management.Automation.ni.dll+1074e4b|C:\\Windows\\assembly\\NativeImages_v4.0.30319_64\\System.Manaa57fc8cc#\\6b621f0fd6cc913157b16d8a0cfdc3ec\\System.Management.Automation.ni.dll+10ff3dc|C:\\Windows\\assembly\\NativeImages_v4.0.30319_64\\System.Manaa57fc8cc#\\6b621f0fd6cc913157b16d8a0cfdc3ec\\System.Management.Automation.ni.dll+12027bf|UNKNOWN(00007FF980564281)\nSourceUser: WIN10\\vagrant\nTargetUser: WIN10\\vagrant","ecs":{"version":"1.11.0"},"agent":{"ephemeral_id":"2a39ce90-bef1-48a2-9e5f-bcaee6f2b27c","id":"6a7bb1af-5225-4683-bb1f-a6736ccafa24","name":"win10","type":"winlogbeat","version":"7.15.2","hostname":"win10"},"host":{"os":{"version":"10.0","family":"windows","name":"Windows 10 Enterprise Evaluation","kernel":"10.0.18362.418 (WinBuild.160101.0800)","build":"18363.418","type":"windows","platform":"windows"},"id":"04787c88-5486-46f2-93fc-7f6805a92d42","ip":["192.168.56.107","10.0.2.15"],"name":"win10.windomain.local","mac":["08:00:27:c5:40:cf","08:00:27:47:b4:2e"],"hostname":"win10","architecture":"x86_64"},"process":{"pid":5484,"thread":{"id":6808},"entity_id":"{04787c88-0172-623b-ed01-000000000c00}","executable":"C:\\Windows\\system32\\wsmprovhost.exe","name":"wsmprovhost.exe","param2":null},"winlog":{"channel":"Microsoft-Windows-Sysmon/Operational","event_id":"10","api":"wineventlog","record_id":9223,"computer_name":"win10.windomain.local","provider_name":"Microsoft-Windows-Sysmon","provider_guid":"{5770385f-c22a-43e0-bf4c-06f5698ffbd9}","keywords":null,"event_data":{"param2":null,"param1":null}},"event":{"kind":"event","provider":"Microsoft-Windows-Sysmon","created":"2022-03-23T11:16:03.613Z","code":"10"},"log":{"level":"information"},"verdict":"Benign"},{"@timestamp":"2022-03-23T11:16:02.657Z","@metadata":{"beat":"winlogbeat","type":"_doc","version":"7.15.2"},"message":"Process accessed:\nRuleName: technique_id=T1059.001,technique_name=PowerShell\nUtcTime: 2022-03-23 11:16:02.657\nSourceProcessGUID: {04787c88-0172-623b-ed01-000000000c00}\nSourceProcessId: 5484\nSourceThreadId: 6808\nSourceImage: C:\\Windows\\system32\\wsmprovhost.exe\nTargetProcessGUID: {04787c88-f866-623a-4900-000000000c00}\nTargetProcessId: 3048\nTargetImage: C:\\Windows\\system32\\wlms\\wlms.exe\nGrantedAccess: 0x1F3FFF\nCallTrace: C:\\Windows\\SYSTEM32\\ntdll.dll+9c584|C:\\Windows\\System32\\KERNELBASE.dll+2730e|C:\\Windows\\assembly\\NativeImages_v4.0.30319_64\\System\\e074a852d0b7a87fc8713d9727b9a1bb\\System.ni.dll+381f60|C:\\Windows\\assembly\\NativeImages_v4.0.30319_64\\System\\e074a852d0b7a87fc8713d9727b9a1bb\\System.ni.dll+2fa12e|C:\\Windows\\assembly\\NativeImages_v4.0.30319_64\\System\\e074a852d0b7a87fc8713d9727b9a1bb\\System.ni.dll+2f8cd5|C:\\Windows\\assembly\\NativeImages_v4.0.30319_64\\System\\e074a852d0b7a87fc8713d9727b9a1bb\\System.ni.dll+2c3b1e|C:\\Windows\\assembly\\NativeImages_v4.0.30319_64\\System\\e074a852d0b7a87fc8713d9727b9a1bb\\System.ni.dll+2c01f5|C:\\Windows\\assembly\\NativeImages_v4.0.30319_64\\Microsoft.Pae3498d9#\\e42d72ba485cf9fc3a11203954c94b0d\\Microsoft.PowerShell.Commands.Management.ni.dll+14fc0c|C:\\Windows\\assembly\\NativeImages_v4.0.30319_64\\Microsoft.Pae3498d9#\\e42d72ba485cf9fc3a11203954c94b0d\\Microsoft.PowerShell.Commands.Management.ni.dll+14fb26|C:\\Windows\\assembly\\NativeImages_v4.0.30319_64\\Microsoft.Pae3498d9#\\e42d72ba485cf9fc3a11203954c94b0d\\Microsoft.PowerShell.Commands.Management.ni.dll+14f535|C:\\Windows\\assembly\\NativeImages_v4.0.30319_64\\System.Manaa57fc8cc#\\6b621f0fd6cc913157b16d8a0cfdc3ec\\System.Management.Automation.ni.dll+111c603|C:\\Windows\\assembly\\NativeImages_v4.0.30319_64\\System.Manaa57fc8cc#\\6b621f0fd6cc913157b16d8a0cfdc3ec\\System.Management.Automation.ni.dll+1074e4b|C:\\Windows\\assembly\\NativeImages_v4.0.30319_64\\System.Manaa57fc8cc#\\6b621f0fd6cc913157b16d8a0cfdc3ec\\System.Management.Automation.ni.dll+10ff3dc|C:\\Windows\\assembly\\NativeImages_v4.0.30319_64\\System.Manaa57fc8cc#\\6b621f0fd6cc913157b16d8a0cfdc3ec\\System.Management.Automation.ni.dll+12027bf|UNKNOWN(00007FF980564281)\nSourceUser: WIN10\\vagrant\nTargetUser: NT AUTHORITY\\SYSTEM","ecs":{"version":"1.11.0"},"agent":{"ephemeral_id":"2a39ce90-bef1-48a2-9e5f-bcaee6f2b27c","id":"6a7bb1af-5225-4683-bb1f-a6736ccafa24","name":"win10","type":"winlogbeat","version":"7.15.2","hostname":"win10"},"host":{"os":{"version":"10.0","family":"windows","name":"Windows 10 Enterprise Evaluation","kernel":"10.0.18362.418 (WinBuild.160101.0800)","build":"18363.418","type":"windows","platform":"windows"},"id":"04787c88-5486-46f2-93fc-7f6805a92d42","ip":["192.168.56.107","10.0.2.15"],"name":"win10.windomain.local","mac":["08:00:27:c5:40:cf","08:00:27:47:b4:2e"],"hostname":"win10","architecture":"x86_64"},"process":{"pid":5484,"thread":{"id":6808},"entity_id":"{04787c88-0172-623b-ed01-000000000c00}","executable":"C:\\Windows\\system32\\wsmprovhost.exe","name":"wsmprovhost.exe","param2":null},"winlog":{"channel":"Microsoft-Windows-Sysmon/Operational","event_id":"10","api":"wineventlog","record_id":9224,"computer_name":"win10.windomain.local","provider_name":"Microsoft-Windows-Sysmon","provider_guid":"{5770385f-c22a-43e0-bf4c-06f5698ffbd9}","keywords":null,"event_data":{"param2":null,"param1":null}},"event":{"kind":"event","provider":"Microsoft-Windows-Sysmon","created":"2022-03-23T11:16:03.613Z","code":"10"},"log":{"level":"information"},"verdict":"Benign"},{"@timestamp":"2022-03-23T11:16:02.657Z","@metadata":{"beat":"winlogbeat","type":"_doc","version":"7.15.2"},"message":"Process accessed:\nRuleName: technique_id=T1059.001,technique_name=PowerShell\nUtcTime: 2022-03-23 11:16:02.657\nSourceProcessGUID: {04787c88-0172-623b-ed01-000000000c00}\nSourceProcessId: 5484\nSourceThreadId: 6808\nSourceImage: C:\\Windows\\system32\\wsmprovhost.exe\nTargetProcessGUID: {04787c88-00cb-623b-c701-000000000c00}\nTargetProcessId: 6988\nTargetImage: C:\\Windows\\system32\\wbem\\wmiprvse.exe\nGrantedAccess: 0x1F3FFF\nCallTrace: C:\\Windows\\SYSTEM32\\ntdll.dll+9c584|C:\\Windows\\System32\\KERNELBASE.dll+2730e|C:\\Windows\\assembly\\NativeImages_v4.0.30319_64\\System\\e074a852d0b7a87fc8713d9727b9a1bb\\System.ni.dll+381f60|C:\\Windows\\assembly\\NativeImages_v4.0.30319_64\\System\\e074a852d0b7a87fc8713d9727b9a1bb\\System.ni.dll+2fa12e|C:\\Windows\\assembly\\NativeImages_v4.0.30319_64\\System\\e074a852d0b7a87fc8713d9727b9a1bb\\System.ni.dll+2f8cd5|C:\\Windows\\assembly\\NativeImages_v4.0.30319_64\\System\\e074a852d0b7a87fc8713d9727b9a1bb\\System.ni.dll+2c3b1e|C:\\Windows\\assembly\\NativeImages_v4.0.30319_64\\System\\e074a852d0b7a87fc8713d9727b9a1bb\\System.ni.dll+2c01f5|C:\\Windows\\assembly\\NativeImages_v4.0.30319_64\\Microsoft.Pae3498d9#\\e42d72ba485cf9fc3a11203954c94b0d\\Microsoft.PowerShell.Commands.Management.ni.dll+14fc0c|C:\\Windows\\assembly\\NativeImages_v4.0.30319_64\\Microsoft.Pae3498d9#\\e42d72ba485cf9fc3a11203954c94b0d\\Microsoft.PowerShell.Commands.Management.ni.dll+14fb26|C:\\Windows\\assembly\\NativeImages_v4.0.30319_64\\Microsoft.Pae3498d9#\\e42d72ba485cf9fc3a11203954c94b0d\\Microsoft.PowerShell.Commands.Management.ni.dll+14f535|C:\\Windows\\assembly\\NativeImages_v4.0.30319_64\\System.Manaa57fc8cc#\\6b621f0fd6cc913157b16d8a0cfdc3ec\\System.Management.Automation.ni.dll+111c603|C:\\Windows\\assembly\\NativeImages_v4.0.30319_64\\System.Manaa57fc8cc#\\6b621f0fd6cc913157b16d8a0cfdc3ec\\System.Management.Automation.ni.dll+1074e4b|C:\\Windows\\assembly\\NativeImages_v4.0.30319_64\\System.Manaa57fc8cc#\\6b621f0fd6cc913157b16d8a0cfdc3ec\\System.Management.Automation.ni.dll+10ff3dc|C:\\Windows\\assembly\\NativeImages_v4.0.30319_64\\System.Manaa57fc8cc#\\6b621f0fd6cc913157b16d8a0cfdc3ec\\System.Management.Automation.ni.dll+12027bf|UNKNOWN(00007FF980564281)\nSourceUser: WIN10\\vagrant\nTargetUser: NT AUTHORITY\\NETWORK SERVICE","ecs":{"version":"1.11.0"},"agent":{"ephemeral_id":"2a39ce90-bef1-48a2-9e5f-bcaee6f2b27c","id":"6a7bb1af-5225-4683-bb1f-a6736ccafa24","name":"win10","type":"winlogbeat","version":"7.15.2","hostname":"win10"},"host":{"os":{"version":"10.0","family":"windows","name":"Windows 10 Enterprise Evaluation","kernel":"10.0.18362.418 (WinBuild.160101.0800)","build":"18363.418","type":"windows","platform":"windows"},"id":"04787c88-5486-46f2-93fc-7f6805a92d42","ip":["192.168.56.107","10.0.2.15"],"name":"win10.windomain.local","mac":["08:00:27:c5:40:cf","08:00:27:47:b4:2e"],"hostname":"win10","architecture":"x86_64"},"process":{"pid":5484,"thread":{"id":6808},"entity_id":"{04787c88-0172-623b-ed01-000000000c00}","executable":"C:\\Windows\\system32\\wsmprovhost.exe","name":"wsmprovhost.exe","param2":null},"winlog":{"channel":"Microsoft-Windows-Sysmon/Operational","event_id":"10","api":"wineventlog","record_id":9225,"computer_name":"win10.windomain.local","provider_name":"Microsoft-Windows-Sysmon","provider_guid":"{5770385f-c22a-43e0-bf4c-06f5698ffbd9}","keywords":null,"event_data":{"param2":null,"param1":null}},"event":{"kind":"event","provider":"Microsoft-Windows-Sysmon","created":"2022-03-23T11:16:03.614Z","code":"10"},"log":{"level":"information"},"verdict":"Benign"},{"@timestamp":"2022-03-23T11:16:02.150Z","@metadata":{"beat":"winlogbeat","type":"_doc","version":"7.15.2"},"message":"Dns query:\nRuleName: -\nUtcTime: 2022-03-23 11:16:02.150\nProcessGuid: {04787c88-0171-623b-eb01-000000000c00}\nProcessId: 3232\nQueryName: win10\nQueryStatus: 0\nQueryResults: ::1;::ffff:10.0.2.15;::ffff:192.168.56.107;\nImage: C:\\Windows\\System32\\WindowsPowerShell\\v1.0\\powershell.exe\nUser: WIN10\\vagrant","ecs":{"version":"1.11.0"},"agent":{"ephemeral_id":"2a39ce90-bef1-48a2-9e5f-bcaee6f2b27c","id":"6a7bb1af-5225-4683-bb1f-a6736ccafa24","name":"win10","type":"winlogbeat","version":"7.15.2","hostname":"win10"},"host":{"os":{"version":"10.0","family":"windows","name":"Windows 10 Enterprise Evaluation","kernel":"10.0.18362.418 (WinBuild.160101.0800)","build":"18363.418","type":"windows","platform":"windows"},"id":"04787c88-5486-46f2-93fc-7f6805a92d42","ip":["192.168.56.107","10.0.2.15"],"name":"win10.windomain.local","mac":["08:00:27:c5:40:cf","08:00:27:47:b4:2e"],"hostname":"win10","architecture":"x86_64"},"process":{"pid":3232,"thread":null,"entity_id":"{04787c88-0171-623b-eb01-000000000c00}","executable":"C:\\Windows\\System32\\WindowsPowerShell\\v1.0\\powershell.exe","name":"powershell.exe","param2":null},"winlog":{"channel":"Microsoft-Windows-Sysmon/Operational","event_id":"22","api":"wineventlog","record_id":9226,"computer_name":"win10.windomain.local","provider_name":"Microsoft-Windows-Sysmon","provider_guid":"{5770385f-c22a-43e0-bf4c-06f5698ffbd9}","keywords":null,"event_data":{"param2":null,"param1":null}},"event":{"kind":"event","provider":"Microsoft-Windows-Sysmon","created":"2022-03-23T11:16:04.653Z","code":"22"},"log":{"level":"information"},"verdict":"Benign"},{"@timestamp":"2022-03-23T11:16:02.155Z","@metadata":{"beat":"winlogbeat","type":"_doc","version":"7.15.2"},"message":"Network connection detected:\nRuleName: technique_id=T1059.001,technique_name=PowerShell\nUtcTime: 2022-03-23 11:16:02.155\nProcessGuid: {04787c88-0171-623b-eb01-000000000c00}\nProcessId: 3232\nImage: C:\\Windows\\System32\\WindowsPowerShell\\v1.0\\powershell.exe\nUser: WIN10\\vagrant\nProtocol: tcp\nInitiated: true\nSourceIsIpv6: false\nSourceIp: 10.0.2.15\nSourceHostname: win10.windomain.local\nSourcePort: 53487\nSourcePortName: -\nDestinationIsIpv6: false\nDestinationIp: 10.0.2.15\nDestinationHostname: win10.windomain.local\nDestinationPort: 5985\nDestinationPortName: -","ecs":{"version":"1.11.0"},"agent":{"ephemeral_id":"2a39ce90-bef1-48a2-9e5f-bcaee6f2b27c","id":"6a7bb1af-5225-4683-bb1f-a6736ccafa24","name":"win10","type":"winlogbeat","version":"7.15.2","hostname":"win10"},"host":{"os":{"version":"10.0","family":"windows","name":"Windows 10 Enterprise Evaluation","kernel":"10.0.18362.418 (WinBuild.160101.0800)","build":"18363.418","type":"windows","platform":"windows"},"id":"04787c88-5486-46f2-93fc-7f6805a92d42","ip":["192.168.56.107","10.0.2.15"],"name":"win10.windomain.local","mac":["08:00:27:c5:40:cf","08:00:27:47:b4:2e"],"hostname":"win10","architecture":"x86_64"},"process":{"pid":3232,"thread":null,"entity_id":"{04787c88-0171-623b-eb01-000000000c00}","executable":"C:\\Windows\\System32\\WindowsPowerShell\\v1.0\\powershell.exe","name":"powershell.exe","param2":null},"winlog":{"channel":"Microsoft-Windows-Sysmon/Operational","event_id":"3","api":"wineventlog","record_id":9227,"computer_name":"win10.windomain.local","provider_name":"Microsoft-Windows-Sysmon","provider_guid":"{5770385f-c22a-43e0-bf4c-06f5698ffbd9}","keywords":null,"event_data":{"param2":null,"param1":null}},"event":{"kind":"event","provider":"Microsoft-Windows-Sysmon","created":"2022-03-23T11:16:04.653Z","code":"3"},"log":{"level":"information"},"verdict":"Benign"},{"@timestamp":"2022-03-23T11:16:02.155Z","@metadata":{"beat":"winlogbeat","type":"_doc","version":"7.15.2"},"message":"Network connection detected:\nRuleName: technique_id=T1021.006,technique_name=Windows Remote Management\nUtcTime: 2022-03-23 11:16:02.155\nProcessGuid: {04787c88-ea4c-623a-eb03-000000000000}\nProcessId: 4\nImage: System\nUser: NT AUTHORITY\\SYSTEM\nProtocol: tcp\nInitiated: false\nSourceIsIpv6: false\nSourceIp: 10.0.2.15\nSourceHostname: win10.windomain.local\nSourcePort: 53487\nSourcePortName: -\nDestinationIsIpv6: false\nDestinationIp: 10.0.2.15\nDestinationHostname: win10.windomain.local\nDestinationPort: 5985\nDestinationPortName: -","ecs":{"version":"1.11.0"},"agent":{"ephemeral_id":"2a39ce90-bef1-48a2-9e5f-bcaee6f2b27c","id":"6a7bb1af-5225-4683-bb1f-a6736ccafa24","name":"win10","type":"winlogbeat","version":"7.15.2","hostname":"win10"},"host":{"os":{"version":"10.0","family":"windows","name":"Windows 10 Enterprise Evaluation","kernel":"10.0.18362.418 (WinBuild.160101.0800)","build":"18363.418","type":"windows","platform":"windows"},"id":"04787c88-5486-46f2-93fc-7f6805a92d42","ip":["192.168.56.107","10.0.2.15"],"name":"win10.windomain.local","mac":["08:00:27:c5:40:cf","08:00:27:47:b4:2e"],"hostname":"win10","architecture":"x86_64"},"process":{"pid":4,"thread":null,"entity_id":"{04787c88-ea4c-623a-eb03-000000000000}","executable":"System","name":"System","param2":null},"winlog":{"channel":"Microsoft-Windows-Sysmon/Operational","event_id":"3","api":"wineventlog","record_id":9228,"computer_name":"win10.windomain.local","provider_name":"Microsoft-Windows-Sysmon","provider_guid":"{5770385f-c22a-43e0-bf4c-06f5698ffbd9}","keywords":null,"event_data":{"param2":null,"param1":null}},"event":{"kind":"event","provider":"Microsoft-Windows-Sysmon","created":"2022-03-23T11:16:04.653Z","code":"3"},"log":{"level":"information"},"verdict":"Benign"},{"@timestamp":"2022-03-23T11:16:02.261Z","@metadata":{"beat":"winlogbeat","type":"_doc","version":"7.15.2"},"message":"Network connection detected:\nRuleName: technique_id=T1059.001,technique_name=PowerShell\nUtcTime: 2022-03-23 11:16:02.261\nProcessGuid: {04787c88-0171-623b-eb01-000000000c00}\nProcessId: 3232\nImage: C:\\Windows\\System32\\WindowsPowerShell\\v1.0\\powershell.exe\nUser: WIN10\\vagrant\nProtocol: tcp\nInitiated: true\nSourceIsIpv6: false\nSourceIp: 10.0.2.15\nSourceHostname: win10.windomain.local\nSourcePort: 53488\nSourcePortName: -\nDestinationIsIpv6: false\nDestinationIp: 10.0.2.15\nDestinationHostname: win10.windomain.local\nDestinationPort: 5985\nDestinationPortName: -","ecs":{"version":"1.11.0"},"agent":{"ephemeral_id":"2a39ce90-bef1-48a2-9e5f-bcaee6f2b27c","id":"6a7bb1af-5225-4683-bb1f-a6736ccafa24","name":"win10","type":"winlogbeat","version":"7.15.2","hostname":"win10"},"host":{"os":{"version":"10.0","family":"windows","name":"Windows 10 Enterprise Evaluation","kernel":"10.0.18362.418 (WinBuild.160101.0800)","build":"18363.418","type":"windows","platform":"windows"},"id":"04787c88-5486-46f2-93fc-7f6805a92d42","ip":["192.168.56.107","10.0.2.15"],"name":"win10.windomain.local","mac":["08:00:27:c5:40:cf","08:00:27:47:b4:2e"],"hostname":"win10","architecture":"x86_64"},"process":{"pid":3232,"thread":null,"entity_id":"{04787c88-0171-623b-eb01-000000000c00}","executable":"C:\\Windows\\System32\\WindowsPowerShell\\v1.0\\powershell.exe","name":"powershell.exe","param2":null},"winlog":{"channel":"Microsoft-Windows-Sysmon/Operational","event_id":"3","api":"wineventlog","record_id":9229,"computer_name":"win10.windomain.local","provider_name":"Microsoft-Windows-Sysmon","provider_guid":"{5770385f-c22a-43e0-bf4c-06f5698ffbd9}","keywords":null,"event_data":{"param2":null,"param1":null}},"event":{"kind":"event","provider":"Microsoft-Windows-Sysmon","created":"2022-03-23T11:16:04.654Z","code":"3"},"log":{"level":"information"},"verdict":"Benign"},{"@timestamp":"2022-03-23T11:16:02.261Z","@metadata":{"beat":"winlogbeat","type":"_doc","version":"7.15.2"},"message":"Network connection detected:\nRuleName: technique_id=T1021.006,technique_name=Windows Remote Management\nUtcTime: 2022-03-23 11:16:02.261\nProcessGuid: {04787c88-ea4c-623a-eb03-000000000000}\nProcessId: 4\nImage: System\nUser: NT AUTHORITY\\SYSTEM\nProtocol: tcp\nInitiated: false\nSourceIsIpv6: false\nSourceIp: 10.0.2.15\nSourceHostname: win10.windomain.local\nSourcePort: 53488\nSourcePortName: -\nDestinationIsIpv6: false\nDestinationIp: 10.0.2.15\nDestinationHostname: win10.windomain.local\nDestinationPort: 5985\nDestinationPortName: -","ecs":{"version":"1.11.0"},"agent":{"ephemeral_id":"2a39ce90-bef1-48a2-9e5f-bcaee6f2b27c","id":"6a7bb1af-5225-4683-bb1f-a6736ccafa24","name":"win10","type":"winlogbeat","version":"7.15.2","hostname":"win10"},"host":{"os":{"version":"10.0","family":"windows","name":"Windows 10 Enterprise Evaluation","kernel":"10.0.18362.418 (WinBuild.160101.0800)","build":"18363.418","type":"windows","platform":"windows"},"id":"04787c88-5486-46f2-93fc-7f6805a92d42","ip":["192.168.56.107","10.0.2.15"],"name":"win10.windomain.local","mac":["08:00:27:c5:40:cf","08:00:27:47:b4:2e"],"hostname":"win10","architecture":"x86_64"},"process":{"pid":4,"thread":null,"entity_id":"{04787c88-ea4c-623a-eb03-000000000000}","executable":"System","name":"System","param2":null},"winlog":{"channel":"Microsoft-Windows-Sysmon/Operational","event_id":"3","api":"wineventlog","record_id":9230,"computer_name":"win10.windomain.local","provider_name":"Microsoft-Windows-Sysmon","provider_guid":"{5770385f-c22a-43e0-bf4c-06f5698ffbd9}","keywords":null,"event_data":{"param2":null,"param1":null}},"event":{"kind":"event","provider":"Microsoft-Windows-Sysmon","created":"2022-03-23T11:16:04.654Z","code":"3"},"log":{"level":"information"},"verdict":"Benign"},