{"@timestamp":"2022-03-23T11:16:02.564Z","@metadata":{"beat":"winlogbeat","type":"_doc","version":"7.15.2"},"message":"Process accessed:\nRuleName: technique_id=T1059.001,technique_name=PowerShell\nUtcTime: 2022-03-23 11:16:02.564\nSourceProcessGUID: {04787c88-0172-623b-ed01-000000000c00}\nSourceProcessId: 5484\nSourceThreadId: 6808\nSourceImage: C:\\Windows\\system32\\wsmprovhost.exe\nTargetProcessGUID: {04787c88-00f4-623b-d701-000000000c00}\nTargetProcessId: 1844\nTargetImage: C:\\Program Files\\Google\\Chrome\\Application\\chrome.exe\nGrantedAccess: 0x1F3FFF\nCallTrace: C:\\Windows\\SYSTEM32\\ntdll.dll+9c584|C:\\Windows\\System32\\KERNELBASE.dll+2730e|C:\\Windows\\assembly\\NativeImages_v4.0.30319_64\\System\\e074a852d0b7a87fc8713d9727b9a1bb\\System.ni.dll+381f60|C:\\Windows\\assembly\\NativeImages_v4.0.30319_64\\System\\e074a852d0b7a87fc8713d9727b9a1bb\\System.ni.dll+2fa12e|C:\\Windows\\assembly\\NativeImages_v4.0.30319_64\\System\\e074a852d0b7a87fc8713d9727b9a1bb\\System.ni.dll+2f8cd5|C:\\Windows\\assembly\\NativeImages_v4.0.30319_64\\System\\e074a852d0b7a87fc8713d9727b9a1bb\\System.ni.dll+2c3b1e|C:\\Windows\\assembly\\NativeImages_v4.0.30319_64\\System\\e074a852d0b7a87fc8713d9727b9a1bb\\System.ni.dll+2c01f5|C:\\Windows\\assembly\\NativeImages_v4.0.30319_64\\Microsoft.Pae3498d9#\\e42d72ba485cf9fc3a11203954c94b0d\\Microsoft.PowerShell.Commands.Management.ni.dll+14fc0c|C:\\Windows\\assembly\\NativeImages_v4.0.30319_64\\Microsoft.Pae3498d9#\\e42d72ba485cf9fc3a11203954c94b0d\\Microsoft.PowerShell.Commands.Management.ni.dll+14fb26|C:\\Windows\\assembly\\NativeImages_v4.0.30319_64\\Microsoft.Pae3498d9#\\e42d72ba485cf9fc3a11203954c94b0d\\Microsoft.PowerShell.Commands.Management.ni.dll+14f535|C:\\Windows\\assembly\\NativeImages_v4.0.30319_64\\System.Manaa57fc8cc#\\6b621f0fd6cc913157b16d8a0cfdc3ec\\System.Management.Automation.ni.dll+111c603|C:\\Windows\\assembly\\NativeImages_v4.0.30319_64\\System.Manaa57fc8cc#\\6b621f0fd6cc913157b16d8a0cfdc3ec\\System.Management.Automation.ni.dll+1074e4b|C:\\Windows\\assembly\\NativeImages_v4.0.30319_64\\System.Manaa57fc8cc#\\6b621f0fd6cc913157b16d8a0cfdc3ec\\System.Management.Automation.ni.dll+10ff3dc|C:\\Windows\\assembly\\NativeImages_v4.0.30319_64\\System.Manaa57fc8cc#\\6b621f0fd6cc913157b16d8a0cfdc3ec\\System.Management.Automation.ni.dll+12027bf|UNKNOWN(00007FF980564281)\nSourceUser: WIN10\\vagrant\nTargetUser: WIN10\\vagrant","ecs":{"version":"1.11.0"},"agent":{"ephemeral_id":"2a39ce90-bef1-48a2-9e5f-bcaee6f2b27c","id":"6a7bb1af-5225-4683-bb1f-a6736ccafa24","name":"win10","type":"winlogbeat","version":"7.15.2","hostname":"win10"},"host":{"os":{"version":"10.0","family":"windows","name":"Windows 10 Enterprise Evaluation","kernel":"10.0.18362.418 (WinBuild.160101.0800)","build":"18363.418","type":"windows","platform":"windows"},"id":"04787c88-5486-46f2-93fc-7f6805a92d42","ip":["192.168.56.107","10.0.2.15"],"name":"win10.windomain.local","mac":["08:00:27:c5:40:cf","08:00:27:47:b4:2e"],"hostname":"win10","architecture":"x86_64"},"process":{"pid":5484,"thread":{"id":6808},"entity_id":"{04787c88-0172-623b-ed01-000000000c00}","executable":"C:\\Windows\\system32\\wsmprovhost.exe","name":"wsmprovhost.exe","param2":null},"winlog":{"channel":"Microsoft-Windows-Sysmon/Operational","event_id":"10","api":"wineventlog","record_id":9098,"computer_name":"win10.windomain.local","provider_name":"Microsoft-Windows-Sysmon","provider_guid":"{5770385f-c22a-43e0-bf4c-06f5698ffbd9}","keywords":null,"event_data":{"param2":null,"param1":null}},"event":{"kind":"event","provider":"Microsoft-Windows-Sysmon","created":"2022-03-23T11:16:03.484Z","code":"10"},"log":{"level":"information"},"verdict":"Benign"},{"@timestamp":"2022-03-23T11:16:02.564Z","@metadata":{"beat":"winlogbeat","type":"_doc","version":"7.15.2"},"message":"Process accessed:\nRuleName: technique_id=T1059.001,technique_name=PowerShell\nUtcTime: 2022-03-23 11:16:02.564\nSourceProcessGUID: {04787c88-0172-623b-ed01-000000000c00}\nSourceProcessId: 5484\nSourceThreadId: 6808\nSourceImage: C:\\Windows\\system32\\wsmprovhost.exe\nTargetProcessGUID: {04787c88-00f8-623b-e201-000000000c00}\nTargetProcessId: 3144\nTargetImage: C:\\Program Files\\Google\\Chrome\\Application\\chrome.exe\nGrantedAccess: 0x1F3FFF\nCallTrace: C:\\Windows\\SYSTEM32\\ntdll.dll+9c584|C:\\Windows\\System32\\KERNELBASE.dll+2730e|C:\\Windows\\assembly\\NativeImages_v4.0.30319_64\\System\\e074a852d0b7a87fc8713d9727b9a1bb\\System.ni.dll+381f60|C:\\Windows\\assembly\\NativeImages_v4.0.30319_64\\System\\e074a852d0b7a87fc8713d9727b9a1bb\\System.ni.dll+2fa12e|C:\\Windows\\assembly\\NativeImages_v4.0.30319_64\\System\\e074a852d0b7a87fc8713d9727b9a1bb\\System.ni.dll+2f8cd5|C:\\Windows\\assembly\\NativeImages_v4.0.30319_64\\System\\e074a852d0b7a87fc8713d9727b9a1bb\\System.ni.dll+2c3b1e|C:\\Windows\\assembly\\NativeImages_v4.0.30319_64\\System\\e074a852d0b7a87fc8713d9727b9a1bb\\System.ni.dll+2c01f5|C:\\Windows\\assembly\\NativeImages_v4.0.30319_64\\Microsoft.Pae3498d9#\\e42d72ba485cf9fc3a11203954c94b0d\\Microsoft.PowerShell.Commands.Management.ni.dll+14fc0c|C:\\Windows\\assembly\\NativeImages_v4.0.30319_64\\Microsoft.Pae3498d9#\\e42d72ba485cf9fc3a11203954c94b0d\\Microsoft.PowerShell.Commands.Management.ni.dll+14fb26|C:\\Windows\\assembly\\NativeImages_v4.0.30319_64\\Microsoft.Pae3498d9#\\e42d72ba485cf9fc3a11203954c94b0d\\Microsoft.PowerShell.Commands.Management.ni.dll+14f535|C:\\Windows\\assembly\\NativeImages_v4.0.30319_64\\System.Manaa57fc8cc#\\6b621f0fd6cc913157b16d8a0cfdc3ec\\System.Management.Automation.ni.dll+111c603|C:\\Windows\\assembly\\NativeImages_v4.0.30319_64\\System.Manaa57fc8cc#\\6b621f0fd6cc913157b16d8a0cfdc3ec\\System.Management.Automation.ni.dll+1074e4b|C:\\Windows\\assembly\\NativeImages_v4.0.30319_64\\System.Manaa57fc8cc#\\6b621f0fd6cc913157b16d8a0cfdc3ec\\System.Management.Automation.ni.dll+10ff3dc|C:\\Windows\\assembly\\NativeImages_v4.0.30319_64\\System.Manaa57fc8cc#\\6b621f0fd6cc913157b16d8a0cfdc3ec\\System.Management.Automation.ni.dll+12027bf|UNKNOWN(00007FF980564281)\nSourceUser: WIN10\\vagrant\nTargetUser: WIN10\\vagrant","ecs":{"version":"1.11.0"},"agent":{"ephemeral_id":"2a39ce90-bef1-48a2-9e5f-bcaee6f2b27c","id":"6a7bb1af-5225-4683-bb1f-a6736ccafa24","name":"win10","type":"winlogbeat","version":"7.15.2","hostname":"win10"},"host":{"os":{"version":"10.0","family":"windows","name":"Windows 10 Enterprise Evaluation","kernel":"10.0.18362.418 (WinBuild.160101.0800)","build":"18363.418","type":"windows","platform":"windows"},"id":"04787c88-5486-46f2-93fc-7f6805a92d42","ip":["192.168.56.107","10.0.2.15"],"name":"win10.windomain.local","mac":["08:00:27:c5:40:cf","08:00:27:47:b4:2e"],"hostname":"win10","architecture":"x86_64"},"process":{"pid":5484,"thread":{"id":6808},"entity_id":"{04787c88-0172-623b-ed01-000000000c00}","executable":"C:\\Windows\\system32\\wsmprovhost.exe","name":"wsmprovhost.exe","param2":null},"winlog":{"channel":"Microsoft-Windows-Sysmon/Operational","event_id":"10","api":"wineventlog","record_id":9099,"computer_name":"win10.windomain.local","provider_name":"Microsoft-Windows-Sysmon","provider_guid":"{5770385f-c22a-43e0-bf4c-06f5698ffbd9}","keywords":null,"event_data":{"param2":null,"param1":null}},"event":{"kind":"event","provider":"Microsoft-Windows-Sysmon","created":"2022-03-23T11:16:03.484Z","code":"10"},"log":{"level":"information"},"verdict":"Benign"},{"@timestamp":"2022-03-23T11:16:02.564Z","@metadata":{"beat":"winlogbeat","type":"_doc","version":"7.15.2"},"message":"Process accessed:\nRuleName: technique_id=T1059.001,technique_name=PowerShell\nUtcTime: 2022-03-23 11:16:02.564\nSourceProcessGUID: {04787c88-0172-623b-ed01-000000000c00}\nSourceProcessId: 5484\nSourceThreadId: 6808\nSourceImage: C:\\Windows\\system32\\wsmprovhost.exe\nTargetProcessGUID: {04787c88-00f7-623b-de01-000000000c00}\nTargetProcessId: 4924\nTargetImage: C:\\Program Files\\Google\\Chrome\\Application\\chrome.exe\nGrantedAccess: 0x1F3FFF\nCallTrace: C:\\Windows\\SYSTEM32\\ntdll.dll+9c584|C:\\Windows\\System32\\KERNELBASE.dll+2730e|C:\\Windows\\assembly\\NativeImages_v4.0.30319_64\\System\\e074a852d0b7a87fc8713d9727b9a1bb\\System.ni.dll+381f60|C:\\Windows\\assembly\\NativeImages_v4.0.30319_64\\System\\e074a852d0b7a87fc8713d9727b9a1bb\\System.ni.dll+2fa12e|C:\\Windows\\assembly\\NativeImages_v4.0.30319_64\\System\\e074a852d0b7a87fc8713d9727b9a1bb\\System.ni.dll+2f8cd5|C:\\Windows\\assembly\\NativeImages_v4.0.30319_64\\System\\e074a852d0b7a87fc8713d9727b9a1bb\\System.ni.dll+2c3b1e|C:\\Windows\\assembly\\NativeImages_v4.0.30319_64\\System\\e074a852d0b7a87fc8713d9727b9a1bb\\System.ni.dll+2c01f5|C:\\Windows\\assembly\\NativeImages_v4.0.30319_64\\Microsoft.Pae3498d9#\\e42d72ba485cf9fc3a11203954c94b0d\\Microsoft.PowerShell.Commands.Management.ni.dll+14fc0c|C:\\Windows\\assembly\\NativeImages_v4.0.30319_64\\Microsoft.Pae3498d9#\\e42d72ba485cf9fc3a11203954c94b0d\\Microsoft.PowerShell.Commands.Management.ni.dll+14fb26|C:\\Windows\\assembly\\NativeImages_v4.0.30319_64\\Microsoft.Pae3498d9#\\e42d72ba485cf9fc3a11203954c94b0d\\Microsoft.PowerShell.Commands.Management.ni.dll+14f535|C:\\Windows\\assembly\\NativeImages_v4.0.30319_64\\System.Manaa57fc8cc#\\6b621f0fd6cc913157b16d8a0cfdc3ec\\System.Management.Automation.ni.dll+111c603|C:\\Windows\\assembly\\NativeImages_v4.0.30319_64\\System.Manaa57fc8cc#\\6b621f0fd6cc913157b16d8a0cfdc3ec\\System.Management.Automation.ni.dll+1074e4b|C:\\Windows\\assembly\\NativeImages_v4.0.30319_64\\System.Manaa57fc8cc#\\6b621f0fd6cc913157b16d8a0cfdc3ec\\System.Management.Automation.ni.dll+10ff3dc|C:\\Windows\\assembly\\NativeImages_v4.0.30319_64\\System.Manaa57fc8cc#\\6b621f0fd6cc913157b16d8a0cfdc3ec\\System.Management.Automation.ni.dll+12027bf|UNKNOWN(00007FF980564281)\nSourceUser: WIN10\\vagrant\nTargetUser: WIN10\\vagrant","ecs":{"version":"1.11.0"},"agent":{"ephemeral_id":"2a39ce90-bef1-48a2-9e5f-bcaee6f2b27c","id":"6a7bb1af-5225-4683-bb1f-a6736ccafa24","name":"win10","type":"winlogbeat","version":"7.15.2","hostname":"win10"},"host":{"os":{"version":"10.0","family":"windows","name":"Windows 10 Enterprise Evaluation","kernel":"10.0.18362.418 (WinBuild.160101.0800)","build":"18363.418","type":"windows","platform":"windows"},"id":"04787c88-5486-46f2-93fc-7f6805a92d42","ip":["192.168.56.107","10.0.2.15"],"name":"win10.windomain.local","mac":["08:00:27:c5:40:cf","08:00:27:47:b4:2e"],"hostname":"win10","architecture":"x86_64"},"process":{"pid":5484,"thread":{"id":6808},"entity_id":"{04787c88-0172-623b-ed01-000000000c00}","executable":"C:\\Windows\\system32\\wsmprovhost.exe","name":"wsmprovhost.exe","param2":null},"winlog":{"channel":"Microsoft-Windows-Sysmon/Operational","event_id":"10","api":"wineventlog","record_id":9100,"computer_name":"win10.windomain.local","provider_name":"Microsoft-Windows-Sysmon","provider_guid":"{5770385f-c22a-43e0-bf4c-06f5698ffbd9}","keywords":null,"event_data":{"param2":null,"param1":null}},"event":{"kind":"event","provider":"Microsoft-Windows-Sysmon","created":"2022-03-23T11:16:03.484Z","code":"10"},"log":{"level":"information"},"verdict":"Benign"},{"@timestamp":"2022-03-23T11:16:02.580Z","@metadata":{"beat":"winlogbeat","type":"_doc","version":"7.15.2"},"message":"Process accessed:\nRuleName: technique_id=T1059.001,technique_name=PowerShell\nUtcTime: 2022-03-23 11:16:02.580\nSourceProcessGUID: {04787c88-0172-623b-ed01-000000000c00}\nSourceProcessId: 5484\nSourceThreadId: 6808\nSourceImage: C:\\Windows\\system32\\wsmprovhost.exe\nTargetProcessGUID: {04787c88-00f4-623b-d801-000000000c00}\nTargetProcessId: 5444\nTargetImage: C:\\Program Files\\Google\\Chrome\\Application\\chrome.exe\nGrantedAccess: 0x1F3FFF\nCallTrace: C:\\Windows\\SYSTEM32\\ntdll.dll+9c584|C:\\Windows\\System32\\KERNELBASE.dll+2730e|C:\\Windows\\assembly\\NativeImages_v4.0.30319_64\\System\\e074a852d0b7a87fc8713d9727b9a1bb\\System.ni.dll+381f60|C:\\Windows\\assembly\\NativeImages_v4.0.30319_64\\System\\e074a852d0b7a87fc8713d9727b9a1bb\\System.ni.dll+2fa12e|C:\\Windows\\assembly\\NativeImages_v4.0.30319_64\\System\\e074a852d0b7a87fc8713d9727b9a1bb\\System.ni.dll+2f8cd5|C:\\Windows\\assembly\\NativeImages_v4.0.30319_64\\System\\e074a852d0b7a87fc8713d9727b9a1bb\\System.ni.dll+2c3b1e|C:\\Windows\\assembly\\NativeImages_v4.0.30319_64\\System\\e074a852d0b7a87fc8713d9727b9a1bb\\System.ni.dll+2c01f5|C:\\Windows\\assembly\\NativeImages_v4.0.30319_64\\Microsoft.Pae3498d9#\\e42d72ba485cf9fc3a11203954c94b0d\\Microsoft.PowerShell.Commands.Management.ni.dll+14fc0c|C:\\Windows\\assembly\\NativeImages_v4.0.30319_64\\Microsoft.Pae3498d9#\\e42d72ba485cf9fc3a11203954c94b0d\\Microsoft.PowerShell.Commands.Management.ni.dll+14fb26|C:\\Windows\\assembly\\NativeImages_v4.0.30319_64\\Microsoft.Pae3498d9#\\e42d72ba485cf9fc3a11203954c94b0d\\Microsoft.PowerShell.Commands.Management.ni.dll+14f535|C:\\Windows\\assembly\\NativeImages_v4.0.30319_64\\System.Manaa57fc8cc#\\6b621f0fd6cc913157b16d8a0cfdc3ec\\System.Management.Automation.ni.dll+111c603|C:\\Windows\\assembly\\NativeImages_v4.0.30319_64\\System.Manaa57fc8cc#\\6b621f0fd6cc913157b16d8a0cfdc3ec\\System.Management.Automation.ni.dll+1074e4b|C:\\Windows\\assembly\\NativeImages_v4.0.30319_64\\System.Manaa57fc8cc#\\6b621f0fd6cc913157b16d8a0cfdc3ec\\System.Management.Automation.ni.dll+10ff3dc|C:\\Windows\\assembly\\NativeImages_v4.0.30319_64\\System.Manaa57fc8cc#\\6b621f0fd6cc913157b16d8a0cfdc3ec\\System.Management.Automation.ni.dll+12027bf|UNKNOWN(00007FF980564281)\nSourceUser: WIN10\\vagrant\nTargetUser: WIN10\\vagrant","ecs":{"version":"1.11.0"},"agent":{"ephemeral_id":"2a39ce90-bef1-48a2-9e5f-bcaee6f2b27c","id":"6a7bb1af-5225-4683-bb1f-a6736ccafa24","name":"win10","type":"winlogbeat","version":"7.15.2","hostname":"win10"},"host":{"os":{"version":"10.0","family":"windows","name":"Windows 10 Enterprise Evaluation","kernel":"10.0.18362.418 (WinBuild.160101.0800)","build":"18363.418","type":"windows","platform":"windows"},"id":"04787c88-5486-46f2-93fc-7f6805a92d42","ip":["192.168.56.107","10.0.2.15"],"name":"win10.windomain.local","mac":["08:00:27:c5:40:cf","08:00:27:47:b4:2e"],"hostname":"win10","architecture":"x86_64"},"process":{"pid":5484,"thread":{"id":6808},"entity_id":"{04787c88-0172-623b-ed01-000000000c00}","executable":"C:\\Windows\\system32\\wsmprovhost.exe","name":"wsmprovhost.exe","param2":null},"winlog":{"channel":"Microsoft-Windows-Sysmon/Operational","event_id":"10","api":"wineventlog","record_id":9101,"computer_name":"win10.windomain.local","provider_name":"Microsoft-Windows-Sysmon","provider_guid":"{5770385f-c22a-43e0-bf4c-06f5698ffbd9}","keywords":null,"event_data":{"param2":null,"param1":null}},"event":{"kind":"event","provider":"Microsoft-Windows-Sysmon","created":"2022-03-23T11:16:03.484Z","code":"10"},"log":{"level":"information"},"verdict":"Benign"},{"@timestamp":"2022-03-23T11:16:02.580Z","@metadata":{"beat":"winlogbeat","type":"_doc","version":"7.15.2"},"message":"Process accessed:\nRuleName: technique_id=T1059.001,technique_name=PowerShell\nUtcTime: 2022-03-23 11:16:02.580\nSourceProcessGUID: {04787c88-0172-623b-ed01-000000000c00}\nSourceProcessId: 5484\nSourceThreadId: 6808\nSourceImage: C:\\Windows\\system32\\wsmprovhost.exe\nTargetProcessGUID: {04787c88-00f2-623b-d501-000000000c00}\nTargetProcessId: 5712\nTargetImage: C:\\Program Files\\Google\\Chrome\\Application\\chrome.exe\nGrantedAccess: 0x1F3FFF\nCallTrace: C:\\Windows\\SYSTEM32\\ntdll.dll+9c584|C:\\Windows\\System32\\KERNELBASE.dll+2730e|C:\\Windows\\assembly\\NativeImages_v4.0.30319_64\\System\\e074a852d0b7a87fc8713d9727b9a1bb\\System.ni.dll+381f60|C:\\Windows\\assembly\\NativeImages_v4.0.30319_64\\System\\e074a852d0b7a87fc8713d9727b9a1bb\\System.ni.dll+2fa12e|C:\\Windows\\assembly\\NativeImages_v4.0.30319_64\\System\\e074a852d0b7a87fc8713d9727b9a1bb\\System.ni.dll+2f8cd5|C:\\Windows\\assembly\\NativeImages_v4.0.30319_64\\System\\e074a852d0b7a87fc8713d9727b9a1bb\\System.ni.dll+2c3b1e|C:\\Windows\\assembly\\NativeImages_v4.0.30319_64\\System\\e074a852d0b7a87fc8713d9727b9a1bb\\System.ni.dll+2c01f5|C:\\Windows\\assembly\\NativeImages_v4.0.30319_64\\Microsoft.Pae3498d9#\\e42d72ba485cf9fc3a11203954c94b0d\\Microsoft.PowerShell.Commands.Management.ni.dll+14fc0c|C:\\Windows\\assembly\\NativeImages_v4.0.30319_64\\Microsoft.Pae3498d9#\\e42d72ba485cf9fc3a11203954c94b0d\\Microsoft.PowerShell.Commands.Management.ni.dll+14fb26|C:\\Windows\\assembly\\NativeImages_v4.0.30319_64\\Microsoft.Pae3498d9#\\e42d72ba485cf9fc3a11203954c94b0d\\Microsoft.PowerShell.Commands.Management.ni.dll+14f535|C:\\Windows\\assembly\\NativeImages_v4.0.30319_64\\System.Manaa57fc8cc#\\6b621f0fd6cc913157b16d8a0cfdc3ec\\System.Management.Automation.ni.dll+111c603|C:\\Windows\\assembly\\NativeImages_v4.0.30319_64\\System.Manaa57fc8cc#\\6b621f0fd6cc913157b16d8a0cfdc3ec\\System.Management.Automation.ni.dll+1074e4b|C:\\Windows\\assembly\\NativeImages_v4.0.30319_64\\System.Manaa57fc8cc#\\6b621f0fd6cc913157b16d8a0cfdc3ec\\System.Management.Automation.ni.dll+10ff3dc|C:\\Windows\\assembly\\NativeImages_v4.0.30319_64\\System.Manaa57fc8cc#\\6b621f0fd6cc913157b16d8a0cfdc3ec\\System.Management.Automation.ni.dll+12027bf|UNKNOWN(00007FF980564281)\nSourceUser: WIN10\\vagrant\nTargetUser: WIN10\\vagrant","ecs":{"version":"1.11.0"},"agent":{"ephemeral_id":"2a39ce90-bef1-48a2-9e5f-bcaee6f2b27c","id":"6a7bb1af-5225-4683-bb1f-a6736ccafa24","name":"win10","type":"winlogbeat","version":"7.15.2","hostname":"win10"},"host":{"os":{"version":"10.0","family":"windows","name":"Windows 10 Enterprise Evaluation","kernel":"10.0.18362.418 (WinBuild.160101.0800)","build":"18363.418","type":"windows","platform":"windows"},"id":"04787c88-5486-46f2-93fc-7f6805a92d42","ip":["192.168.56.107","10.0.2.15"],"name":"win10.windomain.local","mac":["08:00:27:c5:40:cf","08:00:27:47:b4:2e"],"hostname":"win10","architecture":"x86_64"},"process":{"pid":5484,"thread":{"id":6808},"entity_id":"{04787c88-0172-623b-ed01-000000000c00}","executable":"C:\\Windows\\system32\\wsmprovhost.exe","name":"wsmprovhost.exe","param2":null},"winlog":{"channel":"Microsoft-Windows-Sysmon/Operational","event_id":"10","api":"wineventlog","record_id":9102,"computer_name":"win10.windomain.local","provider_name":"Microsoft-Windows-Sysmon","provider_guid":"{5770385f-c22a-43e0-bf4c-06f5698ffbd9}","keywords":null,"event_data":{"param2":null,"param1":null}},"event":{"kind":"event","provider":"Microsoft-Windows-Sysmon","created":"2022-03-23T11:16:03.484Z","code":"10"},"log":{"level":"information"},"verdict":"Benign"},{"@timestamp":"2022-03-23T11:16:02.580Z","@metadata":{"beat":"winlogbeat","type":"_doc","version":"7.15.2"},"message":"Process accessed:\nRuleName: technique_id=T1059.001,technique_name=PowerShell\nUtcTime: 2022-03-23 11:16:02.580\nSourceProcessGUID: {04787c88-0172-623b-ed01-000000000c00}\nSourceProcessId: 5484\nSourceThreadId: 6808\nSourceImage: C:\\Windows\\system32\\wsmprovhost.exe\nTargetProcessGUID: {04787c88-00f5-623b-db01-000000000c00}\nTargetProcessId: 5716\nTargetImage: C:\\Program Files\\Google\\Chrome\\Application\\chrome.exe\nGrantedAccess: 0x1F3FFF\nCallTrace: C:\\Windows\\SYSTEM32\\ntdll.dll+9c584|C:\\Windows\\System32\\KERNELBASE.dll+2730e|C:\\Windows\\assembly\\NativeImages_v4.0.30319_64\\System\\e074a852d0b7a87fc8713d9727b9a1bb\\System.ni.dll+381f60|C:\\Windows\\assembly\\NativeImages_v4.0.30319_64\\System\\e074a852d0b7a87fc8713d9727b9a1bb\\System.ni.dll+2fa12e|C:\\Windows\\assembly\\NativeImages_v4.0.30319_64\\System\\e074a852d0b7a87fc8713d9727b9a1bb\\System.ni.dll+2f8cd5|C:\\Windows\\assembly\\NativeImages_v4.0.30319_64\\System\\e074a852d0b7a87fc8713d9727b9a1bb\\System.ni.dll+2c3b1e|C:\\Windows\\assembly\\NativeImages_v4.0.30319_64\\System\\e074a852d0b7a87fc8713d9727b9a1bb\\System.ni.dll+2c01f5|C:\\Windows\\assembly\\NativeImages_v4.0.30319_64\\Microsoft.Pae3498d9#\\e42d72ba485cf9fc3a11203954c94b0d\\Microsoft.PowerShell.Commands.Management.ni.dll+14fc0c|C:\\Windows\\assembly\\NativeImages_v4.0.30319_64\\Microsoft.Pae3498d9#\\e42d72ba485cf9fc3a11203954c94b0d\\Microsoft.PowerShell.Commands.Management.ni.dll+14fb26|C:\\Windows\\assembly\\NativeImages_v4.0.30319_64\\Microsoft.Pae3498d9#\\e42d72ba485cf9fc3a11203954c94b0d\\Microsoft.PowerShell.Commands.Management.ni.dll+14f535|C:\\Windows\\assembly\\NativeImages_v4.0.30319_64\\System.Manaa57fc8cc#\\6b621f0fd6cc913157b16d8a0cfdc3ec\\System.Management.Automation.ni.dll+111c603|C:\\Windows\\assembly\\NativeImages_v4.0.30319_64\\System.Manaa57fc8cc#\\6b621f0fd6cc913157b16d8a0cfdc3ec\\System.Management.Automation.ni.dll+1074e4b|C:\\Windows\\assembly\\NativeImages_v4.0.30319_64\\System.Manaa57fc8cc#\\6b621f0fd6cc913157b16d8a0cfdc3ec\\System.Management.Automation.ni.dll+10ff3dc|C:\\Windows\\assembly\\NativeImages_v4.0.30319_64\\System.Manaa57fc8cc#\\6b621f0fd6cc913157b16d8a0cfdc3ec\\System.Management.Automation.ni.dll+12027bf|UNKNOWN(00007FF980564281)\nSourceUser: WIN10\\vagrant\nTargetUser: WIN10\\vagrant","ecs":{"version":"1.11.0"},"agent":{"ephemeral_id":"2a39ce90-bef1-48a2-9e5f-bcaee6f2b27c","id":"6a7bb1af-5225-4683-bb1f-a6736ccafa24","name":"win10","type":"winlogbeat","version":"7.15.2","hostname":"win10"},"host":{"os":{"version":"10.0","family":"windows","name":"Windows 10 Enterprise Evaluation","kernel":"10.0.18362.418 (WinBuild.160101.0800)","build":"18363.418","type":"windows","platform":"windows"},"id":"04787c88-5486-46f2-93fc-7f6805a92d42","ip":["192.168.56.107","10.0.2.15"],"name":"win10.windomain.local","mac":["08:00:27:c5:40:cf","08:00:27:47:b4:2e"],"hostname":"win10","architecture":"x86_64"},"process":{"pid":5484,"thread":{"id":6808},"entity_id":"{04787c88-0172-623b-ed01-000000000c00}","executable":"C:\\Windows\\system32\\wsmprovhost.exe","name":"wsmprovhost.exe","param2":null},"winlog":{"channel":"Microsoft-Windows-Sysmon/Operational","event_id":"10","api":"wineventlog","record_id":9103,"computer_name":"win10.windomain.local","provider_name":"Microsoft-Windows-Sysmon","provider_guid":"{5770385f-c22a-43e0-bf4c-06f5698ffbd9}","keywords":null,"event_data":{"param2":null,"param1":null}},"event":{"kind":"event","provider":"Microsoft-Windows-Sysmon","created":"2022-03-23T11:16:03.484Z","code":"10"},"log":{"level":"information"},"verdict":"Benign"},{"@timestamp":"2022-03-23T11:16:02.580Z","@metadata":{"beat":"winlogbeat","type":"_doc","version":"7.15.2"},"message":"Process accessed:\nRuleName: technique_id=T1059.001,technique_name=PowerShell\nUtcTime: 2022-03-23 11:16:02.580\nSourceProcessGUID: {04787c88-0172-623b-ed01-000000000c00}\nSourceProcessId: 5484\nSourceThreadId: 6808\nSourceImage: C:\\Windows\\system32\\wsmprovhost.exe\nTargetProcessGUID: {04787c88-00f4-623b-d601-000000000c00}\nTargetProcessId: 6272\nTargetImage: C:\\Program Files\\Google\\Chrome\\Application\\chrome.exe\nGrantedAccess: 0x1F3FFF\nCallTrace: C:\\Windows\\SYSTEM32\\ntdll.dll+9c584|C:\\Windows\\System32\\KERNELBASE.dll+2730e|C:\\Windows\\assembly\\NativeImages_v4.0.30319_64\\System\\e074a852d0b7a87fc8713d9727b9a1bb\\System.ni.dll+381f60|C:\\Windows\\assembly\\NativeImages_v4.0.30319_64\\System\\e074a852d0b7a87fc8713d9727b9a1bb\\System.ni.dll+2fa12e|C:\\Windows\\assembly\\NativeImages_v4.0.30319_64\\System\\e074a852d0b7a87fc8713d9727b9a1bb\\System.ni.dll+2f8cd5|C:\\Windows\\assembly\\NativeImages_v4.0.30319_64\\System\\e074a852d0b7a87fc8713d9727b9a1bb\\System.ni.dll+2c3b1e|C:\\Windows\\assembly\\NativeImages_v4.0.30319_64\\System\\e074a852d0b7a87fc8713d9727b9a1bb\\System.ni.dll+2c01f5|C:\\Windows\\assembly\\NativeImages_v4.0.30319_64\\Microsoft.Pae3498d9#\\e42d72ba485cf9fc3a11203954c94b0d\\Microsoft.PowerShell.Commands.Management.ni.dll+14fc0c|C:\\Windows\\assembly\\NativeImages_v4.0.30319_64\\Microsoft.Pae3498d9#\\e42d72ba485cf9fc3a11203954c94b0d\\Microsoft.PowerShell.Commands.Management.ni.dll+14fb26|C:\\Windows\\assembly\\NativeImages_v4.0.30319_64\\Microsoft.Pae3498d9#\\e42d72ba485cf9fc3a11203954c94b0d\\Microsoft.PowerShell.Commands.Management.ni.dll+14f535|C:\\Windows\\assembly\\NativeImages_v4.0.30319_64\\System.Manaa57fc8cc#\\6b621f0fd6cc913157b16d8a0cfdc3ec\\System.Management.Automation.ni.dll+111c603|C:\\Windows\\assembly\\NativeImages_v4.0.30319_64\\System.Manaa57fc8cc#\\6b621f0fd6cc913157b16d8a0cfdc3ec\\System.Management.Automation.ni.dll+1074e4b|C:\\Windows\\assembly\\NativeImages_v4.0.30319_64\\System.Manaa57fc8cc#\\6b621f0fd6cc913157b16d8a0cfdc3ec\\System.Management.Automation.ni.dll+10ff3dc|C:\\Windows\\assembly\\NativeImages_v4.0.30319_64\\System.Manaa57fc8cc#\\6b621f0fd6cc913157b16d8a0cfdc3ec\\System.Management.Automation.ni.dll+12027bf|UNKNOWN(00007FF980564281)\nSourceUser: WIN10\\vagrant\nTargetUser: WIN10\\vagrant","ecs":{"version":"1.11.0"},"agent":{"ephemeral_id":"2a39ce90-bef1-48a2-9e5f-bcaee6f2b27c","id":"6a7bb1af-5225-4683-bb1f-a6736ccafa24","name":"win10","type":"winlogbeat","version":"7.15.2","hostname":"win10"},"host":{"os":{"version":"10.0","family":"windows","name":"Windows 10 Enterprise Evaluation","kernel":"10.0.18362.418 (WinBuild.160101.0800)","build":"18363.418","type":"windows","platform":"windows"},"id":"04787c88-5486-46f2-93fc-7f6805a92d42","ip":["192.168.56.107","10.0.2.15"],"name":"win10.windomain.local","mac":["08:00:27:c5:40:cf","08:00:27:47:b4:2e"],"hostname":"win10","architecture":"x86_64"},"process":{"pid":5484,"thread":{"id":6808},"entity_id":"{04787c88-0172-623b-ed01-000000000c00}","executable":"C:\\Windows\\system32\\wsmprovhost.exe","name":"wsmprovhost.exe","param2":null},"winlog":{"channel":"Microsoft-Windows-Sysmon/Operational","event_id":"10","api":"wineventlog","record_id":9104,"computer_name":"win10.windomain.local","provider_name":"Microsoft-Windows-Sysmon","provider_guid":"{5770385f-c22a-43e0-bf4c-06f5698ffbd9}","keywords":null,"event_data":{"param2":null,"param1":null}},"event":{"kind":"event","provider":"Microsoft-Windows-Sysmon","created":"2022-03-23T11:16:03.484Z","code":"10"},"log":{"level":"information"},"verdict":"Benign"},{"@timestamp":"2022-03-23T11:16:02.580Z","@metadata":{"beat":"winlogbeat","type":"_doc","version":"7.15.2"},"message":"Process accessed:\nRuleName: technique_id=T1059.001,technique_name=PowerShell\nUtcTime: 2022-03-23 11:16:02.580\nSourceProcessGUID: {04787c88-0172-623b-ed01-000000000c00}\nSourceProcessId: 5484\nSourceThreadId: 6808\nSourceImage: C:\\Windows\\system32\\wsmprovhost.exe\nTargetProcessGUID: {04787c88-00f2-623b-d301-000000000c00}\nTargetProcessId: 7088\nTargetImage: C:\\Program Files\\Google\\Chrome\\Application\\chrome.exe\nGrantedAccess: 0x1F3FFF\nCallTrace: C:\\Windows\\SYSTEM32\\ntdll.dll+9c584|C:\\Windows\\System32\\KERNELBASE.dll+2730e|C:\\Windows\\assembly\\NativeImages_v4.0.30319_64\\System\\e074a852d0b7a87fc8713d9727b9a1bb\\System.ni.dll+381f60|C:\\Windows\\assembly\\NativeImages_v4.0.30319_64\\System\\e074a852d0b7a87fc8713d9727b9a1bb\\System.ni.dll+2fa12e|C:\\Windows\\assembly\\NativeImages_v4.0.30319_64\\System\\e074a852d0b7a87fc8713d9727b9a1bb\\System.ni.dll+2f8cd5|C:\\Windows\\assembly\\NativeImages_v4.0.30319_64\\System\\e074a852d0b7a87fc8713d9727b9a1bb\\System.ni.dll+2c3b1e|C:\\Windows\\assembly\\NativeImages_v4.0.30319_64\\System\\e074a852d0b7a87fc8713d9727b9a1bb\\System.ni.dll+2c01f5|C:\\Windows\\assembly\\NativeImages_v4.0.30319_64\\Microsoft.Pae3498d9#\\e42d72ba485cf9fc3a11203954c94b0d\\Microsoft.PowerShell.Commands.Management.ni.dll+14fc0c|C:\\Windows\\assembly\\NativeImages_v4.0.30319_64\\Microsoft.Pae3498d9#\\e42d72ba485cf9fc3a11203954c94b0d\\Microsoft.PowerShell.Commands.Management.ni.dll+14fb26|C:\\Windows\\assembly\\NativeImages_v4.0.30319_64\\Microsoft.Pae3498d9#\\e42d72ba485cf9fc3a11203954c94b0d\\Microsoft.PowerShell.Commands.Management.ni.dll+14f535|C:\\Windows\\assembly\\NativeImages_v4.0.30319_64\\System.Manaa57fc8cc#\\6b621f0fd6cc913157b16d8a0cfdc3ec\\System.Management.Automation.ni.dll+111c603|C:\\Windows\\assembly\\NativeImages_v4.0.30319_64\\System.Manaa57fc8cc#\\6b621f0fd6cc913157b16d8a0cfdc3ec\\System.Management.Automation.ni.dll+1074e4b|C:\\Windows\\assembly\\NativeImages_v4.0.30319_64\\System.Manaa57fc8cc#\\6b621f0fd6cc913157b16d8a0cfdc3ec\\System.Management.Automation.ni.dll+10ff3dc|C:\\Windows\\assembly\\NativeImages_v4.0.30319_64\\System.Manaa57fc8cc#\\6b621f0fd6cc913157b16d8a0cfdc3ec\\System.Management.Automation.ni.dll+12027bf|UNKNOWN(00007FF980564281)\nSourceUser: WIN10\\vagrant\nTargetUser: WIN10\\vagrant","ecs":{"version":"1.11.0"},"agent":{"ephemeral_id":"2a39ce90-bef1-48a2-9e5f-bcaee6f2b27c","id":"6a7bb1af-5225-4683-bb1f-a6736ccafa24","name":"win10","type":"winlogbeat","version":"7.15.2","hostname":"win10"},"host":{"os":{"version":"10.0","family":"windows","name":"Windows 10 Enterprise Evaluation","kernel":"10.0.18362.418 (WinBuild.160101.0800)","build":"18363.418","type":"windows","platform":"windows"},"id":"04787c88-5486-46f2-93fc-7f6805a92d42","ip":["192.168.56.107","10.0.2.15"],"name":"win10.windomain.local","mac":["08:00:27:c5:40:cf","08:00:27:47:b4:2e"],"hostname":"win10","architecture":"x86_64"},"process":{"pid":5484,"thread":{"id":6808},"entity_id":"{04787c88-0172-623b-ed01-000000000c00}","executable":"C:\\Windows\\system32\\wsmprovhost.exe","name":"wsmprovhost.exe","param2":null},"winlog":{"channel":"Microsoft-Windows-Sysmon/Operational","event_id":"10","api":"wineventlog","record_id":9105,"computer_name":"win10.windomain.local","provider_name":"Microsoft-Windows-Sysmon","provider_guid":"{5770385f-c22a-43e0-bf4c-06f5698ffbd9}","keywords":null,"event_data":{"param2":null,"param1":null}},"event":{"kind":"event","provider":"Microsoft-Windows-Sysmon","created":"2022-03-23T11:16:03.484Z","code":"10"},"log":{"level":"information"},"verdict":"Benign"},{"@timestamp":"2022-03-23T11:16:02.580Z","@metadata":{"beat":"winlogbeat","type":"_doc","version":"7.15.2"},"message":"Process accessed:\nRuleName: technique_id=T1059.001,technique_name=PowerShell\nUtcTime: 2022-03-23 11:16:02.580\nSourceProcessGUID: {04787c88-0172-623b-ed01-000000000c00}\nSourceProcessId: 5484\nSourceThreadId: 6808\nSourceImage: C:\\Windows\\system32\\wsmprovhost.exe\nTargetProcessGUID: {04787c88-f870-623a-6c00-000000000c00}\nTargetProcessId: 5000\nTargetImage: C:\\Program Files\\Classic Shell\\ClassicStartMenu.exe\nGrantedAccess: 0x1F3FFF\nCallTrace: C:\\Windows\\SYSTEM32\\ntdll.dll+9c584|C:\\Windows\\System32\\KERNELBASE.dll+2730e|C:\\Windows\\assembly\\NativeImages_v4.0.30319_64\\System\\e074a852d0b7a87fc8713d9727b9a1bb\\System.ni.dll+381f60|C:\\Windows\\assembly\\NativeImages_v4.0.30319_64\\System\\e074a852d0b7a87fc8713d9727b9a1bb\\System.ni.dll+2fa12e|C:\\Windows\\assembly\\NativeImages_v4.0.30319_64\\System\\e074a852d0b7a87fc8713d9727b9a1bb\\System.ni.dll+2f8cd5|C:\\Windows\\assembly\\NativeImages_v4.0.30319_64\\System\\e074a852d0b7a87fc8713d9727b9a1bb\\System.ni.dll+2c3b1e|C:\\Windows\\assembly\\NativeImages_v4.0.30319_64\\System\\e074a852d0b7a87fc8713d9727b9a1bb\\System.ni.dll+2c01f5|C:\\Windows\\assembly\\NativeImages_v4.0.30319_64\\Microsoft.Pae3498d9#\\e42d72ba485cf9fc3a11203954c94b0d\\Microsoft.PowerShell.Commands.Management.ni.dll+14fc0c|C:\\Windows\\assembly\\NativeImages_v4.0.30319_64\\Microsoft.Pae3498d9#\\e42d72ba485cf9fc3a11203954c94b0d\\Microsoft.PowerShell.Commands.Management.ni.dll+14fb26|C:\\Windows\\assembly\\NativeImages_v4.0.30319_64\\Microsoft.Pae3498d9#\\e42d72ba485cf9fc3a11203954c94b0d\\Microsoft.PowerShell.Commands.Management.ni.dll+14f535|C:\\Windows\\assembly\\NativeImages_v4.0.30319_64\\System.Manaa57fc8cc#\\6b621f0fd6cc913157b16d8a0cfdc3ec\\System.Management.Automation.ni.dll+111c603|C:\\Windows\\assembly\\NativeImages_v4.0.30319_64\\System.Manaa57fc8cc#\\6b621f0fd6cc913157b16d8a0cfdc3ec\\System.Management.Automation.ni.dll+1074e4b|C:\\Windows\\assembly\\NativeImages_v4.0.30319_64\\System.Manaa57fc8cc#\\6b621f0fd6cc913157b16d8a0cfdc3ec\\System.Management.Automation.ni.dll+10ff3dc|C:\\Windows\\assembly\\NativeImages_v4.0.30319_64\\System.Manaa57fc8cc#\\6b621f0fd6cc913157b16d8a0cfdc3ec\\System.Management.Automation.ni.dll+12027bf|UNKNOWN(00007FF980564281)\nSourceUser: WIN10\\vagrant\nTargetUser: WIN10\\vagrant","ecs":{"version":"1.11.0"},"agent":{"ephemeral_id":"2a39ce90-bef1-48a2-9e5f-bcaee6f2b27c","id":"6a7bb1af-5225-4683-bb1f-a6736ccafa24","name":"win10","type":"winlogbeat","version":"7.15.2","hostname":"win10"},"host":{"os":{"version":"10.0","family":"windows","name":"Windows 10 Enterprise Evaluation","kernel":"10.0.18362.418 (WinBuild.160101.0800)","build":"18363.418","type":"windows","platform":"windows"},"id":"04787c88-5486-46f2-93fc-7f6805a92d42","ip":["192.168.56.107","10.0.2.15"],"name":"win10.windomain.local","mac":["08:00:27:c5:40:cf","08:00:27:47:b4:2e"],"hostname":"win10","architecture":"x86_64"},"process":{"pid":5484,"thread":{"id":6808},"entity_id":"{04787c88-0172-623b-ed01-000000000c00}","executable":"C:\\Windows\\system32\\wsmprovhost.exe","name":"wsmprovhost.exe","param2":null},"winlog":{"channel":"Microsoft-Windows-Sysmon/Operational","event_id":"10","api":"wineventlog","record_id":9106,"computer_name":"win10.windomain.local","provider_name":"Microsoft-Windows-Sysmon","provider_guid":"{5770385f-c22a-43e0-bf4c-06f5698ffbd9}","keywords":null,"event_data":{"param2":null,"param1":null}},"event":{"kind":"event","provider":"Microsoft-Windows-Sysmon","created":"2022-03-23T11:16:03.484Z","code":"10"},"log":{"level":"information"},"verdict":"Benign"},{"@timestamp":"2022-03-23T11:16:02.580Z","@metadata":{"beat":"winlogbeat","type":"_doc","version":"7.15.2"},"message":"Process accessed:\nRuleName: technique_id=T1059.001,technique_name=PowerShell\nUtcTime: 2022-03-23 11:16:02.580\nSourceProcessGUID: {04787c88-0172-623b-ed01-000000000c00}\nSourceProcessId: 5484\nSourceThreadId: 6808\nSourceImage: C:\\Windows\\system32\\wsmprovhost.exe\nTargetProcessGUID: {04787c88-f9da-623a-fc00-000000000c00}\nTargetProcessId: 2592\nTargetImage: C:\\Users\\vagrant\\cod.3aka3.scr\nGrantedAccess: 0x1F3FFF\nCallTrace: C:\\Windows\\SYSTEM32\\ntdll.dll+9c584|C:\\Windows\\System32\\KERNELBASE.dll+2730e|C:\\Windows\\assembly\\NativeImages_v4.0.30319_64\\System\\e074a852d0b7a87fc8713d9727b9a1bb\\System.ni.dll+381f60|C:\\Windows\\assembly\\NativeImages_v4.0.30319_64\\System\\e074a852d0b7a87fc8713d9727b9a1bb\\System.ni.dll+2fa12e|C:\\Windows\\assembly\\NativeImages_v4.0.30319_64\\System\\e074a852d0b7a87fc8713d9727b9a1bb\\System.ni.dll+2f8cd5|C:\\Windows\\assembly\\NativeImages_v4.0.30319_64\\System\\e074a852d0b7a87fc8713d9727b9a1bb\\System.ni.dll+2c3b1e|C:\\Windows\\assembly\\NativeImages_v4.0.30319_64\\System\\e074a852d0b7a87fc8713d9727b9a1bb\\System.ni.dll+2c01f5|C:\\Windows\\assembly\\NativeImages_v4.0.30319_64\\Microsoft.Pae3498d9#\\e42d72ba485cf9fc3a11203954c94b0d\\Microsoft.PowerShell.Commands.Management.ni.dll+14fc0c|C:\\Windows\\assembly\\NativeImages_v4.0.30319_64\\Microsoft.Pae3498d9#\\e42d72ba485cf9fc3a11203954c94b0d\\Microsoft.PowerShell.Commands.Management.ni.dll+14fb26|C:\\Windows\\assembly\\NativeImages_v4.0.30319_64\\Microsoft.Pae3498d9#\\e42d72ba485cf9fc3a11203954c94b0d\\Microsoft.PowerShell.Commands.Management.ni.dll+14f535|C:\\Windows\\assembly\\NativeImages_v4.0.30319_64\\System.Manaa57fc8cc#\\6b621f0fd6cc913157b16d8a0cfdc3ec\\System.Management.Automation.ni.dll+111c603|C:\\Windows\\assembly\\NativeImages_v4.0.30319_64\\System.Manaa57fc8cc#\\6b621f0fd6cc913157b16d8a0cfdc3ec\\System.Management.Automation.ni.dll+1074e4b|C:\\Windows\\assembly\\NativeImages_v4.0.30319_64\\System.Manaa57fc8cc#\\6b621f0fd6cc913157b16d8a0cfdc3ec\\System.Management.Automation.ni.dll+10ff3dc|C:\\Windows\\assembly\\NativeImages_v4.0.30319_64\\System.Manaa57fc8cc#\\6b621f0fd6cc913157b16d8a0cfdc3ec\\System.Management.Automation.ni.dll+12027bf|UNKNOWN(00007FF980564281)\nSourceUser: WIN10\\vagrant\nTargetUser: WIN10\\vagrant","ecs":{"version":"1.11.0"},"agent":{"ephemeral_id":"2a39ce90-bef1-48a2-9e5f-bcaee6f2b27c","id":"6a7bb1af-5225-4683-bb1f-a6736ccafa24","name":"win10","type":"winlogbeat","version":"7.15.2","hostname":"win10"},"host":{"os":{"version":"10.0","family":"windows","name":"Windows 10 Enterprise Evaluation","kernel":"10.0.18362.418 (WinBuild.160101.0800)","build":"18363.418","type":"windows","platform":"windows"},"id":"04787c88-5486-46f2-93fc-7f6805a92d42","ip":["192.168.56.107","10.0.2.15"],"name":"win10.windomain.local","mac":["08:00:27:c5:40:cf","08:00:27:47:b4:2e"],"hostname":"win10","architecture":"x86_64"},"process":{"pid":5484,"thread":{"id":6808},"entity_id":"{04787c88-0172-623b-ed01-000000000c00}","executable":"C:\\Windows\\system32\\wsmprovhost.exe","name":"wsmprovhost.exe","param2":null},"winlog":{"channel":"Microsoft-Windows-Sysmon/Operational","event_id":"10","api":"wineventlog","record_id":9107,"computer_name":"win10.windomain.local","provider_name":"Microsoft-Windows-Sysmon","provider_guid":"{5770385f-c22a-43e0-bf4c-06f5698ffbd9}","keywords":null,"event_data":{"param2":null,"param1":null}},"event":{"kind":"event","provider":"Microsoft-Windows-Sysmon","created":"2022-03-23T11:16:03.484Z","code":"10"},"log":{"level":"information"},"verdict":"Benign"},{"@timestamp":"2022-03-23T11:16:02.580Z","@metadata":{"beat":"winlogbeat","type":"_doc","version":"7.15.2"},"message":"Process accessed:\nRuleName: technique_id=T1059.001,technique_name=PowerShell\nUtcTime: 2022-03-23 11:16:02.580\nSourceProcessGUID: {04787c88-0172-623b-ed01-000000000c00}\nSourceProcessId: 5484\nSourceThreadId: 6808\nSourceImage: C:\\Windows\\system32\\wsmprovhost.exe\nTargetProcessGUID: {04787c88-fe2d-623a-7d01-000000000c00}\nTargetProcessId: 6132\nTargetImage: C:\\Windows\\system32\\cod.3aka3.scr\nGrantedAccess: 0x1F3FFF\nCallTrace: C:\\Windows\\SYSTEM32\\ntdll.dll+9c584|C:\\Windows\\System32\\KERNELBASE.dll+2730e|C:\\Windows\\assembly\\NativeImages_v4.0.30319_64\\System\\e074a852d0b7a87fc8713d9727b9a1bb\\System.ni.dll+381f60|C:\\Windows\\assembly\\NativeImages_v4.0.30319_64\\System\\e074a852d0b7a87fc8713d9727b9a1bb\\System.ni.dll+2fa12e|C:\\Windows\\assembly\\NativeImages_v4.0.30319_64\\System\\e074a852d0b7a87fc8713d9727b9a1bb\\System.ni.dll+2f8cd5|C:\\Windows\\assembly\\NativeImages_v4.0.30319_64\\System\\e074a852d0b7a87fc8713d9727b9a1bb\\System.ni.dll+2c3b1e|C:\\Windows\\assembly\\NativeImages_v4.0.30319_64\\System\\e074a852d0b7a87fc8713d9727b9a1bb\\System.ni.dll+2c01f5|C:\\Windows\\assembly\\NativeImages_v4.0.30319_64\\Microsoft.Pae3498d9#\\e42d72ba485cf9fc3a11203954c94b0d\\Microsoft.PowerShell.Commands.Management.ni.dll+14fc0c|C:\\Windows\\assembly\\NativeImages_v4.0.30319_64\\Microsoft.Pae3498d9#\\e42d72ba485cf9fc3a11203954c94b0d\\Microsoft.PowerShell.Commands.Management.ni.dll+14fb26|C:\\Windows\\assembly\\NativeImages_v4.0.30319_64\\Microsoft.Pae3498d9#\\e42d72ba485cf9fc3a11203954c94b0d\\Microsoft.PowerShell.Commands.Management.ni.dll+14f535|C:\\Windows\\assembly\\NativeImages_v4.0.30319_64\\System.Manaa57fc8cc#\\6b621f0fd6cc913157b16d8a0cfdc3ec\\System.Management.Automation.ni.dll+111c603|C:\\Windows\\assembly\\NativeImages_v4.0.30319_64\\System.Manaa57fc8cc#\\6b621f0fd6cc913157b16d8a0cfdc3ec\\System.Management.Automation.ni.dll+1074e4b|C:\\Windows\\assembly\\NativeImages_v4.0.30319_64\\System.Manaa57fc8cc#\\6b621f0fd6cc913157b16d8a0cfdc3ec\\System.Management.Automation.ni.dll+10ff3dc|C:\\Windows\\assembly\\NativeImages_v4.0.30319_64\\System.Manaa57fc8cc#\\6b621f0fd6cc913157b16d8a0cfdc3ec\\System.Management.Automation.ni.dll+12027bf|UNKNOWN(00007FF980564281)\nSourceUser: WIN10\\vagrant\nTargetUser: WIN10\\vagrant","ecs":{"version":"1.11.0"},"agent":{"ephemeral_id":"2a39ce90-bef1-48a2-9e5f-bcaee6f2b27c","id":"6a7bb1af-5225-4683-bb1f-a6736ccafa24","name":"win10","type":"winlogbeat","version":"7.15.2","hostname":"win10"},"host":{"os":{"version":"10.0","family":"windows","name":"Windows 10 Enterprise Evaluation","kernel":"10.0.18362.418 (WinBuild.160101.0800)","build":"18363.418","type":"windows","platform":"windows"},"id":"04787c88-5486-46f2-93fc-7f6805a92d42","ip":["192.168.56.107","10.0.2.15"],"name":"win10.windomain.local","mac":["08:00:27:c5:40:cf","08:00:27:47:b4:2e"],"hostname":"win10","architecture":"x86_64"},"process":{"pid":5484,"thread":{"id":6808},"entity_id":"{04787c88-0172-623b-ed01-000000000c00}","executable":"C:\\Windows\\system32\\wsmprovhost.exe","name":"wsmprovhost.exe","param2":null},"winlog":{"channel":"Microsoft-Windows-Sysmon/Operational","event_id":"10","api":"wineventlog","record_id":9108,"computer_name":"win10.windomain.local","provider_name":"Microsoft-Windows-Sysmon","provider_guid":"{5770385f-c22a-43e0-bf4c-06f5698ffbd9}","keywords":null,"event_data":{"param2":null,"param1":null}},"event":{"kind":"event","provider":"Microsoft-Windows-Sysmon","created":"2022-03-23T11:16:03.484Z","code":"10"},"log":{"level":"information"},"verdict":"Benign"},{"@timestamp":"2022-03-23T11:16:02.580Z","@metadata":{"beat":"winlogbeat","type":"_doc","version":"7.15.2"},"message":"Process accessed:\nRuleName: technique_id=T1059.001,technique_name=PowerShell\nUtcTime: 2022-03-23 11:16:02.580\nSourceProcessGUID: {04787c88-0172-623b-ed01-000000000c00}\nSourceProcessId: 5484\nSourceThreadId: 6808\nSourceImage: C:\\Windows\\system32\\wsmprovhost.exe\nTargetProcessGUID: {04787c88-fdd6-623a-7501-000000000c00}\nTargetProcessId: 2556\nTargetImage: C:\\Windows\\system32\\conhost.exe\nGrantedAccess: 0x1F3FFF\nCallTrace: C:\\Windows\\SYSTEM32\\ntdll.dll+9c584|C:\\Windows\\System32\\KERNELBASE.dll+2730e|C:\\Windows\\assembly\\NativeImages_v4.0.30319_64\\System\\e074a852d0b7a87fc8713d9727b9a1bb\\System.ni.dll+381f60|C:\\Windows\\assembly\\NativeImages_v4.0.30319_64\\System\\e074a852d0b7a87fc8713d9727b9a1bb\\System.ni.dll+2fa12e|C:\\Windows\\assembly\\NativeImages_v4.0.30319_64\\System\\e074a852d0b7a87fc8713d9727b9a1bb\\System.ni.dll+2f8cd5|C:\\Windows\\assembly\\NativeImages_v4.0.30319_64\\System\\e074a852d0b7a87fc8713d9727b9a1bb\\System.ni.dll+2c3b1e|C:\\Windows\\assembly\\NativeImages_v4.0.30319_64\\System\\e074a852d0b7a87fc8713d9727b9a1bb\\System.ni.dll+2c01f5|C:\\Windows\\assembly\\NativeImages_v4.0.30319_64\\Microsoft.Pae3498d9#\\e42d72ba485cf9fc3a11203954c94b0d\\Microsoft.PowerShell.Commands.Management.ni.dll+14fc0c|C:\\Windows\\assembly\\NativeImages_v4.0.30319_64\\Microsoft.Pae3498d9#\\e42d72ba485cf9fc3a11203954c94b0d\\Microsoft.PowerShell.Commands.Management.ni.dll+14fb26|C:\\Windows\\assembly\\NativeImages_v4.0.30319_64\\Microsoft.Pae3498d9#\\e42d72ba485cf9fc3a11203954c94b0d\\Microsoft.PowerShell.Commands.Management.ni.dll+14f535|C:\\Windows\\assembly\\NativeImages_v4.0.30319_64\\System.Manaa57fc8cc#\\6b621f0fd6cc913157b16d8a0cfdc3ec\\System.Management.Automation.ni.dll+111c603|C:\\Windows\\assembly\\NativeImages_v4.0.30319_64\\System.Manaa57fc8cc#\\6b621f0fd6cc913157b16d8a0cfdc3ec\\System.Management.Automation.ni.dll+1074e4b|C:\\Windows\\assembly\\NativeImages_v4.0.30319_64\\System.Manaa57fc8cc#\\6b621f0fd6cc913157b16d8a0cfdc3ec\\System.Management.Automation.ni.dll+10ff3dc|C:\\Windows\\assembly\\NativeImages_v4.0.30319_64\\System.Manaa57fc8cc#\\6b621f0fd6cc913157b16d8a0cfdc3ec\\System.Management.Automation.ni.dll+12027bf|UNKNOWN(00007FF980564281)\nSourceUser: WIN10\\vagrant\nTargetUser: WIN10\\vagrant","ecs":{"version":"1.11.0"},"agent":{"ephemeral_id":"2a39ce90-bef1-48a2-9e5f-bcaee6f2b27c","id":"6a7bb1af-5225-4683-bb1f-a6736ccafa24","name":"win10","type":"winlogbeat","version":"7.15.2","hostname":"win10"},"host":{"os":{"version":"10.0","family":"windows","name":"Windows 10 Enterprise Evaluation","kernel":"10.0.18362.418 (WinBuild.160101.0800)","build":"18363.418","type":"windows","platform":"windows"},"id":"04787c88-5486-46f2-93fc-7f6805a92d42","ip":["192.168.56.107","10.0.2.15"],"name":"win10.windomain.local","mac":["08:00:27:c5:40:cf","08:00:27:47:b4:2e"],"hostname":"win10","architecture":"x86_64"},"process":{"pid":5484,"thread":{"id":6808},"entity_id":"{04787c88-0172-623b-ed01-000000000c00}","executable":"C:\\Windows\\system32\\wsmprovhost.exe","name":"wsmprovhost.exe","param2":null},"winlog":{"channel":"Microsoft-Windows-Sysmon/Operational","event_id":"10","api":"wineventlog","record_id":9109,"computer_name":"win10.windomain.local","provider_name":"Microsoft-Windows-Sysmon","provider_guid":"{5770385f-c22a-43e0-bf4c-06f5698ffbd9}","keywords":null,"event_data":{"param2":null,"param1":null}},"event":{"kind":"event","provider":"Microsoft-Windows-Sysmon","created":"2022-03-23T11:16:03.484Z","code":"10"},"log":{"level":"information"},"verdict":"Benign"},{"@timestamp":"2022-03-23T11:16:02.580Z","@metadata":{"beat":"winlogbeat","type":"_doc","version":"7.15.2"},"message":"Process accessed:\nRuleName: technique_id=T1059.001,technique_name=PowerShell\nUtcTime: 2022-03-23 11:16:02.580\nSourceProcessGUID: {04787c88-0172-623b-ed01-000000000c00}\nSourceProcessId: 5484\nSourceThreadId: 6808\nSourceImage: C:\\Windows\\system32\\wsmprovhost.exe\nTargetProcessGUID: {04787c88-f93c-623a-e600-000000000c00}\nTargetProcessId: 5308\nTargetImage: C:\\Windows\\system32\\conhost.exe\nGrantedAccess: 0x1F3FFF\nCallTrace: C:\\Windows\\SYSTEM32\\ntdll.dll+9c584|C:\\Windows\\System32\\KERNELBASE.dll+2730e|C:\\Windows\\assembly\\NativeImages_v4.0.30319_64\\System\\e074a852d0b7a87fc8713d9727b9a1bb\\System.ni.dll+381f60|C:\\Windows\\assembly\\NativeImages_v4.0.30319_64\\System\\e074a852d0b7a87fc8713d9727b9a1bb\\System.ni.dll+2fa12e|C:\\Windows\\assembly\\NativeImages_v4.0.30319_64\\System\\e074a852d0b7a87fc8713d9727b9a1bb\\System.ni.dll+2f8cd5|C:\\Windows\\assembly\\NativeImages_v4.0.30319_64\\System\\e074a852d0b7a87fc8713d9727b9a1bb\\System.ni.dll+2c3b1e|C:\\Windows\\assembly\\NativeImages_v4.0.30319_64\\System\\e074a852d0b7a87fc8713d9727b9a1bb\\System.ni.dll+2c01f5|C:\\Windows\\assembly\\NativeImages_v4.0.30319_64\\Microsoft.Pae3498d9#\\e42d72ba485cf9fc3a11203954c94b0d\\Microsoft.PowerShell.Commands.Management.ni.dll+14fc0c|C:\\Windows\\assembly\\NativeImages_v4.0.30319_64\\Microsoft.Pae3498d9#\\e42d72ba485cf9fc3a11203954c94b0d\\Microsoft.PowerShell.Commands.Management.ni.dll+14fb26|C:\\Windows\\assembly\\NativeImages_v4.0.30319_64\\Microsoft.Pae3498d9#\\e42d72ba485cf9fc3a11203954c94b0d\\Microsoft.PowerShell.Commands.Management.ni.dll+14f535|C:\\Windows\\assembly\\NativeImages_v4.0.30319_64\\System.Manaa57fc8cc#\\6b621f0fd6cc913157b16d8a0cfdc3ec\\System.Management.Automation.ni.dll+111c603|C:\\Windows\\assembly\\NativeImages_v4.0.30319_64\\System.Manaa57fc8cc#\\6b621f0fd6cc913157b16d8a0cfdc3ec\\System.Management.Automation.ni.dll+1074e4b|C:\\Windows\\assembly\\NativeImages_v4.0.30319_64\\System.Manaa57fc8cc#\\6b621f0fd6cc913157b16d8a0cfdc3ec\\System.Management.Automation.ni.dll+10ff3dc|C:\\Windows\\assembly\\NativeImages_v4.0.30319_64\\System.Manaa57fc8cc#\\6b621f0fd6cc913157b16d8a0cfdc3ec\\System.Management.Automation.ni.dll+12027bf|UNKNOWN(00007FF980564281)\nSourceUser: WIN10\\vagrant\nTargetUser: WIN10\\vagrant","ecs":{"version":"1.11.0"},"agent":{"ephemeral_id":"2a39ce90-bef1-48a2-9e5f-bcaee6f2b27c","id":"6a7bb1af-5225-4683-bb1f-a6736ccafa24","name":"win10","type":"winlogbeat","version":"7.15.2","hostname":"win10"},"host":{"os":{"version":"10.0","family":"windows","name":"Windows 10 Enterprise Evaluation","kernel":"10.0.18362.418 (WinBuild.160101.0800)","build":"18363.418","type":"windows","platform":"windows"},"id":"04787c88-5486-46f2-93fc-7f6805a92d42","ip":["192.168.56.107","10.0.2.15"],"name":"win10.windomain.local","mac":["08:00:27:c5:40:cf","08:00:27:47:b4:2e"],"hostname":"win10","architecture":"x86_64"},"process":{"pid":5484,"thread":{"id":6808},"entity_id":"{04787c88-0172-623b-ed01-000000000c00}","executable":"C:\\Windows\\system32\\wsmprovhost.exe","name":"wsmprovhost.exe","param2":null},"winlog":{"channel":"Microsoft-Windows-Sysmon/Operational","event_id":"10","api":"wineventlog","record_id":9110,"computer_name":"win10.windomain.local","provider_name":"Microsoft-Windows-Sysmon","provider_guid":"{5770385f-c22a-43e0-bf4c-06f5698ffbd9}","keywords":null,"event_data":{"param2":null,"param1":null}},"event":{"kind":"event","provider":"Microsoft-Windows-Sysmon","created":"2022-03-23T11:16:03.484Z","code":"10"},"log":{"level":"information"},"verdict":"Benign"},