{"@timestamp":"2022-03-23T11:16:02.595Z","@metadata":{"beat":"winlogbeat","type":"_doc","version":"7.15.2"},"message":"Process accessed:\nRuleName: technique_id=T1059.001,technique_name=PowerShell\nUtcTime: 2022-03-23 11:16:02.595\nSourceProcessGUID: {04787c88-0172-623b-ed01-000000000c00}\nSourceProcessId: 5484\nSourceThreadId: 6808\nSourceImage: C:\\Windows\\system32\\wsmprovhost.exe\nTargetProcessGUID: {04787c88-f888-623a-a200-000000000c00}\nTargetProcessId: 7128\nTargetImage: C:\\Windows\\system32\\mmc.exe\nGrantedAccess: 0x1F3FFF\nCallTrace: C:\\Windows\\SYSTEM32\\ntdll.dll+9c584|C:\\Windows\\System32\\KERNELBASE.dll+2730e|C:\\Windows\\assembly\\NativeImages_v4.0.30319_64\\System\\e074a852d0b7a87fc8713d9727b9a1bb\\System.ni.dll+381f60|C:\\Windows\\assembly\\NativeImages_v4.0.30319_64\\System\\e074a852d0b7a87fc8713d9727b9a1bb\\System.ni.dll+2fa12e|C:\\Windows\\assembly\\NativeImages_v4.0.30319_64\\System\\e074a852d0b7a87fc8713d9727b9a1bb\\System.ni.dll+2f8cd5|C:\\Windows\\assembly\\NativeImages_v4.0.30319_64\\System\\e074a852d0b7a87fc8713d9727b9a1bb\\System.ni.dll+2c3b1e|C:\\Windows\\assembly\\NativeImages_v4.0.30319_64\\System\\e074a852d0b7a87fc8713d9727b9a1bb\\System.ni.dll+2c01f5|C:\\Windows\\assembly\\NativeImages_v4.0.30319_64\\Microsoft.Pae3498d9#\\e42d72ba485cf9fc3a11203954c94b0d\\Microsoft.PowerShell.Commands.Management.ni.dll+14fc0c|C:\\Windows\\assembly\\NativeImages_v4.0.30319_64\\Microsoft.Pae3498d9#\\e42d72ba485cf9fc3a11203954c94b0d\\Microsoft.PowerShell.Commands.Management.ni.dll+14fb26|C:\\Windows\\assembly\\NativeImages_v4.0.30319_64\\Microsoft.Pae3498d9#\\e42d72ba485cf9fc3a11203954c94b0d\\Microsoft.PowerShell.Commands.Management.ni.dll+14f535|C:\\Windows\\assembly\\NativeImages_v4.0.30319_64\\System.Manaa57fc8cc#\\6b621f0fd6cc913157b16d8a0cfdc3ec\\System.Management.Automation.ni.dll+111c603|C:\\Windows\\assembly\\NativeImages_v4.0.30319_64\\System.Manaa57fc8cc#\\6b621f0fd6cc913157b16d8a0cfdc3ec\\System.Management.Automation.ni.dll+1074e4b|C:\\Windows\\assembly\\NativeImages_v4.0.30319_64\\System.Manaa57fc8cc#\\6b621f0fd6cc913157b16d8a0cfdc3ec\\System.Management.Automation.ni.dll+10ff3dc|C:\\Windows\\assembly\\NativeImages_v4.0.30319_64\\System.Manaa57fc8cc#\\6b621f0fd6cc913157b16d8a0cfdc3ec\\System.Management.Automation.ni.dll+12027bf|UNKNOWN(00007FF980564281)\nSourceUser: WIN10\\vagrant\nTargetUser: WIN10\\vagrant","ecs":{"version":"1.11.0"},"agent":{"ephemeral_id":"2a39ce90-bef1-48a2-9e5f-bcaee6f2b27c","id":"6a7bb1af-5225-4683-bb1f-a6736ccafa24","name":"win10","type":"winlogbeat","version":"7.15.2","hostname":"win10"},"host":{"os":{"version":"10.0","family":"windows","name":"Windows 10 Enterprise Evaluation","kernel":"10.0.18362.418 (WinBuild.160101.0800)","build":"18363.418","type":"windows","platform":"windows"},"id":"04787c88-5486-46f2-93fc-7f6805a92d42","ip":["192.168.56.107","10.0.2.15"],"name":"win10.windomain.local","mac":["08:00:27:c5:40:cf","08:00:27:47:b4:2e"],"hostname":"win10","architecture":"x86_64"},"process":{"pid":5484,"thread":{"id":6808},"entity_id":"{04787c88-0172-623b-ed01-000000000c00}","executable":"C:\\Windows\\system32\\wsmprovhost.exe","name":"wsmprovhost.exe","param2":null},"winlog":{"channel":"Microsoft-Windows-Sysmon/Operational","event_id":"10","api":"wineventlog","record_id":9124,"computer_name":"win10.windomain.local","provider_name":"Microsoft-Windows-Sysmon","provider_guid":"{5770385f-c22a-43e0-bf4c-06f5698ffbd9}","keywords":null,"event_data":{"param2":null,"param1":null}},"event":{"kind":"event","provider":"Microsoft-Windows-Sysmon","created":"2022-03-23T11:16:03.484Z","code":"10"},"log":{"level":"information"},"verdict":"Benign"},{"@timestamp":"2022-03-23T11:16:02.595Z","@metadata":{"beat":"winlogbeat","type":"_doc","version":"7.15.2"},"message":"Process accessed:\nRuleName: technique_id=T1059.001,technique_name=PowerShell\nUtcTime: 2022-03-23 11:16:02.595\nSourceProcessGUID: {04787c88-0172-623b-ed01-000000000c00}\nSourceProcessId: 5484\nSourceThreadId: 6808\nSourceImage: C:\\Windows\\system32\\wsmprovhost.exe\nTargetProcessGUID: {04787c88-f866-623a-4600-000000000c00}\nTargetProcessId: 1672\nTargetImage: C:\\Program Files\\osquery\\osqueryd\\osqueryd.exe\nGrantedAccess: 0x1F3FFF\nCallTrace: C:\\Windows\\SYSTEM32\\ntdll.dll+9c584|C:\\Windows\\System32\\KERNELBASE.dll+2730e|C:\\Windows\\assembly\\NativeImages_v4.0.30319_64\\System\\e074a852d0b7a87fc8713d9727b9a1bb\\System.ni.dll+381f60|C:\\Windows\\assembly\\NativeImages_v4.0.30319_64\\System\\e074a852d0b7a87fc8713d9727b9a1bb\\System.ni.dll+2fa12e|C:\\Windows\\assembly\\NativeImages_v4.0.30319_64\\System\\e074a852d0b7a87fc8713d9727b9a1bb\\System.ni.dll+2f8cd5|C:\\Windows\\assembly\\NativeImages_v4.0.30319_64\\System\\e074a852d0b7a87fc8713d9727b9a1bb\\System.ni.dll+2c3b1e|C:\\Windows\\assembly\\NativeImages_v4.0.30319_64\\System\\e074a852d0b7a87fc8713d9727b9a1bb\\System.ni.dll+2c01f5|C:\\Windows\\assembly\\NativeImages_v4.0.30319_64\\Microsoft.Pae3498d9#\\e42d72ba485cf9fc3a11203954c94b0d\\Microsoft.PowerShell.Commands.Management.ni.dll+14fc0c|C:\\Windows\\assembly\\NativeImages_v4.0.30319_64\\Microsoft.Pae3498d9#\\e42d72ba485cf9fc3a11203954c94b0d\\Microsoft.PowerShell.Commands.Management.ni.dll+14fb26|C:\\Windows\\assembly\\NativeImages_v4.0.30319_64\\Microsoft.Pae3498d9#\\e42d72ba485cf9fc3a11203954c94b0d\\Microsoft.PowerShell.Commands.Management.ni.dll+14f535|C:\\Windows\\assembly\\NativeImages_v4.0.30319_64\\System.Manaa57fc8cc#\\6b621f0fd6cc913157b16d8a0cfdc3ec\\System.Management.Automation.ni.dll+111c603|C:\\Windows\\assembly\\NativeImages_v4.0.30319_64\\System.Manaa57fc8cc#\\6b621f0fd6cc913157b16d8a0cfdc3ec\\System.Management.Automation.ni.dll+1074e4b|C:\\Windows\\assembly\\NativeImages_v4.0.30319_64\\System.Manaa57fc8cc#\\6b621f0fd6cc913157b16d8a0cfdc3ec\\System.Management.Automation.ni.dll+10ff3dc|C:\\Windows\\assembly\\NativeImages_v4.0.30319_64\\System.Manaa57fc8cc#\\6b621f0fd6cc913157b16d8a0cfdc3ec\\System.Management.Automation.ni.dll+12027bf|UNKNOWN(00007FF980564281)\nSourceUser: WIN10\\vagrant\nTargetUser: NT AUTHORITY\\SYSTEM","ecs":{"version":"1.11.0"},"agent":{"ephemeral_id":"2a39ce90-bef1-48a2-9e5f-bcaee6f2b27c","id":"6a7bb1af-5225-4683-bb1f-a6736ccafa24","name":"win10","type":"winlogbeat","version":"7.15.2","hostname":"win10"},"host":{"os":{"version":"10.0","family":"windows","name":"Windows 10 Enterprise Evaluation","kernel":"10.0.18362.418 (WinBuild.160101.0800)","build":"18363.418","type":"windows","platform":"windows"},"id":"04787c88-5486-46f2-93fc-7f6805a92d42","ip":["192.168.56.107","10.0.2.15"],"name":"win10.windomain.local","mac":["08:00:27:c5:40:cf","08:00:27:47:b4:2e"],"hostname":"win10","architecture":"x86_64"},"process":{"pid":5484,"thread":{"id":6808},"entity_id":"{04787c88-0172-623b-ed01-000000000c00}","executable":"C:\\Windows\\system32\\wsmprovhost.exe","name":"wsmprovhost.exe","param2":null},"winlog":{"channel":"Microsoft-Windows-Sysmon/Operational","event_id":"10","api":"wineventlog","record_id":9125,"computer_name":"win10.windomain.local","provider_name":"Microsoft-Windows-Sysmon","provider_guid":"{5770385f-c22a-43e0-bf4c-06f5698ffbd9}","keywords":null,"event_data":{"param2":null,"param1":null}},"event":{"kind":"event","provider":"Microsoft-Windows-Sysmon","created":"2022-03-23T11:16:03.484Z","code":"10"},"log":{"level":"information"},"verdict":"Benign"},{"@timestamp":"2022-03-23T11:16:02.595Z","@metadata":{"beat":"winlogbeat","type":"_doc","version":"7.15.2"},"message":"Process accessed:\nRuleName: technique_id=T1059.001,technique_name=PowerShell\nUtcTime: 2022-03-23 11:16:02.595\nSourceProcessGUID: {04787c88-0172-623b-ed01-000000000c00}\nSourceProcessId: 5484\nSourceThreadId: 6808\nSourceImage: C:\\Windows\\system32\\wsmprovhost.exe\nTargetProcessGUID: {04787c88-f871-623a-6e00-000000000c00}\nTargetProcessId: 3716\nTargetImage: C:\\Program Files\\osquery\\osqueryd\\osqueryd.exe\nGrantedAccess: 0x1F3FFF\nCallTrace: C:\\Windows\\SYSTEM32\\ntdll.dll+9c584|C:\\Windows\\System32\\KERNELBASE.dll+2730e|C:\\Windows\\assembly\\NativeImages_v4.0.30319_64\\System\\e074a852d0b7a87fc8713d9727b9a1bb\\System.ni.dll+381f60|C:\\Windows\\assembly\\NativeImages_v4.0.30319_64\\System\\e074a852d0b7a87fc8713d9727b9a1bb\\System.ni.dll+2fa12e|C:\\Windows\\assembly\\NativeImages_v4.0.30319_64\\System\\e074a852d0b7a87fc8713d9727b9a1bb\\System.ni.dll+2f8cd5|C:\\Windows\\assembly\\NativeImages_v4.0.30319_64\\System\\e074a852d0b7a87fc8713d9727b9a1bb\\System.ni.dll+2c3b1e|C:\\Windows\\assembly\\NativeImages_v4.0.30319_64\\System\\e074a852d0b7a87fc8713d9727b9a1bb\\System.ni.dll+2c01f5|C:\\Windows\\assembly\\NativeImages_v4.0.30319_64\\Microsoft.Pae3498d9#\\e42d72ba485cf9fc3a11203954c94b0d\\Microsoft.PowerShell.Commands.Management.ni.dll+14fc0c|C:\\Windows\\assembly\\NativeImages_v4.0.30319_64\\Microsoft.Pae3498d9#\\e42d72ba485cf9fc3a11203954c94b0d\\Microsoft.PowerShell.Commands.Management.ni.dll+14fb26|C:\\Windows\\assembly\\NativeImages_v4.0.30319_64\\Microsoft.Pae3498d9#\\e42d72ba485cf9fc3a11203954c94b0d\\Microsoft.PowerShell.Commands.Management.ni.dll+14f535|C:\\Windows\\assembly\\NativeImages_v4.0.30319_64\\System.Manaa57fc8cc#\\6b621f0fd6cc913157b16d8a0cfdc3ec\\System.Management.Automation.ni.dll+111c603|C:\\Windows\\assembly\\NativeImages_v4.0.30319_64\\System.Manaa57fc8cc#\\6b621f0fd6cc913157b16d8a0cfdc3ec\\System.Management.Automation.ni.dll+1074e4b|C:\\Windows\\assembly\\NativeImages_v4.0.30319_64\\System.Manaa57fc8cc#\\6b621f0fd6cc913157b16d8a0cfdc3ec\\System.Management.Automation.ni.dll+10ff3dc|C:\\Windows\\assembly\\NativeImages_v4.0.30319_64\\System.Manaa57fc8cc#\\6b621f0fd6cc913157b16d8a0cfdc3ec\\System.Management.Automation.ni.dll+12027bf|UNKNOWN(00007FF980564281)\nSourceUser: WIN10\\vagrant\nTargetUser: NT AUTHORITY\\SYSTEM","ecs":{"version":"1.11.0"},"agent":{"ephemeral_id":"2a39ce90-bef1-48a2-9e5f-bcaee6f2b27c","id":"6a7bb1af-5225-4683-bb1f-a6736ccafa24","name":"win10","type":"winlogbeat","version":"7.15.2","hostname":"win10"},"host":{"os":{"version":"10.0","family":"windows","name":"Windows 10 Enterprise Evaluation","kernel":"10.0.18362.418 (WinBuild.160101.0800)","build":"18363.418","type":"windows","platform":"windows"},"id":"04787c88-5486-46f2-93fc-7f6805a92d42","ip":["192.168.56.107","10.0.2.15"],"name":"win10.windomain.local","mac":["08:00:27:c5:40:cf","08:00:27:47:b4:2e"],"hostname":"win10","architecture":"x86_64"},"process":{"pid":5484,"thread":{"id":6808},"entity_id":"{04787c88-0172-623b-ed01-000000000c00}","executable":"C:\\Windows\\system32\\wsmprovhost.exe","name":"wsmprovhost.exe","param2":null},"winlog":{"channel":"Microsoft-Windows-Sysmon/Operational","event_id":"10","api":"wineventlog","record_id":9126,"computer_name":"win10.windomain.local","provider_name":"Microsoft-Windows-Sysmon","provider_guid":"{5770385f-c22a-43e0-bf4c-06f5698ffbd9}","keywords":null,"event_data":{"param2":null,"param1":null}},"event":{"kind":"event","provider":"Microsoft-Windows-Sysmon","created":"2022-03-23T11:16:03.484Z","code":"10"},"log":{"level":"information"},"verdict":"Benign"},{"@timestamp":"2022-03-23T11:16:02.595Z","@metadata":{"beat":"winlogbeat","type":"_doc","version":"7.15.2"},"message":"Process accessed:\nRuleName: technique_id=T1059.001,technique_name=PowerShell\nUtcTime: 2022-03-23 11:16:02.595\nSourceProcessGUID: {04787c88-0172-623b-ed01-000000000c00}\nSourceProcessId: 5484\nSourceThreadId: 6808\nSourceImage: C:\\Windows\\system32\\wsmprovhost.exe\nTargetProcessGUID: {04787c88-0171-623b-eb01-000000000c00}\nTargetProcessId: 3232\nTargetImage: C:\\Windows\\System32\\WindowsPowerShell\\v1.0\\powershell.exe\nGrantedAccess: 0x1F3FFF\nCallTrace: C:\\Windows\\SYSTEM32\\ntdll.dll+9c584|C:\\Windows\\System32\\KERNELBASE.dll+2730e|C:\\Windows\\assembly\\NativeImages_v4.0.30319_64\\System\\e074a852d0b7a87fc8713d9727b9a1bb\\System.ni.dll+381f60|C:\\Windows\\assembly\\NativeImages_v4.0.30319_64\\System\\e074a852d0b7a87fc8713d9727b9a1bb\\System.ni.dll+2fa12e|C:\\Windows\\assembly\\NativeImages_v4.0.30319_64\\System\\e074a852d0b7a87fc8713d9727b9a1bb\\System.ni.dll+2f8cd5|C:\\Windows\\assembly\\NativeImages_v4.0.30319_64\\System\\e074a852d0b7a87fc8713d9727b9a1bb\\System.ni.dll+2c3b1e|C:\\Windows\\assembly\\NativeImages_v4.0.30319_64\\System\\e074a852d0b7a87fc8713d9727b9a1bb\\System.ni.dll+2c01f5|C:\\Windows\\assembly\\NativeImages_v4.0.30319_64\\Microsoft.Pae3498d9#\\e42d72ba485cf9fc3a11203954c94b0d\\Microsoft.PowerShell.Commands.Management.ni.dll+14fc0c|C:\\Windows\\assembly\\NativeImages_v4.0.30319_64\\Microsoft.Pae3498d9#\\e42d72ba485cf9fc3a11203954c94b0d\\Microsoft.PowerShell.Commands.Management.ni.dll+14fb26|C:\\Windows\\assembly\\NativeImages_v4.0.30319_64\\Microsoft.Pae3498d9#\\e42d72ba485cf9fc3a11203954c94b0d\\Microsoft.PowerShell.Commands.Management.ni.dll+14f535|C:\\Windows\\assembly\\NativeImages_v4.0.30319_64\\System.Manaa57fc8cc#\\6b621f0fd6cc913157b16d8a0cfdc3ec\\System.Management.Automation.ni.dll+111c603|C:\\Windows\\assembly\\NativeImages_v4.0.30319_64\\System.Manaa57fc8cc#\\6b621f0fd6cc913157b16d8a0cfdc3ec\\System.Management.Automation.ni.dll+1074e4b|C:\\Windows\\assembly\\NativeImages_v4.0.30319_64\\System.Manaa57fc8cc#\\6b621f0fd6cc913157b16d8a0cfdc3ec\\System.Management.Automation.ni.dll+10ff3dc|C:\\Windows\\assembly\\NativeImages_v4.0.30319_64\\System.Manaa57fc8cc#\\6b621f0fd6cc913157b16d8a0cfdc3ec\\System.Management.Automation.ni.dll+12027bf|UNKNOWN(00007FF980564281)\nSourceUser: WIN10\\vagrant\nTargetUser: WIN10\\vagrant","ecs":{"version":"1.11.0"},"agent":{"ephemeral_id":"2a39ce90-bef1-48a2-9e5f-bcaee6f2b27c","id":"6a7bb1af-5225-4683-bb1f-a6736ccafa24","name":"win10","type":"winlogbeat","version":"7.15.2","hostname":"win10"},"host":{"os":{"version":"10.0","family":"windows","name":"Windows 10 Enterprise Evaluation","kernel":"10.0.18362.418 (WinBuild.160101.0800)","build":"18363.418","type":"windows","platform":"windows"},"id":"04787c88-5486-46f2-93fc-7f6805a92d42","ip":["192.168.56.107","10.0.2.15"],"name":"win10.windomain.local","mac":["08:00:27:c5:40:cf","08:00:27:47:b4:2e"],"hostname":"win10","architecture":"x86_64"},"process":{"pid":5484,"thread":{"id":6808},"entity_id":"{04787c88-0172-623b-ed01-000000000c00}","executable":"C:\\Windows\\system32\\wsmprovhost.exe","name":"wsmprovhost.exe","param2":null},"winlog":{"channel":"Microsoft-Windows-Sysmon/Operational","event_id":"10","api":"wineventlog","record_id":9127,"computer_name":"win10.windomain.local","provider_name":"Microsoft-Windows-Sysmon","provider_guid":"{5770385f-c22a-43e0-bf4c-06f5698ffbd9}","keywords":null,"event_data":{"param2":null,"param1":null}},"event":{"kind":"event","provider":"Microsoft-Windows-Sysmon","created":"2022-03-23T11:16:03.484Z","code":"10"},"log":{"level":"information"},"verdict":"Benign"},{"@timestamp":"2022-03-23T11:16:02.611Z","@metadata":{"beat":"winlogbeat","type":"_doc","version":"7.15.2"},"message":"Process accessed:\nRuleName: technique_id=T1059.001,technique_name=PowerShell\nUtcTime: 2022-03-23 11:16:02.611\nSourceProcessGUID: {04787c88-0172-623b-ed01-000000000c00}\nSourceProcessId: 5484\nSourceThreadId: 6808\nSourceImage: C:\\Windows\\system32\\wsmprovhost.exe\nTargetProcessGUID: {04787c88-f93c-623a-e500-000000000c00}\nTargetProcessId: 5800\nTargetImage: C:\\Windows\\System32\\WindowsPowerShell\\v1.0\\powershell.exe\nGrantedAccess: 0x1F3FFF\nCallTrace: C:\\Windows\\SYSTEM32\\ntdll.dll+9c584|C:\\Windows\\System32\\KERNELBASE.dll+2730e|C:\\Windows\\assembly\\NativeImages_v4.0.30319_64\\System\\e074a852d0b7a87fc8713d9727b9a1bb\\System.ni.dll+381f60|C:\\Windows\\assembly\\NativeImages_v4.0.30319_64\\System\\e074a852d0b7a87fc8713d9727b9a1bb\\System.ni.dll+2fa12e|C:\\Windows\\assembly\\NativeImages_v4.0.30319_64\\System\\e074a852d0b7a87fc8713d9727b9a1bb\\System.ni.dll+2f8cd5|C:\\Windows\\assembly\\NativeImages_v4.0.30319_64\\System\\e074a852d0b7a87fc8713d9727b9a1bb\\System.ni.dll+2c3b1e|C:\\Windows\\assembly\\NativeImages_v4.0.30319_64\\System\\e074a852d0b7a87fc8713d9727b9a1bb\\System.ni.dll+2c01f5|C:\\Windows\\assembly\\NativeImages_v4.0.30319_64\\Microsoft.Pae3498d9#\\e42d72ba485cf9fc3a11203954c94b0d\\Microsoft.PowerShell.Commands.Management.ni.dll+14fc0c|C:\\Windows\\assembly\\NativeImages_v4.0.30319_64\\Microsoft.Pae3498d9#\\e42d72ba485cf9fc3a11203954c94b0d\\Microsoft.PowerShell.Commands.Management.ni.dll+14fb26|C:\\Windows\\assembly\\NativeImages_v4.0.30319_64\\Microsoft.Pae3498d9#\\e42d72ba485cf9fc3a11203954c94b0d\\Microsoft.PowerShell.Commands.Management.ni.dll+14f535|C:\\Windows\\assembly\\NativeImages_v4.0.30319_64\\System.Manaa57fc8cc#\\6b621f0fd6cc913157b16d8a0cfdc3ec\\System.Management.Automation.ni.dll+111c603|C:\\Windows\\assembly\\NativeImages_v4.0.30319_64\\System.Manaa57fc8cc#\\6b621f0fd6cc913157b16d8a0cfdc3ec\\System.Management.Automation.ni.dll+1074e4b|C:\\Windows\\assembly\\NativeImages_v4.0.30319_64\\System.Manaa57fc8cc#\\6b621f0fd6cc913157b16d8a0cfdc3ec\\System.Management.Automation.ni.dll+10ff3dc|C:\\Windows\\assembly\\NativeImages_v4.0.30319_64\\System.Manaa57fc8cc#\\6b621f0fd6cc913157b16d8a0cfdc3ec\\System.Management.Automation.ni.dll+12027bf|UNKNOWN(00007FF980564281)\nSourceUser: WIN10\\vagrant\nTargetUser: WIN10\\vagrant","ecs":{"version":"1.11.0"},"agent":{"ephemeral_id":"2a39ce90-bef1-48a2-9e5f-bcaee6f2b27c","id":"6a7bb1af-5225-4683-bb1f-a6736ccafa24","name":"win10","type":"winlogbeat","version":"7.15.2","hostname":"win10"},"host":{"os":{"version":"10.0","family":"windows","name":"Windows 10 Enterprise Evaluation","kernel":"10.0.18362.418 (WinBuild.160101.0800)","build":"18363.418","type":"windows","platform":"windows"},"id":"04787c88-5486-46f2-93fc-7f6805a92d42","ip":["192.168.56.107","10.0.2.15"],"name":"win10.windomain.local","mac":["08:00:27:c5:40:cf","08:00:27:47:b4:2e"],"hostname":"win10","architecture":"x86_64"},"process":{"pid":5484,"thread":{"id":6808},"entity_id":"{04787c88-0172-623b-ed01-000000000c00}","executable":"C:\\Windows\\system32\\wsmprovhost.exe","name":"wsmprovhost.exe","param2":null},"winlog":{"channel":"Microsoft-Windows-Sysmon/Operational","event_id":"10","api":"wineventlog","record_id":9128,"computer_name":"win10.windomain.local","provider_name":"Microsoft-Windows-Sysmon","provider_guid":"{5770385f-c22a-43e0-bf4c-06f5698ffbd9}","keywords":null,"event_data":{"param2":null,"param1":null}},"event":{"kind":"event","provider":"Microsoft-Windows-Sysmon","created":"2022-03-23T11:16:03.484Z","code":"10"},"log":{"level":"information"},"verdict":"Benign"},{"@timestamp":"2022-03-23T11:16:02.611Z","@metadata":{"beat":"winlogbeat","type":"_doc","version":"7.15.2"},"message":"Process accessed:\nRuleName: technique_id=T1059.001,technique_name=PowerShell\nUtcTime: 2022-03-23 11:16:02.611\nSourceProcessGUID: {04787c88-0172-623b-ed01-000000000c00}\nSourceProcessId: 5484\nSourceThreadId: 6808\nSourceImage: C:\\Windows\\system32\\wsmprovhost.exe\nTargetProcessGUID: {04787c88-fdb1-623a-6d01-000000000c00}\nTargetProcessId: 6800\nTargetImage: C:\\Windows\\System32\\WindowsPowerShell\\v1.0\\powershell.exe\nGrantedAccess: 0x1F3FFF\nCallTrace: C:\\Windows\\SYSTEM32\\ntdll.dll+9c584|C:\\Windows\\System32\\KERNELBASE.dll+2730e|C:\\Windows\\assembly\\NativeImages_v4.0.30319_64\\System\\e074a852d0b7a87fc8713d9727b9a1bb\\System.ni.dll+381f60|C:\\Windows\\assembly\\NativeImages_v4.0.30319_64\\System\\e074a852d0b7a87fc8713d9727b9a1bb\\System.ni.dll+2fa12e|C:\\Windows\\assembly\\NativeImages_v4.0.30319_64\\System\\e074a852d0b7a87fc8713d9727b9a1bb\\System.ni.dll+2f8cd5|C:\\Windows\\assembly\\NativeImages_v4.0.30319_64\\System\\e074a852d0b7a87fc8713d9727b9a1bb\\System.ni.dll+2c3b1e|C:\\Windows\\assembly\\NativeImages_v4.0.30319_64\\System\\e074a852d0b7a87fc8713d9727b9a1bb\\System.ni.dll+2c01f5|C:\\Windows\\assembly\\NativeImages_v4.0.30319_64\\Microsoft.Pae3498d9#\\e42d72ba485cf9fc3a11203954c94b0d\\Microsoft.PowerShell.Commands.Management.ni.dll+14fc0c|C:\\Windows\\assembly\\NativeImages_v4.0.30319_64\\Microsoft.Pae3498d9#\\e42d72ba485cf9fc3a11203954c94b0d\\Microsoft.PowerShell.Commands.Management.ni.dll+14fb26|C:\\Windows\\assembly\\NativeImages_v4.0.30319_64\\Microsoft.Pae3498d9#\\e42d72ba485cf9fc3a11203954c94b0d\\Microsoft.PowerShell.Commands.Management.ni.dll+14f535|C:\\Windows\\assembly\\NativeImages_v4.0.30319_64\\System.Manaa57fc8cc#\\6b621f0fd6cc913157b16d8a0cfdc3ec\\System.Management.Automation.ni.dll+111c603|C:\\Windows\\assembly\\NativeImages_v4.0.30319_64\\System.Manaa57fc8cc#\\6b621f0fd6cc913157b16d8a0cfdc3ec\\System.Management.Automation.ni.dll+1074e4b|C:\\Windows\\assembly\\NativeImages_v4.0.30319_64\\System.Manaa57fc8cc#\\6b621f0fd6cc913157b16d8a0cfdc3ec\\System.Management.Automation.ni.dll+10ff3dc|C:\\Windows\\assembly\\NativeImages_v4.0.30319_64\\System.Manaa57fc8cc#\\6b621f0fd6cc913157b16d8a0cfdc3ec\\System.Management.Automation.ni.dll+12027bf|UNKNOWN(00007FF980564281)\nSourceUser: WIN10\\vagrant\nTargetUser: NT AUTHORITY\\SYSTEM","ecs":{"version":"1.11.0"},"agent":{"ephemeral_id":"2a39ce90-bef1-48a2-9e5f-bcaee6f2b27c","id":"6a7bb1af-5225-4683-bb1f-a6736ccafa24","name":"win10","type":"winlogbeat","version":"7.15.2","hostname":"win10"},"host":{"os":{"version":"10.0","family":"windows","name":"Windows 10 Enterprise Evaluation","kernel":"10.0.18362.418 (WinBuild.160101.0800)","build":"18363.418","type":"windows","platform":"windows"},"id":"04787c88-5486-46f2-93fc-7f6805a92d42","ip":["192.168.56.107","10.0.2.15"],"name":"win10.windomain.local","mac":["08:00:27:c5:40:cf","08:00:27:47:b4:2e"],"hostname":"win10","architecture":"x86_64"},"process":{"pid":5484,"thread":{"id":6808},"entity_id":"{04787c88-0172-623b-ed01-000000000c00}","executable":"C:\\Windows\\system32\\wsmprovhost.exe","name":"wsmprovhost.exe","param2":null},"winlog":{"channel":"Microsoft-Windows-Sysmon/Operational","event_id":"10","api":"wineventlog","record_id":9129,"computer_name":"win10.windomain.local","provider_name":"Microsoft-Windows-Sysmon","provider_guid":"{5770385f-c22a-43e0-bf4c-06f5698ffbd9}","keywords":null,"event_data":{"param2":null,"param1":null}},"event":{"kind":"event","provider":"Microsoft-Windows-Sysmon","created":"2022-03-23T11:16:03.484Z","code":"10"},"log":{"level":"information"},"verdict":"Benign"},{"@timestamp":"2022-03-23T11:16:02.611Z","@metadata":{"beat":"winlogbeat","type":"_doc","version":"7.15.2"},"message":"Process accessed:\nRuleName: technique_id=T1059.001,technique_name=PowerShell\nUtcTime: 2022-03-23 11:16:02.611\nSourceProcessGUID: {04787c88-0172-623b-ed01-000000000c00}\nSourceProcessId: 5484\nSourceThreadId: 6808\nSourceImage: C:\\Windows\\system32\\wsmprovhost.exe\nTargetProcessGUID: {04787c88-f8aa-623a-b300-000000000c00}\nTargetProcessId: 716\nTargetImage: C:\\Windows\\System32\\RuntimeBroker.exe\nGrantedAccess: 0x1F3FFF\nCallTrace: C:\\Windows\\SYSTEM32\\ntdll.dll+9c584|C:\\Windows\\System32\\KERNELBASE.dll+2730e|C:\\Windows\\assembly\\NativeImages_v4.0.30319_64\\System\\e074a852d0b7a87fc8713d9727b9a1bb\\System.ni.dll+381f60|C:\\Windows\\assembly\\NativeImages_v4.0.30319_64\\System\\e074a852d0b7a87fc8713d9727b9a1bb\\System.ni.dll+2fa12e|C:\\Windows\\assembly\\NativeImages_v4.0.30319_64\\System\\e074a852d0b7a87fc8713d9727b9a1bb\\System.ni.dll+2f8cd5|C:\\Windows\\assembly\\NativeImages_v4.0.30319_64\\System\\e074a852d0b7a87fc8713d9727b9a1bb\\System.ni.dll+2c3b1e|C:\\Windows\\assembly\\NativeImages_v4.0.30319_64\\System\\e074a852d0b7a87fc8713d9727b9a1bb\\System.ni.dll+2c01f5|C:\\Windows\\assembly\\NativeImages_v4.0.30319_64\\Microsoft.Pae3498d9#\\e42d72ba485cf9fc3a11203954c94b0d\\Microsoft.PowerShell.Commands.Management.ni.dll+14fc0c|C:\\Windows\\assembly\\NativeImages_v4.0.30319_64\\Microsoft.Pae3498d9#\\e42d72ba485cf9fc3a11203954c94b0d\\Microsoft.PowerShell.Commands.Management.ni.dll+14fb26|C:\\Windows\\assembly\\NativeImages_v4.0.30319_64\\Microsoft.Pae3498d9#\\e42d72ba485cf9fc3a11203954c94b0d\\Microsoft.PowerShell.Commands.Management.ni.dll+14f535|C:\\Windows\\assembly\\NativeImages_v4.0.30319_64\\System.Manaa57fc8cc#\\6b621f0fd6cc913157b16d8a0cfdc3ec\\System.Management.Automation.ni.dll+111c603|C:\\Windows\\assembly\\NativeImages_v4.0.30319_64\\System.Manaa57fc8cc#\\6b621f0fd6cc913157b16d8a0cfdc3ec\\System.Management.Automation.ni.dll+1074e4b|C:\\Windows\\assembly\\NativeImages_v4.0.30319_64\\System.Manaa57fc8cc#\\6b621f0fd6cc913157b16d8a0cfdc3ec\\System.Management.Automation.ni.dll+10ff3dc|C:\\Windows\\assembly\\NativeImages_v4.0.30319_64\\System.Manaa57fc8cc#\\6b621f0fd6cc913157b16d8a0cfdc3ec\\System.Management.Automation.ni.dll+12027bf|UNKNOWN(00007FF980564281)\nSourceUser: WIN10\\vagrant\nTargetUser: WIN10\\vagrant","ecs":{"version":"1.11.0"},"agent":{"ephemeral_id":"2a39ce90-bef1-48a2-9e5f-bcaee6f2b27c","id":"6a7bb1af-5225-4683-bb1f-a6736ccafa24","name":"win10","type":"winlogbeat","version":"7.15.2","hostname":"win10"},"host":{"os":{"version":"10.0","family":"windows","name":"Windows 10 Enterprise Evaluation","kernel":"10.0.18362.418 (WinBuild.160101.0800)","build":"18363.418","type":"windows","platform":"windows"},"id":"04787c88-5486-46f2-93fc-7f6805a92d42","ip":["192.168.56.107","10.0.2.15"],"name":"win10.windomain.local","mac":["08:00:27:c5:40:cf","08:00:27:47:b4:2e"],"hostname":"win10","architecture":"x86_64"},"process":{"pid":5484,"thread":{"id":6808},"entity_id":"{04787c88-0172-623b-ed01-000000000c00}","executable":"C:\\Windows\\system32\\wsmprovhost.exe","name":"wsmprovhost.exe","param2":null},"winlog":{"channel":"Microsoft-Windows-Sysmon/Operational","event_id":"10","api":"wineventlog","record_id":9130,"computer_name":"win10.windomain.local","provider_name":"Microsoft-Windows-Sysmon","provider_guid":"{5770385f-c22a-43e0-bf4c-06f5698ffbd9}","keywords":null,"event_data":{"param2":null,"param1":null}},"event":{"kind":"event","provider":"Microsoft-Windows-Sysmon","created":"2022-03-23T11:16:03.484Z","code":"10"},"log":{"level":"information"},"verdict":"Benign"},{"@timestamp":"2022-03-23T11:16:02.611Z","@metadata":{"beat":"winlogbeat","type":"_doc","version":"7.15.2"},"message":"Process accessed:\nRuleName: technique_id=T1059.001,technique_name=PowerShell\nUtcTime: 2022-03-23 11:16:02.611\nSourceProcessGUID: {04787c88-0172-623b-ed01-000000000c00}\nSourceProcessId: 5484\nSourceThreadId: 6808\nSourceImage: C:\\Windows\\system32\\wsmprovhost.exe\nTargetProcessGUID: {04787c88-f8e4-623a-cc00-000000000c00}\nTargetProcessId: 2744\nTargetImage: C:\\Windows\\System32\\RuntimeBroker.exe\nGrantedAccess: 0x1F3FFF\nCallTrace: C:\\Windows\\SYSTEM32\\ntdll.dll+9c584|C:\\Windows\\System32\\KERNELBASE.dll+2730e|C:\\Windows\\assembly\\NativeImages_v4.0.30319_64\\System\\e074a852d0b7a87fc8713d9727b9a1bb\\System.ni.dll+381f60|C:\\Windows\\assembly\\NativeImages_v4.0.30319_64\\System\\e074a852d0b7a87fc8713d9727b9a1bb\\System.ni.dll+2fa12e|C:\\Windows\\assembly\\NativeImages_v4.0.30319_64\\System\\e074a852d0b7a87fc8713d9727b9a1bb\\System.ni.dll+2f8cd5|C:\\Windows\\assembly\\NativeImages_v4.0.30319_64\\System\\e074a852d0b7a87fc8713d9727b9a1bb\\System.ni.dll+2c3b1e|C:\\Windows\\assembly\\NativeImages_v4.0.30319_64\\System\\e074a852d0b7a87fc8713d9727b9a1bb\\System.ni.dll+2c01f5|C:\\Windows\\assembly\\NativeImages_v4.0.30319_64\\Microsoft.Pae3498d9#\\e42d72ba485cf9fc3a11203954c94b0d\\Microsoft.PowerShell.Commands.Management.ni.dll+14fc0c|C:\\Windows\\assembly\\NativeImages_v4.0.30319_64\\Microsoft.Pae3498d9#\\e42d72ba485cf9fc3a11203954c94b0d\\Microsoft.PowerShell.Commands.Management.ni.dll+14fb26|C:\\Windows\\assembly\\NativeImages_v4.0.30319_64\\Microsoft.Pae3498d9#\\e42d72ba485cf9fc3a11203954c94b0d\\Microsoft.PowerShell.Commands.Management.ni.dll+14f535|C:\\Windows\\assembly\\NativeImages_v4.0.30319_64\\System.Manaa57fc8cc#\\6b621f0fd6cc913157b16d8a0cfdc3ec\\System.Management.Automation.ni.dll+111c603|C:\\Windows\\assembly\\NativeImages_v4.0.30319_64\\System.Manaa57fc8cc#\\6b621f0fd6cc913157b16d8a0cfdc3ec\\System.Management.Automation.ni.dll+1074e4b|C:\\Windows\\assembly\\NativeImages_v4.0.30319_64\\System.Manaa57fc8cc#\\6b621f0fd6cc913157b16d8a0cfdc3ec\\System.Management.Automation.ni.dll+10ff3dc|C:\\Windows\\assembly\\NativeImages_v4.0.30319_64\\System.Manaa57fc8cc#\\6b621f0fd6cc913157b16d8a0cfdc3ec\\System.Management.Automation.ni.dll+12027bf|UNKNOWN(00007FF980564281)\nSourceUser: WIN10\\vagrant\nTargetUser: WIN10\\vagrant","ecs":{"version":"1.11.0"},"agent":{"ephemeral_id":"2a39ce90-bef1-48a2-9e5f-bcaee6f2b27c","id":"6a7bb1af-5225-4683-bb1f-a6736ccafa24","name":"win10","type":"winlogbeat","version":"7.15.2","hostname":"win10"},"host":{"os":{"version":"10.0","family":"windows","name":"Windows 10 Enterprise Evaluation","kernel":"10.0.18362.418 (WinBuild.160101.0800)","build":"18363.418","type":"windows","platform":"windows"},"id":"04787c88-5486-46f2-93fc-7f6805a92d42","ip":["192.168.56.107","10.0.2.15"],"name":"win10.windomain.local","mac":["08:00:27:c5:40:cf","08:00:27:47:b4:2e"],"hostname":"win10","architecture":"x86_64"},"process":{"pid":5484,"thread":{"id":6808},"entity_id":"{04787c88-0172-623b-ed01-000000000c00}","executable":"C:\\Windows\\system32\\wsmprovhost.exe","name":"wsmprovhost.exe","param2":null},"winlog":{"channel":"Microsoft-Windows-Sysmon/Operational","event_id":"10","api":"wineventlog","record_id":9131,"computer_name":"win10.windomain.local","provider_name":"Microsoft-Windows-Sysmon","provider_guid":"{5770385f-c22a-43e0-bf4c-06f5698ffbd9}","keywords":null,"event_data":{"param2":null,"param1":null}},"event":{"kind":"event","provider":"Microsoft-Windows-Sysmon","created":"2022-03-23T11:16:03.484Z","code":"10"},"log":{"level":"information"},"verdict":"Benign"},{"@timestamp":"2022-03-23T11:16:02.611Z","@metadata":{"beat":"winlogbeat","type":"_doc","version":"7.15.2"},"message":"Process accessed:\nRuleName: technique_id=T1059.001,technique_name=PowerShell\nUtcTime: 2022-03-23 11:16:02.611\nSourceProcessGUID: {04787c88-0172-623b-ed01-000000000c00}\nSourceProcessId: 5484\nSourceThreadId: 6808\nSourceImage: C:\\Windows\\system32\\wsmprovhost.exe\nTargetProcessGUID: {04787c88-f875-623a-7400-000000000c00}\nTargetProcessId: 5432\nTargetImage: C:\\Windows\\System32\\RuntimeBroker.exe\nGrantedAccess: 0x1F3FFF\nCallTrace: C:\\Windows\\SYSTEM32\\ntdll.dll+9c584|C:\\Windows\\System32\\KERNELBASE.dll+2730e|C:\\Windows\\assembly\\NativeImages_v4.0.30319_64\\System\\e074a852d0b7a87fc8713d9727b9a1bb\\System.ni.dll+381f60|C:\\Windows\\assembly\\NativeImages_v4.0.30319_64\\System\\e074a852d0b7a87fc8713d9727b9a1bb\\System.ni.dll+2fa12e|C:\\Windows\\assembly\\NativeImages_v4.0.30319_64\\System\\e074a852d0b7a87fc8713d9727b9a1bb\\System.ni.dll+2f8cd5|C:\\Windows\\assembly\\NativeImages_v4.0.30319_64\\System\\e074a852d0b7a87fc8713d9727b9a1bb\\System.ni.dll+2c3b1e|C:\\Windows\\assembly\\NativeImages_v4.0.30319_64\\System\\e074a852d0b7a87fc8713d9727b9a1bb\\System.ni.dll+2c01f5|C:\\Windows\\assembly\\NativeImages_v4.0.30319_64\\Microsoft.Pae3498d9#\\e42d72ba485cf9fc3a11203954c94b0d\\Microsoft.PowerShell.Commands.Management.ni.dll+14fc0c|C:\\Windows\\assembly\\NativeImages_v4.0.30319_64\\Microsoft.Pae3498d9#\\e42d72ba485cf9fc3a11203954c94b0d\\Microsoft.PowerShell.Commands.Management.ni.dll+14fb26|C:\\Windows\\assembly\\NativeImages_v4.0.30319_64\\Microsoft.Pae3498d9#\\e42d72ba485cf9fc3a11203954c94b0d\\Microsoft.PowerShell.Commands.Management.ni.dll+14f535|C:\\Windows\\assembly\\NativeImages_v4.0.30319_64\\System.Manaa57fc8cc#\\6b621f0fd6cc913157b16d8a0cfdc3ec\\System.Management.Automation.ni.dll+111c603|C:\\Windows\\assembly\\NativeImages_v4.0.30319_64\\System.Manaa57fc8cc#\\6b621f0fd6cc913157b16d8a0cfdc3ec\\System.Management.Automation.ni.dll+1074e4b|C:\\Windows\\assembly\\NativeImages_v4.0.30319_64\\System.Manaa57fc8cc#\\6b621f0fd6cc913157b16d8a0cfdc3ec\\System.Management.Automation.ni.dll+10ff3dc|C:\\Windows\\assembly\\NativeImages_v4.0.30319_64\\System.Manaa57fc8cc#\\6b621f0fd6cc913157b16d8a0cfdc3ec\\System.Management.Automation.ni.dll+12027bf|UNKNOWN(00007FF980564281)\nSourceUser: WIN10\\vagrant\nTargetUser: WIN10\\vagrant","ecs":{"version":"1.11.0"},"agent":{"ephemeral_id":"2a39ce90-bef1-48a2-9e5f-bcaee6f2b27c","id":"6a7bb1af-5225-4683-bb1f-a6736ccafa24","name":"win10","type":"winlogbeat","version":"7.15.2","hostname":"win10"},"host":{"os":{"version":"10.0","family":"windows","name":"Windows 10 Enterprise Evaluation","kernel":"10.0.18362.418 (WinBuild.160101.0800)","build":"18363.418","type":"windows","platform":"windows"},"id":"04787c88-5486-46f2-93fc-7f6805a92d42","ip":["192.168.56.107","10.0.2.15"],"name":"win10.windomain.local","mac":["08:00:27:c5:40:cf","08:00:27:47:b4:2e"],"hostname":"win10","architecture":"x86_64"},"process":{"pid":5484,"thread":{"id":6808},"entity_id":"{04787c88-0172-623b-ed01-000000000c00}","executable":"C:\\Windows\\system32\\wsmprovhost.exe","name":"wsmprovhost.exe","param2":null},"winlog":{"channel":"Microsoft-Windows-Sysmon/Operational","event_id":"10","api":"wineventlog","record_id":9132,"computer_name":"win10.windomain.local","provider_name":"Microsoft-Windows-Sysmon","provider_guid":"{5770385f-c22a-43e0-bf4c-06f5698ffbd9}","keywords":null,"event_data":{"param2":null,"param1":null}},"event":{"kind":"event","provider":"Microsoft-Windows-Sysmon","created":"2022-03-23T11:16:03.484Z","code":"10"},"log":{"level":"information"},"verdict":"Benign"},{"@timestamp":"2022-03-23T11:16:02.611Z","@metadata":{"beat":"winlogbeat","type":"_doc","version":"7.15.2"},"message":"Process accessed:\nRuleName: technique_id=T1059.001,technique_name=PowerShell\nUtcTime: 2022-03-23 11:16:02.611\nSourceProcessGUID: {04787c88-0172-623b-ed01-000000000c00}\nSourceProcessId: 5484\nSourceThreadId: 6808\nSourceImage: C:\\Windows\\system32\\wsmprovhost.exe\nTargetProcessGUID: {04787c88-f879-623a-7d00-000000000c00}\nTargetProcessId: 5488\nTargetImage: C:\\Windows\\System32\\RuntimeBroker.exe\nGrantedAccess: 0x1F3FFF\nCallTrace: C:\\Windows\\SYSTEM32\\ntdll.dll+9c584|C:\\Windows\\System32\\KERNELBASE.dll+2730e|C:\\Windows\\assembly\\NativeImages_v4.0.30319_64\\System\\e074a852d0b7a87fc8713d9727b9a1bb\\System.ni.dll+381f60|C:\\Windows\\assembly\\NativeImages_v4.0.30319_64\\System\\e074a852d0b7a87fc8713d9727b9a1bb\\System.ni.dll+2fa12e|C:\\Windows\\assembly\\NativeImages_v4.0.30319_64\\System\\e074a852d0b7a87fc8713d9727b9a1bb\\System.ni.dll+2f8cd5|C:\\Windows\\assembly\\NativeImages_v4.0.30319_64\\System\\e074a852d0b7a87fc8713d9727b9a1bb\\System.ni.dll+2c3b1e|C:\\Windows\\assembly\\NativeImages_v4.0.30319_64\\System\\e074a852d0b7a87fc8713d9727b9a1bb\\System.ni.dll+2c01f5|C:\\Windows\\assembly\\NativeImages_v4.0.30319_64\\Microsoft.Pae3498d9#\\e42d72ba485cf9fc3a11203954c94b0d\\Microsoft.PowerShell.Commands.Management.ni.dll+14fc0c|C:\\Windows\\assembly\\NativeImages_v4.0.30319_64\\Microsoft.Pae3498d9#\\e42d72ba485cf9fc3a11203954c94b0d\\Microsoft.PowerShell.Commands.Management.ni.dll+14fb26|C:\\Windows\\assembly\\NativeImages_v4.0.30319_64\\Microsoft.Pae3498d9#\\e42d72ba485cf9fc3a11203954c94b0d\\Microsoft.PowerShell.Commands.Management.ni.dll+14f535|C:\\Windows\\assembly\\NativeImages_v4.0.30319_64\\System.Manaa57fc8cc#\\6b621f0fd6cc913157b16d8a0cfdc3ec\\System.Management.Automation.ni.dll+111c603|C:\\Windows\\assembly\\NativeImages_v4.0.30319_64\\System.Manaa57fc8cc#\\6b621f0fd6cc913157b16d8a0cfdc3ec\\System.Management.Automation.ni.dll+1074e4b|C:\\Windows\\assembly\\NativeImages_v4.0.30319_64\\System.Manaa57fc8cc#\\6b621f0fd6cc913157b16d8a0cfdc3ec\\System.Management.Automation.ni.dll+10ff3dc|C:\\Windows\\assembly\\NativeImages_v4.0.30319_64\\System.Manaa57fc8cc#\\6b621f0fd6cc913157b16d8a0cfdc3ec\\System.Management.Automation.ni.dll+12027bf|UNKNOWN(00007FF980564281)\nSourceUser: WIN10\\vagrant\nTargetUser: WIN10\\vagrant","ecs":{"version":"1.11.0"},"agent":{"ephemeral_id":"2a39ce90-bef1-48a2-9e5f-bcaee6f2b27c","id":"6a7bb1af-5225-4683-bb1f-a6736ccafa24","name":"win10","type":"winlogbeat","version":"7.15.2","hostname":"win10"},"host":{"os":{"version":"10.0","family":"windows","name":"Windows 10 Enterprise Evaluation","kernel":"10.0.18362.418 (WinBuild.160101.0800)","build":"18363.418","type":"windows","platform":"windows"},"id":"04787c88-5486-46f2-93fc-7f6805a92d42","ip":["192.168.56.107","10.0.2.15"],"name":"win10.windomain.local","mac":["08:00:27:c5:40:cf","08:00:27:47:b4:2e"],"hostname":"win10","architecture":"x86_64"},"process":{"pid":5484,"thread":{"id":6808},"entity_id":"{04787c88-0172-623b-ed01-000000000c00}","executable":"C:\\Windows\\system32\\wsmprovhost.exe","name":"wsmprovhost.exe","param2":null},"winlog":{"channel":"Microsoft-Windows-Sysmon/Operational","event_id":"10","api":"wineventlog","record_id":9133,"computer_name":"win10.windomain.local","provider_name":"Microsoft-Windows-Sysmon","provider_guid":"{5770385f-c22a-43e0-bf4c-06f5698ffbd9}","keywords":null,"event_data":{"param2":null,"param1":null}},"event":{"kind":"event","provider":"Microsoft-Windows-Sysmon","created":"2022-03-23T11:16:03.484Z","code":"10"},"log":{"level":"information"},"verdict":"Benign"},{"@timestamp":"2022-03-23T11:16:02.611Z","@metadata":{"beat":"winlogbeat","type":"_doc","version":"7.15.2"},"message":"Process accessed:\nRuleName: technique_id=T1059.001,technique_name=PowerShell\nUtcTime: 2022-03-23 11:16:02.611\nSourceProcessGUID: {04787c88-0172-623b-ed01-000000000c00}\nSourceProcessId: 5484\nSourceThreadId: 6808\nSourceImage: C:\\Windows\\system32\\wsmprovhost.exe\nTargetProcessGUID: {04787c88-f876-623a-7700-000000000c00}\nTargetProcessId: 5740\nTargetImage: C:\\Windows\\System32\\RuntimeBroker.exe\nGrantedAccess: 0x1F3FFF\nCallTrace: C:\\Windows\\SYSTEM32\\ntdll.dll+9c584|C:\\Windows\\System32\\KERNELBASE.dll+2730e|C:\\Windows\\assembly\\NativeImages_v4.0.30319_64\\System\\e074a852d0b7a87fc8713d9727b9a1bb\\System.ni.dll+381f60|C:\\Windows\\assembly\\NativeImages_v4.0.30319_64\\System\\e074a852d0b7a87fc8713d9727b9a1bb\\System.ni.dll+2fa12e|C:\\Windows\\assembly\\NativeImages_v4.0.30319_64\\System\\e074a852d0b7a87fc8713d9727b9a1bb\\System.ni.dll+2f8cd5|C:\\Windows\\assembly\\NativeImages_v4.0.30319_64\\System\\e074a852d0b7a87fc8713d9727b9a1bb\\System.ni.dll+2c3b1e|C:\\Windows\\assembly\\NativeImages_v4.0.30319_64\\System\\e074a852d0b7a87fc8713d9727b9a1bb\\System.ni.dll+2c01f5|C:\\Windows\\assembly\\NativeImages_v4.0.30319_64\\Microsoft.Pae3498d9#\\e42d72ba485cf9fc3a11203954c94b0d\\Microsoft.PowerShell.Commands.Management.ni.dll+14fc0c|C:\\Windows\\assembly\\NativeImages_v4.0.30319_64\\Microsoft.Pae3498d9#\\e42d72ba485cf9fc3a11203954c94b0d\\Microsoft.PowerShell.Commands.Management.ni.dll+14fb26|C:\\Windows\\assembly\\NativeImages_v4.0.30319_64\\Microsoft.Pae3498d9#\\e42d72ba485cf9fc3a11203954c94b0d\\Microsoft.PowerShell.Commands.Management.ni.dll+14f535|C:\\Windows\\assembly\\NativeImages_v4.0.30319_64\\System.Manaa57fc8cc#\\6b621f0fd6cc913157b16d8a0cfdc3ec\\System.Management.Automation.ni.dll+111c603|C:\\Windows\\assembly\\NativeImages_v4.0.30319_64\\System.Manaa57fc8cc#\\6b621f0fd6cc913157b16d8a0cfdc3ec\\System.Management.Automation.ni.dll+1074e4b|C:\\Windows\\assembly\\NativeImages_v4.0.30319_64\\System.Manaa57fc8cc#\\6b621f0fd6cc913157b16d8a0cfdc3ec\\System.Management.Automation.ni.dll+10ff3dc|C:\\Windows\\assembly\\NativeImages_v4.0.30319_64\\System.Manaa57fc8cc#\\6b621f0fd6cc913157b16d8a0cfdc3ec\\System.Management.Automation.ni.dll+12027bf|UNKNOWN(00007FF980564281)\nSourceUser: WIN10\\vagrant\nTargetUser: WIN10\\vagrant","ecs":{"version":"1.11.0"},"agent":{"ephemeral_id":"2a39ce90-bef1-48a2-9e5f-bcaee6f2b27c","id":"6a7bb1af-5225-4683-bb1f-a6736ccafa24","name":"win10","type":"winlogbeat","version":"7.15.2","hostname":"win10"},"host":{"os":{"version":"10.0","family":"windows","name":"Windows 10 Enterprise Evaluation","kernel":"10.0.18362.418 (WinBuild.160101.0800)","build":"18363.418","type":"windows","platform":"windows"},"id":"04787c88-5486-46f2-93fc-7f6805a92d42","ip":["192.168.56.107","10.0.2.15"],"name":"win10.windomain.local","mac":["08:00:27:c5:40:cf","08:00:27:47:b4:2e"],"hostname":"win10","architecture":"x86_64"},"process":{"pid":5484,"thread":{"id":6808},"entity_id":"{04787c88-0172-623b-ed01-000000000c00}","executable":"C:\\Windows\\system32\\wsmprovhost.exe","name":"wsmprovhost.exe","param2":null},"winlog":{"channel":"Microsoft-Windows-Sysmon/Operational","event_id":"10","api":"wineventlog","record_id":9134,"computer_name":"win10.windomain.local","provider_name":"Microsoft-Windows-Sysmon","provider_guid":"{5770385f-c22a-43e0-bf4c-06f5698ffbd9}","keywords":null,"event_data":{"param2":null,"param1":null}},"event":{"kind":"event","provider":"Microsoft-Windows-Sysmon","created":"2022-03-23T11:16:03.484Z","code":"10"},"log":{"level":"information"},"verdict":"Benign"},{"@timestamp":"2022-03-23T11:16:02.611Z","@metadata":{"beat":"winlogbeat","type":"_doc","version":"7.15.2"},"message":"Process accessed:\nRuleName: technique_id=T1059.001,technique_name=PowerShell\nUtcTime: 2022-03-23 11:16:02.611\nSourceProcessGUID: {04787c88-0172-623b-ed01-000000000c00}\nSourceProcessId: 5484\nSourceThreadId: 6808\nSourceImage: C:\\Windows\\system32\\wsmprovhost.exe\nTargetProcessGUID: {04787c88-ff7b-623a-9f01-000000000c00}\nTargetProcessId: 6396\nTargetImage: C:\\Windows\\System32\\RuntimeBroker.exe\nGrantedAccess: 0x1F3FFF\nCallTrace: C:\\Windows\\SYSTEM32\\ntdll.dll+9c584|C:\\Windows\\System32\\KERNELBASE.dll+2730e|C:\\Windows\\assembly\\NativeImages_v4.0.30319_64\\System\\e074a852d0b7a87fc8713d9727b9a1bb\\System.ni.dll+381f60|C:\\Windows\\assembly\\NativeImages_v4.0.30319_64\\System\\e074a852d0b7a87fc8713d9727b9a1bb\\System.ni.dll+2fa12e|C:\\Windows\\assembly\\NativeImages_v4.0.30319_64\\System\\e074a852d0b7a87fc8713d9727b9a1bb\\System.ni.dll+2f8cd5|C:\\Windows\\assembly\\NativeImages_v4.0.30319_64\\System\\e074a852d0b7a87fc8713d9727b9a1bb\\System.ni.dll+2c3b1e|C:\\Windows\\assembly\\NativeImages_v4.0.30319_64\\System\\e074a852d0b7a87fc8713d9727b9a1bb\\System.ni.dll+2c01f5|C:\\Windows\\assembly\\NativeImages_v4.0.30319_64\\Microsoft.Pae3498d9#\\e42d72ba485cf9fc3a11203954c94b0d\\Microsoft.PowerShell.Commands.Management.ni.dll+14fc0c|C:\\Windows\\assembly\\NativeImages_v4.0.30319_64\\Microsoft.Pae3498d9#\\e42d72ba485cf9fc3a11203954c94b0d\\Microsoft.PowerShell.Commands.Management.ni.dll+14fb26|C:\\Windows\\assembly\\NativeImages_v4.0.30319_64\\Microsoft.Pae3498d9#\\e42d72ba485cf9fc3a11203954c94b0d\\Microsoft.PowerShell.Commands.Management.ni.dll+14f535|C:\\Windows\\assembly\\NativeImages_v4.0.30319_64\\System.Manaa57fc8cc#\\6b621f0fd6cc913157b16d8a0cfdc3ec\\System.Management.Automation.ni.dll+111c603|C:\\Windows\\assembly\\NativeImages_v4.0.30319_64\\System.Manaa57fc8cc#\\6b621f0fd6cc913157b16d8a0cfdc3ec\\System.Management.Automation.ni.dll+1074e4b|C:\\Windows\\assembly\\NativeImages_v4.0.30319_64\\System.Manaa57fc8cc#\\6b621f0fd6cc913157b16d8a0cfdc3ec\\System.Management.Automation.ni.dll+10ff3dc|C:\\Windows\\assembly\\NativeImages_v4.0.30319_64\\System.Manaa57fc8cc#\\6b621f0fd6cc913157b16d8a0cfdc3ec\\System.Management.Automation.ni.dll+12027bf|UNKNOWN(00007FF980564281)\nSourceUser: WIN10\\vagrant\nTargetUser: WIN10\\vagrant","ecs":{"version":"1.11.0"},"agent":{"ephemeral_id":"2a39ce90-bef1-48a2-9e5f-bcaee6f2b27c","id":"6a7bb1af-5225-4683-bb1f-a6736ccafa24","name":"win10","type":"winlogbeat","version":"7.15.2","hostname":"win10"},"host":{"os":{"version":"10.0","family":"windows","name":"Windows 10 Enterprise Evaluation","kernel":"10.0.18362.418 (WinBuild.160101.0800)","build":"18363.418","type":"windows","platform":"windows"},"id":"04787c88-5486-46f2-93fc-7f6805a92d42","ip":["192.168.56.107","10.0.2.15"],"name":"win10.windomain.local","mac":["08:00:27:c5:40:cf","08:00:27:47:b4:2e"],"hostname":"win10","architecture":"x86_64"},"process":{"pid":5484,"thread":{"id":6808},"entity_id":"{04787c88-0172-623b-ed01-000000000c00}","executable":"C:\\Windows\\system32\\wsmprovhost.exe","name":"wsmprovhost.exe","param2":null},"winlog":{"channel":"Microsoft-Windows-Sysmon/Operational","event_id":"10","api":"wineventlog","record_id":9135,"computer_name":"win10.windomain.local","provider_name":"Microsoft-Windows-Sysmon","provider_guid":"{5770385f-c22a-43e0-bf4c-06f5698ffbd9}","keywords":null,"event_data":{"param2":null,"param1":null}},"event":{"kind":"event","provider":"Microsoft-Windows-Sysmon","created":"2022-03-23T11:16:03.484Z","code":"10"},"log":{"level":"information"},"verdict":"Benign"},{"@timestamp":"2022-03-23T11:16:02.611Z","@metadata":{"beat":"winlogbeat","type":"_doc","version":"7.15.2"},"message":"Process accessed:\nRuleName: technique_id=T1059.001,technique_name=PowerShell\nUtcTime: 2022-03-23 11:16:02.611\nSourceProcessGUID: {04787c88-0172-623b-ed01-000000000c00}\nSourceProcessId: 5484\nSourceThreadId: 6808\nSourceImage: C:\\Windows\\system32\\wsmprovhost.exe\nTargetProcessGUID: {04787c88-f87a-623a-8100-000000000c00}\nTargetProcessId: 6428\nTargetImage: C:\\Windows\\System32\\RuntimeBroker.exe\nGrantedAccess: 0x1F3FFF\nCallTrace: C:\\Windows\\SYSTEM32\\ntdll.dll+9c584|C:\\Windows\\System32\\KERNELBASE.dll+2730e|C:\\Windows\\assembly\\NativeImages_v4.0.30319_64\\System\\e074a852d0b7a87fc8713d9727b9a1bb\\System.ni.dll+381f60|C:\\Windows\\assembly\\NativeImages_v4.0.30319_64\\System\\e074a852d0b7a87fc8713d9727b9a1bb\\System.ni.dll+2fa12e|C:\\Windows\\assembly\\NativeImages_v4.0.30319_64\\System\\e074a852d0b7a87fc8713d9727b9a1bb\\System.ni.dll+2f8cd5|C:\\Windows\\assembly\\NativeImages_v4.0.30319_64\\System\\e074a852d0b7a87fc8713d9727b9a1bb\\System.ni.dll+2c3b1e|C:\\Windows\\assembly\\NativeImages_v4.0.30319_64\\System\\e074a852d0b7a87fc8713d9727b9a1bb\\System.ni.dll+2c01f5|C:\\Windows\\assembly\\NativeImages_v4.0.30319_64\\Microsoft.Pae3498d9#\\e42d72ba485cf9fc3a11203954c94b0d\\Microsoft.PowerShell.Commands.Management.ni.dll+14fc0c|C:\\Windows\\assembly\\NativeImages_v4.0.30319_64\\Microsoft.Pae3498d9#\\e42d72ba485cf9fc3a11203954c94b0d\\Microsoft.PowerShell.Commands.Management.ni.dll+14fb26|C:\\Windows\\assembly\\NativeImages_v4.0.30319_64\\Microsoft.Pae3498d9#\\e42d72ba485cf9fc3a11203954c94b0d\\Microsoft.PowerShell.Commands.Management.ni.dll+14f535|C:\\Windows\\assembly\\NativeImages_v4.0.30319_64\\System.Manaa57fc8cc#\\6b621f0fd6cc913157b16d8a0cfdc3ec\\System.Management.Automation.ni.dll+111c603|C:\\Windows\\assembly\\NativeImages_v4.0.30319_64\\System.Manaa57fc8cc#\\6b621f0fd6cc913157b16d8a0cfdc3ec\\System.Management.Automation.ni.dll+1074e4b|C:\\Windows\\assembly\\NativeImages_v4.0.30319_64\\System.Manaa57fc8cc#\\6b621f0fd6cc913157b16d8a0cfdc3ec\\System.Management.Automation.ni.dll+10ff3dc|C:\\Windows\\assembly\\NativeImages_v4.0.30319_64\\System.Manaa57fc8cc#\\6b621f0fd6cc913157b16d8a0cfdc3ec\\System.Management.Automation.ni.dll+12027bf|UNKNOWN(00007FF980564281)\nSourceUser: WIN10\\vagrant\nTargetUser: WIN10\\vagrant","ecs":{"version":"1.11.0"},"agent":{"ephemeral_id":"2a39ce90-bef1-48a2-9e5f-bcaee6f2b27c","id":"6a7bb1af-5225-4683-bb1f-a6736ccafa24","name":"win10","type":"winlogbeat","version":"7.15.2","hostname":"win10"},"host":{"os":{"version":"10.0","family":"windows","name":"Windows 10 Enterprise Evaluation","kernel":"10.0.18362.418 (WinBuild.160101.0800)","build":"18363.418","type":"windows","platform":"windows"},"id":"04787c88-5486-46f2-93fc-7f6805a92d42","ip":["192.168.56.107","10.0.2.15"],"name":"win10.windomain.local","mac":["08:00:27:c5:40:cf","08:00:27:47:b4:2e"],"hostname":"win10","architecture":"x86_64"},"process":{"pid":5484,"thread":{"id":6808},"entity_id":"{04787c88-0172-623b-ed01-000000000c00}","executable":"C:\\Windows\\system32\\wsmprovhost.exe","name":"wsmprovhost.exe","param2":null},"winlog":{"channel":"Microsoft-Windows-Sysmon/Operational","event_id":"10","api":"wineventlog","record_id":9136,"computer_name":"win10.windomain.local","provider_name":"Microsoft-Windows-Sysmon","provider_guid":"{5770385f-c22a-43e0-bf4c-06f5698ffbd9}","keywords":null,"event_data":{"param2":null,"param1":null}},"event":{"kind":"event","provider":"Microsoft-Windows-Sysmon","created":"2022-03-23T11:16:03.484Z","code":"10"},"log":{"level":"information"},"verdict":"Benign"},