{"@timestamp":"2022-03-23T11:10:34.639Z","@metadata":{"beat":"winlogbeat","type":"_doc","version":"7.15.2"},"message":"Image loaded:\nRuleName: technique_id=T1059.001,technique_name=PowerShell\nUtcTime: 2022-03-23 11:10:34.639\nProcessGuid: {04787c88-002a-623b-b601-000000000c00}\nProcessId: 3148\nImage: C:\\Windows\\System32\\WindowsPowerShell\\v1.0\\powershell.exe\nImageLoaded: C:\\Windows\\assembly\\NativeImages_v4.0.30319_64\\System.Manaa57fc8cc#\\6b621f0fd6cc913157b16d8a0cfdc3ec\\System.Management.Automation.ni.dll\nFileVersion: 10.0.18362.145\nDescription: System.Management.Automation\nProduct: Microsoft (R) Windows (R) Operating System\nCompany: Microsoft Corporation\nOriginalFileName: System.Management.Automation.dll\nHashes: SHA1=A03FCAE0C1F4BC4A81F0819DBB94289C373B1052,MD5=B18E1C187DAEB6C9B195BDD2EFDC20C7,SHA256=D36AD842C5E44483BDBBDF13D045AD5A64A9DDD5C1BAB89E81B12299D89DFC27,IMPHASH=00000000000000000000000000000000\nSigned: false\nSignature: -\nSignatureStatus: Unavailable\nUser: WIN10\\vagrant","ecs":{"version":"1.11.0"},"agent":{"ephemeral_id":"2a39ce90-bef1-48a2-9e5f-bcaee6f2b27c","id":"6a7bb1af-5225-4683-bb1f-a6736ccafa24","name":"win10","type":"winlogbeat","version":"7.15.2","hostname":"win10"},"host":{"os":{"version":"10.0","family":"windows","name":"Windows 10 Enterprise Evaluation","kernel":"10.0.18362.418 (WinBuild.160101.0800)","build":"18363.418","type":"windows","platform":"windows"},"id":"04787c88-5486-46f2-93fc-7f6805a92d42","ip":["192.168.56.107","10.0.2.15"],"name":"win10.windomain.local","mac":["08:00:27:c5:40:cf","08:00:27:47:b4:2e"],"hostname":"win10","architecture":"x86_64"},"process":{"pid":3148,"thread":null,"entity_id":"{04787c88-002a-623b-b601-000000000c00}","executable":"C:\\Windows\\System32\\WindowsPowerShell\\v1.0\\powershell.exe","name":"powershell.exe","param2":null},"winlog":{"channel":"Microsoft-Windows-Sysmon/Operational","event_id":"7","api":"wineventlog","record_id":8959,"computer_name":"win10.windomain.local","provider_name":"Microsoft-Windows-Sysmon","provider_guid":"{5770385f-c22a-43e0-bf4c-06f5698ffbd9}","keywords":null,"event_data":{"param2":null,"param1":null}},"event":{"kind":"event","provider":"Microsoft-Windows-Sysmon","created":"2022-03-23T11:10:36.488Z","code":"7"},"log":{"level":"information"},"verdict":"Benign"},{"@timestamp":"2022-03-23T11:10:34.654Z","@metadata":{"beat":"winlogbeat","type":"_doc","version":"7.15.2"},"message":"Registry object added or deleted:\nRuleName: technique_id=T1130,technique_name=Install Root Certificate\nEventType: CreateKey\nUtcTime: 2022-03-23 11:10:34.654\nProcessGuid: {04787c88-002a-623b-b601-000000000c00}\nProcessId: 3148\nImage: C:\\Windows\\System32\\WindowsPowerShell\\v1.0\\powershell.exe\nTargetObject: HKU\\S-1-5-21-1265589927-3242731326-451682020-1000\\Software\\Microsoft\\SystemCertificates\\Root\\Certificates\nUser: WIN10\\vagrant","ecs":{"version":"1.11.0"},"agent":{"ephemeral_id":"2a39ce90-bef1-48a2-9e5f-bcaee6f2b27c","id":"6a7bb1af-5225-4683-bb1f-a6736ccafa24","name":"win10","type":"winlogbeat","version":"7.15.2","hostname":"win10"},"host":{"os":{"version":"10.0","family":"windows","name":"Windows 10 Enterprise Evaluation","kernel":"10.0.18362.418 (WinBuild.160101.0800)","build":"18363.418","type":"windows","platform":"windows"},"id":"04787c88-5486-46f2-93fc-7f6805a92d42","ip":["192.168.56.107","10.0.2.15"],"name":"win10.windomain.local","mac":["08:00:27:c5:40:cf","08:00:27:47:b4:2e"],"hostname":"win10","architecture":"x86_64"},"process":{"pid":3148,"thread":null,"entity_id":"{04787c88-002a-623b-b601-000000000c00}","executable":"C:\\Windows\\System32\\WindowsPowerShell\\v1.0\\powershell.exe","name":"powershell.exe","param2":null},"winlog":{"channel":"Microsoft-Windows-Sysmon/Operational","event_id":"12","api":"wineventlog","record_id":8960,"computer_name":"win10.windomain.local","provider_name":"Microsoft-Windows-Sysmon","provider_guid":"{5770385f-c22a-43e0-bf4c-06f5698ffbd9}","keywords":null,"event_data":{"param2":null,"param1":null}},"event":{"kind":"event","provider":"Microsoft-Windows-Sysmon","created":"2022-03-23T11:10:36.488Z","code":"12"},"log":{"level":"information"},"verdict":"Benign"},{"@timestamp":"2022-03-23T11:10:34.654Z","@metadata":{"beat":"winlogbeat","type":"_doc","version":"7.15.2"},"message":"Registry object added or deleted:\nRuleName: technique_id=T1130,technique_name=Install Root Certificate\nEventType: CreateKey\nUtcTime: 2022-03-23 11:10:34.654\nProcessGuid: {04787c88-002a-623b-b601-000000000c00}\nProcessId: 3148\nImage: C:\\Windows\\System32\\WindowsPowerShell\\v1.0\\powershell.exe\nTargetObject: HKLM\\SOFTWARE\\Microsoft\\SystemCertificates\\ROOT\\Certificates\nUser: WIN10\\vagrant","ecs":{"version":"1.11.0"},"agent":{"ephemeral_id":"2a39ce90-bef1-48a2-9e5f-bcaee6f2b27c","id":"6a7bb1af-5225-4683-bb1f-a6736ccafa24","name":"win10","type":"winlogbeat","version":"7.15.2","hostname":"win10"},"host":{"os":{"version":"10.0","family":"windows","name":"Windows 10 Enterprise Evaluation","kernel":"10.0.18362.418 (WinBuild.160101.0800)","build":"18363.418","type":"windows","platform":"windows"},"id":"04787c88-5486-46f2-93fc-7f6805a92d42","ip":["192.168.56.107","10.0.2.15"],"name":"win10.windomain.local","mac":["08:00:27:c5:40:cf","08:00:27:47:b4:2e"],"hostname":"win10","architecture":"x86_64"},"process":{"pid":3148,"thread":null,"entity_id":"{04787c88-002a-623b-b601-000000000c00}","executable":"C:\\Windows\\System32\\WindowsPowerShell\\v1.0\\powershell.exe","name":"powershell.exe","param2":null},"winlog":{"channel":"Microsoft-Windows-Sysmon/Operational","event_id":"12","api":"wineventlog","record_id":8961,"computer_name":"win10.windomain.local","provider_name":"Microsoft-Windows-Sysmon","provider_guid":"{5770385f-c22a-43e0-bf4c-06f5698ffbd9}","keywords":null,"event_data":{"param2":null,"param1":null}},"event":{"kind":"event","provider":"Microsoft-Windows-Sysmon","created":"2022-03-23T11:10:36.488Z","code":"12"},"log":{"level":"information"},"verdict":"Benign"},{"@timestamp":"2022-03-23T11:10:34.654Z","@metadata":{"beat":"winlogbeat","type":"_doc","version":"7.15.2"},"message":"Registry object added or deleted:\nRuleName: technique_id=T1130,technique_name=Install Root Certificate\nEventType: CreateKey\nUtcTime: 2022-03-23 11:10:34.654\nProcessGuid: {04787c88-002a-623b-b601-000000000c00}\nProcessId: 3148\nImage: C:\\Windows\\System32\\WindowsPowerShell\\v1.0\\powershell.exe\nTargetObject: HKLM\\SOFTWARE\\Microsoft\\EnterpriseCertificates\\Root\\Certificates\nUser: WIN10\\vagrant","ecs":{"version":"1.11.0"},"agent":{"ephemeral_id":"2a39ce90-bef1-48a2-9e5f-bcaee6f2b27c","id":"6a7bb1af-5225-4683-bb1f-a6736ccafa24","name":"win10","type":"winlogbeat","version":"7.15.2","hostname":"win10"},"host":{"os":{"version":"10.0","family":"windows","name":"Windows 10 Enterprise Evaluation","kernel":"10.0.18362.418 (WinBuild.160101.0800)","build":"18363.418","type":"windows","platform":"windows"},"id":"04787c88-5486-46f2-93fc-7f6805a92d42","ip":["192.168.56.107","10.0.2.15"],"name":"win10.windomain.local","mac":["08:00:27:c5:40:cf","08:00:27:47:b4:2e"],"hostname":"win10","architecture":"x86_64"},"process":{"pid":3148,"thread":null,"entity_id":"{04787c88-002a-623b-b601-000000000c00}","executable":"C:\\Windows\\System32\\WindowsPowerShell\\v1.0\\powershell.exe","name":"powershell.exe","param2":null},"winlog":{"channel":"Microsoft-Windows-Sysmon/Operational","event_id":"12","api":"wineventlog","record_id":8962,"computer_name":"win10.windomain.local","provider_name":"Microsoft-Windows-Sysmon","provider_guid":"{5770385f-c22a-43e0-bf4c-06f5698ffbd9}","keywords":null,"event_data":{"param2":null,"param1":null}},"event":{"kind":"event","provider":"Microsoft-Windows-Sysmon","created":"2022-03-23T11:10:36.488Z","code":"12"},"log":{"level":"information"},"verdict":"Benign"},{"@timestamp":"2022-03-23T11:10:34.701Z","@metadata":{"beat":"winlogbeat","type":"_doc","version":"7.15.2"},"message":"File created:\nRuleName: technique_id=T1059.001,technique_name=PowerShell\nUtcTime: 2022-03-23 11:10:34.701\nProcessGuid: {04787c88-002a-623b-b601-000000000c00}\nProcessId: 3148\nImage: C:\\Windows\\System32\\WindowsPowerShell\\v1.0\\powershell.exe\nTargetFilename: C:\\Users\\vagrant\\AppData\\Local\\Temp\\__PSScriptPolicyTest_situ503g.5wc.ps1\nCreationUtcTime: 2022-03-23 11:10:34.701\nUser: WIN10\\vagrant","ecs":{"version":"1.11.0"},"agent":{"ephemeral_id":"2a39ce90-bef1-48a2-9e5f-bcaee6f2b27c","id":"6a7bb1af-5225-4683-bb1f-a6736ccafa24","name":"win10","type":"winlogbeat","version":"7.15.2","hostname":"win10"},"host":{"os":{"version":"10.0","family":"windows","name":"Windows 10 Enterprise Evaluation","kernel":"10.0.18362.418 (WinBuild.160101.0800)","build":"18363.418","type":"windows","platform":"windows"},"id":"04787c88-5486-46f2-93fc-7f6805a92d42","ip":["192.168.56.107","10.0.2.15"],"name":"win10.windomain.local","mac":["08:00:27:c5:40:cf","08:00:27:47:b4:2e"],"hostname":"win10","architecture":"x86_64"},"process":{"pid":3148,"thread":null,"entity_id":"{04787c88-002a-623b-b601-000000000c00}","executable":"C:\\Windows\\System32\\WindowsPowerShell\\v1.0\\powershell.exe","name":"powershell.exe","param2":null},"winlog":{"channel":"Microsoft-Windows-Sysmon/Operational","event_id":"11","api":"wineventlog","record_id":8963,"computer_name":"win10.windomain.local","provider_name":"Microsoft-Windows-Sysmon","provider_guid":"{5770385f-c22a-43e0-bf4c-06f5698ffbd9}","keywords":null,"event_data":{"param2":null,"param1":null}},"event":{"kind":"event","provider":"Microsoft-Windows-Sysmon","created":"2022-03-23T11:10:36.488Z","code":"11"},"log":{"level":"information"},"verdict":"Benign"},{"@timestamp":"2022-03-23T11:10:34.717Z","@metadata":{"beat":"winlogbeat","type":"_doc","version":"7.15.2"},"message":"File Delete archived:\nRuleName: -\nUtcTime: 2022-03-23 11:10:34.717\nProcessGuid: {04787c88-002a-623b-b601-000000000c00}\nProcessId: 3148\nUser: WIN10\\vagrant\nImage: C:\\Windows\\System32\\WindowsPowerShell\\v1.0\\powershell.exe\nTargetFilename: C:\\Users\\vagrant\\AppData\\Local\\Temp\\__PSScriptPolicyTest_situ503g.5wc.ps1\nHashes: SHA1=6AB83620379FC69F80C0242105DDFFD7D98D5D9D,MD5=D17FE0A3F47BE24A6453E9EF58C94641,SHA256=96AD1146EB96877EAB5942AE0736B82D8B5E2039A80D3D6932665C1A4C87DCF7,IMPHASH=00000000000000000000000000000000\nIsExecutable: false\nArchived: true","ecs":{"version":"1.11.0"},"agent":{"ephemeral_id":"2a39ce90-bef1-48a2-9e5f-bcaee6f2b27c","id":"6a7bb1af-5225-4683-bb1f-a6736ccafa24","name":"win10","type":"winlogbeat","version":"7.15.2","hostname":"win10"},"host":{"os":{"version":"10.0","family":"windows","name":"Windows 10 Enterprise Evaluation","kernel":"10.0.18362.418 (WinBuild.160101.0800)","build":"18363.418","type":"windows","platform":"windows"},"id":"04787c88-5486-46f2-93fc-7f6805a92d42","ip":["192.168.56.107","10.0.2.15"],"name":"win10.windomain.local","mac":["08:00:27:c5:40:cf","08:00:27:47:b4:2e"],"hostname":"win10","architecture":"x86_64"},"process":{"pid":3148,"thread":null,"entity_id":"{04787c88-002a-623b-b601-000000000c00}","executable":"C:\\Windows\\System32\\WindowsPowerShell\\v1.0\\powershell.exe","name":"powershell.exe","param2":null},"winlog":{"channel":"Microsoft-Windows-Sysmon/Operational","event_id":"23","api":"wineventlog","record_id":8964,"computer_name":"win10.windomain.local","provider_name":"Microsoft-Windows-Sysmon","provider_guid":"{5770385f-c22a-43e0-bf4c-06f5698ffbd9}","keywords":null,"event_data":null},"event":{"kind":"event","provider":"Microsoft-Windows-Sysmon","created":"2022-03-23T11:10:36.488Z","code":"23"},"log":{"level":"information"},"verdict":"Benign"},{"@timestamp":"2022-03-23T11:10:35.301Z","@metadata":{"beat":"winlogbeat","type":"_doc","version":"7.15.2"},"message":"Registry object added or deleted:\nRuleName: technique_id=T1130,technique_name=Install Root Certificate\nEventType: CreateKey\nUtcTime: 2022-03-23 11:10:35.301\nProcessGuid: {04787c88-002a-623b-b601-000000000c00}\nProcessId: 3148\nImage: C:\\Windows\\System32\\WindowsPowerShell\\v1.0\\powershell.exe\nTargetObject: HKU\\S-1-5-21-1265589927-3242731326-451682020-1000\\Software\\Microsoft\\SystemCertificates\\Root\\Certificates\nUser: WIN10\\vagrant","ecs":{"version":"1.11.0"},"agent":{"ephemeral_id":"2a39ce90-bef1-48a2-9e5f-bcaee6f2b27c","id":"6a7bb1af-5225-4683-bb1f-a6736ccafa24","name":"win10","type":"winlogbeat","version":"7.15.2","hostname":"win10"},"host":{"os":{"version":"10.0","family":"windows","name":"Windows 10 Enterprise Evaluation","kernel":"10.0.18362.418 (WinBuild.160101.0800)","build":"18363.418","type":"windows","platform":"windows"},"id":"04787c88-5486-46f2-93fc-7f6805a92d42","ip":["192.168.56.107","10.0.2.15"],"name":"win10.windomain.local","mac":["08:00:27:c5:40:cf","08:00:27:47:b4:2e"],"hostname":"win10","architecture":"x86_64"},"process":{"pid":3148,"thread":null,"entity_id":"{04787c88-002a-623b-b601-000000000c00}","executable":"C:\\Windows\\System32\\WindowsPowerShell\\v1.0\\powershell.exe","name":"powershell.exe","param2":null},"winlog":{"channel":"Microsoft-Windows-Sysmon/Operational","event_id":"12","api":"wineventlog","record_id":8965,"computer_name":"win10.windomain.local","provider_name":"Microsoft-Windows-Sysmon","provider_guid":"{5770385f-c22a-43e0-bf4c-06f5698ffbd9}","keywords":null,"event_data":{"param2":null,"param1":null}},"event":{"kind":"event","provider":"Microsoft-Windows-Sysmon","created":"2022-03-23T11:10:36.488Z","code":"12"},"log":{"level":"information"},"verdict":"Benign"},{"@timestamp":"2022-03-23T11:10:35.301Z","@metadata":{"beat":"winlogbeat","type":"_doc","version":"7.15.2"},"message":"Registry object added or deleted:\nRuleName: technique_id=T1130,technique_name=Install Root Certificate\nEventType: CreateKey\nUtcTime: 2022-03-23 11:10:35.301\nProcessGuid: {04787c88-002a-623b-b601-000000000c00}\nProcessId: 3148\nImage: C:\\Windows\\System32\\WindowsPowerShell\\v1.0\\powershell.exe\nTargetObject: HKLM\\SOFTWARE\\Microsoft\\SystemCertificates\\ROOT\\Certificates\nUser: WIN10\\vagrant","ecs":{"version":"1.11.0"},"agent":{"ephemeral_id":"2a39ce90-bef1-48a2-9e5f-bcaee6f2b27c","id":"6a7bb1af-5225-4683-bb1f-a6736ccafa24","name":"win10","type":"winlogbeat","version":"7.15.2","hostname":"win10"},"host":{"os":{"version":"10.0","family":"windows","name":"Windows 10 Enterprise Evaluation","kernel":"10.0.18362.418 (WinBuild.160101.0800)","build":"18363.418","type":"windows","platform":"windows"},"id":"04787c88-5486-46f2-93fc-7f6805a92d42","ip":["192.168.56.107","10.0.2.15"],"name":"win10.windomain.local","mac":["08:00:27:c5:40:cf","08:00:27:47:b4:2e"],"hostname":"win10","architecture":"x86_64"},"process":{"pid":3148,"thread":null,"entity_id":"{04787c88-002a-623b-b601-000000000c00}","executable":"C:\\Windows\\System32\\WindowsPowerShell\\v1.0\\powershell.exe","name":"powershell.exe","param2":null},"winlog":{"channel":"Microsoft-Windows-Sysmon/Operational","event_id":"12","api":"wineventlog","record_id":8966,"computer_name":"win10.windomain.local","provider_name":"Microsoft-Windows-Sysmon","provider_guid":"{5770385f-c22a-43e0-bf4c-06f5698ffbd9}","keywords":null,"event_data":{"param2":null,"param1":null}},"event":{"kind":"event","provider":"Microsoft-Windows-Sysmon","created":"2022-03-23T11:10:36.488Z","code":"12"},"log":{"level":"information"},"verdict":"Benign"},{"@timestamp":"2022-03-23T11:10:35.317Z","@metadata":{"beat":"winlogbeat","type":"_doc","version":"7.15.2"},"message":"Registry object added or deleted:\nRuleName: technique_id=T1130,technique_name=Install Root Certificate\nEventType: CreateKey\nUtcTime: 2022-03-23 11:10:35.317\nProcessGuid: {04787c88-002a-623b-b601-000000000c00}\nProcessId: 3148\nImage: C:\\Windows\\System32\\WindowsPowerShell\\v1.0\\powershell.exe\nTargetObject: HKLM\\SOFTWARE\\Microsoft\\EnterpriseCertificates\\Root\\Certificates\nUser: WIN10\\vagrant","ecs":{"version":"1.11.0"},"agent":{"ephemeral_id":"2a39ce90-bef1-48a2-9e5f-bcaee6f2b27c","id":"6a7bb1af-5225-4683-bb1f-a6736ccafa24","name":"win10","type":"winlogbeat","version":"7.15.2","hostname":"win10"},"host":{"os":{"version":"10.0","family":"windows","name":"Windows 10 Enterprise Evaluation","kernel":"10.0.18362.418 (WinBuild.160101.0800)","build":"18363.418","type":"windows","platform":"windows"},"id":"04787c88-5486-46f2-93fc-7f6805a92d42","ip":["192.168.56.107","10.0.2.15"],"name":"win10.windomain.local","mac":["08:00:27:c5:40:cf","08:00:27:47:b4:2e"],"hostname":"win10","architecture":"x86_64"},"process":{"pid":3148,"thread":null,"entity_id":"{04787c88-002a-623b-b601-000000000c00}","executable":"C:\\Windows\\System32\\WindowsPowerShell\\v1.0\\powershell.exe","name":"powershell.exe","param2":null},"winlog":{"channel":"Microsoft-Windows-Sysmon/Operational","event_id":"12","api":"wineventlog","record_id":8967,"computer_name":"win10.windomain.local","provider_name":"Microsoft-Windows-Sysmon","provider_guid":"{5770385f-c22a-43e0-bf4c-06f5698ffbd9}","keywords":null,"event_data":{"param2":null,"param1":null}},"event":{"kind":"event","provider":"Microsoft-Windows-Sysmon","created":"2022-03-23T11:10:36.488Z","code":"12"},"log":{"level":"information"},"verdict":"Benign"},{"@timestamp":"2022-03-23T11:10:35.333Z","@metadata":{"beat":"winlogbeat","type":"_doc","version":"7.15.2"},"message":"File created:\nRuleName: -\nUtcTime: 2022-03-23 11:10:35.333\nProcessGuid: {04787c88-002a-623b-b601-000000000c00}\nProcessId: 3148\nImage: C:\\Windows\\System32\\WindowsPowerShell\\v1.0\\powershell.exe\nTargetFilename: C:\\Users\\vagrant\\Downloads\\ddlxptus.ole.pfx\nCreationUtcTime: 2022-03-23 11:10:35.333\nUser: WIN10\\vagrant","ecs":{"version":"1.11.0"},"agent":{"ephemeral_id":"2a39ce90-bef1-48a2-9e5f-bcaee6f2b27c","id":"6a7bb1af-5225-4683-bb1f-a6736ccafa24","name":"win10","type":"winlogbeat","version":"7.15.2","hostname":"win10"},"host":{"os":{"version":"10.0","family":"windows","name":"Windows 10 Enterprise Evaluation","kernel":"10.0.18362.418 (WinBuild.160101.0800)","build":"18363.418","type":"windows","platform":"windows"},"id":"04787c88-5486-46f2-93fc-7f6805a92d42","ip":["192.168.56.107","10.0.2.15"],"name":"win10.windomain.local","mac":["08:00:27:c5:40:cf","08:00:27:47:b4:2e"],"hostname":"win10","architecture":"x86_64"},"process":{"pid":3148,"thread":null,"entity_id":"{04787c88-002a-623b-b601-000000000c00}","executable":"C:\\Windows\\System32\\WindowsPowerShell\\v1.0\\powershell.exe","name":"powershell.exe","param2":null},"winlog":{"channel":"Microsoft-Windows-Sysmon/Operational","event_id":"11","api":"wineventlog","record_id":8968,"computer_name":"win10.windomain.local","provider_name":"Microsoft-Windows-Sysmon","provider_guid":"{5770385f-c22a-43e0-bf4c-06f5698ffbd9}","keywords":null,"event_data":{"param2":null,"param1":null}},"event":{"kind":"event","provider":"Microsoft-Windows-Sysmon","created":"2022-03-23T11:10:36.489Z","code":"11"},"log":{"level":"information"},"verdict":"Benign"},{"@timestamp":"2022-03-23T11:10:36.585Z","@metadata":{"beat":"winlogbeat","type":"_doc","version":"7.15.2"},"message":"File created:\nRuleName: -\nUtcTime: 2022-03-23 11:10:36.585\nProcessGuid: {04787c88-002a-623b-b601-000000000c00}\nProcessId: 3148\nImage: C:\\Windows\\System32\\WindowsPowerShell\\v1.0\\powershell.exe\nTargetFilename: C:\\Users\\vagrant\\AppData\\Local\\Microsoft\\Windows\\PowerShell\\StartupProfileData-NonInteractive\nCreationUtcTime: 2020-09-26 20:35:42.672\nUser: WIN10\\vagrant","ecs":{"version":"1.11.0"},"agent":{"ephemeral_id":"2a39ce90-bef1-48a2-9e5f-bcaee6f2b27c","id":"6a7bb1af-5225-4683-bb1f-a6736ccafa24","name":"win10","type":"winlogbeat","version":"7.15.2","hostname":"win10"},"host":{"os":{"version":"10.0","family":"windows","name":"Windows 10 Enterprise Evaluation","kernel":"10.0.18362.418 (WinBuild.160101.0800)","build":"18363.418","type":"windows","platform":"windows"},"id":"04787c88-5486-46f2-93fc-7f6805a92d42","ip":["192.168.56.107","10.0.2.15"],"name":"win10.windomain.local","mac":["08:00:27:c5:40:cf","08:00:27:47:b4:2e"],"hostname":"win10","architecture":"x86_64"},"process":{"pid":3148,"thread":null,"entity_id":"{04787c88-002a-623b-b601-000000000c00}","executable":"C:\\Windows\\System32\\WindowsPowerShell\\v1.0\\powershell.exe","name":"powershell.exe","param2":null},"winlog":{"channel":"Microsoft-Windows-Sysmon/Operational","event_id":"11","api":"wineventlog","record_id":8969,"computer_name":"win10.windomain.local","provider_name":"Microsoft-Windows-Sysmon","provider_guid":"{5770385f-c22a-43e0-bf4c-06f5698ffbd9}","keywords":null,"event_data":{"param2":null,"param1":null}},"event":{"kind":"event","provider":"Microsoft-Windows-Sysmon","created":"2022-03-23T11:10:38.507Z","code":"11"},"log":{"level":"information"},"verdict":"Benign"},{"@timestamp":"2022-03-23T11:11:07.435Z","@metadata":{"beat":"winlogbeat","type":"_doc","version":"7.15.2"},"message":"Process Create:\nRuleName: technique_id=T1059.003,technique_name=Windows Command Shell\nUtcTime: 2022-03-23 11:11:07.435\nProcessGuid: {04787c88-004b-623b-b701-000000000c00}\nProcessId: 1656\nImage: C:\\Windows\\System32\\cmd.exe\nFileVersion: 10.0.18362.1 (WinBuild.160101.0800)\nDescription: Windows Command Processor\nProduct: Microsoft® Windows® Operating System\nCompany: Microsoft Corporation\nOriginalFileName: Cmd.Exe\nCommandLine: cmd.exe /C net config workstation\nCurrentDirectory: C:\\Windows\\system32\\\nUser: WIN10\\vagrant\nLogonGuid: {04787c88-f86a-623a-be16-040000000000}\nLogonId: 0x416BE\nTerminalSessionId: 1\nIntegrityLevel: High\nHashes: SHA1=A1DBD4949DF9E892E52201B06A2D24AA5082B3D5,MD5=9D59442313565C2E0860B88BF32B2277,SHA256=D0CEB18272966AB62B8EDFF100E9B4A6A3CB5DC0F2A32B2B18721FEA2D9C09A5,IMPHASH=272245E2988E1E430500B852C4FB5E18\nParentProcessGuid: {04787c88-fdd6-623a-7601-000000000c00}\nParentProcessId: 4192\nParentImage: C:\\Users\\Public\\sandcat.exe\nParentCommandLine: \"C:\\Users\\Public\\sandcat.exe\" -server http://192.168.56.104:8888 -group diy_eval\nParentUser: WIN10\\vagrant","ecs":{"version":"1.11.0"},"agent":{"ephemeral_id":"2a39ce90-bef1-48a2-9e5f-bcaee6f2b27c","id":"6a7bb1af-5225-4683-bb1f-a6736ccafa24","name":"win10","type":"winlogbeat","version":"7.15.2","hostname":"win10"},"host":{"os":{"version":"10.0","family":"windows","name":"Windows 10 Enterprise Evaluation","kernel":"10.0.18362.418 (WinBuild.160101.0800)","build":"18363.418","type":"windows","platform":"windows"},"id":"04787c88-5486-46f2-93fc-7f6805a92d42","ip":["192.168.56.107","10.0.2.15"],"name":"win10.windomain.local","mac":["08:00:27:c5:40:cf","08:00:27:47:b4:2e"],"hostname":"win10","architecture":"x86_64"},"process":{"pid":1656,"thread":null,"entity_id":"{04787c88-004b-623b-b701-000000000c00}","executable":"C:\\Windows\\System32\\cmd.exe","name":"cmd.exe","param2":null},"winlog":{"channel":"Microsoft-Windows-Sysmon/Operational","event_id":"1","api":"wineventlog","record_id":8970,"computer_name":"win10.windomain.local","provider_name":"Microsoft-Windows-Sysmon","provider_guid":"{5770385f-c22a-43e0-bf4c-06f5698ffbd9}","keywords":null,"event_data":{"param2":null,"param1":null}},"event":{"kind":"event","provider":"Microsoft-Windows-Sysmon","created":"2022-03-23T11:11:09.026Z","code":"1"},"log":{"level":"information"},"verdict":"Benign"},{"@timestamp":"2022-03-23T11:11:07.435Z","@metadata":{"beat":"winlogbeat","type":"_doc","version":"7.15.2"},"message":"Process accessed:\nRuleName: technique_id=T1036,technique_name=Masquerading\nUtcTime: 2022-03-23 11:11:07.435\nSourceProcessGUID: {04787c88-fdd6-623a-7601-000000000c00}\nSourceProcessId: 4192\nSourceThreadId: 6796\nSourceImage: C:\\Users\\Public\\sandcat.exe\nTargetProcessGUID: {04787c88-004b-623b-b701-000000000c00}\nTargetProcessId: 1656\nTargetImage: C:\\Windows\\system32\\cmd.exe\nGrantedAccess: 0x1FFFFF\nCallTrace: C:\\Windows\\SYSTEM32\\ntdll.dll+9d934|C:\\Windows\\System32\\KERNELBASE.dll+5f32a|C:\\Windows\\System32\\KERNELBASE.dll+5bcc6|C:\\Windows\\System32\\KERNEL32.DLL+1be93|C:\\Users\\Public\\sandcat.exe+641de\nSourceUser: WIN10\\vagrant\nTargetUser: WIN10\\vagrant","ecs":{"version":"1.11.0"},"agent":{"ephemeral_id":"2a39ce90-bef1-48a2-9e5f-bcaee6f2b27c","id":"6a7bb1af-5225-4683-bb1f-a6736ccafa24","name":"win10","type":"winlogbeat","version":"7.15.2","hostname":"win10"},"host":{"os":{"version":"10.0","family":"windows","name":"Windows 10 Enterprise Evaluation","kernel":"10.0.18362.418 (WinBuild.160101.0800)","build":"18363.418","type":"windows","platform":"windows"},"id":"04787c88-5486-46f2-93fc-7f6805a92d42","ip":["192.168.56.107","10.0.2.15"],"name":"win10.windomain.local","mac":["08:00:27:c5:40:cf","08:00:27:47:b4:2e"],"hostname":"win10","architecture":"x86_64"},"process":{"pid":4192,"thread":{"id":6796},"entity_id":"{04787c88-fdd6-623a-7601-000000000c00}","executable":"C:\\Users\\Public\\sandcat.exe","name":"sandcat.exe","param2":null},"winlog":{"channel":"Microsoft-Windows-Sysmon/Operational","event_id":"10","api":"wineventlog","record_id":8971,"computer_name":"win10.windomain.local","provider_name":"Microsoft-Windows-Sysmon","provider_guid":"{5770385f-c22a-43e0-bf4c-06f5698ffbd9}","keywords":null,"event_data":{"param2":null,"param1":null}},"event":{"kind":"event","provider":"Microsoft-Windows-Sysmon","created":"2022-03-23T11:11:09.026Z","code":"10"},"log":{"level":"information"},"verdict":"Benign"},{"@timestamp":"2022-03-23T11:11:07.445Z","@metadata":{"beat":"winlogbeat","type":"_doc","version":"7.15.2"},"message":"Process Create:\nRuleName: technique_id=T1018,technique_name=Remote System Discovery\nUtcTime: 2022-03-23 11:11:07.445\nProcessGuid: {04787c88-004b-623b-b801-000000000c00}\nProcessId: 4056\nImage: C:\\Windows\\System32\\net.exe\nFileVersion: 10.0.18362.1 (WinBuild.160101.0800)\nDescription: Net Command\nProduct: Microsoft® Windows® Operating System\nCompany: Microsoft Corporation\nOriginalFileName: net.exe\nCommandLine: net  config workstation\nCurrentDirectory: C:\\Windows\\system32\\\nUser: WIN10\\vagrant\nLogonGuid: {04787c88-f86a-623a-be16-040000000000}\nLogonId: 0x416BE\nTerminalSessionId: 1\nIntegrityLevel: High\nHashes: SHA1=5B9EA3C45A11D4AEB1B1AC0F72C4C19308FC7D0B,MD5=A63DF9A6E9098CC189F2A3EFC37600F6,SHA256=96CDFD7B263947A6A7C0DB54141A6B8D7777DB0A03A17CBF95666D98422F937B,IMPHASH=57F0C47AE2A1A2C06C8B987372AB0B07\nParentProcessGuid: {04787c88-004b-623b-b701-000000000c00}\nParentProcessId: 1656\nParentImage: C:\\Windows\\System32\\cmd.exe\nParentCommandLine: cmd.exe /C net config workstation\nParentUser: WIN10\\vagrant","ecs":{"version":"1.11.0"},"agent":{"ephemeral_id":"2a39ce90-bef1-48a2-9e5f-bcaee6f2b27c","id":"6a7bb1af-5225-4683-bb1f-a6736ccafa24","name":"win10","type":"winlogbeat","version":"7.15.2","hostname":"win10"},"host":{"os":{"version":"10.0","family":"windows","name":"Windows 10 Enterprise Evaluation","kernel":"10.0.18362.418 (WinBuild.160101.0800)","build":"18363.418","type":"windows","platform":"windows"},"id":"04787c88-5486-46f2-93fc-7f6805a92d42","ip":["192.168.56.107","10.0.2.15"],"name":"win10.windomain.local","mac":["08:00:27:c5:40:cf","08:00:27:47:b4:2e"],"hostname":"win10","architecture":"x86_64"},"process":{"pid":4056,"thread":null,"entity_id":"{04787c88-004b-623b-b801-000000000c00}","executable":"C:\\Windows\\System32\\net.exe","name":"net.exe","param2":null},"winlog":{"channel":"Microsoft-Windows-Sysmon/Operational","event_id":"1","api":"wineventlog","record_id":8972,"computer_name":"win10.windomain.local","provider_name":"Microsoft-Windows-Sysmon","provider_guid":"{5770385f-c22a-43e0-bf4c-06f5698ffbd9}","keywords":null,"event_data":{"param2":null,"param1":null}},"event":{"kind":"event","provider":"Microsoft-Windows-Sysmon","created":"2022-03-23T11:11:09.026Z","code":"1"},"log":{"level":"information"},"verdict":"Benign"},{"@timestamp":"2022-03-23T11:11:07.456Z","@metadata":{"beat":"winlogbeat","type":"_doc","version":"7.15.2"},"message":"Process Create:\nRuleName: technique_id=T1018,technique_name=Remote System Discovery\nUtcTime: 2022-03-23 11:11:07.456\nProcessGuid: {04787c88-004b-623b-b901-000000000c00}\nProcessId: 5664\nImage: C:\\Windows\\System32\\net1.exe\nFileVersion: 10.0.18362.1 (WinBuild.160101.0800)\nDescription: Net Command\nProduct: Microsoft® Windows® Operating System\nCompany: Microsoft Corporation\nOriginalFileName: net1.exe\nCommandLine: C:\\Windows\\system32\\net1  config workstation\nCurrentDirectory: C:\\Windows\\system32\\\nUser: WIN10\\vagrant\nLogonGuid: {04787c88-f86a-623a-be16-040000000000}\nLogonId: 0x416BE\nTerminalSessionId: 1\nIntegrityLevel: High\nHashes: SHA1=F0DEA8E671AADFBBF76E6E4A8A9118195961C3CB,MD5=0F641F87A791AE07C00A725BBBD77724,SHA256=286E7F127B06386BD1CC9664851848F483A867F0F604AA352893151068715FAA,IMPHASH=41DBA1AF77E1A2260F0CE46D59ADCB5E\nParentProcessGuid: {04787c88-004b-623b-b801-000000000c00}\nParentProcessId: 4056\nParentImage: C:\\Windows\\System32\\net.exe\nParentCommandLine: net  config workstation\nParentUser: WIN10\\vagrant","ecs":{"version":"1.11.0"},"agent":{"ephemeral_id":"2a39ce90-bef1-48a2-9e5f-bcaee6f2b27c","id":"6a7bb1af-5225-4683-bb1f-a6736ccafa24","name":"win10","type":"winlogbeat","version":"7.15.2","hostname":"win10"},"host":{"os":{"version":"10.0","family":"windows","name":"Windows 10 Enterprise Evaluation","kernel":"10.0.18362.418 (WinBuild.160101.0800)","build":"18363.418","type":"windows","platform":"windows"},"id":"04787c88-5486-46f2-93fc-7f6805a92d42","ip":["192.168.56.107","10.0.2.15"],"name":"win10.windomain.local","mac":["08:00:27:c5:40:cf","08:00:27:47:b4:2e"],"hostname":"win10","architecture":"x86_64"},"process":{"pid":5664,"thread":null,"entity_id":"{04787c88-004b-623b-b901-000000000c00}","executable":"C:\\Windows\\System32\\net1.exe","name":"net1.exe","param2":null},"winlog":{"channel":"Microsoft-Windows-Sysmon/Operational","event_id":"1","api":"wineventlog","record_id":8973,"computer_name":"win10.windomain.local","provider_name":"Microsoft-Windows-Sysmon","provider_guid":"{5770385f-c22a-43e0-bf4c-06f5698ffbd9}","keywords":null,"event_data":{"param2":null,"param1":null}},"event":{"kind":"event","provider":"Microsoft-Windows-Sysmon","created":"2022-03-23T11:11:09.026Z","code":"1"},"log":{"level":"information"},"verdict":"Benign"},{"@timestamp":"2022-03-23T11:11:26.610Z","@metadata":{"beat":"winlogbeat","type":"_doc","version":"7.15.2"},"message":"Process Create:\nRuleName: technique_id=T1059.001,technique_name=PowerShell\nUtcTime: 2022-03-23 11:11:26.610\nProcessGuid: {04787c88-005e-623b-ba01-000000000c00}\nProcessId: 3908\nImage: C:\\Windows\\System32\\WindowsPowerShell\\v1.0\\powershell.exe\nFileVersion: 10.0.18362.1 (WinBuild.160101.0800)\nDescription: Windows PowerShell\nProduct: Microsoft® Windows® Operating System\nCompany: Microsoft Corporation\nOriginalFileName: PowerShell.EXE\nCommandLine: powershell.exe -ExecutionPolicy Bypass -C \"if (! $(test-path -path \\\"C:\\Program Files\\SysInternalsSuite\\\")) {  write-host \\\"[!] The path C:\\Program Files\\SysInternalsSuite does not exist. Execution has stopped.\\\";  exit 1;}Set-Location -path \\\"C:\\Program Files\\SysInternalsSuite\\\";if (test-path -path \\\".\\psversion.txt\\\" ) {  move-item .\\psversion.txt psversion.ps1 -Force;}  write-host \\\"[+] File psversion.ps1 staged to be imported.\\\"\"\nCurrentDirectory: C:\\Users\\vagrant\\\nUser: WIN10\\vagrant\nLogonGuid: {04787c88-f86a-623a-be16-040000000000}\nLogonId: 0x416BE\nTerminalSessionId: 1\nIntegrityLevel: High\nHashes: SHA1=36C5D12033B2EAF251BAE61C00690FFB17FDDC87,MD5=CDA48FC75952AD12D99E526D0B6BF70A,SHA256=908B64B1971A979C7E3E8CE4621945CBA84854CB98D76367B791A6E22B5F6D53,IMPHASH=A7CEFACDDA74B13CD330390769752481\nParentProcessGuid: {04787c88-f96f-623a-ea00-000000000c00}\nParentProcessId: 5344\nParentImage: C:\\Users\\Public\\sandcat.go-windows.exe\nParentCommandLine: \"C:\\Users\\Public\\sandcat.go-windows.exe\" -server http://192.168.56.104:8888 -group red -listenP2P -v \nParentUser: WIN10\\vagrant","ecs":{"version":"1.11.0"},"agent":{"ephemeral_id":"2a39ce90-bef1-48a2-9e5f-bcaee6f2b27c","id":"6a7bb1af-5225-4683-bb1f-a6736ccafa24","name":"win10","type":"winlogbeat","version":"7.15.2","hostname":"win10"},"host":{"os":{"version":"10.0","family":"windows","name":"Windows 10 Enterprise Evaluation","kernel":"10.0.18362.418 (WinBuild.160101.0800)","build":"18363.418","type":"windows","platform":"windows"},"id":"04787c88-5486-46f2-93fc-7f6805a92d42","ip":["192.168.56.107","10.0.2.15"],"name":"win10.windomain.local","mac":["08:00:27:c5:40:cf","08:00:27:47:b4:2e"],"hostname":"win10","architecture":"x86_64"},"process":{"pid":3908,"thread":null,"entity_id":"{04787c88-005e-623b-ba01-000000000c00}","executable":"C:\\Windows\\System32\\WindowsPowerShell\\v1.0\\powershell.exe","name":"powershell.exe","param2":null},"winlog":{"channel":"Microsoft-Windows-Sysmon/Operational","event_id":"1","api":"wineventlog","record_id":8974,"computer_name":"win10.windomain.local","provider_name":"Microsoft-Windows-Sysmon","provider_guid":"{5770385f-c22a-43e0-bf4c-06f5698ffbd9}","keywords":null,"event_data":{"param2":null,"param1":null}},"event":{"kind":"event","provider":"Microsoft-Windows-Sysmon","created":"2022-03-23T11:11:28.271Z","code":"1"},"log":{"level":"information"},"verdict":"Benign"},{"@timestamp":"2022-03-23T11:11:26.611Z","@metadata":{"beat":"winlogbeat","type":"_doc","version":"7.15.2"},"message":"Process accessed:\nRuleName: technique_id=T1036,technique_name=Masquerading\nUtcTime: 2022-03-23 11:11:26.611\nSourceProcessGUID: {04787c88-f96f-623a-ea00-000000000c00}\nSourceProcessId: 5344\nSourceThreadId: 1692\nSourceImage: C:\\Users\\Public\\sandcat.go-windows.exe\nTargetProcessGUID: {04787c88-005e-623b-ba01-000000000c00}\nTargetProcessId: 3908\nTargetImage: C:\\Windows\\System32\\WindowsPowerShell\\v1.0\\powershell.exe\nGrantedAccess: 0x1FFFFF\nCallTrace: C:\\Windows\\SYSTEM32\\ntdll.dll+9d934|C:\\Windows\\System32\\KERNELBASE.dll+5f32a|C:\\Windows\\System32\\KERNELBASE.dll+5bcc6|C:\\Windows\\System32\\KERNEL32.DLL+1be93|C:\\Users\\Public\\sandcat.go-windows.exe+644be\nSourceUser: WIN10\\vagrant\nTargetUser: WIN10\\vagrant","ecs":{"version":"1.11.0"},"agent":{"ephemeral_id":"2a39ce90-bef1-48a2-9e5f-bcaee6f2b27c","id":"6a7bb1af-5225-4683-bb1f-a6736ccafa24","name":"win10","type":"winlogbeat","version":"7.15.2","hostname":"win10"},"host":{"os":{"version":"10.0","family":"windows","name":"Windows 10 Enterprise Evaluation","kernel":"10.0.18362.418 (WinBuild.160101.0800)","build":"18363.418","type":"windows","platform":"windows"},"id":"04787c88-5486-46f2-93fc-7f6805a92d42","ip":["192.168.56.107","10.0.2.15"],"name":"win10.windomain.local","mac":["08:00:27:c5:40:cf","08:00:27:47:b4:2e"],"hostname":"win10","architecture":"x86_64"},"process":{"pid":5344,"thread":{"id":1692},"entity_id":"{04787c88-f96f-623a-ea00-000000000c00}","executable":"C:\\Users\\Public\\sandcat.go-windows.exe","name":"sandcat.go-windows.exe","param2":null},"winlog":{"channel":"Microsoft-Windows-Sysmon/Operational","event_id":"10","api":"wineventlog","record_id":8975,"computer_name":"win10.windomain.local","provider_name":"Microsoft-Windows-Sysmon","provider_guid":"{5770385f-c22a-43e0-bf4c-06f5698ffbd9}","keywords":null,"event_data":{"param2":null,"param1":null}},"event":{"kind":"event","provider":"Microsoft-Windows-Sysmon","created":"2022-03-23T11:11:28.272Z","code":"10"},"log":{"level":"information"},"verdict":"Benign"},{"@timestamp":"2022-03-23T11:11:26.644Z","@metadata":{"beat":"winlogbeat","type":"_doc","version":"7.15.2"},"message":"Image loaded:\nRuleName: technique_id=T1059.001,technique_name=PowerShell\nUtcTime: 2022-03-23 11:11:26.644\nProcessGuid: {04787c88-005e-623b-ba01-000000000c00}\nProcessId: 3908\nImage: C:\\Windows\\System32\\WindowsPowerShell\\v1.0\\powershell.exe\nImageLoaded: C:\\Windows\\assembly\\NativeImages_v4.0.30319_64\\System.Manaa57fc8cc#\\6b621f0fd6cc913157b16d8a0cfdc3ec\\System.Management.Automation.ni.dll\nFileVersion: 10.0.18362.145\nDescription: System.Management.Automation\nProduct: Microsoft (R) Windows (R) Operating System\nCompany: Microsoft Corporation\nOriginalFileName: System.Management.Automation.dll\nHashes: SHA1=A03FCAE0C1F4BC4A81F0819DBB94289C373B1052,MD5=B18E1C187DAEB6C9B195BDD2EFDC20C7,SHA256=D36AD842C5E44483BDBBDF13D045AD5A64A9DDD5C1BAB89E81B12299D89DFC27,IMPHASH=00000000000000000000000000000000\nSigned: false\nSignature: -\nSignatureStatus: Unavailable\nUser: WIN10\\vagrant","ecs":{"version":"1.11.0"},"agent":{"ephemeral_id":"2a39ce90-bef1-48a2-9e5f-bcaee6f2b27c","id":"6a7bb1af-5225-4683-bb1f-a6736ccafa24","name":"win10","type":"winlogbeat","version":"7.15.2","hostname":"win10"},"host":{"os":{"version":"10.0","family":"windows","name":"Windows 10 Enterprise Evaluation","kernel":"10.0.18362.418 (WinBuild.160101.0800)","build":"18363.418","type":"windows","platform":"windows"},"id":"04787c88-5486-46f2-93fc-7f6805a92d42","ip":["192.168.56.107","10.0.2.15"],"name":"win10.windomain.local","mac":["08:00:27:c5:40:cf","08:00:27:47:b4:2e"],"hostname":"win10","architecture":"x86_64"},"process":{"pid":3908,"thread":null,"entity_id":"{04787c88-005e-623b-ba01-000000000c00}","executable":"C:\\Windows\\System32\\WindowsPowerShell\\v1.0\\powershell.exe","name":"powershell.exe","param2":null},"winlog":{"channel":"Microsoft-Windows-Sysmon/Operational","event_id":"7","api":"wineventlog","record_id":8976,"computer_name":"win10.windomain.local","provider_name":"Microsoft-Windows-Sysmon","provider_guid":"{5770385f-c22a-43e0-bf4c-06f5698ffbd9}","keywords":null,"event_data":{"param2":null,"param1":null}},"event":{"kind":"event","provider":"Microsoft-Windows-Sysmon","created":"2022-03-23T11:11:28.272Z","code":"7"},"log":{"level":"information"},"verdict":"Benign"},{"@timestamp":"2022-03-23T11:11:26.675Z","@metadata":{"beat":"winlogbeat","type":"_doc","version":"7.15.2"},"message":"Registry object added or deleted:\nRuleName: technique_id=T1130,technique_name=Install Root Certificate\nEventType: CreateKey\nUtcTime: 2022-03-23 11:11:26.675\nProcessGuid: {04787c88-005e-623b-ba01-000000000c00}\nProcessId: 3908\nImage: C:\\Windows\\System32\\WindowsPowerShell\\v1.0\\powershell.exe\nTargetObject: HKU\\S-1-5-21-1265589927-3242731326-451682020-1000\\Software\\Microsoft\\SystemCertificates\\Root\\Certificates\nUser: WIN10\\vagrant","ecs":{"version":"1.11.0"},"agent":{"ephemeral_id":"2a39ce90-bef1-48a2-9e5f-bcaee6f2b27c","id":"6a7bb1af-5225-4683-bb1f-a6736ccafa24","name":"win10","type":"winlogbeat","version":"7.15.2","hostname":"win10"},"host":{"os":{"version":"10.0","family":"windows","name":"Windows 10 Enterprise Evaluation","kernel":"10.0.18362.418 (WinBuild.160101.0800)","build":"18363.418","type":"windows","platform":"windows"},"id":"04787c88-5486-46f2-93fc-7f6805a92d42","ip":["192.168.56.107","10.0.2.15"],"name":"win10.windomain.local","mac":["08:00:27:c5:40:cf","08:00:27:47:b4:2e"],"hostname":"win10","architecture":"x86_64"},"process":{"pid":3908,"thread":null,"entity_id":"{04787c88-005e-623b-ba01-000000000c00}","executable":"C:\\Windows\\System32\\WindowsPowerShell\\v1.0\\powershell.exe","name":"powershell.exe","param2":null},"winlog":{"channel":"Microsoft-Windows-Sysmon/Operational","event_id":"12","api":"wineventlog","record_id":8977,"computer_name":"win10.windomain.local","provider_name":"Microsoft-Windows-Sysmon","provider_guid":"{5770385f-c22a-43e0-bf4c-06f5698ffbd9}","keywords":null,"event_data":{"param2":null,"param1":null}},"event":{"kind":"event","provider":"Microsoft-Windows-Sysmon","created":"2022-03-23T11:11:28.272Z","code":"12"},"log":{"level":"information"},"verdict":"Benign"},{"@timestamp":"2022-03-23T11:11:26.675Z","@metadata":{"beat":"winlogbeat","type":"_doc","version":"7.15.2"},"message":"Registry object added or deleted:\nRuleName: technique_id=T1130,technique_name=Install Root Certificate\nEventType: CreateKey\nUtcTime: 2022-03-23 11:11:26.675\nProcessGuid: {04787c88-005e-623b-ba01-000000000c00}\nProcessId: 3908\nImage: C:\\Windows\\System32\\WindowsPowerShell\\v1.0\\powershell.exe\nTargetObject: HKLM\\SOFTWARE\\Microsoft\\SystemCertificates\\ROOT\\Certificates\nUser: WIN10\\vagrant","ecs":{"version":"1.11.0"},"agent":{"ephemeral_id":"2a39ce90-bef1-48a2-9e5f-bcaee6f2b27c","id":"6a7bb1af-5225-4683-bb1f-a6736ccafa24","name":"win10","type":"winlogbeat","version":"7.15.2","hostname":"win10"},"host":{"os":{"version":"10.0","family":"windows","name":"Windows 10 Enterprise Evaluation","kernel":"10.0.18362.418 (WinBuild.160101.0800)","build":"18363.418","type":"windows","platform":"windows"},"id":"04787c88-5486-46f2-93fc-7f6805a92d42","ip":["192.168.56.107","10.0.2.15"],"name":"win10.windomain.local","mac":["08:00:27:c5:40:cf","08:00:27:47:b4:2e"],"hostname":"win10","architecture":"x86_64"},"process":{"pid":3908,"thread":null,"entity_id":"{04787c88-005e-623b-ba01-000000000c00}","executable":"C:\\Windows\\System32\\WindowsPowerShell\\v1.0\\powershell.exe","name":"powershell.exe","param2":null},"winlog":{"channel":"Microsoft-Windows-Sysmon/Operational","event_id":"12","api":"wineventlog","record_id":8978,"computer_name":"win10.windomain.local","provider_name":"Microsoft-Windows-Sysmon","provider_guid":"{5770385f-c22a-43e0-bf4c-06f5698ffbd9}","keywords":null,"event_data":{"param2":null,"param1":null}},"event":{"kind":"event","provider":"Microsoft-Windows-Sysmon","created":"2022-03-23T11:11:28.272Z","code":"12"},"log":{"level":"information"},"verdict":"Benign"},{"@timestamp":"2022-03-23T11:11:26.690Z","@metadata":{"beat":"winlogbeat","type":"_doc","version":"7.15.2"},"message":"Registry object added or deleted:\nRuleName: technique_id=T1130,technique_name=Install Root Certificate\nEventType: CreateKey\nUtcTime: 2022-03-23 11:11:26.690\nProcessGuid: {04787c88-005e-623b-ba01-000000000c00}\nProcessId: 3908\nImage: C:\\Windows\\System32\\WindowsPowerShell\\v1.0\\powershell.exe\nTargetObject: HKLM\\SOFTWARE\\Microsoft\\EnterpriseCertificates\\Root\\Certificates\nUser: WIN10\\vagrant","ecs":{"version":"1.11.0"},"agent":{"ephemeral_id":"2a39ce90-bef1-48a2-9e5f-bcaee6f2b27c","id":"6a7bb1af-5225-4683-bb1f-a6736ccafa24","name":"win10","type":"winlogbeat","version":"7.15.2","hostname":"win10"},"host":{"os":{"version":"10.0","family":"windows","name":"Windows 10 Enterprise Evaluation","kernel":"10.0.18362.418 (WinBuild.160101.0800)","build":"18363.418","type":"windows","platform":"windows"},"id":"04787c88-5486-46f2-93fc-7f6805a92d42","ip":["192.168.56.107","10.0.2.15"],"name":"win10.windomain.local","mac":["08:00:27:c5:40:cf","08:00:27:47:b4:2e"],"hostname":"win10","architecture":"x86_64"},"process":{"pid":3908,"thread":null,"entity_id":"{04787c88-005e-623b-ba01-000000000c00}","executable":"C:\\Windows\\System32\\WindowsPowerShell\\v1.0\\powershell.exe","name":"powershell.exe","param2":null},"winlog":{"channel":"Microsoft-Windows-Sysmon/Operational","event_id":"12","api":"wineventlog","record_id":8979,"computer_name":"win10.windomain.local","provider_name":"Microsoft-Windows-Sysmon","provider_guid":"{5770385f-c22a-43e0-bf4c-06f5698ffbd9}","keywords":null,"event_data":{"param2":null,"param1":null}},"event":{"kind":"event","provider":"Microsoft-Windows-Sysmon","created":"2022-03-23T11:11:28.272Z","code":"12"},"log":{"level":"information"},"verdict":"Benign"},{"@timestamp":"2022-03-23T11:11:26.722Z","@metadata":{"beat":"winlogbeat","type":"_doc","version":"7.15.2"},"message":"File created:\nRuleName: technique_id=T1059.001,technique_name=PowerShell\nUtcTime: 2022-03-23 11:11:26.722\nProcessGuid: {04787c88-005e-623b-ba01-000000000c00}\nProcessId: 3908\nImage: C:\\Windows\\System32\\WindowsPowerShell\\v1.0\\powershell.exe\nTargetFilename: C:\\Users\\vagrant\\AppData\\Local\\Temp\\__PSScriptPolicyTest_w52kmun2.mab.ps1\nCreationUtcTime: 2022-03-23 11:11:26.722\nUser: WIN10\\vagrant","ecs":{"version":"1.11.0"},"agent":{"ephemeral_id":"2a39ce90-bef1-48a2-9e5f-bcaee6f2b27c","id":"6a7bb1af-5225-4683-bb1f-a6736ccafa24","name":"win10","type":"winlogbeat","version":"7.15.2","hostname":"win10"},"host":{"os":{"version":"10.0","family":"windows","name":"Windows 10 Enterprise Evaluation","kernel":"10.0.18362.418 (WinBuild.160101.0800)","build":"18363.418","type":"windows","platform":"windows"},"id":"04787c88-5486-46f2-93fc-7f6805a92d42","ip":["192.168.56.107","10.0.2.15"],"name":"win10.windomain.local","mac":["08:00:27:c5:40:cf","08:00:27:47:b4:2e"],"hostname":"win10","architecture":"x86_64"},"process":{"pid":3908,"thread":null,"entity_id":"{04787c88-005e-623b-ba01-000000000c00}","executable":"C:\\Windows\\System32\\WindowsPowerShell\\v1.0\\powershell.exe","name":"powershell.exe","param2":null},"winlog":{"channel":"Microsoft-Windows-Sysmon/Operational","event_id":"11","api":"wineventlog","record_id":8980,"computer_name":"win10.windomain.local","provider_name":"Microsoft-Windows-Sysmon","provider_guid":"{5770385f-c22a-43e0-bf4c-06f5698ffbd9}","keywords":null,"event_data":{"param2":null,"param1":null}},"event":{"kind":"event","provider":"Microsoft-Windows-Sysmon","created":"2022-03-23T11:11:28.272Z","code":"11"},"log":{"level":"information"},"verdict":"Benign"},{"@timestamp":"2022-03-23T11:11:26.738Z","@metadata":{"beat":"winlogbeat","type":"_doc","version":"7.15.2"},"message":"File Delete archived:\nRuleName: -\nUtcTime: 2022-03-23 11:11:26.738\nProcessGuid: {04787c88-005e-623b-ba01-000000000c00}\nProcessId: 3908\nUser: WIN10\\vagrant\nImage: C:\\Windows\\System32\\WindowsPowerShell\\v1.0\\powershell.exe\nTargetFilename: C:\\Users\\vagrant\\AppData\\Local\\Temp\\__PSScriptPolicyTest_w52kmun2.mab.ps1\nHashes: SHA1=6AB83620379FC69F80C0242105DDFFD7D98D5D9D,MD5=D17FE0A3F47BE24A6453E9EF58C94641,SHA256=96AD1146EB96877EAB5942AE0736B82D8B5E2039A80D3D6932665C1A4C87DCF7,IMPHASH=00000000000000000000000000000000\nIsExecutable: false\nArchived: true","ecs":{"version":"1.11.0"},"agent":{"ephemeral_id":"2a39ce90-bef1-48a2-9e5f-bcaee6f2b27c","id":"6a7bb1af-5225-4683-bb1f-a6736ccafa24","name":"win10","type":"winlogbeat","version":"7.15.2","hostname":"win10"},"host":{"os":{"version":"10.0","family":"windows","name":"Windows 10 Enterprise Evaluation","kernel":"10.0.18362.418 (WinBuild.160101.0800)","build":"18363.418","type":"windows","platform":"windows"},"id":"04787c88-5486-46f2-93fc-7f6805a92d42","ip":["192.168.56.107","10.0.2.15"],"name":"win10.windomain.local","mac":["08:00:27:c5:40:cf","08:00:27:47:b4:2e"],"hostname":"win10","architecture":"x86_64"},"process":{"pid":3908,"thread":null,"entity_id":"{04787c88-005e-623b-ba01-000000000c00}","executable":"C:\\Windows\\System32\\WindowsPowerShell\\v1.0\\powershell.exe","name":"powershell.exe","param2":null},"winlog":{"channel":"Microsoft-Windows-Sysmon/Operational","event_id":"23","api":"wineventlog","record_id":8981,"computer_name":"win10.windomain.local","provider_name":"Microsoft-Windows-Sysmon","provider_guid":"{5770385f-c22a-43e0-bf4c-06f5698ffbd9}","keywords":null,"event_data":null},"event":{"kind":"event","provider":"Microsoft-Windows-Sysmon","created":"2022-03-23T11:11:28.273Z","code":"23"},"log":{"level":"information"},"verdict":"Benign"},{"@timestamp":"2022-03-23T11:11:28.216Z","@metadata":{"beat":"winlogbeat","type":"_doc","version":"7.15.2"},"message":"File created:\nRuleName: -\nUtcTime: 2022-03-23 11:11:28.216\nProcessGuid: {04787c88-005e-623b-ba01-000000000c00}\nProcessId: 3908\nImage: C:\\Windows\\System32\\WindowsPowerShell\\v1.0\\powershell.exe\nTargetFilename: C:\\Users\\vagrant\\AppData\\Local\\Microsoft\\Windows\\PowerShell\\StartupProfileData-NonInteractive\nCreationUtcTime: 2020-09-26 20:35:42.672\nUser: WIN10\\vagrant","ecs":{"version":"1.11.0"},"agent":{"ephemeral_id":"2a39ce90-bef1-48a2-9e5f-bcaee6f2b27c","id":"6a7bb1af-5225-4683-bb1f-a6736ccafa24","name":"win10","type":"winlogbeat","version":"7.15.2","hostname":"win10"},"host":{"os":{"version":"10.0","family":"windows","name":"Windows 10 Enterprise Evaluation","kernel":"10.0.18362.418 (WinBuild.160101.0800)","build":"18363.418","type":"windows","platform":"windows"},"id":"04787c88-5486-46f2-93fc-7f6805a92d42","ip":["192.168.56.107","10.0.2.15"],"name":"win10.windomain.local","mac":["08:00:27:c5:40:cf","08:00:27:47:b4:2e"],"hostname":"win10","architecture":"x86_64"},"process":{"pid":3908,"thread":null,"entity_id":"{04787c88-005e-623b-ba01-000000000c00}","executable":"C:\\Windows\\System32\\WindowsPowerShell\\v1.0\\powershell.exe","name":"powershell.exe","param2":null},"winlog":{"channel":"Microsoft-Windows-Sysmon/Operational","event_id":"11","api":"wineventlog","record_id":8982,"computer_name":"win10.windomain.local","provider_name":"Microsoft-Windows-Sysmon","provider_guid":"{5770385f-c22a-43e0-bf4c-06f5698ffbd9}","keywords":null,"event_data":{"param2":null,"param1":null}},"event":{"kind":"event","provider":"Microsoft-Windows-Sysmon","created":"2022-03-23T11:11:29.302Z","code":"11"},"log":{"level":"information"},"verdict":"Benign"},