{"@timestamp":"2022-03-23T11:15:29.608Z","@metadata":{"beat":"winlogbeat","type":"_doc","version":"7.15.2"},"message":"Process Create:\nRuleName: technique_id=T1018,technique_name=Remote System Discovery\nUtcTime: 2022-03-23 11:15:29.608\nProcessGuid: {04787c88-0151-623b-e801-000000000c00}\nProcessId: 3108\nImage: C:\\Windows\\System32\\net.exe\nFileVersion: 10.0.18362.1 (WinBuild.160101.0800)\nDescription: Net Command\nProduct: Microsoft® Windows® Operating System\nCompany: Microsoft Corporation\nOriginalFileName: net.exe\nCommandLine: net  user vagrant /domain\nCurrentDirectory: C:\\Windows\\system32\\\nUser: WIN10\\vagrant\nLogonGuid: {04787c88-f86a-623a-be16-040000000000}\nLogonId: 0x416BE\nTerminalSessionId: 1\nIntegrityLevel: High\nHashes: SHA1=5B9EA3C45A11D4AEB1B1AC0F72C4C19308FC7D0B,MD5=A63DF9A6E9098CC189F2A3EFC37600F6,SHA256=96CDFD7B263947A6A7C0DB54141A6B8D7777DB0A03A17CBF95666D98422F937B,IMPHASH=57F0C47AE2A1A2C06C8B987372AB0B07\nParentProcessGuid: {04787c88-0151-623b-e701-000000000c00}\nParentProcessId: 4008\nParentImage: C:\\Windows\\System32\\cmd.exe\nParentCommandLine: cmd.exe /C net user %USERNAME% /domain\nParentUser: WIN10\\vagrant","ecs":{"version":"1.11.0"},"agent":{"ephemeral_id":"2a39ce90-bef1-48a2-9e5f-bcaee6f2b27c","id":"6a7bb1af-5225-4683-bb1f-a6736ccafa24","name":"win10","type":"winlogbeat","version":"7.15.2","hostname":"win10"},"host":{"os":{"version":"10.0","family":"windows","name":"Windows 10 Enterprise Evaluation","kernel":"10.0.18362.418 (WinBuild.160101.0800)","build":"18363.418","type":"windows","platform":"windows"},"id":"04787c88-5486-46f2-93fc-7f6805a92d42","ip":["192.168.56.107","10.0.2.15"],"name":"win10.windomain.local","mac":["08:00:27:c5:40:cf","08:00:27:47:b4:2e"],"hostname":"win10","architecture":"x86_64"},"process":{"pid":3108,"thread":null,"entity_id":"{04787c88-0151-623b-e801-000000000c00}","executable":"C:\\Windows\\System32\\net.exe","name":"net.exe","param2":null},"winlog":{"channel":"Microsoft-Windows-Sysmon/Operational","event_id":"1","api":"wineventlog","record_id":9077,"computer_name":"win10.windomain.local","provider_name":"Microsoft-Windows-Sysmon","provider_guid":"{5770385f-c22a-43e0-bf4c-06f5698ffbd9}","keywords":null,"event_data":{"param2":null,"param1":null}},"event":{"kind":"event","provider":"Microsoft-Windows-Sysmon","created":"2022-03-23T11:15:30.826Z","code":"1"},"log":{"level":"information"},"verdict":"Benign"},{"@timestamp":"2022-03-23T11:15:29.617Z","@metadata":{"beat":"winlogbeat","type":"_doc","version":"7.15.2"},"message":"Process Create:\nRuleName: technique_id=T1018,technique_name=Remote System Discovery\nUtcTime: 2022-03-23 11:15:29.617\nProcessGuid: {04787c88-0151-623b-e901-000000000c00}\nProcessId: 2368\nImage: C:\\Windows\\System32\\net1.exe\nFileVersion: 10.0.18362.1 (WinBuild.160101.0800)\nDescription: Net Command\nProduct: Microsoft® Windows® Operating System\nCompany: Microsoft Corporation\nOriginalFileName: net1.exe\nCommandLine: C:\\Windows\\system32\\net1  user vagrant /domain\nCurrentDirectory: C:\\Windows\\system32\\\nUser: WIN10\\vagrant\nLogonGuid: {04787c88-f86a-623a-be16-040000000000}\nLogonId: 0x416BE\nTerminalSessionId: 1\nIntegrityLevel: High\nHashes: SHA1=F0DEA8E671AADFBBF76E6E4A8A9118195961C3CB,MD5=0F641F87A791AE07C00A725BBBD77724,SHA256=286E7F127B06386BD1CC9664851848F483A867F0F604AA352893151068715FAA,IMPHASH=41DBA1AF77E1A2260F0CE46D59ADCB5E\nParentProcessGuid: {04787c88-0151-623b-e801-000000000c00}\nParentProcessId: 3108\nParentImage: C:\\Windows\\System32\\net.exe\nParentCommandLine: net  user vagrant /domain\nParentUser: WIN10\\vagrant","ecs":{"version":"1.11.0"},"agent":{"ephemeral_id":"2a39ce90-bef1-48a2-9e5f-bcaee6f2b27c","id":"6a7bb1af-5225-4683-bb1f-a6736ccafa24","name":"win10","type":"winlogbeat","version":"7.15.2","hostname":"win10"},"host":{"os":{"version":"10.0","family":"windows","name":"Windows 10 Enterprise Evaluation","kernel":"10.0.18362.418 (WinBuild.160101.0800)","build":"18363.418","type":"windows","platform":"windows"},"id":"04787c88-5486-46f2-93fc-7f6805a92d42","ip":["192.168.56.107","10.0.2.15"],"name":"win10.windomain.local","mac":["08:00:27:c5:40:cf","08:00:27:47:b4:2e"],"hostname":"win10","architecture":"x86_64"},"process":{"pid":2368,"thread":null,"entity_id":"{04787c88-0151-623b-e901-000000000c00}","executable":"C:\\Windows\\System32\\net1.exe","name":"net1.exe","param2":null},"winlog":{"channel":"Microsoft-Windows-Sysmon/Operational","event_id":"1","api":"wineventlog","record_id":9078,"computer_name":"win10.windomain.local","provider_name":"Microsoft-Windows-Sysmon","provider_guid":"{5770385f-c22a-43e0-bf4c-06f5698ffbd9}","keywords":null,"event_data":{"param2":null,"param1":null}},"event":{"kind":"event","provider":"Microsoft-Windows-Sysmon","created":"2022-03-23T11:15:30.826Z","code":"1"},"log":{"level":"information"},"verdict":"Benign"},{"@timestamp":"2022-03-23T11:16:01.816Z","@metadata":{"beat":"winlogbeat","type":"_doc","version":"7.15.2"},"message":"Process Create:\nRuleName: technique_id=T1059.001,technique_name=PowerShell\nUtcTime: 2022-03-23 11:16:01.816\nProcessGuid: {04787c88-0171-623b-eb01-000000000c00}\nProcessId: 3232\nImage: C:\\Windows\\System32\\WindowsPowerShell\\v1.0\\powershell.exe\nFileVersion: 10.0.18362.1 (WinBuild.160101.0800)\nDescription: Windows PowerShell\nProduct: Microsoft® Windows® Operating System\nCompany: Microsoft Corporation\nOriginalFileName: PowerShell.EXE\nCommandLine: powershell.exe -ExecutionPolicy Bypass -C \"Invoke-Command -ComputerName \\\"$(hostname)\\\" -ScriptBlock { Get-Process -IncludeUserName | Select-Object UserName,SessionId | Where-Object { $_.UserName -like \\\"*\\$env:USERNAME\\\" } | Sort-Object SessionId -Unique } | Select-Object UserName,SessionId -Last 1;\"\nCurrentDirectory: C:\\Users\\vagrant\\\nUser: WIN10\\vagrant\nLogonGuid: {04787c88-f86a-623a-be16-040000000000}\nLogonId: 0x416BE\nTerminalSessionId: 1\nIntegrityLevel: High\nHashes: SHA1=36C5D12033B2EAF251BAE61C00690FFB17FDDC87,MD5=CDA48FC75952AD12D99E526D0B6BF70A,SHA256=908B64B1971A979C7E3E8CE4621945CBA84854CB98D76367B791A6E22B5F6D53,IMPHASH=A7CEFACDDA74B13CD330390769752481\nParentProcessGuid: {04787c88-f96f-623a-ea00-000000000c00}\nParentProcessId: 5344\nParentImage: C:\\Users\\Public\\sandcat.go-windows.exe\nParentCommandLine: \"C:\\Users\\Public\\sandcat.go-windows.exe\" -server http://192.168.56.104:8888 -group red -listenP2P -v \nParentUser: WIN10\\vagrant","ecs":{"version":"1.11.0"},"agent":{"ephemeral_id":"2a39ce90-bef1-48a2-9e5f-bcaee6f2b27c","id":"6a7bb1af-5225-4683-bb1f-a6736ccafa24","name":"win10","type":"winlogbeat","version":"7.15.2","hostname":"win10"},"host":{"os":{"version":"10.0","family":"windows","name":"Windows 10 Enterprise Evaluation","kernel":"10.0.18362.418 (WinBuild.160101.0800)","build":"18363.418","type":"windows","platform":"windows"},"id":"04787c88-5486-46f2-93fc-7f6805a92d42","ip":["192.168.56.107","10.0.2.15"],"name":"win10.windomain.local","mac":["08:00:27:c5:40:cf","08:00:27:47:b4:2e"],"hostname":"win10","architecture":"x86_64"},"process":{"pid":3232,"thread":null,"entity_id":"{04787c88-0171-623b-eb01-000000000c00}","executable":"C:\\Windows\\System32\\WindowsPowerShell\\v1.0\\powershell.exe","name":"powershell.exe","param2":null},"winlog":{"channel":"Microsoft-Windows-Sysmon/Operational","event_id":"1","api":"wineventlog","record_id":9079,"computer_name":"win10.windomain.local","provider_name":"Microsoft-Windows-Sysmon","provider_guid":"{5770385f-c22a-43e0-bf4c-06f5698ffbd9}","keywords":null,"event_data":{"param2":null,"param1":null}},"event":{"kind":"event","provider":"Microsoft-Windows-Sysmon","created":"2022-03-23T11:16:03.478Z","code":"1"},"log":{"level":"information"},"verdict":"Benign"},{"@timestamp":"2022-03-23T11:16:01.817Z","@metadata":{"beat":"winlogbeat","type":"_doc","version":"7.15.2"},"message":"Process accessed:\nRuleName: technique_id=T1036,technique_name=Masquerading\nUtcTime: 2022-03-23 11:16:01.817\nSourceProcessGUID: {04787c88-f96f-623a-ea00-000000000c00}\nSourceProcessId: 5344\nSourceThreadId: 1468\nSourceImage: C:\\Users\\Public\\sandcat.go-windows.exe\nTargetProcessGUID: {04787c88-0171-623b-eb01-000000000c00}\nTargetProcessId: 3232\nTargetImage: C:\\Windows\\System32\\WindowsPowerShell\\v1.0\\powershell.exe\nGrantedAccess: 0x1FFFFF\nCallTrace: C:\\Windows\\SYSTEM32\\ntdll.dll+9d934|C:\\Windows\\System32\\KERNELBASE.dll+5f32a|C:\\Windows\\System32\\KERNELBASE.dll+5bcc6|C:\\Windows\\System32\\KERNEL32.DLL+1be93|C:\\Users\\Public\\sandcat.go-windows.exe+644be\nSourceUser: WIN10\\vagrant\nTargetUser: WIN10\\vagrant","ecs":{"version":"1.11.0"},"agent":{"ephemeral_id":"2a39ce90-bef1-48a2-9e5f-bcaee6f2b27c","id":"6a7bb1af-5225-4683-bb1f-a6736ccafa24","name":"win10","type":"winlogbeat","version":"7.15.2","hostname":"win10"},"host":{"os":{"version":"10.0","family":"windows","name":"Windows 10 Enterprise Evaluation","kernel":"10.0.18362.418 (WinBuild.160101.0800)","build":"18363.418","type":"windows","platform":"windows"},"id":"04787c88-5486-46f2-93fc-7f6805a92d42","ip":["192.168.56.107","10.0.2.15"],"name":"win10.windomain.local","mac":["08:00:27:c5:40:cf","08:00:27:47:b4:2e"],"hostname":"win10","architecture":"x86_64"},"process":{"pid":5344,"thread":{"id":1468},"entity_id":"{04787c88-f96f-623a-ea00-000000000c00}","executable":"C:\\Users\\Public\\sandcat.go-windows.exe","name":"sandcat.go-windows.exe","param2":null},"winlog":{"channel":"Microsoft-Windows-Sysmon/Operational","event_id":"10","api":"wineventlog","record_id":9080,"computer_name":"win10.windomain.local","provider_name":"Microsoft-Windows-Sysmon","provider_guid":"{5770385f-c22a-43e0-bf4c-06f5698ffbd9}","keywords":null,"event_data":{"param2":null,"param1":null}},"event":{"kind":"event","provider":"Microsoft-Windows-Sysmon","created":"2022-03-23T11:16:03.480Z","code":"10"},"log":{"level":"information"},"verdict":"Benign"},{"@timestamp":"2022-03-23T11:16:01.847Z","@metadata":{"beat":"winlogbeat","type":"_doc","version":"7.15.2"},"message":"Image loaded:\nRuleName: technique_id=T1059.001,technique_name=PowerShell\nUtcTime: 2022-03-23 11:16:01.847\nProcessGuid: {04787c88-0171-623b-eb01-000000000c00}\nProcessId: 3232\nImage: C:\\Windows\\System32\\WindowsPowerShell\\v1.0\\powershell.exe\nImageLoaded: C:\\Windows\\assembly\\NativeImages_v4.0.30319_64\\System.Manaa57fc8cc#\\6b621f0fd6cc913157b16d8a0cfdc3ec\\System.Management.Automation.ni.dll\nFileVersion: 10.0.18362.145\nDescription: System.Management.Automation\nProduct: Microsoft (R) Windows (R) Operating System\nCompany: Microsoft Corporation\nOriginalFileName: System.Management.Automation.dll\nHashes: SHA1=A03FCAE0C1F4BC4A81F0819DBB94289C373B1052,MD5=B18E1C187DAEB6C9B195BDD2EFDC20C7,SHA256=D36AD842C5E44483BDBBDF13D045AD5A64A9DDD5C1BAB89E81B12299D89DFC27,IMPHASH=00000000000000000000000000000000\nSigned: false\nSignature: -\nSignatureStatus: Unavailable\nUser: WIN10\\vagrant","ecs":{"version":"1.11.0"},"agent":{"ephemeral_id":"2a39ce90-bef1-48a2-9e5f-bcaee6f2b27c","id":"6a7bb1af-5225-4683-bb1f-a6736ccafa24","name":"win10","type":"winlogbeat","version":"7.15.2","hostname":"win10"},"host":{"os":{"version":"10.0","family":"windows","name":"Windows 10 Enterprise Evaluation","kernel":"10.0.18362.418 (WinBuild.160101.0800)","build":"18363.418","type":"windows","platform":"windows"},"id":"04787c88-5486-46f2-93fc-7f6805a92d42","ip":["192.168.56.107","10.0.2.15"],"name":"win10.windomain.local","mac":["08:00:27:c5:40:cf","08:00:27:47:b4:2e"],"hostname":"win10","architecture":"x86_64"},"process":{"pid":3232,"thread":null,"entity_id":"{04787c88-0171-623b-eb01-000000000c00}","executable":"C:\\Windows\\System32\\WindowsPowerShell\\v1.0\\powershell.exe","name":"powershell.exe","param2":null},"winlog":{"channel":"Microsoft-Windows-Sysmon/Operational","event_id":"7","api":"wineventlog","record_id":9081,"computer_name":"win10.windomain.local","provider_name":"Microsoft-Windows-Sysmon","provider_guid":"{5770385f-c22a-43e0-bf4c-06f5698ffbd9}","keywords":null,"event_data":{"param2":null,"param1":null}},"event":{"kind":"event","provider":"Microsoft-Windows-Sysmon","created":"2022-03-23T11:16:03.480Z","code":"7"},"log":{"level":"information"},"verdict":"Benign"},{"@timestamp":"2022-03-23T11:16:01.863Z","@metadata":{"beat":"winlogbeat","type":"_doc","version":"7.15.2"},"message":"File created:\nRuleName: technique_id=T1059.001,technique_name=PowerShell\nUtcTime: 2022-03-23 11:16:01.863\nProcessGuid: {04787c88-0171-623b-eb01-000000000c00}\nProcessId: 3232\nImage: C:\\Windows\\System32\\WindowsPowerShell\\v1.0\\powershell.exe\nTargetFilename: C:\\Users\\vagrant\\AppData\\Local\\Temp\\__PSScriptPolicyTest_kykzf2ti.r33.ps1\nCreationUtcTime: 2022-03-23 11:16:01.863\nUser: WIN10\\vagrant","ecs":{"version":"1.11.0"},"agent":{"ephemeral_id":"2a39ce90-bef1-48a2-9e5f-bcaee6f2b27c","id":"6a7bb1af-5225-4683-bb1f-a6736ccafa24","name":"win10","type":"winlogbeat","version":"7.15.2","hostname":"win10"},"host":{"os":{"version":"10.0","family":"windows","name":"Windows 10 Enterprise Evaluation","kernel":"10.0.18362.418 (WinBuild.160101.0800)","build":"18363.418","type":"windows","platform":"windows"},"id":"04787c88-5486-46f2-93fc-7f6805a92d42","ip":["192.168.56.107","10.0.2.15"],"name":"win10.windomain.local","mac":["08:00:27:c5:40:cf","08:00:27:47:b4:2e"],"hostname":"win10","architecture":"x86_64"},"process":{"pid":3232,"thread":null,"entity_id":"{04787c88-0171-623b-eb01-000000000c00}","executable":"C:\\Windows\\System32\\WindowsPowerShell\\v1.0\\powershell.exe","name":"powershell.exe","param2":null},"winlog":{"channel":"Microsoft-Windows-Sysmon/Operational","event_id":"11","api":"wineventlog","record_id":9082,"computer_name":"win10.windomain.local","provider_name":"Microsoft-Windows-Sysmon","provider_guid":"{5770385f-c22a-43e0-bf4c-06f5698ffbd9}","keywords":null,"event_data":{"param2":null,"param1":null}},"event":{"kind":"event","provider":"Microsoft-Windows-Sysmon","created":"2022-03-23T11:16:03.480Z","code":"11"},"log":{"level":"information"},"verdict":"Benign"},{"@timestamp":"2022-03-23T11:16:01.863Z","@metadata":{"beat":"winlogbeat","type":"_doc","version":"7.15.2"},"message":"Registry object added or deleted:\nRuleName: technique_id=T1130,technique_name=Install Root Certificate\nEventType: CreateKey\nUtcTime: 2022-03-23 11:16:01.863\nProcessGuid: {04787c88-0171-623b-eb01-000000000c00}\nProcessId: 3232\nImage: C:\\Windows\\System32\\WindowsPowerShell\\v1.0\\powershell.exe\nTargetObject: HKU\\S-1-5-21-1265589927-3242731326-451682020-1000\\Software\\Microsoft\\SystemCertificates\\Root\\Certificates\nUser: WIN10\\vagrant","ecs":{"version":"1.11.0"},"agent":{"ephemeral_id":"2a39ce90-bef1-48a2-9e5f-bcaee6f2b27c","id":"6a7bb1af-5225-4683-bb1f-a6736ccafa24","name":"win10","type":"winlogbeat","version":"7.15.2","hostname":"win10"},"host":{"os":{"version":"10.0","family":"windows","name":"Windows 10 Enterprise Evaluation","kernel":"10.0.18362.418 (WinBuild.160101.0800)","build":"18363.418","type":"windows","platform":"windows"},"id":"04787c88-5486-46f2-93fc-7f6805a92d42","ip":["192.168.56.107","10.0.2.15"],"name":"win10.windomain.local","mac":["08:00:27:c5:40:cf","08:00:27:47:b4:2e"],"hostname":"win10","architecture":"x86_64"},"process":{"pid":3232,"thread":null,"entity_id":"{04787c88-0171-623b-eb01-000000000c00}","executable":"C:\\Windows\\System32\\WindowsPowerShell\\v1.0\\powershell.exe","name":"powershell.exe","param2":null},"winlog":{"channel":"Microsoft-Windows-Sysmon/Operational","event_id":"12","api":"wineventlog","record_id":9083,"computer_name":"win10.windomain.local","provider_name":"Microsoft-Windows-Sysmon","provider_guid":"{5770385f-c22a-43e0-bf4c-06f5698ffbd9}","keywords":null,"event_data":{"param2":null,"param1":null}},"event":{"kind":"event","provider":"Microsoft-Windows-Sysmon","created":"2022-03-23T11:16:03.480Z","code":"12"},"log":{"level":"information"},"verdict":"Benign"},{"@timestamp":"2022-03-23T11:16:01.863Z","@metadata":{"beat":"winlogbeat","type":"_doc","version":"7.15.2"},"message":"Registry object added or deleted:\nRuleName: technique_id=T1130,technique_name=Install Root Certificate\nEventType: CreateKey\nUtcTime: 2022-03-23 11:16:01.863\nProcessGuid: {04787c88-0171-623b-eb01-000000000c00}\nProcessId: 3232\nImage: C:\\Windows\\System32\\WindowsPowerShell\\v1.0\\powershell.exe\nTargetObject: HKLM\\SOFTWARE\\Microsoft\\SystemCertificates\\ROOT\\Certificates\nUser: WIN10\\vagrant","ecs":{"version":"1.11.0"},"agent":{"ephemeral_id":"2a39ce90-bef1-48a2-9e5f-bcaee6f2b27c","id":"6a7bb1af-5225-4683-bb1f-a6736ccafa24","name":"win10","type":"winlogbeat","version":"7.15.2","hostname":"win10"},"host":{"os":{"version":"10.0","family":"windows","name":"Windows 10 Enterprise Evaluation","kernel":"10.0.18362.418 (WinBuild.160101.0800)","build":"18363.418","type":"windows","platform":"windows"},"id":"04787c88-5486-46f2-93fc-7f6805a92d42","ip":["192.168.56.107","10.0.2.15"],"name":"win10.windomain.local","mac":["08:00:27:c5:40:cf","08:00:27:47:b4:2e"],"hostname":"win10","architecture":"x86_64"},"process":{"pid":3232,"thread":null,"entity_id":"{04787c88-0171-623b-eb01-000000000c00}","executable":"C:\\Windows\\System32\\WindowsPowerShell\\v1.0\\powershell.exe","name":"powershell.exe","param2":null},"winlog":{"channel":"Microsoft-Windows-Sysmon/Operational","event_id":"12","api":"wineventlog","record_id":9084,"computer_name":"win10.windomain.local","provider_name":"Microsoft-Windows-Sysmon","provider_guid":"{5770385f-c22a-43e0-bf4c-06f5698ffbd9}","keywords":null,"event_data":{"param2":null,"param1":null}},"event":{"kind":"event","provider":"Microsoft-Windows-Sysmon","created":"2022-03-23T11:16:03.480Z","code":"12"},"log":{"level":"information"},"verdict":"Benign"},{"@timestamp":"2022-03-23T11:16:01.863Z","@metadata":{"beat":"winlogbeat","type":"_doc","version":"7.15.2"},"message":"Registry object added or deleted:\nRuleName: technique_id=T1130,technique_name=Install Root Certificate\nEventType: CreateKey\nUtcTime: 2022-03-23 11:16:01.863\nProcessGuid: {04787c88-0171-623b-eb01-000000000c00}\nProcessId: 3232\nImage: C:\\Windows\\System32\\WindowsPowerShell\\v1.0\\powershell.exe\nTargetObject: HKLM\\SOFTWARE\\Microsoft\\EnterpriseCertificates\\Root\\Certificates\nUser: WIN10\\vagrant","ecs":{"version":"1.11.0"},"agent":{"ephemeral_id":"2a39ce90-bef1-48a2-9e5f-bcaee6f2b27c","id":"6a7bb1af-5225-4683-bb1f-a6736ccafa24","name":"win10","type":"winlogbeat","version":"7.15.2","hostname":"win10"},"host":{"os":{"version":"10.0","family":"windows","name":"Windows 10 Enterprise Evaluation","kernel":"10.0.18362.418 (WinBuild.160101.0800)","build":"18363.418","type":"windows","platform":"windows"},"id":"04787c88-5486-46f2-93fc-7f6805a92d42","ip":["192.168.56.107","10.0.2.15"],"name":"win10.windomain.local","mac":["08:00:27:c5:40:cf","08:00:27:47:b4:2e"],"hostname":"win10","architecture":"x86_64"},"process":{"pid":3232,"thread":null,"entity_id":"{04787c88-0171-623b-eb01-000000000c00}","executable":"C:\\Windows\\System32\\WindowsPowerShell\\v1.0\\powershell.exe","name":"powershell.exe","param2":null},"winlog":{"channel":"Microsoft-Windows-Sysmon/Operational","event_id":"12","api":"wineventlog","record_id":9085,"computer_name":"win10.windomain.local","provider_name":"Microsoft-Windows-Sysmon","provider_guid":"{5770385f-c22a-43e0-bf4c-06f5698ffbd9}","keywords":null,"event_data":{"param2":null,"param1":null}},"event":{"kind":"event","provider":"Microsoft-Windows-Sysmon","created":"2022-03-23T11:16:03.480Z","code":"12"},"log":{"level":"information"},"verdict":"Benign"},{"@timestamp":"2022-03-23T11:16:01.879Z","@metadata":{"beat":"winlogbeat","type":"_doc","version":"7.15.2"},"message":"File Delete archived:\nRuleName: -\nUtcTime: 2022-03-23 11:16:01.879\nProcessGuid: {04787c88-0171-623b-eb01-000000000c00}\nProcessId: 3232\nUser: WIN10\\vagrant\nImage: C:\\Windows\\System32\\WindowsPowerShell\\v1.0\\powershell.exe\nTargetFilename: C:\\Users\\vagrant\\AppData\\Local\\Temp\\__PSScriptPolicyTest_kykzf2ti.r33.ps1\nHashes: SHA1=6AB83620379FC69F80C0242105DDFFD7D98D5D9D,MD5=D17FE0A3F47BE24A6453E9EF58C94641,SHA256=96AD1146EB96877EAB5942AE0736B82D8B5E2039A80D3D6932665C1A4C87DCF7,IMPHASH=00000000000000000000000000000000\nIsExecutable: false\nArchived: true","ecs":{"version":"1.11.0"},"agent":{"ephemeral_id":"2a39ce90-bef1-48a2-9e5f-bcaee6f2b27c","id":"6a7bb1af-5225-4683-bb1f-a6736ccafa24","name":"win10","type":"winlogbeat","version":"7.15.2","hostname":"win10"},"host":{"os":{"version":"10.0","family":"windows","name":"Windows 10 Enterprise Evaluation","kernel":"10.0.18362.418 (WinBuild.160101.0800)","build":"18363.418","type":"windows","platform":"windows"},"id":"04787c88-5486-46f2-93fc-7f6805a92d42","ip":["192.168.56.107","10.0.2.15"],"name":"win10.windomain.local","mac":["08:00:27:c5:40:cf","08:00:27:47:b4:2e"],"hostname":"win10","architecture":"x86_64"},"process":{"pid":3232,"thread":null,"entity_id":"{04787c88-0171-623b-eb01-000000000c00}","executable":"C:\\Windows\\System32\\WindowsPowerShell\\v1.0\\powershell.exe","name":"powershell.exe","param2":null},"winlog":{"channel":"Microsoft-Windows-Sysmon/Operational","event_id":"23","api":"wineventlog","record_id":9086,"computer_name":"win10.windomain.local","provider_name":"Microsoft-Windows-Sysmon","provider_guid":"{5770385f-c22a-43e0-bf4c-06f5698ffbd9}","keywords":null,"event_data":null},"event":{"kind":"event","provider":"Microsoft-Windows-Sysmon","created":"2022-03-23T11:16:03.480Z","code":"23"},"log":{"level":"information"},"verdict":"Benign"},{"@timestamp":"2022-03-23T11:16:02.033Z","@metadata":{"beat":"winlogbeat","type":"_doc","version":"7.15.2"},"message":"Process Create:\nRuleName: technique_id=T1059.001,technique_name=PowerShell\nUtcTime: 2022-03-23 11:16:02.033\nProcessGuid: {04787c88-0172-623b-ec01-000000000c00}\nProcessId: 7120\nImage: C:\\Windows\\System32\\HOSTNAME.EXE\nFileVersion: 10.0.18362.1 (WinBuild.160101.0800)\nDescription: Hostname APP\nProduct: Microsoft® Windows® Operating System\nCompany: Microsoft Corporation\nOriginalFileName: hostname.exe\nCommandLine: \"C:\\Windows\\system32\\HOSTNAME.EXE\"\nCurrentDirectory: C:\\Users\\vagrant\\\nUser: WIN10\\vagrant\nLogonGuid: {04787c88-f86a-623a-be16-040000000000}\nLogonId: 0x416BE\nTerminalSessionId: 1\nIntegrityLevel: High\nHashes: SHA1=C37511680B331D7CC1CC0DC32235CD233C7E5F0D,MD5=612DBA11F1DFAD1998609A647B740B34,SHA256=F88F37BFEFFC80D563B87AD6DE0F65D52D5760882013ABA5ECBE9FAD08D36777,IMPHASH=5CD891320C666621E9783444DB8CBA78\nParentProcessGuid: {04787c88-0171-623b-eb01-000000000c00}\nParentProcessId: 3232\nParentImage: C:\\Windows\\System32\\WindowsPowerShell\\v1.0\\powershell.exe\nParentCommandLine: powershell.exe -ExecutionPolicy Bypass -C \"Invoke-Command -ComputerName \\\"$(hostname)\\\" -ScriptBlock { Get-Process -IncludeUserName | Select-Object UserName,SessionId | Where-Object { $_.UserName -like \\\"*\\$env:USERNAME\\\" } | Sort-Object SessionId -Unique } | Select-Object UserName,SessionId -Last 1;\"\nParentUser: WIN10\\vagrant","ecs":{"version":"1.11.0"},"agent":{"ephemeral_id":"2a39ce90-bef1-48a2-9e5f-bcaee6f2b27c","id":"6a7bb1af-5225-4683-bb1f-a6736ccafa24","name":"win10","type":"winlogbeat","version":"7.15.2","hostname":"win10"},"host":{"os":{"version":"10.0","family":"windows","name":"Windows 10 Enterprise Evaluation","kernel":"10.0.18362.418 (WinBuild.160101.0800)","build":"18363.418","type":"windows","platform":"windows"},"id":"04787c88-5486-46f2-93fc-7f6805a92d42","ip":["192.168.56.107","10.0.2.15"],"name":"win10.windomain.local","mac":["08:00:27:c5:40:cf","08:00:27:47:b4:2e"],"hostname":"win10","architecture":"x86_64"},"process":{"pid":7120,"thread":null,"entity_id":"{04787c88-0172-623b-ec01-000000000c00}","executable":"C:\\Windows\\System32\\HOSTNAME.EXE","name":"HOSTNAME.EXE","param2":null},"winlog":{"channel":"Microsoft-Windows-Sysmon/Operational","event_id":"1","api":"wineventlog","record_id":9087,"computer_name":"win10.windomain.local","provider_name":"Microsoft-Windows-Sysmon","provider_guid":"{5770385f-c22a-43e0-bf4c-06f5698ffbd9}","keywords":null,"event_data":{"param2":null,"param1":null}},"event":{"kind":"event","provider":"Microsoft-Windows-Sysmon","created":"2022-03-23T11:16:03.480Z","code":"1"},"log":{"level":"information"},"verdict":"Benign"},{"@timestamp":"2022-03-23T11:16:02.200Z","@metadata":{"beat":"winlogbeat","type":"_doc","version":"7.15.2"},"message":"Process Create:\nRuleName: technique_id=T1021.006,technique_name=Windows Remote Management\nUtcTime: 2022-03-23 11:16:02.200\nProcessGuid: {04787c88-0172-623b-ed01-000000000c00}\nProcessId: 5484\nImage: C:\\Windows\\System32\\wsmprovhost.exe\nFileVersion: 10.0.18362.1 (WinBuild.160101.0800)\nDescription: Host process for WinRM plug-ins\nProduct: Microsoft® Windows® Operating System\nCompany: Microsoft Corporation\nOriginalFileName: wsmprovhost.exe\nCommandLine: C:\\Windows\\system32\\wsmprovhost.exe -Embedding\nCurrentDirectory: C:\\Windows\\system32\\\nUser: WIN10\\vagrant\nLogonGuid: {04787c88-0172-623b-5469-560000000000}\nLogonId: 0x566954\nTerminalSessionId: 1\nIntegrityLevel: High\nHashes: SHA1=5DA27D986A616B318881C9E0E0132FD368EB7676,MD5=BE8F44A05A2F25F44F22B2952231755E,SHA256=97285C6992237C8509BFC48804389C6E232DBAEA35A86ACDFCFFBF8F72C7976C,IMPHASH=E54118702A5DA1E2A145713FB7D6A53B\nParentProcessGuid: {00000000-0000-0000-0000-000000000000}\nParentProcessId: 816\nParentImage: -\nParentCommandLine: -\nParentUser: -","ecs":{"version":"1.11.0"},"agent":{"ephemeral_id":"2a39ce90-bef1-48a2-9e5f-bcaee6f2b27c","id":"6a7bb1af-5225-4683-bb1f-a6736ccafa24","name":"win10","type":"winlogbeat","version":"7.15.2","hostname":"win10"},"host":{"os":{"version":"10.0","family":"windows","name":"Windows 10 Enterprise Evaluation","kernel":"10.0.18362.418 (WinBuild.160101.0800)","build":"18363.418","type":"windows","platform":"windows"},"id":"04787c88-5486-46f2-93fc-7f6805a92d42","ip":["192.168.56.107","10.0.2.15"],"name":"win10.windomain.local","mac":["08:00:27:c5:40:cf","08:00:27:47:b4:2e"],"hostname":"win10","architecture":"x86_64"},"process":{"pid":5484,"thread":null,"entity_id":"{04787c88-0172-623b-ed01-000000000c00}","executable":"C:\\Windows\\System32\\wsmprovhost.exe","name":"wsmprovhost.exe","param2":null},"winlog":{"channel":"Microsoft-Windows-Sysmon/Operational","event_id":"1","api":"wineventlog","record_id":9088,"computer_name":"win10.windomain.local","provider_name":"Microsoft-Windows-Sysmon","provider_guid":"{5770385f-c22a-43e0-bf4c-06f5698ffbd9}","keywords":null,"event_data":{"param2":null,"param1":null}},"event":{"kind":"event","provider":"Microsoft-Windows-Sysmon","created":"2022-03-23T11:16:03.480Z","code":"1"},"log":{"level":"information"},"verdict":"Benign"},{"@timestamp":"2022-03-23T11:16:02.262Z","@metadata":{"beat":"winlogbeat","type":"_doc","version":"7.15.2"},"message":"Image loaded:\nRuleName: technique_id=T1059.001,technique_name=PowerShell\nUtcTime: 2022-03-23 11:16:02.262\nProcessGuid: {04787c88-0172-623b-ed01-000000000c00}\nProcessId: 5484\nImage: C:\\Windows\\System32\\wsmprovhost.exe\nImageLoaded: C:\\Windows\\assembly\\NativeImages_v4.0.30319_64\\System.Manaa57fc8cc#\\6b621f0fd6cc913157b16d8a0cfdc3ec\\System.Management.Automation.ni.dll\nFileVersion: 10.0.18362.145\nDescription: System.Management.Automation\nProduct: Microsoft (R) Windows (R) Operating System\nCompany: Microsoft Corporation\nOriginalFileName: System.Management.Automation.dll\nHashes: SHA1=A03FCAE0C1F4BC4A81F0819DBB94289C373B1052,MD5=B18E1C187DAEB6C9B195BDD2EFDC20C7,SHA256=D36AD842C5E44483BDBBDF13D045AD5A64A9DDD5C1BAB89E81B12299D89DFC27,IMPHASH=00000000000000000000000000000000\nSigned: false\nSignature: -\nSignatureStatus: Unavailable\nUser: WIN10\\vagrant","ecs":{"version":"1.11.0"},"agent":{"ephemeral_id":"2a39ce90-bef1-48a2-9e5f-bcaee6f2b27c","id":"6a7bb1af-5225-4683-bb1f-a6736ccafa24","name":"win10","type":"winlogbeat","version":"7.15.2","hostname":"win10"},"host":{"os":{"version":"10.0","family":"windows","name":"Windows 10 Enterprise Evaluation","kernel":"10.0.18362.418 (WinBuild.160101.0800)","build":"18363.418","type":"windows","platform":"windows"},"id":"04787c88-5486-46f2-93fc-7f6805a92d42","ip":["192.168.56.107","10.0.2.15"],"name":"win10.windomain.local","mac":["08:00:27:c5:40:cf","08:00:27:47:b4:2e"],"hostname":"win10","architecture":"x86_64"},"process":{"pid":5484,"thread":null,"entity_id":"{04787c88-0172-623b-ed01-000000000c00}","executable":"C:\\Windows\\System32\\wsmprovhost.exe","name":"wsmprovhost.exe","param2":null},"winlog":{"channel":"Microsoft-Windows-Sysmon/Operational","event_id":"7","api":"wineventlog","record_id":9089,"computer_name":"win10.windomain.local","provider_name":"Microsoft-Windows-Sysmon","provider_guid":"{5770385f-c22a-43e0-bf4c-06f5698ffbd9}","keywords":null,"event_data":{"param2":null,"param1":null}},"event":{"kind":"event","provider":"Microsoft-Windows-Sysmon","created":"2022-03-23T11:16:03.480Z","code":"7"},"log":{"level":"information"},"verdict":"Benign"},{"@timestamp":"2022-03-23T11:16:02.310Z","@metadata":{"beat":"winlogbeat","type":"_doc","version":"7.15.2"},"message":"File created:\nRuleName: technique_id=T1059.001,technique_name=PowerShell\nUtcTime: 2022-03-23 11:16:02.310\nProcessGuid: {04787c88-0172-623b-ed01-000000000c00}\nProcessId: 5484\nImage: C:\\Windows\\system32\\wsmprovhost.exe\nTargetFilename: C:\\Users\\vagrant\\AppData\\Local\\Temp\\__PSScriptPolicyTest_qzawpkox.shg.ps1\nCreationUtcTime: 2022-03-23 11:16:02.310\nUser: WIN10\\vagrant","ecs":{"version":"1.11.0"},"agent":{"ephemeral_id":"2a39ce90-bef1-48a2-9e5f-bcaee6f2b27c","id":"6a7bb1af-5225-4683-bb1f-a6736ccafa24","name":"win10","type":"winlogbeat","version":"7.15.2","hostname":"win10"},"host":{"os":{"version":"10.0","family":"windows","name":"Windows 10 Enterprise Evaluation","kernel":"10.0.18362.418 (WinBuild.160101.0800)","build":"18363.418","type":"windows","platform":"windows"},"id":"04787c88-5486-46f2-93fc-7f6805a92d42","ip":["192.168.56.107","10.0.2.15"],"name":"win10.windomain.local","mac":["08:00:27:c5:40:cf","08:00:27:47:b4:2e"],"hostname":"win10","architecture":"x86_64"},"process":{"pid":5484,"thread":null,"entity_id":"{04787c88-0172-623b-ed01-000000000c00}","executable":"C:\\Windows\\system32\\wsmprovhost.exe","name":"wsmprovhost.exe","param2":null},"winlog":{"channel":"Microsoft-Windows-Sysmon/Operational","event_id":"11","api":"wineventlog","record_id":9090,"computer_name":"win10.windomain.local","provider_name":"Microsoft-Windows-Sysmon","provider_guid":"{5770385f-c22a-43e0-bf4c-06f5698ffbd9}","keywords":null,"event_data":{"param2":null,"param1":null}},"event":{"kind":"event","provider":"Microsoft-Windows-Sysmon","created":"2022-03-23T11:16:03.480Z","code":"11"},"log":{"level":"information"},"verdict":"Benign"},{"@timestamp":"2022-03-23T11:16:02.310Z","@metadata":{"beat":"winlogbeat","type":"_doc","version":"7.15.2"},"message":"File Delete archived:\nRuleName: -\nUtcTime: 2022-03-23 11:16:02.310\nProcessGuid: {04787c88-0172-623b-ed01-000000000c00}\nProcessId: 5484\nUser: WIN10\\vagrant\nImage: C:\\Windows\\system32\\wsmprovhost.exe\nTargetFilename: C:\\Users\\vagrant\\AppData\\Local\\Temp\\__PSScriptPolicyTest_qzawpkox.shg.ps1\nHashes: SHA1=6AB83620379FC69F80C0242105DDFFD7D98D5D9D,MD5=D17FE0A3F47BE24A6453E9EF58C94641,SHA256=96AD1146EB96877EAB5942AE0736B82D8B5E2039A80D3D6932665C1A4C87DCF7,IMPHASH=00000000000000000000000000000000\nIsExecutable: false\nArchived: true","ecs":{"version":"1.11.0"},"agent":{"ephemeral_id":"2a39ce90-bef1-48a2-9e5f-bcaee6f2b27c","id":"6a7bb1af-5225-4683-bb1f-a6736ccafa24","name":"win10","type":"winlogbeat","version":"7.15.2","hostname":"win10"},"host":{"os":{"version":"10.0","family":"windows","name":"Windows 10 Enterprise Evaluation","kernel":"10.0.18362.418 (WinBuild.160101.0800)","build":"18363.418","type":"windows","platform":"windows"},"id":"04787c88-5486-46f2-93fc-7f6805a92d42","ip":["192.168.56.107","10.0.2.15"],"name":"win10.windomain.local","mac":["08:00:27:c5:40:cf","08:00:27:47:b4:2e"],"hostname":"win10","architecture":"x86_64"},"process":{"pid":5484,"thread":null,"entity_id":"{04787c88-0172-623b-ed01-000000000c00}","executable":"C:\\Windows\\system32\\wsmprovhost.exe","name":"wsmprovhost.exe","param2":null},"winlog":{"channel":"Microsoft-Windows-Sysmon/Operational","event_id":"23","api":"wineventlog","record_id":9091,"computer_name":"win10.windomain.local","provider_name":"Microsoft-Windows-Sysmon","provider_guid":"{5770385f-c22a-43e0-bf4c-06f5698ffbd9}","keywords":null,"event_data":null},"event":{"kind":"event","provider":"Microsoft-Windows-Sysmon","created":"2022-03-23T11:16:03.480Z","code":"23"},"log":{"level":"information"},"verdict":"Benign"},{"@timestamp":"2022-03-23T11:16:02.443Z","@metadata":{"beat":"winlogbeat","type":"_doc","version":"7.15.2"},"message":"Registry object added or deleted:\nRuleName: technique_id=T1130,technique_name=Install Root Certificate\nEventType: CreateKey\nUtcTime: 2022-03-23 11:16:02.443\nProcessGuid: {04787c88-0172-623b-ed01-000000000c00}\nProcessId: 5484\nImage: C:\\Windows\\system32\\wsmprovhost.exe\nTargetObject: HKU\\S-1-5-21-1265589927-3242731326-451682020-1000\\Software\\Microsoft\\SystemCertificates\\Root\\Certificates\nUser: WIN10\\vagrant","ecs":{"version":"1.11.0"},"agent":{"ephemeral_id":"2a39ce90-bef1-48a2-9e5f-bcaee6f2b27c","id":"6a7bb1af-5225-4683-bb1f-a6736ccafa24","name":"win10","type":"winlogbeat","version":"7.15.2","hostname":"win10"},"host":{"os":{"version":"10.0","family":"windows","name":"Windows 10 Enterprise Evaluation","kernel":"10.0.18362.418 (WinBuild.160101.0800)","build":"18363.418","type":"windows","platform":"windows"},"id":"04787c88-5486-46f2-93fc-7f6805a92d42","ip":["192.168.56.107","10.0.2.15"],"name":"win10.windomain.local","mac":["08:00:27:c5:40:cf","08:00:27:47:b4:2e"],"hostname":"win10","architecture":"x86_64"},"process":{"pid":5484,"thread":null,"entity_id":"{04787c88-0172-623b-ed01-000000000c00}","executable":"C:\\Windows\\system32\\wsmprovhost.exe","name":"wsmprovhost.exe","param2":null},"winlog":{"channel":"Microsoft-Windows-Sysmon/Operational","event_id":"12","api":"wineventlog","record_id":9092,"computer_name":"win10.windomain.local","provider_name":"Microsoft-Windows-Sysmon","provider_guid":"{5770385f-c22a-43e0-bf4c-06f5698ffbd9}","keywords":null,"event_data":{"param2":null,"param1":null}},"event":{"kind":"event","provider":"Microsoft-Windows-Sysmon","created":"2022-03-23T11:16:03.480Z","code":"12"},"log":{"level":"information"},"verdict":"Benign"},{"@timestamp":"2022-03-23T11:16:02.443Z","@metadata":{"beat":"winlogbeat","type":"_doc","version":"7.15.2"},"message":"Registry object added or deleted:\nRuleName: technique_id=T1130,technique_name=Install Root Certificate\nEventType: CreateKey\nUtcTime: 2022-03-23 11:16:02.443\nProcessGuid: {04787c88-0172-623b-ed01-000000000c00}\nProcessId: 5484\nImage: C:\\Windows\\system32\\wsmprovhost.exe\nTargetObject: HKLM\\SOFTWARE\\Microsoft\\SystemCertificates\\ROOT\\Certificates\nUser: WIN10\\vagrant","ecs":{"version":"1.11.0"},"agent":{"ephemeral_id":"2a39ce90-bef1-48a2-9e5f-bcaee6f2b27c","id":"6a7bb1af-5225-4683-bb1f-a6736ccafa24","name":"win10","type":"winlogbeat","version":"7.15.2","hostname":"win10"},"host":{"os":{"version":"10.0","family":"windows","name":"Windows 10 Enterprise Evaluation","kernel":"10.0.18362.418 (WinBuild.160101.0800)","build":"18363.418","type":"windows","platform":"windows"},"id":"04787c88-5486-46f2-93fc-7f6805a92d42","ip":["192.168.56.107","10.0.2.15"],"name":"win10.windomain.local","mac":["08:00:27:c5:40:cf","08:00:27:47:b4:2e"],"hostname":"win10","architecture":"x86_64"},"process":{"pid":5484,"thread":null,"entity_id":"{04787c88-0172-623b-ed01-000000000c00}","executable":"C:\\Windows\\system32\\wsmprovhost.exe","name":"wsmprovhost.exe","param2":null},"winlog":{"channel":"Microsoft-Windows-Sysmon/Operational","event_id":"12","api":"wineventlog","record_id":9093,"computer_name":"win10.windomain.local","provider_name":"Microsoft-Windows-Sysmon","provider_guid":"{5770385f-c22a-43e0-bf4c-06f5698ffbd9}","keywords":null,"event_data":{"param2":null,"param1":null}},"event":{"kind":"event","provider":"Microsoft-Windows-Sysmon","created":"2022-03-23T11:16:03.480Z","code":"12"},"log":{"level":"information"},"verdict":"Benign"},{"@timestamp":"2022-03-23T11:16:02.443Z","@metadata":{"beat":"winlogbeat","type":"_doc","version":"7.15.2"},"message":"Registry object added or deleted:\nRuleName: technique_id=T1130,technique_name=Install Root Certificate\nEventType: CreateKey\nUtcTime: 2022-03-23 11:16:02.443\nProcessGuid: {04787c88-0172-623b-ed01-000000000c00}\nProcessId: 5484\nImage: C:\\Windows\\system32\\wsmprovhost.exe\nTargetObject: HKLM\\SOFTWARE\\Microsoft\\EnterpriseCertificates\\Root\\Certificates\nUser: WIN10\\vagrant","ecs":{"version":"1.11.0"},"agent":{"ephemeral_id":"2a39ce90-bef1-48a2-9e5f-bcaee6f2b27c","id":"6a7bb1af-5225-4683-bb1f-a6736ccafa24","name":"win10","type":"winlogbeat","version":"7.15.2","hostname":"win10"},"host":{"os":{"version":"10.0","family":"windows","name":"Windows 10 Enterprise Evaluation","kernel":"10.0.18362.418 (WinBuild.160101.0800)","build":"18363.418","type":"windows","platform":"windows"},"id":"04787c88-5486-46f2-93fc-7f6805a92d42","ip":["192.168.56.107","10.0.2.15"],"name":"win10.windomain.local","mac":["08:00:27:c5:40:cf","08:00:27:47:b4:2e"],"hostname":"win10","architecture":"x86_64"},"process":{"pid":5484,"thread":null,"entity_id":"{04787c88-0172-623b-ed01-000000000c00}","executable":"C:\\Windows\\system32\\wsmprovhost.exe","name":"wsmprovhost.exe","param2":null},"winlog":{"channel":"Microsoft-Windows-Sysmon/Operational","event_id":"12","api":"wineventlog","record_id":9094,"computer_name":"win10.windomain.local","provider_name":"Microsoft-Windows-Sysmon","provider_guid":"{5770385f-c22a-43e0-bf4c-06f5698ffbd9}","keywords":null,"event_data":{"param2":null,"param1":null}},"event":{"kind":"event","provider":"Microsoft-Windows-Sysmon","created":"2022-03-23T11:16:03.480Z","code":"12"},"log":{"level":"information"},"verdict":"Benign"},{"@timestamp":"2022-03-23T11:16:02.549Z","@metadata":{"beat":"winlogbeat","type":"_doc","version":"7.15.2"},"message":"Process accessed:\nRuleName: technique_id=T1059.001,technique_name=PowerShell\nUtcTime: 2022-03-23 11:16:02.549\nSourceProcessGUID: {04787c88-0172-623b-ed01-000000000c00}\nSourceProcessId: 5484\nSourceThreadId: 6808\nSourceImage: C:\\Windows\\system32\\wsmprovhost.exe\nTargetProcessGUID: {04787c88-f877-623a-7800-000000000c00}\nTargetProcessId: 5836\nTargetImage: C:\\Windows\\system32\\ApplicationFrameHost.exe\nGrantedAccess: 0x1F3FFF\nCallTrace: C:\\Windows\\SYSTEM32\\ntdll.dll+9c584|C:\\Windows\\System32\\KERNELBASE.dll+2730e|C:\\Windows\\assembly\\NativeImages_v4.0.30319_64\\System\\e074a852d0b7a87fc8713d9727b9a1bb\\System.ni.dll+381f60|C:\\Windows\\assembly\\NativeImages_v4.0.30319_64\\System\\e074a852d0b7a87fc8713d9727b9a1bb\\System.ni.dll+2fa12e|C:\\Windows\\assembly\\NativeImages_v4.0.30319_64\\System\\e074a852d0b7a87fc8713d9727b9a1bb\\System.ni.dll+2f8cd5|C:\\Windows\\assembly\\NativeImages_v4.0.30319_64\\System\\e074a852d0b7a87fc8713d9727b9a1bb\\System.ni.dll+2c3b1e|C:\\Windows\\assembly\\NativeImages_v4.0.30319_64\\System\\e074a852d0b7a87fc8713d9727b9a1bb\\System.ni.dll+2c01f5|C:\\Windows\\assembly\\NativeImages_v4.0.30319_64\\Microsoft.Pae3498d9#\\e42d72ba485cf9fc3a11203954c94b0d\\Microsoft.PowerShell.Commands.Management.ni.dll+14fc0c|C:\\Windows\\assembly\\NativeImages_v4.0.30319_64\\Microsoft.Pae3498d9#\\e42d72ba485cf9fc3a11203954c94b0d\\Microsoft.PowerShell.Commands.Management.ni.dll+14fb26|C:\\Windows\\assembly\\NativeImages_v4.0.30319_64\\Microsoft.Pae3498d9#\\e42d72ba485cf9fc3a11203954c94b0d\\Microsoft.PowerShell.Commands.Management.ni.dll+14f535|C:\\Windows\\assembly\\NativeImages_v4.0.30319_64\\System.Manaa57fc8cc#\\6b621f0fd6cc913157b16d8a0cfdc3ec\\System.Management.Automation.ni.dll+111c603|C:\\Windows\\assembly\\NativeImages_v4.0.30319_64\\System.Manaa57fc8cc#\\6b621f0fd6cc913157b16d8a0cfdc3ec\\System.Management.Automation.ni.dll+1074e4b|C:\\Windows\\assembly\\NativeImages_v4.0.30319_64\\System.Manaa57fc8cc#\\6b621f0fd6cc913157b16d8a0cfdc3ec\\System.Management.Automation.ni.dll+10ff3dc|C:\\Windows\\assembly\\NativeImages_v4.0.30319_64\\System.Manaa57fc8cc#\\6b621f0fd6cc913157b16d8a0cfdc3ec\\System.Management.Automation.ni.dll+12027bf|UNKNOWN(00007FF980564281)\nSourceUser: WIN10\\vagrant\nTargetUser: WIN10\\vagrant","ecs":{"version":"1.11.0"},"agent":{"ephemeral_id":"2a39ce90-bef1-48a2-9e5f-bcaee6f2b27c","id":"6a7bb1af-5225-4683-bb1f-a6736ccafa24","name":"win10","type":"winlogbeat","version":"7.15.2","hostname":"win10"},"host":{"os":{"version":"10.0","family":"windows","name":"Windows 10 Enterprise Evaluation","kernel":"10.0.18362.418 (WinBuild.160101.0800)","build":"18363.418","type":"windows","platform":"windows"},"id":"04787c88-5486-46f2-93fc-7f6805a92d42","ip":["192.168.56.107","10.0.2.15"],"name":"win10.windomain.local","mac":["08:00:27:c5:40:cf","08:00:27:47:b4:2e"],"hostname":"win10","architecture":"x86_64"},"process":{"pid":5484,"thread":{"id":6808},"entity_id":"{04787c88-0172-623b-ed01-000000000c00}","executable":"C:\\Windows\\system32\\wsmprovhost.exe","name":"wsmprovhost.exe","param2":null},"winlog":{"channel":"Microsoft-Windows-Sysmon/Operational","event_id":"10","api":"wineventlog","record_id":9095,"computer_name":"win10.windomain.local","provider_name":"Microsoft-Windows-Sysmon","provider_guid":"{5770385f-c22a-43e0-bf4c-06f5698ffbd9}","keywords":null,"event_data":{"param2":null,"param1":null}},"event":{"kind":"event","provider":"Microsoft-Windows-Sysmon","created":"2022-03-23T11:16:03.480Z","code":"10"},"log":{"level":"information"},"verdict":"Benign"},{"@timestamp":"2022-03-23T11:16:02.564Z","@metadata":{"beat":"winlogbeat","type":"_doc","version":"7.15.2"},"message":"Process accessed:\nRuleName: technique_id=T1059.001,technique_name=PowerShell\nUtcTime: 2022-03-23 11:16:02.564\nSourceProcessGUID: {04787c88-0172-623b-ed01-000000000c00}\nSourceProcessId: 5484\nSourceThreadId: 6808\nSourceImage: C:\\Windows\\system32\\wsmprovhost.exe\nTargetProcessGUID: {04787c88-fdb1-623a-7001-000000000c00}\nTargetProcessId: 4712\nTargetImage: C:\\Program Files\\AutorunsToWinEventLog\\Autorunsc64.exe\nGrantedAccess: 0x1F3FFF\nCallTrace: C:\\Windows\\SYSTEM32\\ntdll.dll+9c584|C:\\Windows\\System32\\KERNELBASE.dll+2730e|C:\\Windows\\assembly\\NativeImages_v4.0.30319_64\\System\\e074a852d0b7a87fc8713d9727b9a1bb\\System.ni.dll+381f60|C:\\Windows\\assembly\\NativeImages_v4.0.30319_64\\System\\e074a852d0b7a87fc8713d9727b9a1bb\\System.ni.dll+2fa12e|C:\\Windows\\assembly\\NativeImages_v4.0.30319_64\\System\\e074a852d0b7a87fc8713d9727b9a1bb\\System.ni.dll+2f8cd5|C:\\Windows\\assembly\\NativeImages_v4.0.30319_64\\System\\e074a852d0b7a87fc8713d9727b9a1bb\\System.ni.dll+2c3b1e|C:\\Windows\\assembly\\NativeImages_v4.0.30319_64\\System\\e074a852d0b7a87fc8713d9727b9a1bb\\System.ni.dll+2c01f5|C:\\Windows\\assembly\\NativeImages_v4.0.30319_64\\Microsoft.Pae3498d9#\\e42d72ba485cf9fc3a11203954c94b0d\\Microsoft.PowerShell.Commands.Management.ni.dll+14fc0c|C:\\Windows\\assembly\\NativeImages_v4.0.30319_64\\Microsoft.Pae3498d9#\\e42d72ba485cf9fc3a11203954c94b0d\\Microsoft.PowerShell.Commands.Management.ni.dll+14fb26|C:\\Windows\\assembly\\NativeImages_v4.0.30319_64\\Microsoft.Pae3498d9#\\e42d72ba485cf9fc3a11203954c94b0d\\Microsoft.PowerShell.Commands.Management.ni.dll+14f535|C:\\Windows\\assembly\\NativeImages_v4.0.30319_64\\System.Manaa57fc8cc#\\6b621f0fd6cc913157b16d8a0cfdc3ec\\System.Management.Automation.ni.dll+111c603|C:\\Windows\\assembly\\NativeImages_v4.0.30319_64\\System.Manaa57fc8cc#\\6b621f0fd6cc913157b16d8a0cfdc3ec\\System.Management.Automation.ni.dll+1074e4b|C:\\Windows\\assembly\\NativeImages_v4.0.30319_64\\System.Manaa57fc8cc#\\6b621f0fd6cc913157b16d8a0cfdc3ec\\System.Management.Automation.ni.dll+10ff3dc|C:\\Windows\\assembly\\NativeImages_v4.0.30319_64\\System.Manaa57fc8cc#\\6b621f0fd6cc913157b16d8a0cfdc3ec\\System.Management.Automation.ni.dll+12027bf|UNKNOWN(00007FF980564281)\nSourceUser: WIN10\\vagrant\nTargetUser: NT AUTHORITY\\SYSTEM","ecs":{"version":"1.11.0"},"agent":{"ephemeral_id":"2a39ce90-bef1-48a2-9e5f-bcaee6f2b27c","id":"6a7bb1af-5225-4683-bb1f-a6736ccafa24","name":"win10","type":"winlogbeat","version":"7.15.2","hostname":"win10"},"host":{"os":{"version":"10.0","family":"windows","name":"Windows 10 Enterprise Evaluation","kernel":"10.0.18362.418 (WinBuild.160101.0800)","build":"18363.418","type":"windows","platform":"windows"},"id":"04787c88-5486-46f2-93fc-7f6805a92d42","ip":["192.168.56.107","10.0.2.15"],"name":"win10.windomain.local","mac":["08:00:27:c5:40:cf","08:00:27:47:b4:2e"],"hostname":"win10","architecture":"x86_64"},"process":{"pid":5484,"thread":{"id":6808},"entity_id":"{04787c88-0172-623b-ed01-000000000c00}","executable":"C:\\Windows\\system32\\wsmprovhost.exe","name":"wsmprovhost.exe","param2":null},"winlog":{"channel":"Microsoft-Windows-Sysmon/Operational","event_id":"10","api":"wineventlog","record_id":9096,"computer_name":"win10.windomain.local","provider_name":"Microsoft-Windows-Sysmon","provider_guid":"{5770385f-c22a-43e0-bf4c-06f5698ffbd9}","keywords":null,"event_data":{"param2":null,"param1":null}},"event":{"kind":"event","provider":"Microsoft-Windows-Sysmon","created":"2022-03-23T11:16:03.480Z","code":"10"},"log":{"level":"information"},"verdict":"Benign"},{"@timestamp":"2022-03-23T11:16:02.564Z","@metadata":{"beat":"winlogbeat","type":"_doc","version":"7.15.2"},"message":"Process accessed:\nRuleName: technique_id=T1059.001,technique_name=PowerShell\nUtcTime: 2022-03-23 11:16:02.564\nSourceProcessGUID: {04787c88-0172-623b-ed01-000000000c00}\nSourceProcessId: 5484\nSourceThreadId: 6808\nSourceImage: C:\\Windows\\system32\\wsmprovhost.exe\nTargetProcessGUID: {04787c88-f878-623a-7a00-000000000c00}\nTargetProcessId: 6076\nTargetImage: C:\\Windows\\system32\\browser_broker.exe\nGrantedAccess: 0x1F3FFF\nCallTrace: C:\\Windows\\SYSTEM32\\ntdll.dll+9c584|C:\\Windows\\System32\\KERNELBASE.dll+2730e|C:\\Windows\\assembly\\NativeImages_v4.0.30319_64\\System\\e074a852d0b7a87fc8713d9727b9a1bb\\System.ni.dll+381f60|C:\\Windows\\assembly\\NativeImages_v4.0.30319_64\\System\\e074a852d0b7a87fc8713d9727b9a1bb\\System.ni.dll+2fa12e|C:\\Windows\\assembly\\NativeImages_v4.0.30319_64\\System\\e074a852d0b7a87fc8713d9727b9a1bb\\System.ni.dll+2f8cd5|C:\\Windows\\assembly\\NativeImages_v4.0.30319_64\\System\\e074a852d0b7a87fc8713d9727b9a1bb\\System.ni.dll+2c3b1e|C:\\Windows\\assembly\\NativeImages_v4.0.30319_64\\System\\e074a852d0b7a87fc8713d9727b9a1bb\\System.ni.dll+2c01f5|C:\\Windows\\assembly\\NativeImages_v4.0.30319_64\\Microsoft.Pae3498d9#\\e42d72ba485cf9fc3a11203954c94b0d\\Microsoft.PowerShell.Commands.Management.ni.dll+14fc0c|C:\\Windows\\assembly\\NativeImages_v4.0.30319_64\\Microsoft.Pae3498d9#\\e42d72ba485cf9fc3a11203954c94b0d\\Microsoft.PowerShell.Commands.Management.ni.dll+14fb26|C:\\Windows\\assembly\\NativeImages_v4.0.30319_64\\Microsoft.Pae3498d9#\\e42d72ba485cf9fc3a11203954c94b0d\\Microsoft.PowerShell.Commands.Management.ni.dll+14f535|C:\\Windows\\assembly\\NativeImages_v4.0.30319_64\\System.Manaa57fc8cc#\\6b621f0fd6cc913157b16d8a0cfdc3ec\\System.Management.Automation.ni.dll+111c603|C:\\Windows\\assembly\\NativeImages_v4.0.30319_64\\System.Manaa57fc8cc#\\6b621f0fd6cc913157b16d8a0cfdc3ec\\System.Management.Automation.ni.dll+1074e4b|C:\\Windows\\assembly\\NativeImages_v4.0.30319_64\\System.Manaa57fc8cc#\\6b621f0fd6cc913157b16d8a0cfdc3ec\\System.Management.Automation.ni.dll+10ff3dc|C:\\Windows\\assembly\\NativeImages_v4.0.30319_64\\System.Manaa57fc8cc#\\6b621f0fd6cc913157b16d8a0cfdc3ec\\System.Management.Automation.ni.dll+12027bf|UNKNOWN(00007FF980564281)\nSourceUser: WIN10\\vagrant\nTargetUser: WIN10\\vagrant","ecs":{"version":"1.11.0"},"agent":{"ephemeral_id":"2a39ce90-bef1-48a2-9e5f-bcaee6f2b27c","id":"6a7bb1af-5225-4683-bb1f-a6736ccafa24","name":"win10","type":"winlogbeat","version":"7.15.2","hostname":"win10"},"host":{"os":{"version":"10.0","family":"windows","name":"Windows 10 Enterprise Evaluation","kernel":"10.0.18362.418 (WinBuild.160101.0800)","build":"18363.418","type":"windows","platform":"windows"},"id":"04787c88-5486-46f2-93fc-7f6805a92d42","ip":["192.168.56.107","10.0.2.15"],"name":"win10.windomain.local","mac":["08:00:27:c5:40:cf","08:00:27:47:b4:2e"],"hostname":"win10","architecture":"x86_64"},"process":{"pid":5484,"thread":{"id":6808},"entity_id":"{04787c88-0172-623b-ed01-000000000c00}","executable":"C:\\Windows\\system32\\wsmprovhost.exe","name":"wsmprovhost.exe","param2":null},"winlog":{"channel":"Microsoft-Windows-Sysmon/Operational","event_id":"10","api":"wineventlog","record_id":9097,"computer_name":"win10.windomain.local","provider_name":"Microsoft-Windows-Sysmon","provider_guid":"{5770385f-c22a-43e0-bf4c-06f5698ffbd9}","keywords":null,"event_data":{"param2":null,"param1":null}},"event":{"kind":"event","provider":"Microsoft-Windows-Sysmon","created":"2022-03-23T11:16:03.480Z","code":"10"},"log":{"level":"information"},"verdict":"Benign"},