{"@timestamp":"2022-03-23T11:00:37.315Z","@metadata":{"beat":"winlogbeat","type":"_doc","version":"7.15.2"},"message":"CreateRemoteThread detected:\nRuleName: -\nUtcTime: 2022-03-23 11:00:37.315\nSourceProcessGuid: {04787c88-fdd1-623a-7101-000000000c00}\nSourceProcessId: 2436\nSourceImage: C:\\Windows\\System32\\WindowsPowerShell\\v1.0\\powershell.exe\nTargetProcessGuid: {04787c88-f877-623a-7800-000000000c00}\nTargetProcessId: 5836\nTargetImage: C:\\Windows\\System32\\ApplicationFrameHost.exe\nNewThreadId: 4840\nStartAddress: 0x000001EF2F130000\nStartModule: -\nStartFunction: -\nSourceUser: WIN10\\vagrant\nTargetUser: WIN10\\vagrant","ecs":{"version":"1.11.0"},"agent":{"ephemeral_id":"2a39ce90-bef1-48a2-9e5f-bcaee6f2b27c","id":"6a7bb1af-5225-4683-bb1f-a6736ccafa24","name":"win10","type":"winlogbeat","version":"7.15.2","hostname":"win10"},"host":{"os":{"version":"10.0","family":"windows","name":"Windows 10 Enterprise Evaluation","kernel":"10.0.18362.418 (WinBuild.160101.0800)","build":"18363.418","type":"windows","platform":"windows"},"id":"04787c88-5486-46f2-93fc-7f6805a92d42","ip":["192.168.56.107","10.0.2.15"],"name":"win10.windomain.local","mac":["08:00:27:c5:40:cf","08:00:27:47:b4:2e"],"hostname":"win10","architecture":"x86_64"},"process":{"pid":2436,"thread":null,"entity_id":"{04787c88-fdd1-623a-7101-000000000c00}","executable":"C:\\Windows\\System32\\WindowsPowerShell\\v1.0\\powershell.exe","name":"powershell.exe","param2":null},"winlog":{"channel":"Microsoft-Windows-Sysmon/Operational","event_id":"8","api":"wineventlog","record_id":8727,"computer_name":"win10.windomain.local","provider_name":"Microsoft-Windows-Sysmon","provider_guid":"{5770385f-c22a-43e0-bf4c-06f5698ffbd9}","keywords":null,"event_data":{"param2":null,"param1":null}},"event":{"kind":"event","provider":"Microsoft-Windows-Sysmon","created":"2022-03-23T11:00:38.709Z","code":"8"},"log":{"level":"information"},"verdict":"Benign"},{"@timestamp":"2022-03-23T11:00:37.331Z","@metadata":{"beat":"winlogbeat","type":"_doc","version":"7.15.2"},"message":"CreateRemoteThread detected:\nRuleName: -\nUtcTime: 2022-03-23 11:00:37.331\nSourceProcessGuid: {04787c88-fdd1-623a-7101-000000000c00}\nSourceProcessId: 2436\nSourceImage: C:\\Windows\\System32\\WindowsPowerShell\\v1.0\\powershell.exe\nTargetProcessGuid: {04787c88-f877-623a-7800-000000000c00}\nTargetProcessId: 5836\nTargetImage: C:\\Windows\\System32\\ApplicationFrameHost.exe\nNewThreadId: 1564\nStartAddress: 0x000001EF2F130000\nStartModule: -\nStartFunction: -\nSourceUser: WIN10\\vagrant\nTargetUser: WIN10\\vagrant","ecs":{"version":"1.11.0"},"agent":{"ephemeral_id":"2a39ce90-bef1-48a2-9e5f-bcaee6f2b27c","id":"6a7bb1af-5225-4683-bb1f-a6736ccafa24","name":"win10","type":"winlogbeat","version":"7.15.2","hostname":"win10"},"host":{"os":{"version":"10.0","family":"windows","name":"Windows 10 Enterprise Evaluation","kernel":"10.0.18362.418 (WinBuild.160101.0800)","build":"18363.418","type":"windows","platform":"windows"},"id":"04787c88-5486-46f2-93fc-7f6805a92d42","ip":["192.168.56.107","10.0.2.15"],"name":"win10.windomain.local","mac":["08:00:27:c5:40:cf","08:00:27:47:b4:2e"],"hostname":"win10","architecture":"x86_64"},"process":{"pid":2436,"thread":null,"entity_id":"{04787c88-fdd1-623a-7101-000000000c00}","executable":"C:\\Windows\\System32\\WindowsPowerShell\\v1.0\\powershell.exe","name":"powershell.exe","param2":null},"winlog":{"channel":"Microsoft-Windows-Sysmon/Operational","event_id":"8","api":"wineventlog","record_id":8728,"computer_name":"win10.windomain.local","provider_name":"Microsoft-Windows-Sysmon","provider_guid":"{5770385f-c22a-43e0-bf4c-06f5698ffbd9}","keywords":null,"event_data":{"param2":null,"param1":null}},"event":{"kind":"event","provider":"Microsoft-Windows-Sysmon","created":"2022-03-23T11:00:38.709Z","code":"8"},"log":{"level":"information"},"verdict":"Benign"},{"@timestamp":"2022-03-23T11:00:37.331Z","@metadata":{"beat":"winlogbeat","type":"_doc","version":"7.15.2"},"message":"CreateRemoteThread detected:\nRuleName: -\nUtcTime: 2022-03-23 11:00:37.331\nSourceProcessGuid: {04787c88-fdd1-623a-7101-000000000c00}\nSourceProcessId: 2436\nSourceImage: C:\\Windows\\System32\\WindowsPowerShell\\v1.0\\powershell.exe\nTargetProcessGuid: {04787c88-f877-623a-7800-000000000c00}\nTargetProcessId: 5836\nTargetImage: C:\\Windows\\System32\\ApplicationFrameHost.exe\nNewThreadId: 5756\nStartAddress: 0x000001EF2F130000\nStartModule: -\nStartFunction: -\nSourceUser: WIN10\\vagrant\nTargetUser: WIN10\\vagrant","ecs":{"version":"1.11.0"},"agent":{"ephemeral_id":"2a39ce90-bef1-48a2-9e5f-bcaee6f2b27c","id":"6a7bb1af-5225-4683-bb1f-a6736ccafa24","name":"win10","type":"winlogbeat","version":"7.15.2","hostname":"win10"},"host":{"os":{"version":"10.0","family":"windows","name":"Windows 10 Enterprise Evaluation","kernel":"10.0.18362.418 (WinBuild.160101.0800)","build":"18363.418","type":"windows","platform":"windows"},"id":"04787c88-5486-46f2-93fc-7f6805a92d42","ip":["192.168.56.107","10.0.2.15"],"name":"win10.windomain.local","mac":["08:00:27:c5:40:cf","08:00:27:47:b4:2e"],"hostname":"win10","architecture":"x86_64"},"process":{"pid":2436,"thread":null,"entity_id":"{04787c88-fdd1-623a-7101-000000000c00}","executable":"C:\\Windows\\System32\\WindowsPowerShell\\v1.0\\powershell.exe","name":"powershell.exe","param2":null},"winlog":{"channel":"Microsoft-Windows-Sysmon/Operational","event_id":"8","api":"wineventlog","record_id":8729,"computer_name":"win10.windomain.local","provider_name":"Microsoft-Windows-Sysmon","provider_guid":"{5770385f-c22a-43e0-bf4c-06f5698ffbd9}","keywords":null,"event_data":{"param2":null,"param1":null}},"event":{"kind":"event","provider":"Microsoft-Windows-Sysmon","created":"2022-03-23T11:00:38.709Z","code":"8"},"log":{"level":"information"},"verdict":"Benign"},{"@timestamp":"2022-03-23T11:00:37.331Z","@metadata":{"beat":"winlogbeat","type":"_doc","version":"7.15.2"},"message":"CreateRemoteThread detected:\nRuleName: -\nUtcTime: 2022-03-23 11:00:37.331\nSourceProcessGuid: {04787c88-fdd1-623a-7101-000000000c00}\nSourceProcessId: 2436\nSourceImage: C:\\Windows\\System32\\WindowsPowerShell\\v1.0\\powershell.exe\nTargetProcessGuid: {04787c88-f877-623a-7800-000000000c00}\nTargetProcessId: 5836\nTargetImage: C:\\Windows\\System32\\ApplicationFrameHost.exe\nNewThreadId: 1688\nStartAddress: 0x000001EF2F130000\nStartModule: -\nStartFunction: -\nSourceUser: WIN10\\vagrant\nTargetUser: WIN10\\vagrant","ecs":{"version":"1.11.0"},"agent":{"ephemeral_id":"2a39ce90-bef1-48a2-9e5f-bcaee6f2b27c","id":"6a7bb1af-5225-4683-bb1f-a6736ccafa24","name":"win10","type":"winlogbeat","version":"7.15.2","hostname":"win10"},"host":{"os":{"version":"10.0","family":"windows","name":"Windows 10 Enterprise Evaluation","kernel":"10.0.18362.418 (WinBuild.160101.0800)","build":"18363.418","type":"windows","platform":"windows"},"id":"04787c88-5486-46f2-93fc-7f6805a92d42","ip":["192.168.56.107","10.0.2.15"],"name":"win10.windomain.local","mac":["08:00:27:c5:40:cf","08:00:27:47:b4:2e"],"hostname":"win10","architecture":"x86_64"},"process":{"pid":2436,"thread":null,"entity_id":"{04787c88-fdd1-623a-7101-000000000c00}","executable":"C:\\Windows\\System32\\WindowsPowerShell\\v1.0\\powershell.exe","name":"powershell.exe","param2":null},"winlog":{"channel":"Microsoft-Windows-Sysmon/Operational","event_id":"8","api":"wineventlog","record_id":8730,"computer_name":"win10.windomain.local","provider_name":"Microsoft-Windows-Sysmon","provider_guid":"{5770385f-c22a-43e0-bf4c-06f5698ffbd9}","keywords":null,"event_data":{"param2":null,"param1":null}},"event":{"kind":"event","provider":"Microsoft-Windows-Sysmon","created":"2022-03-23T11:00:38.709Z","code":"8"},"log":{"level":"information"},"verdict":"Benign"},{"@timestamp":"2022-03-23T11:00:37.347Z","@metadata":{"beat":"winlogbeat","type":"_doc","version":"7.15.2"},"message":"CreateRemoteThread detected:\nRuleName: -\nUtcTime: 2022-03-23 11:00:37.347\nSourceProcessGuid: {04787c88-fdd1-623a-7101-000000000c00}\nSourceProcessId: 2436\nSourceImage: C:\\Windows\\System32\\WindowsPowerShell\\v1.0\\powershell.exe\nTargetProcessGuid: {04787c88-f877-623a-7800-000000000c00}\nTargetProcessId: 5836\nTargetImage: C:\\Windows\\System32\\ApplicationFrameHost.exe\nNewThreadId: 3496\nStartAddress: 0x000001EF2F130000\nStartModule: -\nStartFunction: -\nSourceUser: WIN10\\vagrant\nTargetUser: WIN10\\vagrant","ecs":{"version":"1.11.0"},"agent":{"ephemeral_id":"2a39ce90-bef1-48a2-9e5f-bcaee6f2b27c","id":"6a7bb1af-5225-4683-bb1f-a6736ccafa24","name":"win10","type":"winlogbeat","version":"7.15.2","hostname":"win10"},"host":{"os":{"version":"10.0","family":"windows","name":"Windows 10 Enterprise Evaluation","kernel":"10.0.18362.418 (WinBuild.160101.0800)","build":"18363.418","type":"windows","platform":"windows"},"id":"04787c88-5486-46f2-93fc-7f6805a92d42","ip":["192.168.56.107","10.0.2.15"],"name":"win10.windomain.local","mac":["08:00:27:c5:40:cf","08:00:27:47:b4:2e"],"hostname":"win10","architecture":"x86_64"},"process":{"pid":2436,"thread":null,"entity_id":"{04787c88-fdd1-623a-7101-000000000c00}","executable":"C:\\Windows\\System32\\WindowsPowerShell\\v1.0\\powershell.exe","name":"powershell.exe","param2":null},"winlog":{"channel":"Microsoft-Windows-Sysmon/Operational","event_id":"8","api":"wineventlog","record_id":8731,"computer_name":"win10.windomain.local","provider_name":"Microsoft-Windows-Sysmon","provider_guid":"{5770385f-c22a-43e0-bf4c-06f5698ffbd9}","keywords":null,"event_data":{"param2":null,"param1":null}},"event":{"kind":"event","provider":"Microsoft-Windows-Sysmon","created":"2022-03-23T11:00:38.709Z","code":"8"},"log":{"level":"information"},"verdict":"Benign"},{"@timestamp":"2022-03-23T11:00:37.347Z","@metadata":{"beat":"winlogbeat","type":"_doc","version":"7.15.2"},"message":"CreateRemoteThread detected:\nRuleName: -\nUtcTime: 2022-03-23 11:00:37.347\nSourceProcessGuid: {04787c88-fdd1-623a-7101-000000000c00}\nSourceProcessId: 2436\nSourceImage: C:\\Windows\\System32\\WindowsPowerShell\\v1.0\\powershell.exe\nTargetProcessGuid: {04787c88-f877-623a-7800-000000000c00}\nTargetProcessId: 5836\nTargetImage: C:\\Windows\\System32\\ApplicationFrameHost.exe\nNewThreadId: 212\nStartAddress: 0x000001EF2F130000\nStartModule: -\nStartFunction: -\nSourceUser: WIN10\\vagrant\nTargetUser: WIN10\\vagrant","ecs":{"version":"1.11.0"},"agent":{"ephemeral_id":"2a39ce90-bef1-48a2-9e5f-bcaee6f2b27c","id":"6a7bb1af-5225-4683-bb1f-a6736ccafa24","name":"win10","type":"winlogbeat","version":"7.15.2","hostname":"win10"},"host":{"os":{"version":"10.0","family":"windows","name":"Windows 10 Enterprise Evaluation","kernel":"10.0.18362.418 (WinBuild.160101.0800)","build":"18363.418","type":"windows","platform":"windows"},"id":"04787c88-5486-46f2-93fc-7f6805a92d42","ip":["192.168.56.107","10.0.2.15"],"name":"win10.windomain.local","mac":["08:00:27:c5:40:cf","08:00:27:47:b4:2e"],"hostname":"win10","architecture":"x86_64"},"process":{"pid":2436,"thread":null,"entity_id":"{04787c88-fdd1-623a-7101-000000000c00}","executable":"C:\\Windows\\System32\\WindowsPowerShell\\v1.0\\powershell.exe","name":"powershell.exe","param2":null},"winlog":{"channel":"Microsoft-Windows-Sysmon/Operational","event_id":"8","api":"wineventlog","record_id":8732,"computer_name":"win10.windomain.local","provider_name":"Microsoft-Windows-Sysmon","provider_guid":"{5770385f-c22a-43e0-bf4c-06f5698ffbd9}","keywords":null,"event_data":{"param2":null,"param1":null}},"event":{"kind":"event","provider":"Microsoft-Windows-Sysmon","created":"2022-03-23T11:00:38.709Z","code":"8"},"log":{"level":"information"},"verdict":"Benign"},{"@timestamp":"2022-03-23T11:00:37.362Z","@metadata":{"beat":"winlogbeat","type":"_doc","version":"7.15.2"},"message":"CreateRemoteThread detected:\nRuleName: -\nUtcTime: 2022-03-23 11:00:37.362\nSourceProcessGuid: {04787c88-fdd1-623a-7101-000000000c00}\nSourceProcessId: 2436\nSourceImage: C:\\Windows\\System32\\WindowsPowerShell\\v1.0\\powershell.exe\nTargetProcessGuid: {04787c88-f877-623a-7800-000000000c00}\nTargetProcessId: 5836\nTargetImage: C:\\Windows\\System32\\ApplicationFrameHost.exe\nNewThreadId: 3188\nStartAddress: 0x000001EF2F130000\nStartModule: -\nStartFunction: -\nSourceUser: WIN10\\vagrant\nTargetUser: WIN10\\vagrant","ecs":{"version":"1.11.0"},"agent":{"ephemeral_id":"2a39ce90-bef1-48a2-9e5f-bcaee6f2b27c","id":"6a7bb1af-5225-4683-bb1f-a6736ccafa24","name":"win10","type":"winlogbeat","version":"7.15.2","hostname":"win10"},"host":{"os":{"version":"10.0","family":"windows","name":"Windows 10 Enterprise Evaluation","kernel":"10.0.18362.418 (WinBuild.160101.0800)","build":"18363.418","type":"windows","platform":"windows"},"id":"04787c88-5486-46f2-93fc-7f6805a92d42","ip":["192.168.56.107","10.0.2.15"],"name":"win10.windomain.local","mac":["08:00:27:c5:40:cf","08:00:27:47:b4:2e"],"hostname":"win10","architecture":"x86_64"},"process":{"pid":2436,"thread":null,"entity_id":"{04787c88-fdd1-623a-7101-000000000c00}","executable":"C:\\Windows\\System32\\WindowsPowerShell\\v1.0\\powershell.exe","name":"powershell.exe","param2":null},"winlog":{"channel":"Microsoft-Windows-Sysmon/Operational","event_id":"8","api":"wineventlog","record_id":8733,"computer_name":"win10.windomain.local","provider_name":"Microsoft-Windows-Sysmon","provider_guid":"{5770385f-c22a-43e0-bf4c-06f5698ffbd9}","keywords":null,"event_data":{"param2":null,"param1":null}},"event":{"kind":"event","provider":"Microsoft-Windows-Sysmon","created":"2022-03-23T11:00:38.709Z","code":"8"},"log":{"level":"information"},"verdict":"Benign"},{"@timestamp":"2022-03-23T11:00:37.362Z","@metadata":{"beat":"winlogbeat","type":"_doc","version":"7.15.2"},"message":"CreateRemoteThread detected:\nRuleName: -\nUtcTime: 2022-03-23 11:00:37.362\nSourceProcessGuid: {04787c88-fdd1-623a-7101-000000000c00}\nSourceProcessId: 2436\nSourceImage: C:\\Windows\\System32\\WindowsPowerShell\\v1.0\\powershell.exe\nTargetProcessGuid: {04787c88-f877-623a-7800-000000000c00}\nTargetProcessId: 5836\nTargetImage: C:\\Windows\\System32\\ApplicationFrameHost.exe\nNewThreadId: 284\nStartAddress: 0x000001EF2F120000\nStartModule: -\nStartFunction: -\nSourceUser: WIN10\\vagrant\nTargetUser: WIN10\\vagrant","ecs":{"version":"1.11.0"},"agent":{"ephemeral_id":"2a39ce90-bef1-48a2-9e5f-bcaee6f2b27c","id":"6a7bb1af-5225-4683-bb1f-a6736ccafa24","name":"win10","type":"winlogbeat","version":"7.15.2","hostname":"win10"},"host":{"os":{"version":"10.0","family":"windows","name":"Windows 10 Enterprise Evaluation","kernel":"10.0.18362.418 (WinBuild.160101.0800)","build":"18363.418","type":"windows","platform":"windows"},"id":"04787c88-5486-46f2-93fc-7f6805a92d42","ip":["192.168.56.107","10.0.2.15"],"name":"win10.windomain.local","mac":["08:00:27:c5:40:cf","08:00:27:47:b4:2e"],"hostname":"win10","architecture":"x86_64"},"process":{"pid":2436,"thread":null,"entity_id":"{04787c88-fdd1-623a-7101-000000000c00}","executable":"C:\\Windows\\System32\\WindowsPowerShell\\v1.0\\powershell.exe","name":"powershell.exe","param2":null},"winlog":{"channel":"Microsoft-Windows-Sysmon/Operational","event_id":"8","api":"wineventlog","record_id":8734,"computer_name":"win10.windomain.local","provider_name":"Microsoft-Windows-Sysmon","provider_guid":"{5770385f-c22a-43e0-bf4c-06f5698ffbd9}","keywords":null,"event_data":{"param2":null,"param1":null}},"event":{"kind":"event","provider":"Microsoft-Windows-Sysmon","created":"2022-03-23T11:00:38.709Z","code":"8"},"log":{"level":"information"},"verdict":"Benign"},{"@timestamp":"2022-03-23T11:00:37.362Z","@metadata":{"beat":"winlogbeat","type":"_doc","version":"7.15.2"},"message":"CreateRemoteThread detected:\nRuleName: -\nUtcTime: 2022-03-23 11:00:37.362\nSourceProcessGuid: {04787c88-fdd1-623a-7101-000000000c00}\nSourceProcessId: 2436\nSourceImage: C:\\Windows\\System32\\WindowsPowerShell\\v1.0\\powershell.exe\nTargetProcessGuid: {04787c88-f877-623a-7800-000000000c00}\nTargetProcessId: 5836\nTargetImage: C:\\Windows\\System32\\ApplicationFrameHost.exe\nNewThreadId: 4136\nStartAddress: 0x000001EF2F120000\nStartModule: -\nStartFunction: -\nSourceUser: WIN10\\vagrant\nTargetUser: WIN10\\vagrant","ecs":{"version":"1.11.0"},"agent":{"ephemeral_id":"2a39ce90-bef1-48a2-9e5f-bcaee6f2b27c","id":"6a7bb1af-5225-4683-bb1f-a6736ccafa24","name":"win10","type":"winlogbeat","version":"7.15.2","hostname":"win10"},"host":{"os":{"version":"10.0","family":"windows","name":"Windows 10 Enterprise Evaluation","kernel":"10.0.18362.418 (WinBuild.160101.0800)","build":"18363.418","type":"windows","platform":"windows"},"id":"04787c88-5486-46f2-93fc-7f6805a92d42","ip":["192.168.56.107","10.0.2.15"],"name":"win10.windomain.local","mac":["08:00:27:c5:40:cf","08:00:27:47:b4:2e"],"hostname":"win10","architecture":"x86_64"},"process":{"pid":2436,"thread":null,"entity_id":"{04787c88-fdd1-623a-7101-000000000c00}","executable":"C:\\Windows\\System32\\WindowsPowerShell\\v1.0\\powershell.exe","name":"powershell.exe","param2":null},"winlog":{"channel":"Microsoft-Windows-Sysmon/Operational","event_id":"8","api":"wineventlog","record_id":8735,"computer_name":"win10.windomain.local","provider_name":"Microsoft-Windows-Sysmon","provider_guid":"{5770385f-c22a-43e0-bf4c-06f5698ffbd9}","keywords":null,"event_data":{"param2":null,"param1":null}},"event":{"kind":"event","provider":"Microsoft-Windows-Sysmon","created":"2022-03-23T11:00:38.709Z","code":"8"},"log":{"level":"information"},"verdict":"Benign"},{"@timestamp":"2022-03-23T11:00:37.378Z","@metadata":{"beat":"winlogbeat","type":"_doc","version":"7.15.2"},"message":"CreateRemoteThread detected:\nRuleName: -\nUtcTime: 2022-03-23 11:00:37.378\nSourceProcessGuid: {04787c88-fdd1-623a-7101-000000000c00}\nSourceProcessId: 2436\nSourceImage: C:\\Windows\\System32\\WindowsPowerShell\\v1.0\\powershell.exe\nTargetProcessGuid: {04787c88-f877-623a-7800-000000000c00}\nTargetProcessId: 5836\nTargetImage: C:\\Windows\\System32\\ApplicationFrameHost.exe\nNewThreadId: 4924\nStartAddress: 0x000001EF2F120000\nStartModule: -\nStartFunction: -\nSourceUser: WIN10\\vagrant\nTargetUser: WIN10\\vagrant","ecs":{"version":"1.11.0"},"agent":{"ephemeral_id":"2a39ce90-bef1-48a2-9e5f-bcaee6f2b27c","id":"6a7bb1af-5225-4683-bb1f-a6736ccafa24","name":"win10","type":"winlogbeat","version":"7.15.2","hostname":"win10"},"host":{"os":{"version":"10.0","family":"windows","name":"Windows 10 Enterprise Evaluation","kernel":"10.0.18362.418 (WinBuild.160101.0800)","build":"18363.418","type":"windows","platform":"windows"},"id":"04787c88-5486-46f2-93fc-7f6805a92d42","ip":["192.168.56.107","10.0.2.15"],"name":"win10.windomain.local","mac":["08:00:27:c5:40:cf","08:00:27:47:b4:2e"],"hostname":"win10","architecture":"x86_64"},"process":{"pid":2436,"thread":null,"entity_id":"{04787c88-fdd1-623a-7101-000000000c00}","executable":"C:\\Windows\\System32\\WindowsPowerShell\\v1.0\\powershell.exe","name":"powershell.exe","param2":null},"winlog":{"channel":"Microsoft-Windows-Sysmon/Operational","event_id":"8","api":"wineventlog","record_id":8736,"computer_name":"win10.windomain.local","provider_name":"Microsoft-Windows-Sysmon","provider_guid":"{5770385f-c22a-43e0-bf4c-06f5698ffbd9}","keywords":null,"event_data":{"param2":null,"param1":null}},"event":{"kind":"event","provider":"Microsoft-Windows-Sysmon","created":"2022-03-23T11:00:38.709Z","code":"8"},"log":{"level":"information"},"verdict":"Benign"},{"@timestamp":"2022-03-23T11:00:37.378Z","@metadata":{"beat":"winlogbeat","type":"_doc","version":"7.15.2"},"message":"CreateRemoteThread detected:\nRuleName: -\nUtcTime: 2022-03-23 11:00:37.378\nSourceProcessGuid: {04787c88-fdd1-623a-7101-000000000c00}\nSourceProcessId: 2436\nSourceImage: C:\\Windows\\System32\\WindowsPowerShell\\v1.0\\powershell.exe\nTargetProcessGuid: {04787c88-f877-623a-7800-000000000c00}\nTargetProcessId: 5836\nTargetImage: C:\\Windows\\System32\\ApplicationFrameHost.exe\nNewThreadId: 5388\nStartAddress: 0x000001EF2F120000\nStartModule: -\nStartFunction: -\nSourceUser: WIN10\\vagrant\nTargetUser: WIN10\\vagrant","ecs":{"version":"1.11.0"},"agent":{"ephemeral_id":"2a39ce90-bef1-48a2-9e5f-bcaee6f2b27c","id":"6a7bb1af-5225-4683-bb1f-a6736ccafa24","name":"win10","type":"winlogbeat","version":"7.15.2","hostname":"win10"},"host":{"os":{"version":"10.0","family":"windows","name":"Windows 10 Enterprise Evaluation","kernel":"10.0.18362.418 (WinBuild.160101.0800)","build":"18363.418","type":"windows","platform":"windows"},"id":"04787c88-5486-46f2-93fc-7f6805a92d42","ip":["192.168.56.107","10.0.2.15"],"name":"win10.windomain.local","mac":["08:00:27:c5:40:cf","08:00:27:47:b4:2e"],"hostname":"win10","architecture":"x86_64"},"process":{"pid":2436,"thread":null,"entity_id":"{04787c88-fdd1-623a-7101-000000000c00}","executable":"C:\\Windows\\System32\\WindowsPowerShell\\v1.0\\powershell.exe","name":"powershell.exe","param2":null},"winlog":{"channel":"Microsoft-Windows-Sysmon/Operational","event_id":"8","api":"wineventlog","record_id":8737,"computer_name":"win10.windomain.local","provider_name":"Microsoft-Windows-Sysmon","provider_guid":"{5770385f-c22a-43e0-bf4c-06f5698ffbd9}","keywords":null,"event_data":{"param2":null,"param1":null}},"event":{"kind":"event","provider":"Microsoft-Windows-Sysmon","created":"2022-03-23T11:00:38.709Z","code":"8"},"log":{"level":"information"},"verdict":"Benign"},{"@timestamp":"2022-03-23T11:00:37.378Z","@metadata":{"beat":"winlogbeat","type":"_doc","version":"7.15.2"},"message":"CreateRemoteThread detected:\nRuleName: -\nUtcTime: 2022-03-23 11:00:37.378\nSourceProcessGuid: {04787c88-fdd1-623a-7101-000000000c00}\nSourceProcessId: 2436\nSourceImage: C:\\Windows\\System32\\WindowsPowerShell\\v1.0\\powershell.exe\nTargetProcessGuid: {04787c88-f877-623a-7800-000000000c00}\nTargetProcessId: 5836\nTargetImage: C:\\Windows\\System32\\ApplicationFrameHost.exe\nNewThreadId: 6756\nStartAddress: 0x000001EF2F120000\nStartModule: -\nStartFunction: -\nSourceUser: WIN10\\vagrant\nTargetUser: WIN10\\vagrant","ecs":{"version":"1.11.0"},"agent":{"ephemeral_id":"2a39ce90-bef1-48a2-9e5f-bcaee6f2b27c","id":"6a7bb1af-5225-4683-bb1f-a6736ccafa24","name":"win10","type":"winlogbeat","version":"7.15.2","hostname":"win10"},"host":{"os":{"version":"10.0","family":"windows","name":"Windows 10 Enterprise Evaluation","kernel":"10.0.18362.418 (WinBuild.160101.0800)","build":"18363.418","type":"windows","platform":"windows"},"id":"04787c88-5486-46f2-93fc-7f6805a92d42","ip":["192.168.56.107","10.0.2.15"],"name":"win10.windomain.local","mac":["08:00:27:c5:40:cf","08:00:27:47:b4:2e"],"hostname":"win10","architecture":"x86_64"},"process":{"pid":2436,"thread":null,"entity_id":"{04787c88-fdd1-623a-7101-000000000c00}","executable":"C:\\Windows\\System32\\WindowsPowerShell\\v1.0\\powershell.exe","name":"powershell.exe","param2":null},"winlog":{"channel":"Microsoft-Windows-Sysmon/Operational","event_id":"8","api":"wineventlog","record_id":8738,"computer_name":"win10.windomain.local","provider_name":"Microsoft-Windows-Sysmon","provider_guid":"{5770385f-c22a-43e0-bf4c-06f5698ffbd9}","keywords":null,"event_data":{"param2":null,"param1":null}},"event":{"kind":"event","provider":"Microsoft-Windows-Sysmon","created":"2022-03-23T11:00:38.709Z","code":"8"},"log":{"level":"information"},"verdict":"Benign"},{"@timestamp":"2022-03-23T11:00:37.378Z","@metadata":{"beat":"winlogbeat","type":"_doc","version":"7.15.2"},"message":"CreateRemoteThread detected:\nRuleName: -\nUtcTime: 2022-03-23 11:00:37.378\nSourceProcessGuid: {04787c88-fdd1-623a-7101-000000000c00}\nSourceProcessId: 2436\nSourceImage: C:\\Windows\\System32\\WindowsPowerShell\\v1.0\\powershell.exe\nTargetProcessGuid: {04787c88-f877-623a-7800-000000000c00}\nTargetProcessId: 5836\nTargetImage: C:\\Windows\\System32\\ApplicationFrameHost.exe\nNewThreadId: 4860\nStartAddress: 0x000001EF2F120000\nStartModule: -\nStartFunction: -\nSourceUser: WIN10\\vagrant\nTargetUser: WIN10\\vagrant","ecs":{"version":"1.11.0"},"agent":{"ephemeral_id":"2a39ce90-bef1-48a2-9e5f-bcaee6f2b27c","id":"6a7bb1af-5225-4683-bb1f-a6736ccafa24","name":"win10","type":"winlogbeat","version":"7.15.2","hostname":"win10"},"host":{"os":{"version":"10.0","family":"windows","name":"Windows 10 Enterprise Evaluation","kernel":"10.0.18362.418 (WinBuild.160101.0800)","build":"18363.418","type":"windows","platform":"windows"},"id":"04787c88-5486-46f2-93fc-7f6805a92d42","ip":["192.168.56.107","10.0.2.15"],"name":"win10.windomain.local","mac":["08:00:27:c5:40:cf","08:00:27:47:b4:2e"],"hostname":"win10","architecture":"x86_64"},"process":{"pid":2436,"thread":null,"entity_id":"{04787c88-fdd1-623a-7101-000000000c00}","executable":"C:\\Windows\\System32\\WindowsPowerShell\\v1.0\\powershell.exe","name":"powershell.exe","param2":null},"winlog":{"channel":"Microsoft-Windows-Sysmon/Operational","event_id":"8","api":"wineventlog","record_id":8739,"computer_name":"win10.windomain.local","provider_name":"Microsoft-Windows-Sysmon","provider_guid":"{5770385f-c22a-43e0-bf4c-06f5698ffbd9}","keywords":null,"event_data":{"param2":null,"param1":null}},"event":{"kind":"event","provider":"Microsoft-Windows-Sysmon","created":"2022-03-23T11:00:38.709Z","code":"8"},"log":{"level":"information"},"verdict":"Benign"},{"@timestamp":"2022-03-23T11:00:37.394Z","@metadata":{"beat":"winlogbeat","type":"_doc","version":"7.15.2"},"message":"CreateRemoteThread detected:\nRuleName: -\nUtcTime: 2022-03-23 11:00:37.394\nSourceProcessGuid: {04787c88-fdd1-623a-7101-000000000c00}\nSourceProcessId: 2436\nSourceImage: C:\\Windows\\System32\\WindowsPowerShell\\v1.0\\powershell.exe\nTargetProcessGuid: {04787c88-f877-623a-7800-000000000c00}\nTargetProcessId: 5836\nTargetImage: C:\\Windows\\System32\\ApplicationFrameHost.exe\nNewThreadId: 4172\nStartAddress: 0x000001EF2F120000\nStartModule: -\nStartFunction: -\nSourceUser: WIN10\\vagrant\nTargetUser: WIN10\\vagrant","ecs":{"version":"1.11.0"},"agent":{"ephemeral_id":"2a39ce90-bef1-48a2-9e5f-bcaee6f2b27c","id":"6a7bb1af-5225-4683-bb1f-a6736ccafa24","name":"win10","type":"winlogbeat","version":"7.15.2","hostname":"win10"},"host":{"os":{"version":"10.0","family":"windows","name":"Windows 10 Enterprise Evaluation","kernel":"10.0.18362.418 (WinBuild.160101.0800)","build":"18363.418","type":"windows","platform":"windows"},"id":"04787c88-5486-46f2-93fc-7f6805a92d42","ip":["192.168.56.107","10.0.2.15"],"name":"win10.windomain.local","mac":["08:00:27:c5:40:cf","08:00:27:47:b4:2e"],"hostname":"win10","architecture":"x86_64"},"process":{"pid":2436,"thread":null,"entity_id":"{04787c88-fdd1-623a-7101-000000000c00}","executable":"C:\\Windows\\System32\\WindowsPowerShell\\v1.0\\powershell.exe","name":"powershell.exe","param2":null},"winlog":{"channel":"Microsoft-Windows-Sysmon/Operational","event_id":"8","api":"wineventlog","record_id":8740,"computer_name":"win10.windomain.local","provider_name":"Microsoft-Windows-Sysmon","provider_guid":"{5770385f-c22a-43e0-bf4c-06f5698ffbd9}","keywords":null,"event_data":{"param2":null,"param1":null}},"event":{"kind":"event","provider":"Microsoft-Windows-Sysmon","created":"2022-03-23T11:00:38.709Z","code":"8"},"log":{"level":"information"},"verdict":"Benign"},{"@timestamp":"2022-03-23T11:00:37.394Z","@metadata":{"beat":"winlogbeat","type":"_doc","version":"7.15.2"},"message":"CreateRemoteThread detected:\nRuleName: -\nUtcTime: 2022-03-23 11:00:37.394\nSourceProcessGuid: {04787c88-fdd1-623a-7101-000000000c00}\nSourceProcessId: 2436\nSourceImage: C:\\Windows\\System32\\WindowsPowerShell\\v1.0\\powershell.exe\nTargetProcessGuid: {04787c88-f877-623a-7800-000000000c00}\nTargetProcessId: 5836\nTargetImage: C:\\Windows\\System32\\ApplicationFrameHost.exe\nNewThreadId: 5904\nStartAddress: 0x000001EF2F120000\nStartModule: -\nStartFunction: -\nSourceUser: WIN10\\vagrant\nTargetUser: WIN10\\vagrant","ecs":{"version":"1.11.0"},"agent":{"ephemeral_id":"2a39ce90-bef1-48a2-9e5f-bcaee6f2b27c","id":"6a7bb1af-5225-4683-bb1f-a6736ccafa24","name":"win10","type":"winlogbeat","version":"7.15.2","hostname":"win10"},"host":{"os":{"version":"10.0","family":"windows","name":"Windows 10 Enterprise Evaluation","kernel":"10.0.18362.418 (WinBuild.160101.0800)","build":"18363.418","type":"windows","platform":"windows"},"id":"04787c88-5486-46f2-93fc-7f6805a92d42","ip":["192.168.56.107","10.0.2.15"],"name":"win10.windomain.local","mac":["08:00:27:c5:40:cf","08:00:27:47:b4:2e"],"hostname":"win10","architecture":"x86_64"},"process":{"pid":2436,"thread":null,"entity_id":"{04787c88-fdd1-623a-7101-000000000c00}","executable":"C:\\Windows\\System32\\WindowsPowerShell\\v1.0\\powershell.exe","name":"powershell.exe","param2":null},"winlog":{"channel":"Microsoft-Windows-Sysmon/Operational","event_id":"8","api":"wineventlog","record_id":8741,"computer_name":"win10.windomain.local","provider_name":"Microsoft-Windows-Sysmon","provider_guid":"{5770385f-c22a-43e0-bf4c-06f5698ffbd9}","keywords":null,"event_data":{"param2":null,"param1":null}},"event":{"kind":"event","provider":"Microsoft-Windows-Sysmon","created":"2022-03-23T11:00:38.709Z","code":"8"},"log":{"level":"information"},"verdict":"Benign"},{"@timestamp":"2022-03-23T11:00:37.394Z","@metadata":{"beat":"winlogbeat","type":"_doc","version":"7.15.2"},"message":"CreateRemoteThread detected:\nRuleName: -\nUtcTime: 2022-03-23 11:00:37.394\nSourceProcessGuid: {04787c88-fdd1-623a-7101-000000000c00}\nSourceProcessId: 2436\nSourceImage: C:\\Windows\\System32\\WindowsPowerShell\\v1.0\\powershell.exe\nTargetProcessGuid: {04787c88-f877-623a-7800-000000000c00}\nTargetProcessId: 5836\nTargetImage: C:\\Windows\\System32\\ApplicationFrameHost.exe\nNewThreadId: 3220\nStartAddress: 0x000001EF2F120000\nStartModule: -\nStartFunction: -\nSourceUser: WIN10\\vagrant\nTargetUser: WIN10\\vagrant","ecs":{"version":"1.11.0"},"agent":{"ephemeral_id":"2a39ce90-bef1-48a2-9e5f-bcaee6f2b27c","id":"6a7bb1af-5225-4683-bb1f-a6736ccafa24","name":"win10","type":"winlogbeat","version":"7.15.2","hostname":"win10"},"host":{"os":{"version":"10.0","family":"windows","name":"Windows 10 Enterprise Evaluation","kernel":"10.0.18362.418 (WinBuild.160101.0800)","build":"18363.418","type":"windows","platform":"windows"},"id":"04787c88-5486-46f2-93fc-7f6805a92d42","ip":["192.168.56.107","10.0.2.15"],"name":"win10.windomain.local","mac":["08:00:27:c5:40:cf","08:00:27:47:b4:2e"],"hostname":"win10","architecture":"x86_64"},"process":{"pid":2436,"thread":null,"entity_id":"{04787c88-fdd1-623a-7101-000000000c00}","executable":"C:\\Windows\\System32\\WindowsPowerShell\\v1.0\\powershell.exe","name":"powershell.exe","param2":null},"winlog":{"channel":"Microsoft-Windows-Sysmon/Operational","event_id":"8","api":"wineventlog","record_id":8742,"computer_name":"win10.windomain.local","provider_name":"Microsoft-Windows-Sysmon","provider_guid":"{5770385f-c22a-43e0-bf4c-06f5698ffbd9}","keywords":null,"event_data":{"param2":null,"param1":null}},"event":{"kind":"event","provider":"Microsoft-Windows-Sysmon","created":"2022-03-23T11:00:38.709Z","code":"8"},"log":{"level":"information"},"verdict":"Benign"},{"@timestamp":"2022-03-23T11:00:37.409Z","@metadata":{"beat":"winlogbeat","type":"_doc","version":"7.15.2"},"message":"CreateRemoteThread detected:\nRuleName: -\nUtcTime: 2022-03-23 11:00:37.409\nSourceProcessGuid: {04787c88-fdd1-623a-7101-000000000c00}\nSourceProcessId: 2436\nSourceImage: C:\\Windows\\System32\\WindowsPowerShell\\v1.0\\powershell.exe\nTargetProcessGuid: {04787c88-f877-623a-7800-000000000c00}\nTargetProcessId: 5836\nTargetImage: C:\\Windows\\System32\\ApplicationFrameHost.exe\nNewThreadId: 3300\nStartAddress: 0x000001EF2F120000\nStartModule: -\nStartFunction: -\nSourceUser: WIN10\\vagrant\nTargetUser: WIN10\\vagrant","ecs":{"version":"1.11.0"},"agent":{"ephemeral_id":"2a39ce90-bef1-48a2-9e5f-bcaee6f2b27c","id":"6a7bb1af-5225-4683-bb1f-a6736ccafa24","name":"win10","type":"winlogbeat","version":"7.15.2","hostname":"win10"},"host":{"os":{"version":"10.0","family":"windows","name":"Windows 10 Enterprise Evaluation","kernel":"10.0.18362.418 (WinBuild.160101.0800)","build":"18363.418","type":"windows","platform":"windows"},"id":"04787c88-5486-46f2-93fc-7f6805a92d42","ip":["192.168.56.107","10.0.2.15"],"name":"win10.windomain.local","mac":["08:00:27:c5:40:cf","08:00:27:47:b4:2e"],"hostname":"win10","architecture":"x86_64"},"process":{"pid":2436,"thread":null,"entity_id":"{04787c88-fdd1-623a-7101-000000000c00}","executable":"C:\\Windows\\System32\\WindowsPowerShell\\v1.0\\powershell.exe","name":"powershell.exe","param2":null},"winlog":{"channel":"Microsoft-Windows-Sysmon/Operational","event_id":"8","api":"wineventlog","record_id":8743,"computer_name":"win10.windomain.local","provider_name":"Microsoft-Windows-Sysmon","provider_guid":"{5770385f-c22a-43e0-bf4c-06f5698ffbd9}","keywords":null,"event_data":{"param2":null,"param1":null}},"event":{"kind":"event","provider":"Microsoft-Windows-Sysmon","created":"2022-03-23T11:00:38.709Z","code":"8"},"log":{"level":"information"},"verdict":"Benign"},{"@timestamp":"2022-03-23T11:00:37.409Z","@metadata":{"beat":"winlogbeat","type":"_doc","version":"7.15.2"},"message":"CreateRemoteThread detected:\nRuleName: -\nUtcTime: 2022-03-23 11:00:37.409\nSourceProcessGuid: {04787c88-fdd1-623a-7101-000000000c00}\nSourceProcessId: 2436\nSourceImage: C:\\Windows\\System32\\WindowsPowerShell\\v1.0\\powershell.exe\nTargetProcessGuid: {04787c88-f877-623a-7800-000000000c00}\nTargetProcessId: 5836\nTargetImage: C:\\Windows\\System32\\ApplicationFrameHost.exe\nNewThreadId: 4064\nStartAddress: 0x000001EF2F130000\nStartModule: -\nStartFunction: -\nSourceUser: WIN10\\vagrant\nTargetUser: WIN10\\vagrant","ecs":{"version":"1.11.0"},"agent":{"ephemeral_id":"2a39ce90-bef1-48a2-9e5f-bcaee6f2b27c","id":"6a7bb1af-5225-4683-bb1f-a6736ccafa24","name":"win10","type":"winlogbeat","version":"7.15.2","hostname":"win10"},"host":{"os":{"version":"10.0","family":"windows","name":"Windows 10 Enterprise Evaluation","kernel":"10.0.18362.418 (WinBuild.160101.0800)","build":"18363.418","type":"windows","platform":"windows"},"id":"04787c88-5486-46f2-93fc-7f6805a92d42","ip":["192.168.56.107","10.0.2.15"],"name":"win10.windomain.local","mac":["08:00:27:c5:40:cf","08:00:27:47:b4:2e"],"hostname":"win10","architecture":"x86_64"},"process":{"pid":2436,"thread":null,"entity_id":"{04787c88-fdd1-623a-7101-000000000c00}","executable":"C:\\Windows\\System32\\WindowsPowerShell\\v1.0\\powershell.exe","name":"powershell.exe","param2":null},"winlog":{"channel":"Microsoft-Windows-Sysmon/Operational","event_id":"8","api":"wineventlog","record_id":8744,"computer_name":"win10.windomain.local","provider_name":"Microsoft-Windows-Sysmon","provider_guid":"{5770385f-c22a-43e0-bf4c-06f5698ffbd9}","keywords":null,"event_data":{"param2":null,"param1":null}},"event":{"kind":"event","provider":"Microsoft-Windows-Sysmon","created":"2022-03-23T11:00:38.709Z","code":"8"},"log":{"level":"information"},"verdict":"Benign"},{"@timestamp":"2022-03-23T11:00:37.409Z","@metadata":{"beat":"winlogbeat","type":"_doc","version":"7.15.2"},"message":"CreateRemoteThread detected:\nRuleName: -\nUtcTime: 2022-03-23 11:00:37.409\nSourceProcessGuid: {04787c88-fdd1-623a-7101-000000000c00}\nSourceProcessId: 2436\nSourceImage: C:\\Windows\\System32\\WindowsPowerShell\\v1.0\\powershell.exe\nTargetProcessGuid: {04787c88-f877-623a-7800-000000000c00}\nTargetProcessId: 5836\nTargetImage: C:\\Windows\\System32\\ApplicationFrameHost.exe\nNewThreadId: 6456\nStartAddress: 0x000001EF2F130000\nStartModule: -\nStartFunction: -\nSourceUser: WIN10\\vagrant\nTargetUser: WIN10\\vagrant","ecs":{"version":"1.11.0"},"agent":{"ephemeral_id":"2a39ce90-bef1-48a2-9e5f-bcaee6f2b27c","id":"6a7bb1af-5225-4683-bb1f-a6736ccafa24","name":"win10","type":"winlogbeat","version":"7.15.2","hostname":"win10"},"host":{"os":{"version":"10.0","family":"windows","name":"Windows 10 Enterprise Evaluation","kernel":"10.0.18362.418 (WinBuild.160101.0800)","build":"18363.418","type":"windows","platform":"windows"},"id":"04787c88-5486-46f2-93fc-7f6805a92d42","ip":["192.168.56.107","10.0.2.15"],"name":"win10.windomain.local","mac":["08:00:27:c5:40:cf","08:00:27:47:b4:2e"],"hostname":"win10","architecture":"x86_64"},"process":{"pid":2436,"thread":null,"entity_id":"{04787c88-fdd1-623a-7101-000000000c00}","executable":"C:\\Windows\\System32\\WindowsPowerShell\\v1.0\\powershell.exe","name":"powershell.exe","param2":null},"winlog":{"channel":"Microsoft-Windows-Sysmon/Operational","event_id":"8","api":"wineventlog","record_id":8745,"computer_name":"win10.windomain.local","provider_name":"Microsoft-Windows-Sysmon","provider_guid":"{5770385f-c22a-43e0-bf4c-06f5698ffbd9}","keywords":null,"event_data":{"param2":null,"param1":null}},"event":{"kind":"event","provider":"Microsoft-Windows-Sysmon","created":"2022-03-23T11:00:38.709Z","code":"8"},"log":{"level":"information"},"verdict":"Benign"},{"@timestamp":"2022-03-23T11:00:37.440Z","@metadata":{"beat":"winlogbeat","type":"_doc","version":"7.15.2"},"message":"CreateRemoteThread detected:\nRuleName: -\nUtcTime: 2022-03-23 11:00:37.440\nSourceProcessGuid: {04787c88-fdd1-623a-7101-000000000c00}\nSourceProcessId: 2436\nSourceImage: C:\\Windows\\System32\\WindowsPowerShell\\v1.0\\powershell.exe\nTargetProcessGuid: {04787c88-f877-623a-7800-000000000c00}\nTargetProcessId: 5836\nTargetImage: C:\\Windows\\System32\\ApplicationFrameHost.exe\nNewThreadId: 1348\nStartAddress: 0x000001EF2EF90000\nStartModule: -\nStartFunction: -\nSourceUser: WIN10\\vagrant\nTargetUser: WIN10\\vagrant","ecs":{"version":"1.11.0"},"agent":{"ephemeral_id":"2a39ce90-bef1-48a2-9e5f-bcaee6f2b27c","id":"6a7bb1af-5225-4683-bb1f-a6736ccafa24","name":"win10","type":"winlogbeat","version":"7.15.2","hostname":"win10"},"host":{"os":{"version":"10.0","family":"windows","name":"Windows 10 Enterprise Evaluation","kernel":"10.0.18362.418 (WinBuild.160101.0800)","build":"18363.418","type":"windows","platform":"windows"},"id":"04787c88-5486-46f2-93fc-7f6805a92d42","ip":["192.168.56.107","10.0.2.15"],"name":"win10.windomain.local","mac":["08:00:27:c5:40:cf","08:00:27:47:b4:2e"],"hostname":"win10","architecture":"x86_64"},"process":{"pid":2436,"thread":null,"entity_id":"{04787c88-fdd1-623a-7101-000000000c00}","executable":"C:\\Windows\\System32\\WindowsPowerShell\\v1.0\\powershell.exe","name":"powershell.exe","param2":null},"winlog":{"channel":"Microsoft-Windows-Sysmon/Operational","event_id":"8","api":"wineventlog","record_id":8746,"computer_name":"win10.windomain.local","provider_name":"Microsoft-Windows-Sysmon","provider_guid":"{5770385f-c22a-43e0-bf4c-06f5698ffbd9}","keywords":null,"event_data":{"param2":null,"param1":null}},"event":{"kind":"event","provider":"Microsoft-Windows-Sysmon","created":"2022-03-23T11:00:38.709Z","code":"8"},"log":{"level":"information"},"verdict":"Benign"},{"@timestamp":"2022-03-23T11:00:37.609Z","@metadata":{"beat":"winlogbeat","type":"_doc","version":"7.15.2"},"message":"CreateRemoteThread detected:\nRuleName: -\nUtcTime: 2022-03-23 11:00:37.609\nSourceProcessGuid: {04787c88-fdd1-623a-7101-000000000c00}\nSourceProcessId: 2436\nSourceImage: C:\\Windows\\System32\\WindowsPowerShell\\v1.0\\powershell.exe\nTargetProcessGuid: {04787c88-f877-623a-7800-000000000c00}\nTargetProcessId: 5836\nTargetImage: C:\\Windows\\System32\\ApplicationFrameHost.exe\nNewThreadId: 96\nStartAddress: 0x000001EF2F0F1434\nStartModule: -\nStartFunction: -\nSourceUser: WIN10\\vagrant\nTargetUser: WIN10\\vagrant","ecs":{"version":"1.11.0"},"agent":{"ephemeral_id":"2a39ce90-bef1-48a2-9e5f-bcaee6f2b27c","id":"6a7bb1af-5225-4683-bb1f-a6736ccafa24","name":"win10","type":"winlogbeat","version":"7.15.2","hostname":"win10"},"host":{"os":{"version":"10.0","family":"windows","name":"Windows 10 Enterprise Evaluation","kernel":"10.0.18362.418 (WinBuild.160101.0800)","build":"18363.418","type":"windows","platform":"windows"},"id":"04787c88-5486-46f2-93fc-7f6805a92d42","ip":["192.168.56.107","10.0.2.15"],"name":"win10.windomain.local","mac":["08:00:27:c5:40:cf","08:00:27:47:b4:2e"],"hostname":"win10","architecture":"x86_64"},"process":{"pid":2436,"thread":null,"entity_id":"{04787c88-fdd1-623a-7101-000000000c00}","executable":"C:\\Windows\\System32\\WindowsPowerShell\\v1.0\\powershell.exe","name":"powershell.exe","param2":null},"winlog":{"channel":"Microsoft-Windows-Sysmon/Operational","event_id":"8","api":"wineventlog","record_id":8747,"computer_name":"win10.windomain.local","provider_name":"Microsoft-Windows-Sysmon","provider_guid":"{5770385f-c22a-43e0-bf4c-06f5698ffbd9}","keywords":null,"event_data":{"param2":null,"param1":null}},"event":{"kind":"event","provider":"Microsoft-Windows-Sysmon","created":"2022-03-23T11:00:38.709Z","code":"8"},"log":{"level":"information"},"verdict":"Benign"},{"@timestamp":"2022-03-23T11:00:37.656Z","@metadata":{"beat":"winlogbeat","type":"_doc","version":"7.15.2"},"message":"Image loaded:\nRuleName: technique_id=T1059.001,technique_name=PowerShell\nUtcTime: 2022-03-23 11:00:37.656\nProcessGuid: {04787c88-f877-623a-7800-000000000c00}\nProcessId: 5836\nImage: C:\\Windows\\System32\\ApplicationFrameHost.exe\nImageLoaded: C:\\Windows\\assembly\\NativeImages_v4.0.30319_64\\System.Manaa57fc8cc#\\6b621f0fd6cc913157b16d8a0cfdc3ec\\System.Management.Automation.ni.dll\nFileVersion: 10.0.18362.145\nDescription: System.Management.Automation\nProduct: Microsoft (R) Windows (R) Operating System\nCompany: Microsoft Corporation\nOriginalFileName: System.Management.Automation.dll\nHashes: SHA1=A03FCAE0C1F4BC4A81F0819DBB94289C373B1052,MD5=B18E1C187DAEB6C9B195BDD2EFDC20C7,SHA256=D36AD842C5E44483BDBBDF13D045AD5A64A9DDD5C1BAB89E81B12299D89DFC27,IMPHASH=00000000000000000000000000000000\nSigned: false\nSignature: -\nSignatureStatus: Unavailable\nUser: WIN10\\vagrant","ecs":{"version":"1.11.0"},"agent":{"ephemeral_id":"2a39ce90-bef1-48a2-9e5f-bcaee6f2b27c","id":"6a7bb1af-5225-4683-bb1f-a6736ccafa24","name":"win10","type":"winlogbeat","version":"7.15.2","hostname":"win10"},"host":{"os":{"version":"10.0","family":"windows","name":"Windows 10 Enterprise Evaluation","kernel":"10.0.18362.418 (WinBuild.160101.0800)","build":"18363.418","type":"windows","platform":"windows"},"id":"04787c88-5486-46f2-93fc-7f6805a92d42","ip":["192.168.56.107","10.0.2.15"],"name":"win10.windomain.local","mac":["08:00:27:c5:40:cf","08:00:27:47:b4:2e"],"hostname":"win10","architecture":"x86_64"},"process":{"pid":5836,"thread":null,"entity_id":"{04787c88-f877-623a-7800-000000000c00}","executable":"C:\\Windows\\System32\\ApplicationFrameHost.exe","name":"ApplicationFrameHost.exe","param2":null},"winlog":{"channel":"Microsoft-Windows-Sysmon/Operational","event_id":"7","api":"wineventlog","record_id":8748,"computer_name":"win10.windomain.local","provider_name":"Microsoft-Windows-Sysmon","provider_guid":"{5770385f-c22a-43e0-bf4c-06f5698ffbd9}","keywords":null,"event_data":{"param2":null,"param1":null}},"event":{"kind":"event","provider":"Microsoft-Windows-Sysmon","created":"2022-03-23T11:00:38.709Z","code":"7"},"log":{"level":"information"},"verdict":"Benign"},{"@timestamp":"2022-03-23T11:00:37.672Z","@metadata":{"beat":"winlogbeat","type":"_doc","version":"7.15.2"},"message":"File created:\nRuleName: technique_id=T1059.001,technique_name=PowerShell\nUtcTime: 2022-03-23 11:00:37.672\nProcessGuid: {04787c88-f877-623a-7800-000000000c00}\nProcessId: 5836\nImage: C:\\Windows\\system32\\ApplicationFrameHost.exe\nTargetFilename: C:\\Users\\vagrant\\AppData\\Local\\Temp\\__PSScriptPolicyTest_k0u3cdcr.q3b.ps1\nCreationUtcTime: 2022-03-23 11:00:37.672\nUser: WIN10\\vagrant","ecs":{"version":"1.11.0"},"agent":{"ephemeral_id":"2a39ce90-bef1-48a2-9e5f-bcaee6f2b27c","id":"6a7bb1af-5225-4683-bb1f-a6736ccafa24","name":"win10","type":"winlogbeat","version":"7.15.2","hostname":"win10"},"host":{"os":{"version":"10.0","family":"windows","name":"Windows 10 Enterprise Evaluation","kernel":"10.0.18362.418 (WinBuild.160101.0800)","build":"18363.418","type":"windows","platform":"windows"},"id":"04787c88-5486-46f2-93fc-7f6805a92d42","ip":["192.168.56.107","10.0.2.15"],"name":"win10.windomain.local","mac":["08:00:27:c5:40:cf","08:00:27:47:b4:2e"],"hostname":"win10","architecture":"x86_64"},"process":{"pid":5836,"thread":null,"entity_id":"{04787c88-f877-623a-7800-000000000c00}","executable":"C:\\Windows\\system32\\ApplicationFrameHost.exe","name":"ApplicationFrameHost.exe","param2":null},"winlog":{"channel":"Microsoft-Windows-Sysmon/Operational","event_id":"11","api":"wineventlog","record_id":8749,"computer_name":"win10.windomain.local","provider_name":"Microsoft-Windows-Sysmon","provider_guid":"{5770385f-c22a-43e0-bf4c-06f5698ffbd9}","keywords":null,"event_data":{"param2":null,"param1":null}},"event":{"kind":"event","provider":"Microsoft-Windows-Sysmon","created":"2022-03-23T11:00:38.709Z","code":"11"},"log":{"level":"information"},"verdict":"Benign"},{"@timestamp":"2022-03-23T11:00:37.672Z","@metadata":{"beat":"winlogbeat","type":"_doc","version":"7.15.2"},"message":"File Delete archived:\nRuleName: -\nUtcTime: 2022-03-23 11:00:37.672\nProcessGuid: {04787c88-f877-623a-7800-000000000c00}\nProcessId: 5836\nUser: WIN10\\vagrant\nImage: C:\\Windows\\system32\\ApplicationFrameHost.exe\nTargetFilename: C:\\Users\\vagrant\\AppData\\Local\\Temp\\__PSScriptPolicyTest_k0u3cdcr.q3b.ps1\nHashes: SHA1=6AB83620379FC69F80C0242105DDFFD7D98D5D9D,MD5=D17FE0A3F47BE24A6453E9EF58C94641,SHA256=96AD1146EB96877EAB5942AE0736B82D8B5E2039A80D3D6932665C1A4C87DCF7,IMPHASH=00000000000000000000000000000000\nIsExecutable: false\nArchived: true","ecs":{"version":"1.11.0"},"agent":{"ephemeral_id":"2a39ce90-bef1-48a2-9e5f-bcaee6f2b27c","id":"6a7bb1af-5225-4683-bb1f-a6736ccafa24","name":"win10","type":"winlogbeat","version":"7.15.2","hostname":"win10"},"host":{"os":{"version":"10.0","family":"windows","name":"Windows 10 Enterprise Evaluation","kernel":"10.0.18362.418 (WinBuild.160101.0800)","build":"18363.418","type":"windows","platform":"windows"},"id":"04787c88-5486-46f2-93fc-7f6805a92d42","ip":["192.168.56.107","10.0.2.15"],"name":"win10.windomain.local","mac":["08:00:27:c5:40:cf","08:00:27:47:b4:2e"],"hostname":"win10","architecture":"x86_64"},"process":{"pid":5836,"thread":null,"entity_id":"{04787c88-f877-623a-7800-000000000c00}","executable":"C:\\Windows\\system32\\ApplicationFrameHost.exe","name":"ApplicationFrameHost.exe","param2":null},"winlog":{"channel":"Microsoft-Windows-Sysmon/Operational","event_id":"23","api":"wineventlog","record_id":8750,"computer_name":"win10.windomain.local","provider_name":"Microsoft-Windows-Sysmon","provider_guid":"{5770385f-c22a-43e0-bf4c-06f5698ffbd9}","keywords":null,"event_data":null},"event":{"kind":"event","provider":"Microsoft-Windows-Sysmon","created":"2022-03-23T11:00:38.709Z","code":"23"},"log":{"level":"information"},"verdict":"Benign"},{"@timestamp":"2022-03-23T11:00:37.840Z","@metadata":{"beat":"winlogbeat","type":"_doc","version":"7.15.2"},"message":"Image loaded:\nRuleName: technique_id=T1047,technique_name=Windows Management Instrumentation\nUtcTime: 2022-03-23 11:00:37.840\nProcessGuid: {04787c88-f877-623a-7800-000000000c00}\nProcessId: 5836\nImage: C:\\Windows\\System32\\ApplicationFrameHost.exe\nImageLoaded: C:\\Windows\\System32\\wbem\\wmiutils.dll\nFileVersion: 10.0.18362.1 (WinBuild.160101.0800)\nDescription: WMI\nProduct: Microsoft® Windows® Operating System\nCompany: Microsoft Corporation\nOriginalFileName: wmiutils.dll\nHashes: SHA1=BC609D0AE8E4D79DC586A784DA6E660C25411BAE,MD5=9639A13D44802D3060BAB0072EB7945A,SHA256=45446583DDBD1DA38B545603AF62E305F13DD480B09F4A689BE4ADC98BC4A4AF,IMPHASH=0D31E6D27B954AD879CB4DF742982F1A\nSigned: true\nSignature: Microsoft Windows\nSignatureStatus: Valid\nUser: WIN10\\vagrant","ecs":{"version":"1.11.0"},"agent":{"ephemeral_id":"2a39ce90-bef1-48a2-9e5f-bcaee6f2b27c","id":"6a7bb1af-5225-4683-bb1f-a6736ccafa24","name":"win10","type":"winlogbeat","version":"7.15.2","hostname":"win10"},"host":{"os":{"version":"10.0","family":"windows","name":"Windows 10 Enterprise Evaluation","kernel":"10.0.18362.418 (WinBuild.160101.0800)","build":"18363.418","type":"windows","platform":"windows"},"id":"04787c88-5486-46f2-93fc-7f6805a92d42","ip":["192.168.56.107","10.0.2.15"],"name":"win10.windomain.local","mac":["08:00:27:c5:40:cf","08:00:27:47:b4:2e"],"hostname":"win10","architecture":"x86_64"},"process":{"pid":5836,"thread":null,"entity_id":"{04787c88-f877-623a-7800-000000000c00}","executable":"C:\\Windows\\System32\\ApplicationFrameHost.exe","name":"ApplicationFrameHost.exe","param2":null},"winlog":{"channel":"Microsoft-Windows-Sysmon/Operational","event_id":"7","api":"wineventlog","record_id":8751,"computer_name":"win10.windomain.local","provider_name":"Microsoft-Windows-Sysmon","provider_guid":"{5770385f-c22a-43e0-bf4c-06f5698ffbd9}","keywords":null,"event_data":{"param2":null,"param1":null}},"event":{"kind":"event","provider":"Microsoft-Windows-Sysmon","created":"2022-03-23T11:00:39.725Z","code":"7"},"log":{"level":"information"},"verdict":"Benign"},